INFO: [HLS 200-10] Running 'C:/Xilinx/Vivado/2018.2/bin/unwrapped/win64.o/vivado_hls.exe'
INFO: [HLS 200-10] For user 'mssri' on host 'msaisrinivas' (Windows NT_amd64 version 6.2) on Thu Apr 18 18:38:24 +0530 2024
INFO: [HLS 200-10] In directory 'C:/Users/mssri/Desktop/books/CS577_CbasedVLSI/Project/vlsiModel'
INFO: [HLS 200-10] Opening project 'C:/Users/mssri/Desktop/books/CS577_CbasedVLSI/Project/vlsiModel/vlsiModel'.
INFO: [HLS 200-10] Opening solution 'C:/Users/mssri/Desktop/books/CS577_CbasedVLSI/Project/vlsiModel/vlsiModel/solution1'.
INFO: [SYN 201-201] Setting up clock 'default' with a period of 10ns.
INFO: [HLS 200-10] Setting target device to 'xc7a200tfbg676-2'
INFO: [SIM 211-2] *************** CSIM start ***************
INFO: [SIM 211-4] CSIM will launch GCC as the compiler.
   Compiling(apcc) ../../../../vlsiModel_test_suite.c in debug mode
INFO: [HLS 200-10] Running 'C:/Xilinx/Vivado/2018.2/bin/unwrapped/win64.o/apcc.exe'
INFO: [HLS 200-10] For user 'mssri' on host 'msaisrinivas' (Windows NT_amd64 version 6.2) on Thu Apr 18 18:38:30 +0530 2024
INFO: [HLS 200-10] In directory 'C:/Users/mssri/Desktop/books/CS577_CbasedVLSI/Project/vlsiModel/vlsiModel/solution1/csim/build'
INFO: [APCC 202-3] Tmp directory is apcc_db
INFO: [APCC 202-1] APCC is done.
   Compiling(apcc) ../../../../vlsiModel.c in debug mode
INFO: [HLS 200-10] Running 'C:/Xilinx/Vivado/2018.2/bin/unwrapped/win64.o/apcc.exe'
INFO: [HLS 200-10] For user 'mssri' on host 'msaisrinivas' (Windows NT_amd64 version 6.2) on Thu Apr 18 18:38:47 +0530 2024
INFO: [HLS 200-10] In directory 'C:/Users/mssri/Desktop/books/CS577_CbasedVLSI/Project/vlsiModel/vlsiModel/solution1/csim/build'
INFO: [APCC 202-3] Tmp directory is apcc_db
INFO: [APCC 202-1] APCC is done.
   Generating csim.exe
Average time over 10 tests: 3.000000e-003 s 
Max absolute error for 10 tests: 1.370907e-006 
INFO: [SIM 211-1] CSim done with 0 errors.
INFO: [SIM 211-3] *************** CSIM finish ***************
