

================================================================
== Vivado HLS Report for 'dense_latency_0_0_0_0_0_0_0_0_0_0_0_0_0_0_0_0_0_0_0_0_0_0_0_0_0_0_0_0_0_0_0_0_0_s'
================================================================
* Date:           Tue Apr 23 23:43:34 2024

* Version:        2018.2 (Build 2258646 on Thu Jun 14 20:25:20 MDT 2018)
* Project:        myproject_prj
* Solution:       solution1
* Product family: artix7
* Target device:  xc7a200tfbg676-2


================================================================
== Performance Estimates
================================================================
+ Timing (ns): 
    * Summary: 
    +--------+-------+----------+------------+
    |  Clock | Target| Estimated| Uncertainty|
    +--------+-------+----------+------------+
    |ap_clk  |  10.00|     7.392|        1.25|
    +--------+-------+----------+------------+

+ Latency (clock cycles): 
    * Summary: 
    +-------+-------+-------+-------+---------+
    |    Latency    |    Interval   | Pipeline|
    |  min  |  max  |  min  |  max  |   Type  |
    +-------+-------+-------+-------+---------+
    |  25604|  25604|  25604|  25604|   none  |
    +-------+-------+-------+-------+---------+

    + Detail: 
        * Instance: 
        N/A

        * Loop: 
        +--------------+-------+-------+----------+-----------+-----------+------+----------+
        |              |    Latency    | Iteration|  Initiation Interval  | Trip |          |
        |   Loop Name  |  min  |  max  |  Latency |  achieved |   target  | Count| Pipelined|
        +--------------+-------+-------+----------+-----------+-----------+------+----------+
        |- Product1    |  15200|  15200|       152|          -|          -|   100|    no    |
        | + Product2   |    150|    150|         3|          -|          -|    50|    no    |
        |- ResetAccum  |    100|    100|         2|          -|          -|    50|    no    |
        |- Accum1      |  10200|  10200|       102|          -|          -|   100|    no    |
        | + Accum2     |    100|    100|         2|          -|          -|    50|    no    |
        |- Result      |    100|    100|         2|          -|          -|    50|    no    |
        +--------------+-------+-------+----------+-----------+-----------+------+----------+



================================================================
== Utilization Estimates
================================================================
* Summary: 
+-----------------+---------+-------+--------+--------+
|       Name      | BRAM_18K| DSP48E|   FF   |   LUT  |
+-----------------+---------+-------+--------+--------+
|DSP              |        -|      -|       -|       -|
|Expression       |        -|      1|       0|     265|
|FIFO             |        -|      -|       -|       -|
|Instance         |        -|      -|       0|     188|
|Memory           |       14|      -|       0|       0|
|Multiplexer      |        -|      -|       -|     593|
|Register         |        -|      -|    2595|       -|
+-----------------+---------+-------+--------+--------+
|Total            |       14|      1|    2595|    1046|
+-----------------+---------+-------+--------+--------+
|Available        |      730|    740|  269200|  129000|
+-----------------+---------+-------+--------+--------+
|Utilization (%)  |        1|   ~0  |   ~0   |   ~0   |
+-----------------+---------+-------+--------+--------+

+ Detail: 
    * Instance: 
    +--------------------------------+---------------------------+---------+-------+---+----+
    |            Instance            |           Module          | BRAM_18K| DSP48E| FF| LUT|
    +--------------------------------+---------------------------+---------+-------+---+----+
    |myproject_mux_1007_16_1_1_U109  |myproject_mux_1007_16_1_1  |        0|      0|  0|  47|
    |myproject_mux_506_16_1_1_U110   |myproject_mux_506_16_1_1   |        0|      0|  0|  47|
    |myproject_mux_506_16_1_1_U111   |myproject_mux_506_16_1_1   |        0|      0|  0|  47|
    |myproject_mux_506_16_1_1_U112   |myproject_mux_506_16_1_1   |        0|      0|  0|  47|
    +--------------------------------+---------------------------+---------+-------+---+----+
    |Total                           |                           |        0|      0|  0| 188|
    +--------------------------------+---------------------------+---------+-------+---+----+

    * DSP48: 
    N/A

    * Memory: 
    +----------+----------------------------------------------------------------------------------+---------+---+----+------+-----+------+-------------+
    |  Memory  |                                      Module                                      | BRAM_18K| FF| LUT| Words| Bits| Banks| W*Bits*Banks|
    +----------+----------------------------------------------------------------------------------+---------+---+----+------+-----+------+-------------+
    |w4_V_U    |dense_latency_0_0_0_0_0_0_0_0_0_0_0_0_0_0_0_0_0_0_0_0_0_0_0_0_0_0_0_0_0_0_0_0dEe  |        6|  0|   0|  5000|   11|     1|        55000|
    |mult_V_U  |dense_latency_0_0_0_0_0_0_0_0_0_0_0_0_0_0_0_0_0_0_0_0_0_0_0_0_0_0_0_0_0_0_0_0eOg  |        8|  0|   0|  5000|   16|     1|        80000|
    +----------+----------------------------------------------------------------------------------+---------+---+----+------+-----+------+-------------+
    |Total     |                                                                                  |       14|  0|   0| 10000|   27|     2|       135000|
    +----------+----------------------------------------------------------------------------------+---------+---+----+------+-----+------+-------------+

    * FIFO: 
    N/A

    * Expression: 
    +-----------------------+----------+-------+---+----+------------+------------+
    |     Variable Name     | Operation| DSP48E| FF| LUT| Bitwidth P0| Bitwidth P1|
    +-----------------------+----------+-------+---+----+------------+------------+
    |p_Val2_s_fu_3375_p2    |     *    |      1|  0|   6|          16|          11|
    |acc_0_V_3_fu_23029_p2  |     +    |      0|  0|  23|          16|          16|
    |iacc_3_fu_22266_p2     |     +    |      0|  0|  15|           6|           1|
    |ii_5_fu_21952_p2       |     +    |      0|  0|  15|           7|           1|
    |ii_6_fu_22890_p2       |     +    |      0|  0|  15|           7|           1|
    |index_3_fu_22912_p2    |     +    |      0|  0|  20|          13|          13|
    |index_fu_22084_p2      |     +    |      0|  0|  20|          13|          13|
    |ires_3_fu_23291_p2     |     +    |      0|  0|  15|           6|           1|
    |jj_5_fu_22078_p2       |     +    |      0|  0|  15|           6|           1|
    |jj_6_fu_22906_p2       |     +    |      0|  0|  15|           6|           1|
    |next_mul2_fu_22878_p2  |     +    |      0|  0|  20|          13|           6|
    |next_mul_fu_21940_p2   |     +    |      0|  0|  20|          13|           6|
    |tmp_25_fu_22072_p2     |   icmp   |      0|  0|  11|           6|           5|
    |tmp_29_fu_22884_p2     |   icmp   |      0|  0|  11|           7|           6|
    |tmp_32_fu_23285_p2     |   icmp   |      0|  0|  11|           6|           5|
    |tmp_33_fu_22900_p2     |   icmp   |      0|  0|  11|           6|           5|
    |tmp_fu_21946_p2        |   icmp   |      0|  0|  11|           7|           6|
    |tmp_s_fu_22260_p2      |   icmp   |      0|  0|  11|           6|           5|
    +-----------------------+----------+-------+---+----+------------+------------+
    |Total                  |          |      1|  0| 265|         160|         103|
    +-----------------------+----------+-------+---+----+------------+------------+

    * Multiplexer: 
    +--------------------+----+-----------+-----+-----------+
    |        Name        | LUT| Input Size| Bits| Total Bits|
    +--------------------+----+-----------+-----+-----------+
    |acc_49_V_2_fu_856   |   9|          2|   16|         32|
    |acc_49_V_51_fu_660  |   9|          2|   16|         32|
    |acc_49_V_52_fu_664  |   9|          2|   16|         32|
    |acc_49_V_53_fu_668  |   9|          2|   16|         32|
    |acc_49_V_54_fu_672  |   9|          2|   16|         32|
    |acc_49_V_55_fu_676  |   9|          2|   16|         32|
    |acc_49_V_56_fu_680  |   9|          2|   16|         32|
    |acc_49_V_57_fu_684  |   9|          2|   16|         32|
    |acc_49_V_58_fu_688  |   9|          2|   16|         32|
    |acc_49_V_59_fu_692  |   9|          2|   16|         32|
    |acc_49_V_60_fu_696  |   9|          2|   16|         32|
    |acc_49_V_61_fu_700  |   9|          2|   16|         32|
    |acc_49_V_62_fu_704  |   9|          2|   16|         32|
    |acc_49_V_63_fu_708  |   9|          2|   16|         32|
    |acc_49_V_64_fu_712  |   9|          2|   16|         32|
    |acc_49_V_65_fu_716  |   9|          2|   16|         32|
    |acc_49_V_66_fu_720  |   9|          2|   16|         32|
    |acc_49_V_67_fu_724  |   9|          2|   16|         32|
    |acc_49_V_68_fu_728  |   9|          2|   16|         32|
    |acc_49_V_69_fu_732  |   9|          2|   16|         32|
    |acc_49_V_70_fu_736  |   9|          2|   16|         32|
    |acc_49_V_71_fu_740  |   9|          2|   16|         32|
    |acc_49_V_72_fu_744  |   9|          2|   16|         32|
    |acc_49_V_73_fu_748  |   9|          2|   16|         32|
    |acc_49_V_74_fu_752  |   9|          2|   16|         32|
    |acc_49_V_75_fu_756  |   9|          2|   16|         32|
    |acc_49_V_76_fu_760  |   9|          2|   16|         32|
    |acc_49_V_77_fu_764  |   9|          2|   16|         32|
    |acc_49_V_78_fu_768  |   9|          2|   16|         32|
    |acc_49_V_79_fu_772  |   9|          2|   16|         32|
    |acc_49_V_80_fu_776  |   9|          2|   16|         32|
    |acc_49_V_81_fu_780  |   9|          2|   16|         32|
    |acc_49_V_82_fu_784  |   9|          2|   16|         32|
    |acc_49_V_83_fu_788  |   9|          2|   16|         32|
    |acc_49_V_84_fu_792  |   9|          2|   16|         32|
    |acc_49_V_85_fu_796  |   9|          2|   16|         32|
    |acc_49_V_86_fu_800  |   9|          2|   16|         32|
    |acc_49_V_87_fu_804  |   9|          2|   16|         32|
    |acc_49_V_88_fu_808  |   9|          2|   16|         32|
    |acc_49_V_89_fu_812  |   9|          2|   16|         32|
    |acc_49_V_90_fu_816  |   9|          2|   16|         32|
    |acc_49_V_91_fu_820  |   9|          2|   16|         32|
    |acc_49_V_92_fu_824  |   9|          2|   16|         32|
    |acc_49_V_93_fu_828  |   9|          2|   16|         32|
    |acc_49_V_94_fu_832  |   9|          2|   16|         32|
    |acc_49_V_95_fu_836  |   9|          2|   16|         32|
    |acc_49_V_96_fu_840  |   9|          2|   16|         32|
    |acc_49_V_97_fu_844  |   9|          2|   16|         32|
    |acc_49_V_98_fu_848  |   9|          2|   16|         32|
    |acc_49_V_99_fu_852  |   9|          2|   16|         32|
    |ap_NS_fsm           |  56|         13|    1|         13|
    |iacc_reg_1726       |   9|          2|    6|         12|
    |ii2_reg_1737        |   9|          2|    7|         14|
    |ii_reg_1692         |   9|          2|    7|         14|
    |ires_reg_1772       |   9|          2|    6|         12|
    |jj3_reg_1760        |   9|          2|    6|         12|
    |jj_reg_1715         |   9|          2|    6|         12|
    |mult_V_address0     |  15|          3|   13|         39|
    |phi_mul1_reg_1748   |   9|          2|   13|         26|
    |phi_mul_reg_1703    |   9|          2|   13|         26|
    +--------------------+----+-----------+-----+-----------+
    |Total               | 593|        132|  878|       1780|
    +--------------------+----+-----------+-----+-----------+

    * Register: 
    +-------------------------------+----+----+-----+-----------+
    |              Name             | FF | LUT| Bits| Const Bits|
    +-------------------------------+----+----+-----+-----------+
    |OP1_V_cast_reg_24616           |  26|   0|   26|          0|
    |acc_49_V_10_fu_492             |  16|   0|   16|          0|
    |acc_49_V_11_fu_496             |  16|   0|   16|          0|
    |acc_49_V_12_fu_500             |  16|   0|   16|          0|
    |acc_49_V_13_fu_504             |  16|   0|   16|          0|
    |acc_49_V_14_fu_508             |  16|   0|   16|          0|
    |acc_49_V_15_fu_512             |  16|   0|   16|          0|
    |acc_49_V_16_fu_516             |  16|   0|   16|          0|
    |acc_49_V_17_fu_520             |  16|   0|   16|          0|
    |acc_49_V_18_fu_524             |  16|   0|   16|          0|
    |acc_49_V_19_fu_528             |  16|   0|   16|          0|
    |acc_49_V_1_fu_460              |  16|   0|   16|          0|
    |acc_49_V_20_fu_532             |  16|   0|   16|          0|
    |acc_49_V_21_fu_536             |  16|   0|   16|          0|
    |acc_49_V_22_fu_540             |  16|   0|   16|          0|
    |acc_49_V_23_fu_544             |  16|   0|   16|          0|
    |acc_49_V_24_fu_548             |  16|   0|   16|          0|
    |acc_49_V_25_fu_552             |  16|   0|   16|          0|
    |acc_49_V_26_fu_556             |  16|   0|   16|          0|
    |acc_49_V_27_fu_560             |  16|   0|   16|          0|
    |acc_49_V_28_fu_564             |  16|   0|   16|          0|
    |acc_49_V_29_fu_568             |  16|   0|   16|          0|
    |acc_49_V_2_fu_856              |  16|   0|   16|          0|
    |acc_49_V_30_fu_572             |  16|   0|   16|          0|
    |acc_49_V_31_fu_576             |  16|   0|   16|          0|
    |acc_49_V_32_fu_580             |  16|   0|   16|          0|
    |acc_49_V_33_fu_584             |  16|   0|   16|          0|
    |acc_49_V_34_fu_588             |  16|   0|   16|          0|
    |acc_49_V_35_fu_592             |  16|   0|   16|          0|
    |acc_49_V_36_fu_596             |  16|   0|   16|          0|
    |acc_49_V_37_fu_600             |  16|   0|   16|          0|
    |acc_49_V_38_fu_604             |  16|   0|   16|          0|
    |acc_49_V_39_fu_608             |  16|   0|   16|          0|
    |acc_49_V_3_fu_464              |  16|   0|   16|          0|
    |acc_49_V_40_fu_612             |  16|   0|   16|          0|
    |acc_49_V_41_fu_616             |  16|   0|   16|          0|
    |acc_49_V_42_fu_620             |  16|   0|   16|          0|
    |acc_49_V_43_fu_624             |  16|   0|   16|          0|
    |acc_49_V_44_fu_628             |  16|   0|   16|          0|
    |acc_49_V_45_fu_632             |  16|   0|   16|          0|
    |acc_49_V_46_fu_636             |  16|   0|   16|          0|
    |acc_49_V_47_fu_640             |  16|   0|   16|          0|
    |acc_49_V_48_fu_644             |  16|   0|   16|          0|
    |acc_49_V_49_fu_648             |  16|   0|   16|          0|
    |acc_49_V_4_fu_468              |  16|   0|   16|          0|
    |acc_49_V_50_fu_652             |  16|   0|   16|          0|
    |acc_49_V_51_fu_660             |  16|   0|   16|          0|
    |acc_49_V_52_fu_664             |  16|   0|   16|          0|
    |acc_49_V_53_fu_668             |  16|   0|   16|          0|
    |acc_49_V_54_fu_672             |  16|   0|   16|          0|
    |acc_49_V_55_fu_676             |  16|   0|   16|          0|
    |acc_49_V_56_fu_680             |  16|   0|   16|          0|
    |acc_49_V_57_fu_684             |  16|   0|   16|          0|
    |acc_49_V_58_fu_688             |  16|   0|   16|          0|
    |acc_49_V_59_fu_692             |  16|   0|   16|          0|
    |acc_49_V_5_fu_472              |  16|   0|   16|          0|
    |acc_49_V_60_fu_696             |  16|   0|   16|          0|
    |acc_49_V_61_fu_700             |  16|   0|   16|          0|
    |acc_49_V_62_fu_704             |  16|   0|   16|          0|
    |acc_49_V_63_fu_708             |  16|   0|   16|          0|
    |acc_49_V_64_fu_712             |  16|   0|   16|          0|
    |acc_49_V_65_fu_716             |  16|   0|   16|          0|
    |acc_49_V_66_fu_720             |  16|   0|   16|          0|
    |acc_49_V_67_fu_724             |  16|   0|   16|          0|
    |acc_49_V_68_fu_728             |  16|   0|   16|          0|
    |acc_49_V_69_fu_732             |  16|   0|   16|          0|
    |acc_49_V_6_fu_476              |  16|   0|   16|          0|
    |acc_49_V_70_fu_736             |  16|   0|   16|          0|
    |acc_49_V_71_fu_740             |  16|   0|   16|          0|
    |acc_49_V_72_fu_744             |  16|   0|   16|          0|
    |acc_49_V_73_fu_748             |  16|   0|   16|          0|
    |acc_49_V_74_fu_752             |  16|   0|   16|          0|
    |acc_49_V_75_fu_756             |  16|   0|   16|          0|
    |acc_49_V_76_fu_760             |  16|   0|   16|          0|
    |acc_49_V_77_fu_764             |  16|   0|   16|          0|
    |acc_49_V_78_fu_768             |  16|   0|   16|          0|
    |acc_49_V_79_fu_772             |  16|   0|   16|          0|
    |acc_49_V_7_fu_480              |  16|   0|   16|          0|
    |acc_49_V_80_fu_776             |  16|   0|   16|          0|
    |acc_49_V_81_fu_780             |  16|   0|   16|          0|
    |acc_49_V_82_fu_784             |  16|   0|   16|          0|
    |acc_49_V_83_fu_788             |  16|   0|   16|          0|
    |acc_49_V_84_fu_792             |  16|   0|   16|          0|
    |acc_49_V_85_fu_796             |  16|   0|   16|          0|
    |acc_49_V_86_fu_800             |  16|   0|   16|          0|
    |acc_49_V_87_fu_804             |  16|   0|   16|          0|
    |acc_49_V_88_fu_808             |  16|   0|   16|          0|
    |acc_49_V_89_fu_812             |  16|   0|   16|          0|
    |acc_49_V_8_fu_484              |  16|   0|   16|          0|
    |acc_49_V_90_fu_816             |  16|   0|   16|          0|
    |acc_49_V_91_fu_820             |  16|   0|   16|          0|
    |acc_49_V_92_fu_824             |  16|   0|   16|          0|
    |acc_49_V_93_fu_828             |  16|   0|   16|          0|
    |acc_49_V_94_fu_832             |  16|   0|   16|          0|
    |acc_49_V_95_fu_836             |  16|   0|   16|          0|
    |acc_49_V_96_fu_840             |  16|   0|   16|          0|
    |acc_49_V_97_fu_844             |  16|   0|   16|          0|
    |acc_49_V_98_fu_848             |  16|   0|   16|          0|
    |acc_49_V_99_fu_852             |  16|   0|   16|          0|
    |acc_49_V_9_fu_488              |  16|   0|   16|          0|
    |acc_49_V_fu_656                |  16|   0|   16|          0|
    |ap_CS_fsm                      |  12|   0|   12|          0|
    |iacc_3_reg_24947               |   6|   0|    6|          0|
    |iacc_reg_1726                  |   6|   0|    6|          0|
    |ii2_reg_1737                   |   7|   0|    7|          0|
    |ii_5_reg_24611                 |   7|   0|    7|          0|
    |ii_6_reg_25310                 |   7|   0|    7|          0|
    |ii_reg_1692                    |   7|   0|    7|          0|
    |ires_3_reg_25631               |   6|   0|    6|          0|
    |ires_reg_1772                  |   6|   0|    6|          0|
    |jj3_reg_1760                   |   6|   0|    6|          0|
    |jj_5_reg_24924                 |   6|   0|    6|          0|
    |jj_6_reg_25618                 |   6|   0|    6|          0|
    |jj_reg_1715                    |   6|   0|    6|          0|
    |next_mul2_reg_25302            |  13|   0|   13|          0|
    |next_mul_reg_24603             |  13|   0|   13|          0|
    |phi_mul1_reg_1748              |  13|   0|   13|          0|
    |phi_mul_reg_1703               |  13|   0|   13|          0|
    |res_0_V_write_assign_fu_1004   |  16|   0|   16|          0|
    |res_10_V_write_assign_fu_1024  |  16|   0|   16|          0|
    |res_11_V_write_assign_fu_1020  |  16|   0|   16|          0|
    |res_12_V_write_assign_fu_1012  |  16|   0|   16|          0|
    |res_13_V_write_assign_fu_1008  |  16|   0|   16|          0|
    |res_14_V_write_assign_fu_1000  |  16|   0|   16|          0|
    |res_15_V_write_assign_fu_996   |  16|   0|   16|          0|
    |res_16_V_write_assign_fu_864   |  16|   0|   16|          0|
    |res_17_V_write_assign_fu_876   |  16|   0|   16|          0|
    |res_18_V_write_assign_fu_888   |  16|   0|   16|          0|
    |res_19_V_write_assign_fu_900   |  16|   0|   16|          0|
    |res_1_V_write_assign_fu_1016   |  16|   0|   16|          0|
    |res_20_V_write_assign_fu_912   |  16|   0|   16|          0|
    |res_21_V_write_assign_fu_924   |  16|   0|   16|          0|
    |res_22_V_write_assign_fu_936   |  16|   0|   16|          0|
    |res_23_V_write_assign_fu_948   |  16|   0|   16|          0|
    |res_24_V_write_assign_fu_960   |  16|   0|   16|          0|
    |res_25_V_write_assign_fu_972   |  16|   0|   16|          0|
    |res_26_V_write_assign_fu_984   |  16|   0|   16|          0|
    |res_27_V_write_assign_fu_992   |  16|   0|   16|          0|
    |res_28_V_write_assign_fu_988   |  16|   0|   16|          0|
    |res_29_V_write_assign_fu_980   |  16|   0|   16|          0|
    |res_2_V_write_assign_fu_1028   |  16|   0|   16|          0|
    |res_30_V_write_assign_fu_976   |  16|   0|   16|          0|
    |res_31_V_write_assign_fu_968   |  16|   0|   16|          0|
    |res_32_V_write_assign_fu_964   |  16|   0|   16|          0|
    |res_33_V_write_assign_fu_956   |  16|   0|   16|          0|
    |res_34_V_write_assign_fu_952   |  16|   0|   16|          0|
    |res_35_V_write_assign_fu_944   |  16|   0|   16|          0|
    |res_36_V_write_assign_fu_940   |  16|   0|   16|          0|
    |res_37_V_write_assign_fu_932   |  16|   0|   16|          0|
    |res_38_V_write_assign_fu_928   |  16|   0|   16|          0|
    |res_39_V_write_assign_fu_920   |  16|   0|   16|          0|
    |res_3_V_write_assign_fu_1040   |  16|   0|   16|          0|
    |res_40_V_write_assign_fu_916   |  16|   0|   16|          0|
    |res_41_V_write_assign_fu_908   |  16|   0|   16|          0|
    |res_42_V_write_assign_fu_904   |  16|   0|   16|          0|
    |res_43_V_write_assign_fu_896   |  16|   0|   16|          0|
    |res_44_V_write_assign_fu_892   |  16|   0|   16|          0|
    |res_45_V_write_assign_fu_884   |  16|   0|   16|          0|
    |res_46_V_write_assign_fu_880   |  16|   0|   16|          0|
    |res_47_V_write_assign_fu_872   |  16|   0|   16|          0|
    |res_48_V_write_assign_fu_868   |  16|   0|   16|          0|
    |res_49_V_write_assign_fu_860   |  16|   0|   16|          0|
    |res_4_V_write_assign_fu_1052   |  16|   0|   16|          0|
    |res_5_V_write_assign_fu_1056   |  16|   0|   16|          0|
    |res_6_V_write_assign_fu_1048   |  16|   0|   16|          0|
    |res_7_V_write_assign_fu_1044   |  16|   0|   16|          0|
    |res_8_V_write_assign_fu_1036   |  16|   0|   16|          0|
    |res_9_V_write_assign_fu_1032   |  16|   0|   16|          0|
    |tmp_26_reg_24929               |  13|   0|   64|         51|
    |tmp_28_reg_24939               |  16|   0|   16|          0|
    +-------------------------------+----+----+-----+-----------+
    |Total                          |2595|   0| 2646|         51|
    +-------------------------------+----+----+-----+-----------+



================================================================
== Interface
================================================================
* Summary: 
+--------------+-----+-----+------------+----------------------------------------------------------------------------------+--------------+
|   RTL Ports  | Dir | Bits|  Protocol  |                                   Source Object                                  |    C Type    |
+--------------+-----+-----+------------+----------------------------------------------------------------------------------+--------------+
|ap_clk        |  in |    1| ap_ctrl_hs | dense_latency.0.0.0.0.0.0.0.0.0.0.0.0.0.0.0.0.0.0.0.0.0.0.0.0.0.0.0.0.0.0.0.0.0. | return value |
|ap_rst        |  in |    1| ap_ctrl_hs | dense_latency.0.0.0.0.0.0.0.0.0.0.0.0.0.0.0.0.0.0.0.0.0.0.0.0.0.0.0.0.0.0.0.0.0. | return value |
|ap_start      |  in |    1| ap_ctrl_hs | dense_latency.0.0.0.0.0.0.0.0.0.0.0.0.0.0.0.0.0.0.0.0.0.0.0.0.0.0.0.0.0.0.0.0.0. | return value |
|ap_done       | out |    1| ap_ctrl_hs | dense_latency.0.0.0.0.0.0.0.0.0.0.0.0.0.0.0.0.0.0.0.0.0.0.0.0.0.0.0.0.0.0.0.0.0. | return value |
|ap_idle       | out |    1| ap_ctrl_hs | dense_latency.0.0.0.0.0.0.0.0.0.0.0.0.0.0.0.0.0.0.0.0.0.0.0.0.0.0.0.0.0.0.0.0.0. | return value |
|ap_ready      | out |    1| ap_ctrl_hs | dense_latency.0.0.0.0.0.0.0.0.0.0.0.0.0.0.0.0.0.0.0.0.0.0.0.0.0.0.0.0.0.0.0.0.0. | return value |
|ap_return_0   | out |   16| ap_ctrl_hs | dense_latency.0.0.0.0.0.0.0.0.0.0.0.0.0.0.0.0.0.0.0.0.0.0.0.0.0.0.0.0.0.0.0.0.0. | return value |
|ap_return_1   | out |   16| ap_ctrl_hs | dense_latency.0.0.0.0.0.0.0.0.0.0.0.0.0.0.0.0.0.0.0.0.0.0.0.0.0.0.0.0.0.0.0.0.0. | return value |
|ap_return_2   | out |   16| ap_ctrl_hs | dense_latency.0.0.0.0.0.0.0.0.0.0.0.0.0.0.0.0.0.0.0.0.0.0.0.0.0.0.0.0.0.0.0.0.0. | return value |
|ap_return_3   | out |   16| ap_ctrl_hs | dense_latency.0.0.0.0.0.0.0.0.0.0.0.0.0.0.0.0.0.0.0.0.0.0.0.0.0.0.0.0.0.0.0.0.0. | return value |
|ap_return_4   | out |   16| ap_ctrl_hs | dense_latency.0.0.0.0.0.0.0.0.0.0.0.0.0.0.0.0.0.0.0.0.0.0.0.0.0.0.0.0.0.0.0.0.0. | return value |
|ap_return_5   | out |   16| ap_ctrl_hs | dense_latency.0.0.0.0.0.0.0.0.0.0.0.0.0.0.0.0.0.0.0.0.0.0.0.0.0.0.0.0.0.0.0.0.0. | return value |
|ap_return_6   | out |   16| ap_ctrl_hs | dense_latency.0.0.0.0.0.0.0.0.0.0.0.0.0.0.0.0.0.0.0.0.0.0.0.0.0.0.0.0.0.0.0.0.0. | return value |
|ap_return_7   | out |   16| ap_ctrl_hs | dense_latency.0.0.0.0.0.0.0.0.0.0.0.0.0.0.0.0.0.0.0.0.0.0.0.0.0.0.0.0.0.0.0.0.0. | return value |
|ap_return_8   | out |   16| ap_ctrl_hs | dense_latency.0.0.0.0.0.0.0.0.0.0.0.0.0.0.0.0.0.0.0.0.0.0.0.0.0.0.0.0.0.0.0.0.0. | return value |
|ap_return_9   | out |   16| ap_ctrl_hs | dense_latency.0.0.0.0.0.0.0.0.0.0.0.0.0.0.0.0.0.0.0.0.0.0.0.0.0.0.0.0.0.0.0.0.0. | return value |
|ap_return_10  | out |   16| ap_ctrl_hs | dense_latency.0.0.0.0.0.0.0.0.0.0.0.0.0.0.0.0.0.0.0.0.0.0.0.0.0.0.0.0.0.0.0.0.0. | return value |
|ap_return_11  | out |   16| ap_ctrl_hs | dense_latency.0.0.0.0.0.0.0.0.0.0.0.0.0.0.0.0.0.0.0.0.0.0.0.0.0.0.0.0.0.0.0.0.0. | return value |
|ap_return_12  | out |   16| ap_ctrl_hs | dense_latency.0.0.0.0.0.0.0.0.0.0.0.0.0.0.0.0.0.0.0.0.0.0.0.0.0.0.0.0.0.0.0.0.0. | return value |
|ap_return_13  | out |   16| ap_ctrl_hs | dense_latency.0.0.0.0.0.0.0.0.0.0.0.0.0.0.0.0.0.0.0.0.0.0.0.0.0.0.0.0.0.0.0.0.0. | return value |
|ap_return_14  | out |   16| ap_ctrl_hs | dense_latency.0.0.0.0.0.0.0.0.0.0.0.0.0.0.0.0.0.0.0.0.0.0.0.0.0.0.0.0.0.0.0.0.0. | return value |
|ap_return_15  | out |   16| ap_ctrl_hs | dense_latency.0.0.0.0.0.0.0.0.0.0.0.0.0.0.0.0.0.0.0.0.0.0.0.0.0.0.0.0.0.0.0.0.0. | return value |
|ap_return_16  | out |   16| ap_ctrl_hs | dense_latency.0.0.0.0.0.0.0.0.0.0.0.0.0.0.0.0.0.0.0.0.0.0.0.0.0.0.0.0.0.0.0.0.0. | return value |
|ap_return_17  | out |   16| ap_ctrl_hs | dense_latency.0.0.0.0.0.0.0.0.0.0.0.0.0.0.0.0.0.0.0.0.0.0.0.0.0.0.0.0.0.0.0.0.0. | return value |
|ap_return_18  | out |   16| ap_ctrl_hs | dense_latency.0.0.0.0.0.0.0.0.0.0.0.0.0.0.0.0.0.0.0.0.0.0.0.0.0.0.0.0.0.0.0.0.0. | return value |
|ap_return_19  | out |   16| ap_ctrl_hs | dense_latency.0.0.0.0.0.0.0.0.0.0.0.0.0.0.0.0.0.0.0.0.0.0.0.0.0.0.0.0.0.0.0.0.0. | return value |
|ap_return_20  | out |   16| ap_ctrl_hs | dense_latency.0.0.0.0.0.0.0.0.0.0.0.0.0.0.0.0.0.0.0.0.0.0.0.0.0.0.0.0.0.0.0.0.0. | return value |
|ap_return_21  | out |   16| ap_ctrl_hs | dense_latency.0.0.0.0.0.0.0.0.0.0.0.0.0.0.0.0.0.0.0.0.0.0.0.0.0.0.0.0.0.0.0.0.0. | return value |
|ap_return_22  | out |   16| ap_ctrl_hs | dense_latency.0.0.0.0.0.0.0.0.0.0.0.0.0.0.0.0.0.0.0.0.0.0.0.0.0.0.0.0.0.0.0.0.0. | return value |
|ap_return_23  | out |   16| ap_ctrl_hs | dense_latency.0.0.0.0.0.0.0.0.0.0.0.0.0.0.0.0.0.0.0.0.0.0.0.0.0.0.0.0.0.0.0.0.0. | return value |
|ap_return_24  | out |   16| ap_ctrl_hs | dense_latency.0.0.0.0.0.0.0.0.0.0.0.0.0.0.0.0.0.0.0.0.0.0.0.0.0.0.0.0.0.0.0.0.0. | return value |
|ap_return_25  | out |   16| ap_ctrl_hs | dense_latency.0.0.0.0.0.0.0.0.0.0.0.0.0.0.0.0.0.0.0.0.0.0.0.0.0.0.0.0.0.0.0.0.0. | return value |
|ap_return_26  | out |   16| ap_ctrl_hs | dense_latency.0.0.0.0.0.0.0.0.0.0.0.0.0.0.0.0.0.0.0.0.0.0.0.0.0.0.0.0.0.0.0.0.0. | return value |
|ap_return_27  | out |   16| ap_ctrl_hs | dense_latency.0.0.0.0.0.0.0.0.0.0.0.0.0.0.0.0.0.0.0.0.0.0.0.0.0.0.0.0.0.0.0.0.0. | return value |
|ap_return_28  | out |   16| ap_ctrl_hs | dense_latency.0.0.0.0.0.0.0.0.0.0.0.0.0.0.0.0.0.0.0.0.0.0.0.0.0.0.0.0.0.0.0.0.0. | return value |
|ap_return_29  | out |   16| ap_ctrl_hs | dense_latency.0.0.0.0.0.0.0.0.0.0.0.0.0.0.0.0.0.0.0.0.0.0.0.0.0.0.0.0.0.0.0.0.0. | return value |
|ap_return_30  | out |   16| ap_ctrl_hs | dense_latency.0.0.0.0.0.0.0.0.0.0.0.0.0.0.0.0.0.0.0.0.0.0.0.0.0.0.0.0.0.0.0.0.0. | return value |
|ap_return_31  | out |   16| ap_ctrl_hs | dense_latency.0.0.0.0.0.0.0.0.0.0.0.0.0.0.0.0.0.0.0.0.0.0.0.0.0.0.0.0.0.0.0.0.0. | return value |
|ap_return_32  | out |   16| ap_ctrl_hs | dense_latency.0.0.0.0.0.0.0.0.0.0.0.0.0.0.0.0.0.0.0.0.0.0.0.0.0.0.0.0.0.0.0.0.0. | return value |
|ap_return_33  | out |   16| ap_ctrl_hs | dense_latency.0.0.0.0.0.0.0.0.0.0.0.0.0.0.0.0.0.0.0.0.0.0.0.0.0.0.0.0.0.0.0.0.0. | return value |
|ap_return_34  | out |   16| ap_ctrl_hs | dense_latency.0.0.0.0.0.0.0.0.0.0.0.0.0.0.0.0.0.0.0.0.0.0.0.0.0.0.0.0.0.0.0.0.0. | return value |
|ap_return_35  | out |   16| ap_ctrl_hs | dense_latency.0.0.0.0.0.0.0.0.0.0.0.0.0.0.0.0.0.0.0.0.0.0.0.0.0.0.0.0.0.0.0.0.0. | return value |
|ap_return_36  | out |   16| ap_ctrl_hs | dense_latency.0.0.0.0.0.0.0.0.0.0.0.0.0.0.0.0.0.0.0.0.0.0.0.0.0.0.0.0.0.0.0.0.0. | return value |
|ap_return_37  | out |   16| ap_ctrl_hs | dense_latency.0.0.0.0.0.0.0.0.0.0.0.0.0.0.0.0.0.0.0.0.0.0.0.0.0.0.0.0.0.0.0.0.0. | return value |
|ap_return_38  | out |   16| ap_ctrl_hs | dense_latency.0.0.0.0.0.0.0.0.0.0.0.0.0.0.0.0.0.0.0.0.0.0.0.0.0.0.0.0.0.0.0.0.0. | return value |
|ap_return_39  | out |   16| ap_ctrl_hs | dense_latency.0.0.0.0.0.0.0.0.0.0.0.0.0.0.0.0.0.0.0.0.0.0.0.0.0.0.0.0.0.0.0.0.0. | return value |
|ap_return_40  | out |   16| ap_ctrl_hs | dense_latency.0.0.0.0.0.0.0.0.0.0.0.0.0.0.0.0.0.0.0.0.0.0.0.0.0.0.0.0.0.0.0.0.0. | return value |
|ap_return_41  | out |   16| ap_ctrl_hs | dense_latency.0.0.0.0.0.0.0.0.0.0.0.0.0.0.0.0.0.0.0.0.0.0.0.0.0.0.0.0.0.0.0.0.0. | return value |
|ap_return_42  | out |   16| ap_ctrl_hs | dense_latency.0.0.0.0.0.0.0.0.0.0.0.0.0.0.0.0.0.0.0.0.0.0.0.0.0.0.0.0.0.0.0.0.0. | return value |
|ap_return_43  | out |   16| ap_ctrl_hs | dense_latency.0.0.0.0.0.0.0.0.0.0.0.0.0.0.0.0.0.0.0.0.0.0.0.0.0.0.0.0.0.0.0.0.0. | return value |
|ap_return_44  | out |   16| ap_ctrl_hs | dense_latency.0.0.0.0.0.0.0.0.0.0.0.0.0.0.0.0.0.0.0.0.0.0.0.0.0.0.0.0.0.0.0.0.0. | return value |
|ap_return_45  | out |   16| ap_ctrl_hs | dense_latency.0.0.0.0.0.0.0.0.0.0.0.0.0.0.0.0.0.0.0.0.0.0.0.0.0.0.0.0.0.0.0.0.0. | return value |
|ap_return_46  | out |   16| ap_ctrl_hs | dense_latency.0.0.0.0.0.0.0.0.0.0.0.0.0.0.0.0.0.0.0.0.0.0.0.0.0.0.0.0.0.0.0.0.0. | return value |
|ap_return_47  | out |   16| ap_ctrl_hs | dense_latency.0.0.0.0.0.0.0.0.0.0.0.0.0.0.0.0.0.0.0.0.0.0.0.0.0.0.0.0.0.0.0.0.0. | return value |
|ap_return_48  | out |   16| ap_ctrl_hs | dense_latency.0.0.0.0.0.0.0.0.0.0.0.0.0.0.0.0.0.0.0.0.0.0.0.0.0.0.0.0.0.0.0.0.0. | return value |
|ap_return_49  | out |   16| ap_ctrl_hs | dense_latency.0.0.0.0.0.0.0.0.0.0.0.0.0.0.0.0.0.0.0.0.0.0.0.0.0.0.0.0.0.0.0.0.0. | return value |
|p_read        |  in |   16|   ap_none  |                                      p_read                                      |    scalar    |
|p_read1       |  in |   16|   ap_none  |                                      p_read1                                     |    scalar    |
|p_read2       |  in |   16|   ap_none  |                                      p_read2                                     |    scalar    |
|p_read3       |  in |   16|   ap_none  |                                      p_read3                                     |    scalar    |
|p_read4       |  in |   16|   ap_none  |                                      p_read4                                     |    scalar    |
|p_read5       |  in |   16|   ap_none  |                                      p_read5                                     |    scalar    |
|p_read6       |  in |   16|   ap_none  |                                      p_read6                                     |    scalar    |
|p_read7       |  in |   16|   ap_none  |                                      p_read7                                     |    scalar    |
|p_read8       |  in |   16|   ap_none  |                                      p_read8                                     |    scalar    |
|p_read9       |  in |   16|   ap_none  |                                      p_read9                                     |    scalar    |
|p_read10      |  in |   16|   ap_none  |                                     p_read10                                     |    scalar    |
|p_read11      |  in |   16|   ap_none  |                                     p_read11                                     |    scalar    |
|p_read12      |  in |   16|   ap_none  |                                     p_read12                                     |    scalar    |
|p_read13      |  in |   16|   ap_none  |                                     p_read13                                     |    scalar    |
|p_read14      |  in |   16|   ap_none  |                                     p_read14                                     |    scalar    |
|p_read15      |  in |   16|   ap_none  |                                     p_read15                                     |    scalar    |
|p_read16      |  in |   16|   ap_none  |                                     p_read16                                     |    scalar    |
|p_read17      |  in |   16|   ap_none  |                                     p_read17                                     |    scalar    |
|p_read18      |  in |   16|   ap_none  |                                     p_read18                                     |    scalar    |
|p_read19      |  in |   16|   ap_none  |                                     p_read19                                     |    scalar    |
|p_read20      |  in |   16|   ap_none  |                                     p_read20                                     |    scalar    |
|p_read21      |  in |   16|   ap_none  |                                     p_read21                                     |    scalar    |
|p_read22      |  in |   16|   ap_none  |                                     p_read22                                     |    scalar    |
|p_read23      |  in |   16|   ap_none  |                                     p_read23                                     |    scalar    |
|p_read24      |  in |   16|   ap_none  |                                     p_read24                                     |    scalar    |
|p_read25      |  in |   16|   ap_none  |                                     p_read25                                     |    scalar    |
|p_read26      |  in |   16|   ap_none  |                                     p_read26                                     |    scalar    |
|p_read27      |  in |   16|   ap_none  |                                     p_read27                                     |    scalar    |
|p_read28      |  in |   16|   ap_none  |                                     p_read28                                     |    scalar    |
|p_read29      |  in |   16|   ap_none  |                                     p_read29                                     |    scalar    |
|p_read30      |  in |   16|   ap_none  |                                     p_read30                                     |    scalar    |
|p_read31      |  in |   16|   ap_none  |                                     p_read31                                     |    scalar    |
|p_read32      |  in |   16|   ap_none  |                                     p_read32                                     |    scalar    |
|p_read33      |  in |   16|   ap_none  |                                     p_read33                                     |    scalar    |
|p_read34      |  in |   16|   ap_none  |                                     p_read34                                     |    scalar    |
|p_read35      |  in |   16|   ap_none  |                                     p_read35                                     |    scalar    |
|p_read36      |  in |   16|   ap_none  |                                     p_read36                                     |    scalar    |
|p_read37      |  in |   16|   ap_none  |                                     p_read37                                     |    scalar    |
|p_read38      |  in |   16|   ap_none  |                                     p_read38                                     |    scalar    |
|p_read39      |  in |   16|   ap_none  |                                     p_read39                                     |    scalar    |
|p_read40      |  in |   16|   ap_none  |                                     p_read40                                     |    scalar    |
|p_read41      |  in |   16|   ap_none  |                                     p_read41                                     |    scalar    |
|p_read42      |  in |   16|   ap_none  |                                     p_read42                                     |    scalar    |
|p_read43      |  in |   16|   ap_none  |                                     p_read43                                     |    scalar    |
|p_read44      |  in |   16|   ap_none  |                                     p_read44                                     |    scalar    |
|p_read45      |  in |   16|   ap_none  |                                     p_read45                                     |    scalar    |
|p_read46      |  in |   16|   ap_none  |                                     p_read46                                     |    scalar    |
|p_read47      |  in |   16|   ap_none  |                                     p_read47                                     |    scalar    |
|p_read48      |  in |   16|   ap_none  |                                     p_read48                                     |    scalar    |
|p_read49      |  in |   16|   ap_none  |                                     p_read49                                     |    scalar    |
|p_read50      |  in |   16|   ap_none  |                                     p_read50                                     |    scalar    |
|p_read51      |  in |   16|   ap_none  |                                     p_read51                                     |    scalar    |
|p_read52      |  in |   16|   ap_none  |                                     p_read52                                     |    scalar    |
|p_read53      |  in |   16|   ap_none  |                                     p_read53                                     |    scalar    |
|p_read54      |  in |   16|   ap_none  |                                     p_read54                                     |    scalar    |
|p_read55      |  in |   16|   ap_none  |                                     p_read55                                     |    scalar    |
|p_read56      |  in |   16|   ap_none  |                                     p_read56                                     |    scalar    |
|p_read57      |  in |   16|   ap_none  |                                     p_read57                                     |    scalar    |
|p_read58      |  in |   16|   ap_none  |                                     p_read58                                     |    scalar    |
|p_read59      |  in |   16|   ap_none  |                                     p_read59                                     |    scalar    |
|p_read60      |  in |   16|   ap_none  |                                     p_read60                                     |    scalar    |
|p_read61      |  in |   16|   ap_none  |                                     p_read61                                     |    scalar    |
|p_read62      |  in |   16|   ap_none  |                                     p_read62                                     |    scalar    |
|p_read63      |  in |   16|   ap_none  |                                     p_read63                                     |    scalar    |
|p_read64      |  in |   16|   ap_none  |                                     p_read64                                     |    scalar    |
|p_read65      |  in |   16|   ap_none  |                                     p_read65                                     |    scalar    |
|p_read66      |  in |   16|   ap_none  |                                     p_read66                                     |    scalar    |
|p_read67      |  in |   16|   ap_none  |                                     p_read67                                     |    scalar    |
|p_read68      |  in |   16|   ap_none  |                                     p_read68                                     |    scalar    |
|p_read69      |  in |   16|   ap_none  |                                     p_read69                                     |    scalar    |
|p_read70      |  in |   16|   ap_none  |                                     p_read70                                     |    scalar    |
|p_read71      |  in |   16|   ap_none  |                                     p_read71                                     |    scalar    |
|p_read72      |  in |   16|   ap_none  |                                     p_read72                                     |    scalar    |
|p_read73      |  in |   16|   ap_none  |                                     p_read73                                     |    scalar    |
|p_read74      |  in |   16|   ap_none  |                                     p_read74                                     |    scalar    |
|p_read75      |  in |   16|   ap_none  |                                     p_read75                                     |    scalar    |
|p_read76      |  in |   16|   ap_none  |                                     p_read76                                     |    scalar    |
|p_read77      |  in |   16|   ap_none  |                                     p_read77                                     |    scalar    |
|p_read78      |  in |   16|   ap_none  |                                     p_read78                                     |    scalar    |
|p_read79      |  in |   16|   ap_none  |                                     p_read79                                     |    scalar    |
|p_read80      |  in |   16|   ap_none  |                                     p_read80                                     |    scalar    |
|p_read81      |  in |   16|   ap_none  |                                     p_read81                                     |    scalar    |
|p_read82      |  in |   16|   ap_none  |                                     p_read82                                     |    scalar    |
|p_read83      |  in |   16|   ap_none  |                                     p_read83                                     |    scalar    |
|p_read84      |  in |   16|   ap_none  |                                     p_read84                                     |    scalar    |
|p_read85      |  in |   16|   ap_none  |                                     p_read85                                     |    scalar    |
|p_read86      |  in |   16|   ap_none  |                                     p_read86                                     |    scalar    |
|p_read87      |  in |   16|   ap_none  |                                     p_read87                                     |    scalar    |
|p_read88      |  in |   16|   ap_none  |                                     p_read88                                     |    scalar    |
|p_read89      |  in |   16|   ap_none  |                                     p_read89                                     |    scalar    |
|p_read90      |  in |   16|   ap_none  |                                     p_read90                                     |    scalar    |
|p_read91      |  in |   16|   ap_none  |                                     p_read91                                     |    scalar    |
|p_read92      |  in |   16|   ap_none  |                                     p_read92                                     |    scalar    |
|p_read93      |  in |   16|   ap_none  |                                     p_read93                                     |    scalar    |
|p_read94      |  in |   16|   ap_none  |                                     p_read94                                     |    scalar    |
|p_read95      |  in |   16|   ap_none  |                                     p_read95                                     |    scalar    |
|p_read96      |  in |   16|   ap_none  |                                     p_read96                                     |    scalar    |
|p_read97      |  in |   16|   ap_none  |                                     p_read97                                     |    scalar    |
|p_read98      |  in |   16|   ap_none  |                                     p_read98                                     |    scalar    |
|p_read99      |  in |   16|   ap_none  |                                     p_read99                                     |    scalar    |
+--------------+-----+-----+------------+----------------------------------------------------------------------------------+--------------+

