

================================================================
== Vivado HLS Report for 'relu_ap_fixed_16_6_5_3_0_ap_fixed_16_6_5_3_0_relu_config3_s'
================================================================
* Date:           Tue Apr 23 23:43:31 2024

* Version:        2018.2 (Build 2258646 on Thu Jun 14 20:25:20 MDT 2018)
* Project:        myproject_prj
* Solution:       solution1
* Product family: artix7
* Target device:  xc7a200tfbg676-2


================================================================
== Performance Estimates
================================================================
+ Timing (ns): 
    * Summary: 
    +--------+-------+----------+------------+
    |  Clock | Target| Estimated| Uncertainty|
    +--------+-------+----------+------------+
    |ap_clk  |  10.00|     2.817|        1.25|
    +--------+-------+----------+------------+

+ Latency (clock cycles): 
    * Summary: 
    +-----+-----+-----+-----+----------+
    |  Latency  |  Interval | Pipeline |
    | min | max | min | max |   Type   |
    +-----+-----+-----+-----+----------+
    |    0|    0|    1|    1| function |
    +-----+-----+-----+-----+----------+

    + Detail: 
        * Instance: 
        N/A

        * Loop: 
        N/A



================================================================
== Utilization Estimates
================================================================
* Summary: 
+-----------------+---------+-------+--------+--------+
|       Name      | BRAM_18K| DSP48E|   FF   |   LUT  |
+-----------------+---------+-------+--------+--------+
|DSP              |        -|      -|       -|       -|
|Expression       |        -|      -|       0|    2800|
|FIFO             |        -|      -|       -|       -|
|Instance         |        -|      -|       -|       -|
|Memory           |        -|      -|       -|       -|
|Multiplexer      |        -|      -|       -|       -|
|Register         |        -|      -|       -|       -|
+-----------------+---------+-------+--------+--------+
|Total            |        0|      0|       0|    2800|
+-----------------+---------+-------+--------+--------+
|Available        |      730|    740|  269200|  129000|
+-----------------+---------+-------+--------+--------+
|Utilization (%)  |        0|      0|       0|       2|
+-----------------+---------+-------+--------+--------+

+ Detail: 
    * Instance: 
    N/A

    * DSP48: 
    N/A

    * Memory: 
    N/A

    * FIFO: 
    N/A

    * Expression: 
    +----------------------------------+----------+-------+---+----+------------+------------+
    |           Variable Name          | Operation| DSP48E| FF| LUT| Bitwidth P0| Bitwidth P1|
    +----------------------------------+----------+-------+---+----+------------+------------+
    |tmp_18_10_fu_1060_p2              |   icmp   |      0|  0|  13|          16|           1|
    |tmp_18_11_fu_1082_p2              |   icmp   |      0|  0|  13|          16|           1|
    |tmp_18_12_fu_1104_p2              |   icmp   |      0|  0|  13|          16|           1|
    |tmp_18_13_fu_1126_p2              |   icmp   |      0|  0|  13|          16|           1|
    |tmp_18_14_fu_1148_p2              |   icmp   |      0|  0|  13|          16|           1|
    |tmp_18_15_fu_1170_p2              |   icmp   |      0|  0|  13|          16|           1|
    |tmp_18_16_fu_1192_p2              |   icmp   |      0|  0|  13|          16|           1|
    |tmp_18_17_fu_1214_p2              |   icmp   |      0|  0|  13|          16|           1|
    |tmp_18_18_fu_1236_p2              |   icmp   |      0|  0|  13|          16|           1|
    |tmp_18_19_fu_1258_p2              |   icmp   |      0|  0|  13|          16|           1|
    |tmp_18_1_fu_840_p2                |   icmp   |      0|  0|  13|          16|           1|
    |tmp_18_20_fu_1280_p2              |   icmp   |      0|  0|  13|          16|           1|
    |tmp_18_21_fu_1302_p2              |   icmp   |      0|  0|  13|          16|           1|
    |tmp_18_22_fu_1324_p2              |   icmp   |      0|  0|  13|          16|           1|
    |tmp_18_23_fu_1346_p2              |   icmp   |      0|  0|  13|          16|           1|
    |tmp_18_24_fu_1368_p2              |   icmp   |      0|  0|  13|          16|           1|
    |tmp_18_25_fu_1390_p2              |   icmp   |      0|  0|  13|          16|           1|
    |tmp_18_26_fu_1412_p2              |   icmp   |      0|  0|  13|          16|           1|
    |tmp_18_27_fu_1434_p2              |   icmp   |      0|  0|  13|          16|           1|
    |tmp_18_28_fu_1456_p2              |   icmp   |      0|  0|  13|          16|           1|
    |tmp_18_29_fu_1478_p2              |   icmp   |      0|  0|  13|          16|           1|
    |tmp_18_2_fu_862_p2                |   icmp   |      0|  0|  13|          16|           1|
    |tmp_18_30_fu_1500_p2              |   icmp   |      0|  0|  13|          16|           1|
    |tmp_18_31_fu_1522_p2              |   icmp   |      0|  0|  13|          16|           1|
    |tmp_18_32_fu_1544_p2              |   icmp   |      0|  0|  13|          16|           1|
    |tmp_18_33_fu_1566_p2              |   icmp   |      0|  0|  13|          16|           1|
    |tmp_18_34_fu_1588_p2              |   icmp   |      0|  0|  13|          16|           1|
    |tmp_18_35_fu_1610_p2              |   icmp   |      0|  0|  13|          16|           1|
    |tmp_18_36_fu_1632_p2              |   icmp   |      0|  0|  13|          16|           1|
    |tmp_18_37_fu_1654_p2              |   icmp   |      0|  0|  13|          16|           1|
    |tmp_18_38_fu_1676_p2              |   icmp   |      0|  0|  13|          16|           1|
    |tmp_18_39_fu_1698_p2              |   icmp   |      0|  0|  13|          16|           1|
    |tmp_18_3_fu_884_p2                |   icmp   |      0|  0|  13|          16|           1|
    |tmp_18_40_fu_1720_p2              |   icmp   |      0|  0|  13|          16|           1|
    |tmp_18_41_fu_1742_p2              |   icmp   |      0|  0|  13|          16|           1|
    |tmp_18_42_fu_1764_p2              |   icmp   |      0|  0|  13|          16|           1|
    |tmp_18_43_fu_1786_p2              |   icmp   |      0|  0|  13|          16|           1|
    |tmp_18_44_fu_1808_p2              |   icmp   |      0|  0|  13|          16|           1|
    |tmp_18_45_fu_1830_p2              |   icmp   |      0|  0|  13|          16|           1|
    |tmp_18_46_fu_1852_p2              |   icmp   |      0|  0|  13|          16|           1|
    |tmp_18_47_fu_1874_p2              |   icmp   |      0|  0|  13|          16|           1|
    |tmp_18_48_fu_1896_p2              |   icmp   |      0|  0|  13|          16|           1|
    |tmp_18_49_fu_1918_p2              |   icmp   |      0|  0|  13|          16|           1|
    |tmp_18_4_fu_906_p2                |   icmp   |      0|  0|  13|          16|           1|
    |tmp_18_50_fu_1940_p2              |   icmp   |      0|  0|  13|          16|           1|
    |tmp_18_51_fu_1962_p2              |   icmp   |      0|  0|  13|          16|           1|
    |tmp_18_52_fu_1984_p2              |   icmp   |      0|  0|  13|          16|           1|
    |tmp_18_53_fu_2006_p2              |   icmp   |      0|  0|  13|          16|           1|
    |tmp_18_54_fu_2028_p2              |   icmp   |      0|  0|  13|          16|           1|
    |tmp_18_55_fu_2050_p2              |   icmp   |      0|  0|  13|          16|           1|
    |tmp_18_56_fu_2072_p2              |   icmp   |      0|  0|  13|          16|           1|
    |tmp_18_57_fu_2094_p2              |   icmp   |      0|  0|  13|          16|           1|
    |tmp_18_58_fu_2116_p2              |   icmp   |      0|  0|  13|          16|           1|
    |tmp_18_59_fu_2138_p2              |   icmp   |      0|  0|  13|          16|           1|
    |tmp_18_5_fu_928_p2                |   icmp   |      0|  0|  13|          16|           1|
    |tmp_18_60_fu_2160_p2              |   icmp   |      0|  0|  13|          16|           1|
    |tmp_18_61_fu_2182_p2              |   icmp   |      0|  0|  13|          16|           1|
    |tmp_18_62_fu_2204_p2              |   icmp   |      0|  0|  13|          16|           1|
    |tmp_18_63_fu_2226_p2              |   icmp   |      0|  0|  13|          16|           1|
    |tmp_18_64_fu_2248_p2              |   icmp   |      0|  0|  13|          16|           1|
    |tmp_18_65_fu_2270_p2              |   icmp   |      0|  0|  13|          16|           1|
    |tmp_18_66_fu_2292_p2              |   icmp   |      0|  0|  13|          16|           1|
    |tmp_18_67_fu_2314_p2              |   icmp   |      0|  0|  13|          16|           1|
    |tmp_18_68_fu_2336_p2              |   icmp   |      0|  0|  13|          16|           1|
    |tmp_18_69_fu_2358_p2              |   icmp   |      0|  0|  13|          16|           1|
    |tmp_18_6_fu_950_p2                |   icmp   |      0|  0|  13|          16|           1|
    |tmp_18_70_fu_2380_p2              |   icmp   |      0|  0|  13|          16|           1|
    |tmp_18_71_fu_2402_p2              |   icmp   |      0|  0|  13|          16|           1|
    |tmp_18_72_fu_2424_p2              |   icmp   |      0|  0|  13|          16|           1|
    |tmp_18_73_fu_2446_p2              |   icmp   |      0|  0|  13|          16|           1|
    |tmp_18_74_fu_2468_p2              |   icmp   |      0|  0|  13|          16|           1|
    |tmp_18_75_fu_2490_p2              |   icmp   |      0|  0|  13|          16|           1|
    |tmp_18_76_fu_2512_p2              |   icmp   |      0|  0|  13|          16|           1|
    |tmp_18_77_fu_2534_p2              |   icmp   |      0|  0|  13|          16|           1|
    |tmp_18_78_fu_2556_p2              |   icmp   |      0|  0|  13|          16|           1|
    |tmp_18_79_fu_2578_p2              |   icmp   |      0|  0|  13|          16|           1|
    |tmp_18_7_fu_972_p2                |   icmp   |      0|  0|  13|          16|           1|
    |tmp_18_80_fu_2600_p2              |   icmp   |      0|  0|  13|          16|           1|
    |tmp_18_81_fu_2622_p2              |   icmp   |      0|  0|  13|          16|           1|
    |tmp_18_82_fu_2644_p2              |   icmp   |      0|  0|  13|          16|           1|
    |tmp_18_83_fu_2666_p2              |   icmp   |      0|  0|  13|          16|           1|
    |tmp_18_84_fu_2688_p2              |   icmp   |      0|  0|  13|          16|           1|
    |tmp_18_85_fu_2710_p2              |   icmp   |      0|  0|  13|          16|           1|
    |tmp_18_86_fu_2732_p2              |   icmp   |      0|  0|  13|          16|           1|
    |tmp_18_87_fu_2754_p2              |   icmp   |      0|  0|  13|          16|           1|
    |tmp_18_88_fu_2776_p2              |   icmp   |      0|  0|  13|          16|           1|
    |tmp_18_89_fu_2798_p2              |   icmp   |      0|  0|  13|          16|           1|
    |tmp_18_8_fu_994_p2                |   icmp   |      0|  0|  13|          16|           1|
    |tmp_18_90_fu_2820_p2              |   icmp   |      0|  0|  13|          16|           1|
    |tmp_18_91_fu_2842_p2              |   icmp   |      0|  0|  13|          16|           1|
    |tmp_18_92_fu_2864_p2              |   icmp   |      0|  0|  13|          16|           1|
    |tmp_18_93_fu_2886_p2              |   icmp   |      0|  0|  13|          16|           1|
    |tmp_18_94_fu_2908_p2              |   icmp   |      0|  0|  13|          16|           1|
    |tmp_18_95_fu_2930_p2              |   icmp   |      0|  0|  13|          16|           1|
    |tmp_18_96_fu_2952_p2              |   icmp   |      0|  0|  13|          16|           1|
    |tmp_18_97_fu_2974_p2              |   icmp   |      0|  0|  13|          16|           1|
    |tmp_18_98_fu_2996_p2              |   icmp   |      0|  0|  13|          16|           1|
    |tmp_18_9_fu_1016_p2               |   icmp   |      0|  0|  13|          16|           1|
    |tmp_18_s_fu_1038_p2               |   icmp   |      0|  0|  13|          16|           1|
    |tmp_s_fu_818_p2                   |   icmp   |      0|  0|  13|          16|           1|
    |res_0_V_write_assign_fu_828_p3    |  select  |      0|  0|  15|           1|          15|
    |res_10_V_write_assign_fu_1048_p3  |  select  |      0|  0|  15|           1|          15|
    |res_11_V_write_assign_fu_1070_p3  |  select  |      0|  0|  15|           1|          15|
    |res_12_V_write_assign_fu_1092_p3  |  select  |      0|  0|  15|           1|          15|
    |res_13_V_write_assign_fu_1114_p3  |  select  |      0|  0|  15|           1|          15|
    |res_14_V_write_assign_fu_1136_p3  |  select  |      0|  0|  15|           1|          15|
    |res_15_V_write_assign_fu_1158_p3  |  select  |      0|  0|  15|           1|          15|
    |res_16_V_write_assign_fu_1180_p3  |  select  |      0|  0|  15|           1|          15|
    |res_17_V_write_assign_fu_1202_p3  |  select  |      0|  0|  15|           1|          15|
    |res_18_V_write_assign_fu_1224_p3  |  select  |      0|  0|  15|           1|          15|
    |res_19_V_write_assign_fu_1246_p3  |  select  |      0|  0|  15|           1|          15|
    |res_1_V_write_assign_fu_850_p3    |  select  |      0|  0|  15|           1|          15|
    |res_20_V_write_assign_fu_1268_p3  |  select  |      0|  0|  15|           1|          15|
    |res_21_V_write_assign_fu_1290_p3  |  select  |      0|  0|  15|           1|          15|
    |res_22_V_write_assign_fu_1312_p3  |  select  |      0|  0|  15|           1|          15|
    |res_23_V_write_assign_fu_1334_p3  |  select  |      0|  0|  15|           1|          15|
    |res_24_V_write_assign_fu_1356_p3  |  select  |      0|  0|  15|           1|          15|
    |res_25_V_write_assign_fu_1378_p3  |  select  |      0|  0|  15|           1|          15|
    |res_26_V_write_assign_fu_1400_p3  |  select  |      0|  0|  15|           1|          15|
    |res_27_V_write_assign_fu_1422_p3  |  select  |      0|  0|  15|           1|          15|
    |res_28_V_write_assign_fu_1444_p3  |  select  |      0|  0|  15|           1|          15|
    |res_29_V_write_assign_fu_1466_p3  |  select  |      0|  0|  15|           1|          15|
    |res_2_V_write_assign_fu_872_p3    |  select  |      0|  0|  15|           1|          15|
    |res_30_V_write_assign_fu_1488_p3  |  select  |      0|  0|  15|           1|          15|
    |res_31_V_write_assign_fu_1510_p3  |  select  |      0|  0|  15|           1|          15|
    |res_32_V_write_assign_fu_1532_p3  |  select  |      0|  0|  15|           1|          15|
    |res_33_V_write_assign_fu_1554_p3  |  select  |      0|  0|  15|           1|          15|
    |res_34_V_write_assign_fu_1576_p3  |  select  |      0|  0|  15|           1|          15|
    |res_35_V_write_assign_fu_1598_p3  |  select  |      0|  0|  15|           1|          15|
    |res_36_V_write_assign_fu_1620_p3  |  select  |      0|  0|  15|           1|          15|
    |res_37_V_write_assign_fu_1642_p3  |  select  |      0|  0|  15|           1|          15|
    |res_38_V_write_assign_fu_1664_p3  |  select  |      0|  0|  15|           1|          15|
    |res_39_V_write_assign_fu_1686_p3  |  select  |      0|  0|  15|           1|          15|
    |res_3_V_write_assign_fu_894_p3    |  select  |      0|  0|  15|           1|          15|
    |res_40_V_write_assign_fu_1708_p3  |  select  |      0|  0|  15|           1|          15|
    |res_41_V_write_assign_fu_1730_p3  |  select  |      0|  0|  15|           1|          15|
    |res_42_V_write_assign_fu_1752_p3  |  select  |      0|  0|  15|           1|          15|
    |res_43_V_write_assign_fu_1774_p3  |  select  |      0|  0|  15|           1|          15|
    |res_44_V_write_assign_fu_1796_p3  |  select  |      0|  0|  15|           1|          15|
    |res_45_V_write_assign_fu_1818_p3  |  select  |      0|  0|  15|           1|          15|
    |res_46_V_write_assign_fu_1840_p3  |  select  |      0|  0|  15|           1|          15|
    |res_47_V_write_assign_fu_1862_p3  |  select  |      0|  0|  15|           1|          15|
    |res_48_V_write_assign_fu_1884_p3  |  select  |      0|  0|  15|           1|          15|
    |res_49_V_write_assign_fu_1906_p3  |  select  |      0|  0|  15|           1|          15|
    |res_4_V_write_assign_fu_916_p3    |  select  |      0|  0|  15|           1|          15|
    |res_50_V_write_assign_fu_1928_p3  |  select  |      0|  0|  15|           1|          15|
    |res_51_V_write_assign_fu_1950_p3  |  select  |      0|  0|  15|           1|          15|
    |res_52_V_write_assign_fu_1972_p3  |  select  |      0|  0|  15|           1|          15|
    |res_53_V_write_assign_fu_1994_p3  |  select  |      0|  0|  15|           1|          15|
    |res_54_V_write_assign_fu_2016_p3  |  select  |      0|  0|  15|           1|          15|
    |res_55_V_write_assign_fu_2038_p3  |  select  |      0|  0|  15|           1|          15|
    |res_56_V_write_assign_fu_2060_p3  |  select  |      0|  0|  15|           1|          15|
    |res_57_V_write_assign_fu_2082_p3  |  select  |      0|  0|  15|           1|          15|
    |res_58_V_write_assign_fu_2104_p3  |  select  |      0|  0|  15|           1|          15|
    |res_59_V_write_assign_fu_2126_p3  |  select  |      0|  0|  15|           1|          15|
    |res_5_V_write_assign_fu_938_p3    |  select  |      0|  0|  15|           1|          15|
    |res_60_V_write_assign_fu_2148_p3  |  select  |      0|  0|  15|           1|          15|
    |res_61_V_write_assign_fu_2170_p3  |  select  |      0|  0|  15|           1|          15|
    |res_62_V_write_assign_fu_2192_p3  |  select  |      0|  0|  15|           1|          15|
    |res_63_V_write_assign_fu_2214_p3  |  select  |      0|  0|  15|           1|          15|
    |res_64_V_write_assign_fu_2236_p3  |  select  |      0|  0|  15|           1|          15|
    |res_65_V_write_assign_fu_2258_p3  |  select  |      0|  0|  15|           1|          15|
    |res_66_V_write_assign_fu_2280_p3  |  select  |      0|  0|  15|           1|          15|
    |res_67_V_write_assign_fu_2302_p3  |  select  |      0|  0|  15|           1|          15|
    |res_68_V_write_assign_fu_2324_p3  |  select  |      0|  0|  15|           1|          15|
    |res_69_V_write_assign_fu_2346_p3  |  select  |      0|  0|  15|           1|          15|
    |res_6_V_write_assign_fu_960_p3    |  select  |      0|  0|  15|           1|          15|
    |res_70_V_write_assign_fu_2368_p3  |  select  |      0|  0|  15|           1|          15|
    |res_71_V_write_assign_fu_2390_p3  |  select  |      0|  0|  15|           1|          15|
    |res_72_V_write_assign_fu_2412_p3  |  select  |      0|  0|  15|           1|          15|
    |res_73_V_write_assign_fu_2434_p3  |  select  |      0|  0|  15|           1|          15|
    |res_74_V_write_assign_fu_2456_p3  |  select  |      0|  0|  15|           1|          15|
    |res_75_V_write_assign_fu_2478_p3  |  select  |      0|  0|  15|           1|          15|
    |res_76_V_write_assign_fu_2500_p3  |  select  |      0|  0|  15|           1|          15|
    |res_77_V_write_assign_fu_2522_p3  |  select  |      0|  0|  15|           1|          15|
    |res_78_V_write_assign_fu_2544_p3  |  select  |      0|  0|  15|           1|          15|
    |res_79_V_write_assign_fu_2566_p3  |  select  |      0|  0|  15|           1|          15|
    |res_7_V_write_assign_fu_982_p3    |  select  |      0|  0|  15|           1|          15|
    |res_80_V_write_assign_fu_2588_p3  |  select  |      0|  0|  15|           1|          15|
    |res_81_V_write_assign_fu_2610_p3  |  select  |      0|  0|  15|           1|          15|
    |res_82_V_write_assign_fu_2632_p3  |  select  |      0|  0|  15|           1|          15|
    |res_83_V_write_assign_fu_2654_p3  |  select  |      0|  0|  15|           1|          15|
    |res_84_V_write_assign_fu_2676_p3  |  select  |      0|  0|  15|           1|          15|
    |res_85_V_write_assign_fu_2698_p3  |  select  |      0|  0|  15|           1|          15|
    |res_86_V_write_assign_fu_2720_p3  |  select  |      0|  0|  15|           1|          15|
    |res_87_V_write_assign_fu_2742_p3  |  select  |      0|  0|  15|           1|          15|
    |res_88_V_write_assign_fu_2764_p3  |  select  |      0|  0|  15|           1|          15|
    |res_89_V_write_assign_fu_2786_p3  |  select  |      0|  0|  15|           1|          15|
    |res_8_V_write_assign_fu_1004_p3   |  select  |      0|  0|  15|           1|          15|
    |res_90_V_write_assign_fu_2808_p3  |  select  |      0|  0|  15|           1|          15|
    |res_91_V_write_assign_fu_2830_p3  |  select  |      0|  0|  15|           1|          15|
    |res_92_V_write_assign_fu_2852_p3  |  select  |      0|  0|  15|           1|          15|
    |res_93_V_write_assign_fu_2874_p3  |  select  |      0|  0|  15|           1|          15|
    |res_94_V_write_assign_fu_2896_p3  |  select  |      0|  0|  15|           1|          15|
    |res_95_V_write_assign_fu_2918_p3  |  select  |      0|  0|  15|           1|          15|
    |res_96_V_write_assign_fu_2940_p3  |  select  |      0|  0|  15|           1|          15|
    |res_97_V_write_assign_fu_2962_p3  |  select  |      0|  0|  15|           1|          15|
    |res_98_V_write_assign_fu_2984_p3  |  select  |      0|  0|  15|           1|          15|
    |res_99_V_write_assign_fu_3006_p3  |  select  |      0|  0|  15|           1|          15|
    |res_9_V_write_assign_fu_1026_p3   |  select  |      0|  0|  15|           1|          15|
    +----------------------------------+----------+-------+---+----+------------+------------+
    |Total                             |          |      0|  0|2800|        1700|        1600|
    +----------------------------------+----------+-------+---+----+------------+------------+

    * Multiplexer: 
    N/A

    * Register: 
    N/A



================================================================
== Interface
================================================================
* Summary: 
+----------------+-----+-----+------------+------------------------------------------------------------------------+--------------+
|    RTL Ports   | Dir | Bits|  Protocol  |                              Source Object                             |    C Type    |
+----------------+-----+-----+------------+------------------------------------------------------------------------+--------------+
|ap_ready        | out |    1| ap_ctrl_hs | relu<ap_fixed<16, 6, 5, 3, 0>, ap_fixed<16, 6, 5, 3, 0>, relu_config3> | return value |
|ap_return_0     | out |   16| ap_ctrl_hs | relu<ap_fixed<16, 6, 5, 3, 0>, ap_fixed<16, 6, 5, 3, 0>, relu_config3> | return value |
|ap_return_1     | out |   16| ap_ctrl_hs | relu<ap_fixed<16, 6, 5, 3, 0>, ap_fixed<16, 6, 5, 3, 0>, relu_config3> | return value |
|ap_return_2     | out |   16| ap_ctrl_hs | relu<ap_fixed<16, 6, 5, 3, 0>, ap_fixed<16, 6, 5, 3, 0>, relu_config3> | return value |
|ap_return_3     | out |   16| ap_ctrl_hs | relu<ap_fixed<16, 6, 5, 3, 0>, ap_fixed<16, 6, 5, 3, 0>, relu_config3> | return value |
|ap_return_4     | out |   16| ap_ctrl_hs | relu<ap_fixed<16, 6, 5, 3, 0>, ap_fixed<16, 6, 5, 3, 0>, relu_config3> | return value |
|ap_return_5     | out |   16| ap_ctrl_hs | relu<ap_fixed<16, 6, 5, 3, 0>, ap_fixed<16, 6, 5, 3, 0>, relu_config3> | return value |
|ap_return_6     | out |   16| ap_ctrl_hs | relu<ap_fixed<16, 6, 5, 3, 0>, ap_fixed<16, 6, 5, 3, 0>, relu_config3> | return value |
|ap_return_7     | out |   16| ap_ctrl_hs | relu<ap_fixed<16, 6, 5, 3, 0>, ap_fixed<16, 6, 5, 3, 0>, relu_config3> | return value |
|ap_return_8     | out |   16| ap_ctrl_hs | relu<ap_fixed<16, 6, 5, 3, 0>, ap_fixed<16, 6, 5, 3, 0>, relu_config3> | return value |
|ap_return_9     | out |   16| ap_ctrl_hs | relu<ap_fixed<16, 6, 5, 3, 0>, ap_fixed<16, 6, 5, 3, 0>, relu_config3> | return value |
|ap_return_10    | out |   16| ap_ctrl_hs | relu<ap_fixed<16, 6, 5, 3, 0>, ap_fixed<16, 6, 5, 3, 0>, relu_config3> | return value |
|ap_return_11    | out |   16| ap_ctrl_hs | relu<ap_fixed<16, 6, 5, 3, 0>, ap_fixed<16, 6, 5, 3, 0>, relu_config3> | return value |
|ap_return_12    | out |   16| ap_ctrl_hs | relu<ap_fixed<16, 6, 5, 3, 0>, ap_fixed<16, 6, 5, 3, 0>, relu_config3> | return value |
|ap_return_13    | out |   16| ap_ctrl_hs | relu<ap_fixed<16, 6, 5, 3, 0>, ap_fixed<16, 6, 5, 3, 0>, relu_config3> | return value |
|ap_return_14    | out |   16| ap_ctrl_hs | relu<ap_fixed<16, 6, 5, 3, 0>, ap_fixed<16, 6, 5, 3, 0>, relu_config3> | return value |
|ap_return_15    | out |   16| ap_ctrl_hs | relu<ap_fixed<16, 6, 5, 3, 0>, ap_fixed<16, 6, 5, 3, 0>, relu_config3> | return value |
|ap_return_16    | out |   16| ap_ctrl_hs | relu<ap_fixed<16, 6, 5, 3, 0>, ap_fixed<16, 6, 5, 3, 0>, relu_config3> | return value |
|ap_return_17    | out |   16| ap_ctrl_hs | relu<ap_fixed<16, 6, 5, 3, 0>, ap_fixed<16, 6, 5, 3, 0>, relu_config3> | return value |
|ap_return_18    | out |   16| ap_ctrl_hs | relu<ap_fixed<16, 6, 5, 3, 0>, ap_fixed<16, 6, 5, 3, 0>, relu_config3> | return value |
|ap_return_19    | out |   16| ap_ctrl_hs | relu<ap_fixed<16, 6, 5, 3, 0>, ap_fixed<16, 6, 5, 3, 0>, relu_config3> | return value |
|ap_return_20    | out |   16| ap_ctrl_hs | relu<ap_fixed<16, 6, 5, 3, 0>, ap_fixed<16, 6, 5, 3, 0>, relu_config3> | return value |
|ap_return_21    | out |   16| ap_ctrl_hs | relu<ap_fixed<16, 6, 5, 3, 0>, ap_fixed<16, 6, 5, 3, 0>, relu_config3> | return value |
|ap_return_22    | out |   16| ap_ctrl_hs | relu<ap_fixed<16, 6, 5, 3, 0>, ap_fixed<16, 6, 5, 3, 0>, relu_config3> | return value |
|ap_return_23    | out |   16| ap_ctrl_hs | relu<ap_fixed<16, 6, 5, 3, 0>, ap_fixed<16, 6, 5, 3, 0>, relu_config3> | return value |
|ap_return_24    | out |   16| ap_ctrl_hs | relu<ap_fixed<16, 6, 5, 3, 0>, ap_fixed<16, 6, 5, 3, 0>, relu_config3> | return value |
|ap_return_25    | out |   16| ap_ctrl_hs | relu<ap_fixed<16, 6, 5, 3, 0>, ap_fixed<16, 6, 5, 3, 0>, relu_config3> | return value |
|ap_return_26    | out |   16| ap_ctrl_hs | relu<ap_fixed<16, 6, 5, 3, 0>, ap_fixed<16, 6, 5, 3, 0>, relu_config3> | return value |
|ap_return_27    | out |   16| ap_ctrl_hs | relu<ap_fixed<16, 6, 5, 3, 0>, ap_fixed<16, 6, 5, 3, 0>, relu_config3> | return value |
|ap_return_28    | out |   16| ap_ctrl_hs | relu<ap_fixed<16, 6, 5, 3, 0>, ap_fixed<16, 6, 5, 3, 0>, relu_config3> | return value |
|ap_return_29    | out |   16| ap_ctrl_hs | relu<ap_fixed<16, 6, 5, 3, 0>, ap_fixed<16, 6, 5, 3, 0>, relu_config3> | return value |
|ap_return_30    | out |   16| ap_ctrl_hs | relu<ap_fixed<16, 6, 5, 3, 0>, ap_fixed<16, 6, 5, 3, 0>, relu_config3> | return value |
|ap_return_31    | out |   16| ap_ctrl_hs | relu<ap_fixed<16, 6, 5, 3, 0>, ap_fixed<16, 6, 5, 3, 0>, relu_config3> | return value |
|ap_return_32    | out |   16| ap_ctrl_hs | relu<ap_fixed<16, 6, 5, 3, 0>, ap_fixed<16, 6, 5, 3, 0>, relu_config3> | return value |
|ap_return_33    | out |   16| ap_ctrl_hs | relu<ap_fixed<16, 6, 5, 3, 0>, ap_fixed<16, 6, 5, 3, 0>, relu_config3> | return value |
|ap_return_34    | out |   16| ap_ctrl_hs | relu<ap_fixed<16, 6, 5, 3, 0>, ap_fixed<16, 6, 5, 3, 0>, relu_config3> | return value |
|ap_return_35    | out |   16| ap_ctrl_hs | relu<ap_fixed<16, 6, 5, 3, 0>, ap_fixed<16, 6, 5, 3, 0>, relu_config3> | return value |
|ap_return_36    | out |   16| ap_ctrl_hs | relu<ap_fixed<16, 6, 5, 3, 0>, ap_fixed<16, 6, 5, 3, 0>, relu_config3> | return value |
|ap_return_37    | out |   16| ap_ctrl_hs | relu<ap_fixed<16, 6, 5, 3, 0>, ap_fixed<16, 6, 5, 3, 0>, relu_config3> | return value |
|ap_return_38    | out |   16| ap_ctrl_hs | relu<ap_fixed<16, 6, 5, 3, 0>, ap_fixed<16, 6, 5, 3, 0>, relu_config3> | return value |
|ap_return_39    | out |   16| ap_ctrl_hs | relu<ap_fixed<16, 6, 5, 3, 0>, ap_fixed<16, 6, 5, 3, 0>, relu_config3> | return value |
|ap_return_40    | out |   16| ap_ctrl_hs | relu<ap_fixed<16, 6, 5, 3, 0>, ap_fixed<16, 6, 5, 3, 0>, relu_config3> | return value |
|ap_return_41    | out |   16| ap_ctrl_hs | relu<ap_fixed<16, 6, 5, 3, 0>, ap_fixed<16, 6, 5, 3, 0>, relu_config3> | return value |
|ap_return_42    | out |   16| ap_ctrl_hs | relu<ap_fixed<16, 6, 5, 3, 0>, ap_fixed<16, 6, 5, 3, 0>, relu_config3> | return value |
|ap_return_43    | out |   16| ap_ctrl_hs | relu<ap_fixed<16, 6, 5, 3, 0>, ap_fixed<16, 6, 5, 3, 0>, relu_config3> | return value |
|ap_return_44    | out |   16| ap_ctrl_hs | relu<ap_fixed<16, 6, 5, 3, 0>, ap_fixed<16, 6, 5, 3, 0>, relu_config3> | return value |
|ap_return_45    | out |   16| ap_ctrl_hs | relu<ap_fixed<16, 6, 5, 3, 0>, ap_fixed<16, 6, 5, 3, 0>, relu_config3> | return value |
|ap_return_46    | out |   16| ap_ctrl_hs | relu<ap_fixed<16, 6, 5, 3, 0>, ap_fixed<16, 6, 5, 3, 0>, relu_config3> | return value |
|ap_return_47    | out |   16| ap_ctrl_hs | relu<ap_fixed<16, 6, 5, 3, 0>, ap_fixed<16, 6, 5, 3, 0>, relu_config3> | return value |
|ap_return_48    | out |   16| ap_ctrl_hs | relu<ap_fixed<16, 6, 5, 3, 0>, ap_fixed<16, 6, 5, 3, 0>, relu_config3> | return value |
|ap_return_49    | out |   16| ap_ctrl_hs | relu<ap_fixed<16, 6, 5, 3, 0>, ap_fixed<16, 6, 5, 3, 0>, relu_config3> | return value |
|ap_return_50    | out |   16| ap_ctrl_hs | relu<ap_fixed<16, 6, 5, 3, 0>, ap_fixed<16, 6, 5, 3, 0>, relu_config3> | return value |
|ap_return_51    | out |   16| ap_ctrl_hs | relu<ap_fixed<16, 6, 5, 3, 0>, ap_fixed<16, 6, 5, 3, 0>, relu_config3> | return value |
|ap_return_52    | out |   16| ap_ctrl_hs | relu<ap_fixed<16, 6, 5, 3, 0>, ap_fixed<16, 6, 5, 3, 0>, relu_config3> | return value |
|ap_return_53    | out |   16| ap_ctrl_hs | relu<ap_fixed<16, 6, 5, 3, 0>, ap_fixed<16, 6, 5, 3, 0>, relu_config3> | return value |
|ap_return_54    | out |   16| ap_ctrl_hs | relu<ap_fixed<16, 6, 5, 3, 0>, ap_fixed<16, 6, 5, 3, 0>, relu_config3> | return value |
|ap_return_55    | out |   16| ap_ctrl_hs | relu<ap_fixed<16, 6, 5, 3, 0>, ap_fixed<16, 6, 5, 3, 0>, relu_config3> | return value |
|ap_return_56    | out |   16| ap_ctrl_hs | relu<ap_fixed<16, 6, 5, 3, 0>, ap_fixed<16, 6, 5, 3, 0>, relu_config3> | return value |
|ap_return_57    | out |   16| ap_ctrl_hs | relu<ap_fixed<16, 6, 5, 3, 0>, ap_fixed<16, 6, 5, 3, 0>, relu_config3> | return value |
|ap_return_58    | out |   16| ap_ctrl_hs | relu<ap_fixed<16, 6, 5, 3, 0>, ap_fixed<16, 6, 5, 3, 0>, relu_config3> | return value |
|ap_return_59    | out |   16| ap_ctrl_hs | relu<ap_fixed<16, 6, 5, 3, 0>, ap_fixed<16, 6, 5, 3, 0>, relu_config3> | return value |
|ap_return_60    | out |   16| ap_ctrl_hs | relu<ap_fixed<16, 6, 5, 3, 0>, ap_fixed<16, 6, 5, 3, 0>, relu_config3> | return value |
|ap_return_61    | out |   16| ap_ctrl_hs | relu<ap_fixed<16, 6, 5, 3, 0>, ap_fixed<16, 6, 5, 3, 0>, relu_config3> | return value |
|ap_return_62    | out |   16| ap_ctrl_hs | relu<ap_fixed<16, 6, 5, 3, 0>, ap_fixed<16, 6, 5, 3, 0>, relu_config3> | return value |
|ap_return_63    | out |   16| ap_ctrl_hs | relu<ap_fixed<16, 6, 5, 3, 0>, ap_fixed<16, 6, 5, 3, 0>, relu_config3> | return value |
|ap_return_64    | out |   16| ap_ctrl_hs | relu<ap_fixed<16, 6, 5, 3, 0>, ap_fixed<16, 6, 5, 3, 0>, relu_config3> | return value |
|ap_return_65    | out |   16| ap_ctrl_hs | relu<ap_fixed<16, 6, 5, 3, 0>, ap_fixed<16, 6, 5, 3, 0>, relu_config3> | return value |
|ap_return_66    | out |   16| ap_ctrl_hs | relu<ap_fixed<16, 6, 5, 3, 0>, ap_fixed<16, 6, 5, 3, 0>, relu_config3> | return value |
|ap_return_67    | out |   16| ap_ctrl_hs | relu<ap_fixed<16, 6, 5, 3, 0>, ap_fixed<16, 6, 5, 3, 0>, relu_config3> | return value |
|ap_return_68    | out |   16| ap_ctrl_hs | relu<ap_fixed<16, 6, 5, 3, 0>, ap_fixed<16, 6, 5, 3, 0>, relu_config3> | return value |
|ap_return_69    | out |   16| ap_ctrl_hs | relu<ap_fixed<16, 6, 5, 3, 0>, ap_fixed<16, 6, 5, 3, 0>, relu_config3> | return value |
|ap_return_70    | out |   16| ap_ctrl_hs | relu<ap_fixed<16, 6, 5, 3, 0>, ap_fixed<16, 6, 5, 3, 0>, relu_config3> | return value |
|ap_return_71    | out |   16| ap_ctrl_hs | relu<ap_fixed<16, 6, 5, 3, 0>, ap_fixed<16, 6, 5, 3, 0>, relu_config3> | return value |
|ap_return_72    | out |   16| ap_ctrl_hs | relu<ap_fixed<16, 6, 5, 3, 0>, ap_fixed<16, 6, 5, 3, 0>, relu_config3> | return value |
|ap_return_73    | out |   16| ap_ctrl_hs | relu<ap_fixed<16, 6, 5, 3, 0>, ap_fixed<16, 6, 5, 3, 0>, relu_config3> | return value |
|ap_return_74    | out |   16| ap_ctrl_hs | relu<ap_fixed<16, 6, 5, 3, 0>, ap_fixed<16, 6, 5, 3, 0>, relu_config3> | return value |
|ap_return_75    | out |   16| ap_ctrl_hs | relu<ap_fixed<16, 6, 5, 3, 0>, ap_fixed<16, 6, 5, 3, 0>, relu_config3> | return value |
|ap_return_76    | out |   16| ap_ctrl_hs | relu<ap_fixed<16, 6, 5, 3, 0>, ap_fixed<16, 6, 5, 3, 0>, relu_config3> | return value |
|ap_return_77    | out |   16| ap_ctrl_hs | relu<ap_fixed<16, 6, 5, 3, 0>, ap_fixed<16, 6, 5, 3, 0>, relu_config3> | return value |
|ap_return_78    | out |   16| ap_ctrl_hs | relu<ap_fixed<16, 6, 5, 3, 0>, ap_fixed<16, 6, 5, 3, 0>, relu_config3> | return value |
|ap_return_79    | out |   16| ap_ctrl_hs | relu<ap_fixed<16, 6, 5, 3, 0>, ap_fixed<16, 6, 5, 3, 0>, relu_config3> | return value |
|ap_return_80    | out |   16| ap_ctrl_hs | relu<ap_fixed<16, 6, 5, 3, 0>, ap_fixed<16, 6, 5, 3, 0>, relu_config3> | return value |
|ap_return_81    | out |   16| ap_ctrl_hs | relu<ap_fixed<16, 6, 5, 3, 0>, ap_fixed<16, 6, 5, 3, 0>, relu_config3> | return value |
|ap_return_82    | out |   16| ap_ctrl_hs | relu<ap_fixed<16, 6, 5, 3, 0>, ap_fixed<16, 6, 5, 3, 0>, relu_config3> | return value |
|ap_return_83    | out |   16| ap_ctrl_hs | relu<ap_fixed<16, 6, 5, 3, 0>, ap_fixed<16, 6, 5, 3, 0>, relu_config3> | return value |
|ap_return_84    | out |   16| ap_ctrl_hs | relu<ap_fixed<16, 6, 5, 3, 0>, ap_fixed<16, 6, 5, 3, 0>, relu_config3> | return value |
|ap_return_85    | out |   16| ap_ctrl_hs | relu<ap_fixed<16, 6, 5, 3, 0>, ap_fixed<16, 6, 5, 3, 0>, relu_config3> | return value |
|ap_return_86    | out |   16| ap_ctrl_hs | relu<ap_fixed<16, 6, 5, 3, 0>, ap_fixed<16, 6, 5, 3, 0>, relu_config3> | return value |
|ap_return_87    | out |   16| ap_ctrl_hs | relu<ap_fixed<16, 6, 5, 3, 0>, ap_fixed<16, 6, 5, 3, 0>, relu_config3> | return value |
|ap_return_88    | out |   16| ap_ctrl_hs | relu<ap_fixed<16, 6, 5, 3, 0>, ap_fixed<16, 6, 5, 3, 0>, relu_config3> | return value |
|ap_return_89    | out |   16| ap_ctrl_hs | relu<ap_fixed<16, 6, 5, 3, 0>, ap_fixed<16, 6, 5, 3, 0>, relu_config3> | return value |
|ap_return_90    | out |   16| ap_ctrl_hs | relu<ap_fixed<16, 6, 5, 3, 0>, ap_fixed<16, 6, 5, 3, 0>, relu_config3> | return value |
|ap_return_91    | out |   16| ap_ctrl_hs | relu<ap_fixed<16, 6, 5, 3, 0>, ap_fixed<16, 6, 5, 3, 0>, relu_config3> | return value |
|ap_return_92    | out |   16| ap_ctrl_hs | relu<ap_fixed<16, 6, 5, 3, 0>, ap_fixed<16, 6, 5, 3, 0>, relu_config3> | return value |
|ap_return_93    | out |   16| ap_ctrl_hs | relu<ap_fixed<16, 6, 5, 3, 0>, ap_fixed<16, 6, 5, 3, 0>, relu_config3> | return value |
|ap_return_94    | out |   16| ap_ctrl_hs | relu<ap_fixed<16, 6, 5, 3, 0>, ap_fixed<16, 6, 5, 3, 0>, relu_config3> | return value |
|ap_return_95    | out |   16| ap_ctrl_hs | relu<ap_fixed<16, 6, 5, 3, 0>, ap_fixed<16, 6, 5, 3, 0>, relu_config3> | return value |
|ap_return_96    | out |   16| ap_ctrl_hs | relu<ap_fixed<16, 6, 5, 3, 0>, ap_fixed<16, 6, 5, 3, 0>, relu_config3> | return value |
|ap_return_97    | out |   16| ap_ctrl_hs | relu<ap_fixed<16, 6, 5, 3, 0>, ap_fixed<16, 6, 5, 3, 0>, relu_config3> | return value |
|ap_return_98    | out |   16| ap_ctrl_hs | relu<ap_fixed<16, 6, 5, 3, 0>, ap_fixed<16, 6, 5, 3, 0>, relu_config3> | return value |
|ap_return_99    | out |   16| ap_ctrl_hs | relu<ap_fixed<16, 6, 5, 3, 0>, ap_fixed<16, 6, 5, 3, 0>, relu_config3> | return value |
|data_0_V_read   |  in |   16|   ap_none  |                              data_0_V_read                             |    scalar    |
|data_1_V_read   |  in |   16|   ap_none  |                              data_1_V_read                             |    scalar    |
|data_2_V_read   |  in |   16|   ap_none  |                              data_2_V_read                             |    scalar    |
|data_3_V_read   |  in |   16|   ap_none  |                              data_3_V_read                             |    scalar    |
|data_4_V_read   |  in |   16|   ap_none  |                              data_4_V_read                             |    scalar    |
|data_5_V_read   |  in |   16|   ap_none  |                              data_5_V_read                             |    scalar    |
|data_6_V_read   |  in |   16|   ap_none  |                              data_6_V_read                             |    scalar    |
|data_7_V_read   |  in |   16|   ap_none  |                              data_7_V_read                             |    scalar    |
|data_8_V_read   |  in |   16|   ap_none  |                              data_8_V_read                             |    scalar    |
|data_9_V_read   |  in |   16|   ap_none  |                              data_9_V_read                             |    scalar    |
|data_10_V_read  |  in |   16|   ap_none  |                             data_10_V_read                             |    scalar    |
|data_11_V_read  |  in |   16|   ap_none  |                             data_11_V_read                             |    scalar    |
|data_12_V_read  |  in |   16|   ap_none  |                             data_12_V_read                             |    scalar    |
|data_13_V_read  |  in |   16|   ap_none  |                             data_13_V_read                             |    scalar    |
|data_14_V_read  |  in |   16|   ap_none  |                             data_14_V_read                             |    scalar    |
|data_15_V_read  |  in |   16|   ap_none  |                             data_15_V_read                             |    scalar    |
|data_16_V_read  |  in |   16|   ap_none  |                             data_16_V_read                             |    scalar    |
|data_17_V_read  |  in |   16|   ap_none  |                             data_17_V_read                             |    scalar    |
|data_18_V_read  |  in |   16|   ap_none  |                             data_18_V_read                             |    scalar    |
|data_19_V_read  |  in |   16|   ap_none  |                             data_19_V_read                             |    scalar    |
|data_20_V_read  |  in |   16|   ap_none  |                             data_20_V_read                             |    scalar    |
|data_21_V_read  |  in |   16|   ap_none  |                             data_21_V_read                             |    scalar    |
|data_22_V_read  |  in |   16|   ap_none  |                             data_22_V_read                             |    scalar    |
|data_23_V_read  |  in |   16|   ap_none  |                             data_23_V_read                             |    scalar    |
|data_24_V_read  |  in |   16|   ap_none  |                             data_24_V_read                             |    scalar    |
|data_25_V_read  |  in |   16|   ap_none  |                             data_25_V_read                             |    scalar    |
|data_26_V_read  |  in |   16|   ap_none  |                             data_26_V_read                             |    scalar    |
|data_27_V_read  |  in |   16|   ap_none  |                             data_27_V_read                             |    scalar    |
|data_28_V_read  |  in |   16|   ap_none  |                             data_28_V_read                             |    scalar    |
|data_29_V_read  |  in |   16|   ap_none  |                             data_29_V_read                             |    scalar    |
|data_30_V_read  |  in |   16|   ap_none  |                             data_30_V_read                             |    scalar    |
|data_31_V_read  |  in |   16|   ap_none  |                             data_31_V_read                             |    scalar    |
|data_32_V_read  |  in |   16|   ap_none  |                             data_32_V_read                             |    scalar    |
|data_33_V_read  |  in |   16|   ap_none  |                             data_33_V_read                             |    scalar    |
|data_34_V_read  |  in |   16|   ap_none  |                             data_34_V_read                             |    scalar    |
|data_35_V_read  |  in |   16|   ap_none  |                             data_35_V_read                             |    scalar    |
|data_36_V_read  |  in |   16|   ap_none  |                             data_36_V_read                             |    scalar    |
|data_37_V_read  |  in |   16|   ap_none  |                             data_37_V_read                             |    scalar    |
|data_38_V_read  |  in |   16|   ap_none  |                             data_38_V_read                             |    scalar    |
|data_39_V_read  |  in |   16|   ap_none  |                             data_39_V_read                             |    scalar    |
|data_40_V_read  |  in |   16|   ap_none  |                             data_40_V_read                             |    scalar    |
|data_41_V_read  |  in |   16|   ap_none  |                             data_41_V_read                             |    scalar    |
|data_42_V_read  |  in |   16|   ap_none  |                             data_42_V_read                             |    scalar    |
|data_43_V_read  |  in |   16|   ap_none  |                             data_43_V_read                             |    scalar    |
|data_44_V_read  |  in |   16|   ap_none  |                             data_44_V_read                             |    scalar    |
|data_45_V_read  |  in |   16|   ap_none  |                             data_45_V_read                             |    scalar    |
|data_46_V_read  |  in |   16|   ap_none  |                             data_46_V_read                             |    scalar    |
|data_47_V_read  |  in |   16|   ap_none  |                             data_47_V_read                             |    scalar    |
|data_48_V_read  |  in |   16|   ap_none  |                             data_48_V_read                             |    scalar    |
|data_49_V_read  |  in |   16|   ap_none  |                             data_49_V_read                             |    scalar    |
|data_50_V_read  |  in |   16|   ap_none  |                             data_50_V_read                             |    scalar    |
|data_51_V_read  |  in |   16|   ap_none  |                             data_51_V_read                             |    scalar    |
|data_52_V_read  |  in |   16|   ap_none  |                             data_52_V_read                             |    scalar    |
|data_53_V_read  |  in |   16|   ap_none  |                             data_53_V_read                             |    scalar    |
|data_54_V_read  |  in |   16|   ap_none  |                             data_54_V_read                             |    scalar    |
|data_55_V_read  |  in |   16|   ap_none  |                             data_55_V_read                             |    scalar    |
|data_56_V_read  |  in |   16|   ap_none  |                             data_56_V_read                             |    scalar    |
|data_57_V_read  |  in |   16|   ap_none  |                             data_57_V_read                             |    scalar    |
|data_58_V_read  |  in |   16|   ap_none  |                             data_58_V_read                             |    scalar    |
|data_59_V_read  |  in |   16|   ap_none  |                             data_59_V_read                             |    scalar    |
|data_60_V_read  |  in |   16|   ap_none  |                             data_60_V_read                             |    scalar    |
|data_61_V_read  |  in |   16|   ap_none  |                             data_61_V_read                             |    scalar    |
|data_62_V_read  |  in |   16|   ap_none  |                             data_62_V_read                             |    scalar    |
|data_63_V_read  |  in |   16|   ap_none  |                             data_63_V_read                             |    scalar    |
|data_64_V_read  |  in |   16|   ap_none  |                             data_64_V_read                             |    scalar    |
|data_65_V_read  |  in |   16|   ap_none  |                             data_65_V_read                             |    scalar    |
|data_66_V_read  |  in |   16|   ap_none  |                             data_66_V_read                             |    scalar    |
|data_67_V_read  |  in |   16|   ap_none  |                             data_67_V_read                             |    scalar    |
|data_68_V_read  |  in |   16|   ap_none  |                             data_68_V_read                             |    scalar    |
|data_69_V_read  |  in |   16|   ap_none  |                             data_69_V_read                             |    scalar    |
|data_70_V_read  |  in |   16|   ap_none  |                             data_70_V_read                             |    scalar    |
|data_71_V_read  |  in |   16|   ap_none  |                             data_71_V_read                             |    scalar    |
|data_72_V_read  |  in |   16|   ap_none  |                             data_72_V_read                             |    scalar    |
|data_73_V_read  |  in |   16|   ap_none  |                             data_73_V_read                             |    scalar    |
|data_74_V_read  |  in |   16|   ap_none  |                             data_74_V_read                             |    scalar    |
|data_75_V_read  |  in |   16|   ap_none  |                             data_75_V_read                             |    scalar    |
|data_76_V_read  |  in |   16|   ap_none  |                             data_76_V_read                             |    scalar    |
|data_77_V_read  |  in |   16|   ap_none  |                             data_77_V_read                             |    scalar    |
|data_78_V_read  |  in |   16|   ap_none  |                             data_78_V_read                             |    scalar    |
|data_79_V_read  |  in |   16|   ap_none  |                             data_79_V_read                             |    scalar    |
|data_80_V_read  |  in |   16|   ap_none  |                             data_80_V_read                             |    scalar    |
|data_81_V_read  |  in |   16|   ap_none  |                             data_81_V_read                             |    scalar    |
|data_82_V_read  |  in |   16|   ap_none  |                             data_82_V_read                             |    scalar    |
|data_83_V_read  |  in |   16|   ap_none  |                             data_83_V_read                             |    scalar    |
|data_84_V_read  |  in |   16|   ap_none  |                             data_84_V_read                             |    scalar    |
|data_85_V_read  |  in |   16|   ap_none  |                             data_85_V_read                             |    scalar    |
|data_86_V_read  |  in |   16|   ap_none  |                             data_86_V_read                             |    scalar    |
|data_87_V_read  |  in |   16|   ap_none  |                             data_87_V_read                             |    scalar    |
|data_88_V_read  |  in |   16|   ap_none  |                             data_88_V_read                             |    scalar    |
|data_89_V_read  |  in |   16|   ap_none  |                             data_89_V_read                             |    scalar    |
|data_90_V_read  |  in |   16|   ap_none  |                             data_90_V_read                             |    scalar    |
|data_91_V_read  |  in |   16|   ap_none  |                             data_91_V_read                             |    scalar    |
|data_92_V_read  |  in |   16|   ap_none  |                             data_92_V_read                             |    scalar    |
|data_93_V_read  |  in |   16|   ap_none  |                             data_93_V_read                             |    scalar    |
|data_94_V_read  |  in |   16|   ap_none  |                             data_94_V_read                             |    scalar    |
|data_95_V_read  |  in |   16|   ap_none  |                             data_95_V_read                             |    scalar    |
|data_96_V_read  |  in |   16|   ap_none  |                             data_96_V_read                             |    scalar    |
|data_97_V_read  |  in |   16|   ap_none  |                             data_97_V_read                             |    scalar    |
|data_98_V_read  |  in |   16|   ap_none  |                             data_98_V_read                             |    scalar    |
|data_99_V_read  |  in |   16|   ap_none  |                             data_99_V_read                             |    scalar    |
+----------------+-----+-----+------------+------------------------------------------------------------------------+--------------+

