

================================================================
== Vivado HLS Report for 'relu_ap_fixed_16_6_5_3_0_ap_fixed_16_6_5_3_0_relu_config5_s'
================================================================
* Date:           Tue Apr 23 23:43:39 2024

* Version:        2018.2 (Build 2258646 on Thu Jun 14 20:25:20 MDT 2018)
* Project:        myproject_prj
* Solution:       solution1
* Product family: artix7
* Target device:  xc7a200tfbg676-2


================================================================
== Performance Estimates
================================================================
+ Timing (ns): 
    * Summary: 
    +--------+-------+----------+------------+
    |  Clock | Target| Estimated| Uncertainty|
    +--------+-------+----------+------------+
    |ap_clk  |  10.00|     2.817|        1.25|
    +--------+-------+----------+------------+

+ Latency (clock cycles): 
    * Summary: 
    +-----+-----+-----+-----+----------+
    |  Latency  |  Interval | Pipeline |
    | min | max | min | max |   Type   |
    +-----+-----+-----+-----+----------+
    |    0|    0|    1|    1| function |
    +-----+-----+-----+-----+----------+

    + Detail: 
        * Instance: 
        N/A

        * Loop: 
        N/A



================================================================
== Utilization Estimates
================================================================
* Summary: 
+-----------------+---------+-------+--------+--------+
|       Name      | BRAM_18K| DSP48E|   FF   |   LUT  |
+-----------------+---------+-------+--------+--------+
|DSP              |        -|      -|       -|       -|
|Expression       |        -|      -|       0|    1400|
|FIFO             |        -|      -|       -|       -|
|Instance         |        -|      -|       -|       -|
|Memory           |        -|      -|       -|       -|
|Multiplexer      |        -|      -|       -|       -|
|Register         |        -|      -|       -|       -|
+-----------------+---------+-------+--------+--------+
|Total            |        0|      0|       0|    1400|
+-----------------+---------+-------+--------+--------+
|Available        |      730|    740|  269200|  129000|
+-----------------+---------+-------+--------+--------+
|Utilization (%)  |        0|      0|       0|       1|
+-----------------+---------+-------+--------+--------+

+ Detail: 
    * Instance: 
    N/A

    * DSP48: 
    N/A

    * Memory: 
    N/A

    * FIFO: 
    N/A

    * Expression: 
    +----------------------------------+----------+-------+---+----+------------+------------+
    |           Variable Name          | Operation| DSP48E| FF| LUT| Bitwidth P0| Bitwidth P1|
    +----------------------------------+----------+-------+---+----+------------+------------+
    |tmp_17_10_fu_660_p2               |   icmp   |      0|  0|  13|          16|           1|
    |tmp_17_11_fu_682_p2               |   icmp   |      0|  0|  13|          16|           1|
    |tmp_17_12_fu_704_p2               |   icmp   |      0|  0|  13|          16|           1|
    |tmp_17_13_fu_726_p2               |   icmp   |      0|  0|  13|          16|           1|
    |tmp_17_14_fu_748_p2               |   icmp   |      0|  0|  13|          16|           1|
    |tmp_17_15_fu_770_p2               |   icmp   |      0|  0|  13|          16|           1|
    |tmp_17_16_fu_792_p2               |   icmp   |      0|  0|  13|          16|           1|
    |tmp_17_17_fu_814_p2               |   icmp   |      0|  0|  13|          16|           1|
    |tmp_17_18_fu_836_p2               |   icmp   |      0|  0|  13|          16|           1|
    |tmp_17_19_fu_858_p2               |   icmp   |      0|  0|  13|          16|           1|
    |tmp_17_1_fu_440_p2                |   icmp   |      0|  0|  13|          16|           1|
    |tmp_17_20_fu_880_p2               |   icmp   |      0|  0|  13|          16|           1|
    |tmp_17_21_fu_902_p2               |   icmp   |      0|  0|  13|          16|           1|
    |tmp_17_22_fu_924_p2               |   icmp   |      0|  0|  13|          16|           1|
    |tmp_17_23_fu_946_p2               |   icmp   |      0|  0|  13|          16|           1|
    |tmp_17_24_fu_968_p2               |   icmp   |      0|  0|  13|          16|           1|
    |tmp_17_25_fu_990_p2               |   icmp   |      0|  0|  13|          16|           1|
    |tmp_17_26_fu_1012_p2              |   icmp   |      0|  0|  13|          16|           1|
    |tmp_17_27_fu_1034_p2              |   icmp   |      0|  0|  13|          16|           1|
    |tmp_17_28_fu_1056_p2              |   icmp   |      0|  0|  13|          16|           1|
    |tmp_17_29_fu_1078_p2              |   icmp   |      0|  0|  13|          16|           1|
    |tmp_17_2_fu_462_p2                |   icmp   |      0|  0|  13|          16|           1|
    |tmp_17_30_fu_1100_p2              |   icmp   |      0|  0|  13|          16|           1|
    |tmp_17_31_fu_1122_p2              |   icmp   |      0|  0|  13|          16|           1|
    |tmp_17_32_fu_1144_p2              |   icmp   |      0|  0|  13|          16|           1|
    |tmp_17_33_fu_1166_p2              |   icmp   |      0|  0|  13|          16|           1|
    |tmp_17_34_fu_1188_p2              |   icmp   |      0|  0|  13|          16|           1|
    |tmp_17_35_fu_1210_p2              |   icmp   |      0|  0|  13|          16|           1|
    |tmp_17_36_fu_1232_p2              |   icmp   |      0|  0|  13|          16|           1|
    |tmp_17_37_fu_1254_p2              |   icmp   |      0|  0|  13|          16|           1|
    |tmp_17_38_fu_1276_p2              |   icmp   |      0|  0|  13|          16|           1|
    |tmp_17_39_fu_1298_p2              |   icmp   |      0|  0|  13|          16|           1|
    |tmp_17_3_fu_484_p2                |   icmp   |      0|  0|  13|          16|           1|
    |tmp_17_40_fu_1320_p2              |   icmp   |      0|  0|  13|          16|           1|
    |tmp_17_41_fu_1342_p2              |   icmp   |      0|  0|  13|          16|           1|
    |tmp_17_42_fu_1364_p2              |   icmp   |      0|  0|  13|          16|           1|
    |tmp_17_43_fu_1386_p2              |   icmp   |      0|  0|  13|          16|           1|
    |tmp_17_44_fu_1408_p2              |   icmp   |      0|  0|  13|          16|           1|
    |tmp_17_45_fu_1430_p2              |   icmp   |      0|  0|  13|          16|           1|
    |tmp_17_46_fu_1452_p2              |   icmp   |      0|  0|  13|          16|           1|
    |tmp_17_47_fu_1474_p2              |   icmp   |      0|  0|  13|          16|           1|
    |tmp_17_48_fu_1496_p2              |   icmp   |      0|  0|  13|          16|           1|
    |tmp_17_4_fu_506_p2                |   icmp   |      0|  0|  13|          16|           1|
    |tmp_17_5_fu_528_p2                |   icmp   |      0|  0|  13|          16|           1|
    |tmp_17_6_fu_550_p2                |   icmp   |      0|  0|  13|          16|           1|
    |tmp_17_7_fu_572_p2                |   icmp   |      0|  0|  13|          16|           1|
    |tmp_17_8_fu_594_p2                |   icmp   |      0|  0|  13|          16|           1|
    |tmp_17_9_fu_616_p2                |   icmp   |      0|  0|  13|          16|           1|
    |tmp_17_s_fu_638_p2                |   icmp   |      0|  0|  13|          16|           1|
    |tmp_s_fu_418_p2                   |   icmp   |      0|  0|  13|          16|           1|
    |res_0_V_write_assign_fu_428_p3    |  select  |      0|  0|  15|           1|          15|
    |res_10_V_write_assign_fu_648_p3   |  select  |      0|  0|  15|           1|          15|
    |res_11_V_write_assign_fu_670_p3   |  select  |      0|  0|  15|           1|          15|
    |res_12_V_write_assign_fu_692_p3   |  select  |      0|  0|  15|           1|          15|
    |res_13_V_write_assign_fu_714_p3   |  select  |      0|  0|  15|           1|          15|
    |res_14_V_write_assign_fu_736_p3   |  select  |      0|  0|  15|           1|          15|
    |res_15_V_write_assign_fu_758_p3   |  select  |      0|  0|  15|           1|          15|
    |res_16_V_write_assign_fu_780_p3   |  select  |      0|  0|  15|           1|          15|
    |res_17_V_write_assign_fu_802_p3   |  select  |      0|  0|  15|           1|          15|
    |res_18_V_write_assign_fu_824_p3   |  select  |      0|  0|  15|           1|          15|
    |res_19_V_write_assign_fu_846_p3   |  select  |      0|  0|  15|           1|          15|
    |res_1_V_write_assign_fu_450_p3    |  select  |      0|  0|  15|           1|          15|
    |res_20_V_write_assign_fu_868_p3   |  select  |      0|  0|  15|           1|          15|
    |res_21_V_write_assign_fu_890_p3   |  select  |      0|  0|  15|           1|          15|
    |res_22_V_write_assign_fu_912_p3   |  select  |      0|  0|  15|           1|          15|
    |res_23_V_write_assign_fu_934_p3   |  select  |      0|  0|  15|           1|          15|
    |res_24_V_write_assign_fu_956_p3   |  select  |      0|  0|  15|           1|          15|
    |res_25_V_write_assign_fu_978_p3   |  select  |      0|  0|  15|           1|          15|
    |res_26_V_write_assign_fu_1000_p3  |  select  |      0|  0|  15|           1|          15|
    |res_27_V_write_assign_fu_1022_p3  |  select  |      0|  0|  15|           1|          15|
    |res_28_V_write_assign_fu_1044_p3  |  select  |      0|  0|  15|           1|          15|
    |res_29_V_write_assign_fu_1066_p3  |  select  |      0|  0|  15|           1|          15|
    |res_2_V_write_assign_fu_472_p3    |  select  |      0|  0|  15|           1|          15|
    |res_30_V_write_assign_fu_1088_p3  |  select  |      0|  0|  15|           1|          15|
    |res_31_V_write_assign_fu_1110_p3  |  select  |      0|  0|  15|           1|          15|
    |res_32_V_write_assign_fu_1132_p3  |  select  |      0|  0|  15|           1|          15|
    |res_33_V_write_assign_fu_1154_p3  |  select  |      0|  0|  15|           1|          15|
    |res_34_V_write_assign_fu_1176_p3  |  select  |      0|  0|  15|           1|          15|
    |res_35_V_write_assign_fu_1198_p3  |  select  |      0|  0|  15|           1|          15|
    |res_36_V_write_assign_fu_1220_p3  |  select  |      0|  0|  15|           1|          15|
    |res_37_V_write_assign_fu_1242_p3  |  select  |      0|  0|  15|           1|          15|
    |res_38_V_write_assign_fu_1264_p3  |  select  |      0|  0|  15|           1|          15|
    |res_39_V_write_assign_fu_1286_p3  |  select  |      0|  0|  15|           1|          15|
    |res_3_V_write_assign_fu_494_p3    |  select  |      0|  0|  15|           1|          15|
    |res_40_V_write_assign_fu_1308_p3  |  select  |      0|  0|  15|           1|          15|
    |res_41_V_write_assign_fu_1330_p3  |  select  |      0|  0|  15|           1|          15|
    |res_42_V_write_assign_fu_1352_p3  |  select  |      0|  0|  15|           1|          15|
    |res_43_V_write_assign_fu_1374_p3  |  select  |      0|  0|  15|           1|          15|
    |res_44_V_write_assign_fu_1396_p3  |  select  |      0|  0|  15|           1|          15|
    |res_45_V_write_assign_fu_1418_p3  |  select  |      0|  0|  15|           1|          15|
    |res_46_V_write_assign_fu_1440_p3  |  select  |      0|  0|  15|           1|          15|
    |res_47_V_write_assign_fu_1462_p3  |  select  |      0|  0|  15|           1|          15|
    |res_48_V_write_assign_fu_1484_p3  |  select  |      0|  0|  15|           1|          15|
    |res_49_V_write_assign_fu_1506_p3  |  select  |      0|  0|  15|           1|          15|
    |res_4_V_write_assign_fu_516_p3    |  select  |      0|  0|  15|           1|          15|
    |res_5_V_write_assign_fu_538_p3    |  select  |      0|  0|  15|           1|          15|
    |res_6_V_write_assign_fu_560_p3    |  select  |      0|  0|  15|           1|          15|
    |res_7_V_write_assign_fu_582_p3    |  select  |      0|  0|  15|           1|          15|
    |res_8_V_write_assign_fu_604_p3    |  select  |      0|  0|  15|           1|          15|
    |res_9_V_write_assign_fu_626_p3    |  select  |      0|  0|  15|           1|          15|
    +----------------------------------+----------+-------+---+----+------------+------------+
    |Total                             |          |      0|  0|1400|         850|         800|
    +----------------------------------+----------+-------+---+----+------------+------------+

    * Multiplexer: 
    N/A

    * Register: 
    N/A



================================================================
== Interface
================================================================
* Summary: 
+----------------+-----+-----+------------+------------------------------------------------------------------------+--------------+
|    RTL Ports   | Dir | Bits|  Protocol  |                              Source Object                             |    C Type    |
+----------------+-----+-----+------------+------------------------------------------------------------------------+--------------+
|ap_ready        | out |    1| ap_ctrl_hs | relu<ap_fixed<16, 6, 5, 3, 0>, ap_fixed<16, 6, 5, 3, 0>, relu_config5> | return value |
|ap_return_0     | out |   16| ap_ctrl_hs | relu<ap_fixed<16, 6, 5, 3, 0>, ap_fixed<16, 6, 5, 3, 0>, relu_config5> | return value |
|ap_return_1     | out |   16| ap_ctrl_hs | relu<ap_fixed<16, 6, 5, 3, 0>, ap_fixed<16, 6, 5, 3, 0>, relu_config5> | return value |
|ap_return_2     | out |   16| ap_ctrl_hs | relu<ap_fixed<16, 6, 5, 3, 0>, ap_fixed<16, 6, 5, 3, 0>, relu_config5> | return value |
|ap_return_3     | out |   16| ap_ctrl_hs | relu<ap_fixed<16, 6, 5, 3, 0>, ap_fixed<16, 6, 5, 3, 0>, relu_config5> | return value |
|ap_return_4     | out |   16| ap_ctrl_hs | relu<ap_fixed<16, 6, 5, 3, 0>, ap_fixed<16, 6, 5, 3, 0>, relu_config5> | return value |
|ap_return_5     | out |   16| ap_ctrl_hs | relu<ap_fixed<16, 6, 5, 3, 0>, ap_fixed<16, 6, 5, 3, 0>, relu_config5> | return value |
|ap_return_6     | out |   16| ap_ctrl_hs | relu<ap_fixed<16, 6, 5, 3, 0>, ap_fixed<16, 6, 5, 3, 0>, relu_config5> | return value |
|ap_return_7     | out |   16| ap_ctrl_hs | relu<ap_fixed<16, 6, 5, 3, 0>, ap_fixed<16, 6, 5, 3, 0>, relu_config5> | return value |
|ap_return_8     | out |   16| ap_ctrl_hs | relu<ap_fixed<16, 6, 5, 3, 0>, ap_fixed<16, 6, 5, 3, 0>, relu_config5> | return value |
|ap_return_9     | out |   16| ap_ctrl_hs | relu<ap_fixed<16, 6, 5, 3, 0>, ap_fixed<16, 6, 5, 3, 0>, relu_config5> | return value |
|ap_return_10    | out |   16| ap_ctrl_hs | relu<ap_fixed<16, 6, 5, 3, 0>, ap_fixed<16, 6, 5, 3, 0>, relu_config5> | return value |
|ap_return_11    | out |   16| ap_ctrl_hs | relu<ap_fixed<16, 6, 5, 3, 0>, ap_fixed<16, 6, 5, 3, 0>, relu_config5> | return value |
|ap_return_12    | out |   16| ap_ctrl_hs | relu<ap_fixed<16, 6, 5, 3, 0>, ap_fixed<16, 6, 5, 3, 0>, relu_config5> | return value |
|ap_return_13    | out |   16| ap_ctrl_hs | relu<ap_fixed<16, 6, 5, 3, 0>, ap_fixed<16, 6, 5, 3, 0>, relu_config5> | return value |
|ap_return_14    | out |   16| ap_ctrl_hs | relu<ap_fixed<16, 6, 5, 3, 0>, ap_fixed<16, 6, 5, 3, 0>, relu_config5> | return value |
|ap_return_15    | out |   16| ap_ctrl_hs | relu<ap_fixed<16, 6, 5, 3, 0>, ap_fixed<16, 6, 5, 3, 0>, relu_config5> | return value |
|ap_return_16    | out |   16| ap_ctrl_hs | relu<ap_fixed<16, 6, 5, 3, 0>, ap_fixed<16, 6, 5, 3, 0>, relu_config5> | return value |
|ap_return_17    | out |   16| ap_ctrl_hs | relu<ap_fixed<16, 6, 5, 3, 0>, ap_fixed<16, 6, 5, 3, 0>, relu_config5> | return value |
|ap_return_18    | out |   16| ap_ctrl_hs | relu<ap_fixed<16, 6, 5, 3, 0>, ap_fixed<16, 6, 5, 3, 0>, relu_config5> | return value |
|ap_return_19    | out |   16| ap_ctrl_hs | relu<ap_fixed<16, 6, 5, 3, 0>, ap_fixed<16, 6, 5, 3, 0>, relu_config5> | return value |
|ap_return_20    | out |   16| ap_ctrl_hs | relu<ap_fixed<16, 6, 5, 3, 0>, ap_fixed<16, 6, 5, 3, 0>, relu_config5> | return value |
|ap_return_21    | out |   16| ap_ctrl_hs | relu<ap_fixed<16, 6, 5, 3, 0>, ap_fixed<16, 6, 5, 3, 0>, relu_config5> | return value |
|ap_return_22    | out |   16| ap_ctrl_hs | relu<ap_fixed<16, 6, 5, 3, 0>, ap_fixed<16, 6, 5, 3, 0>, relu_config5> | return value |
|ap_return_23    | out |   16| ap_ctrl_hs | relu<ap_fixed<16, 6, 5, 3, 0>, ap_fixed<16, 6, 5, 3, 0>, relu_config5> | return value |
|ap_return_24    | out |   16| ap_ctrl_hs | relu<ap_fixed<16, 6, 5, 3, 0>, ap_fixed<16, 6, 5, 3, 0>, relu_config5> | return value |
|ap_return_25    | out |   16| ap_ctrl_hs | relu<ap_fixed<16, 6, 5, 3, 0>, ap_fixed<16, 6, 5, 3, 0>, relu_config5> | return value |
|ap_return_26    | out |   16| ap_ctrl_hs | relu<ap_fixed<16, 6, 5, 3, 0>, ap_fixed<16, 6, 5, 3, 0>, relu_config5> | return value |
|ap_return_27    | out |   16| ap_ctrl_hs | relu<ap_fixed<16, 6, 5, 3, 0>, ap_fixed<16, 6, 5, 3, 0>, relu_config5> | return value |
|ap_return_28    | out |   16| ap_ctrl_hs | relu<ap_fixed<16, 6, 5, 3, 0>, ap_fixed<16, 6, 5, 3, 0>, relu_config5> | return value |
|ap_return_29    | out |   16| ap_ctrl_hs | relu<ap_fixed<16, 6, 5, 3, 0>, ap_fixed<16, 6, 5, 3, 0>, relu_config5> | return value |
|ap_return_30    | out |   16| ap_ctrl_hs | relu<ap_fixed<16, 6, 5, 3, 0>, ap_fixed<16, 6, 5, 3, 0>, relu_config5> | return value |
|ap_return_31    | out |   16| ap_ctrl_hs | relu<ap_fixed<16, 6, 5, 3, 0>, ap_fixed<16, 6, 5, 3, 0>, relu_config5> | return value |
|ap_return_32    | out |   16| ap_ctrl_hs | relu<ap_fixed<16, 6, 5, 3, 0>, ap_fixed<16, 6, 5, 3, 0>, relu_config5> | return value |
|ap_return_33    | out |   16| ap_ctrl_hs | relu<ap_fixed<16, 6, 5, 3, 0>, ap_fixed<16, 6, 5, 3, 0>, relu_config5> | return value |
|ap_return_34    | out |   16| ap_ctrl_hs | relu<ap_fixed<16, 6, 5, 3, 0>, ap_fixed<16, 6, 5, 3, 0>, relu_config5> | return value |
|ap_return_35    | out |   16| ap_ctrl_hs | relu<ap_fixed<16, 6, 5, 3, 0>, ap_fixed<16, 6, 5, 3, 0>, relu_config5> | return value |
|ap_return_36    | out |   16| ap_ctrl_hs | relu<ap_fixed<16, 6, 5, 3, 0>, ap_fixed<16, 6, 5, 3, 0>, relu_config5> | return value |
|ap_return_37    | out |   16| ap_ctrl_hs | relu<ap_fixed<16, 6, 5, 3, 0>, ap_fixed<16, 6, 5, 3, 0>, relu_config5> | return value |
|ap_return_38    | out |   16| ap_ctrl_hs | relu<ap_fixed<16, 6, 5, 3, 0>, ap_fixed<16, 6, 5, 3, 0>, relu_config5> | return value |
|ap_return_39    | out |   16| ap_ctrl_hs | relu<ap_fixed<16, 6, 5, 3, 0>, ap_fixed<16, 6, 5, 3, 0>, relu_config5> | return value |
|ap_return_40    | out |   16| ap_ctrl_hs | relu<ap_fixed<16, 6, 5, 3, 0>, ap_fixed<16, 6, 5, 3, 0>, relu_config5> | return value |
|ap_return_41    | out |   16| ap_ctrl_hs | relu<ap_fixed<16, 6, 5, 3, 0>, ap_fixed<16, 6, 5, 3, 0>, relu_config5> | return value |
|ap_return_42    | out |   16| ap_ctrl_hs | relu<ap_fixed<16, 6, 5, 3, 0>, ap_fixed<16, 6, 5, 3, 0>, relu_config5> | return value |
|ap_return_43    | out |   16| ap_ctrl_hs | relu<ap_fixed<16, 6, 5, 3, 0>, ap_fixed<16, 6, 5, 3, 0>, relu_config5> | return value |
|ap_return_44    | out |   16| ap_ctrl_hs | relu<ap_fixed<16, 6, 5, 3, 0>, ap_fixed<16, 6, 5, 3, 0>, relu_config5> | return value |
|ap_return_45    | out |   16| ap_ctrl_hs | relu<ap_fixed<16, 6, 5, 3, 0>, ap_fixed<16, 6, 5, 3, 0>, relu_config5> | return value |
|ap_return_46    | out |   16| ap_ctrl_hs | relu<ap_fixed<16, 6, 5, 3, 0>, ap_fixed<16, 6, 5, 3, 0>, relu_config5> | return value |
|ap_return_47    | out |   16| ap_ctrl_hs | relu<ap_fixed<16, 6, 5, 3, 0>, ap_fixed<16, 6, 5, 3, 0>, relu_config5> | return value |
|ap_return_48    | out |   16| ap_ctrl_hs | relu<ap_fixed<16, 6, 5, 3, 0>, ap_fixed<16, 6, 5, 3, 0>, relu_config5> | return value |
|ap_return_49    | out |   16| ap_ctrl_hs | relu<ap_fixed<16, 6, 5, 3, 0>, ap_fixed<16, 6, 5, 3, 0>, relu_config5> | return value |
|data_0_V_read   |  in |   16|   ap_none  |                              data_0_V_read                             |    scalar    |
|data_1_V_read   |  in |   16|   ap_none  |                              data_1_V_read                             |    scalar    |
|data_2_V_read   |  in |   16|   ap_none  |                              data_2_V_read                             |    scalar    |
|data_3_V_read   |  in |   16|   ap_none  |                              data_3_V_read                             |    scalar    |
|data_4_V_read   |  in |   16|   ap_none  |                              data_4_V_read                             |    scalar    |
|data_5_V_read   |  in |   16|   ap_none  |                              data_5_V_read                             |    scalar    |
|data_6_V_read   |  in |   16|   ap_none  |                              data_6_V_read                             |    scalar    |
|data_7_V_read   |  in |   16|   ap_none  |                              data_7_V_read                             |    scalar    |
|data_8_V_read   |  in |   16|   ap_none  |                              data_8_V_read                             |    scalar    |
|data_9_V_read   |  in |   16|   ap_none  |                              data_9_V_read                             |    scalar    |
|data_10_V_read  |  in |   16|   ap_none  |                             data_10_V_read                             |    scalar    |
|data_11_V_read  |  in |   16|   ap_none  |                             data_11_V_read                             |    scalar    |
|data_12_V_read  |  in |   16|   ap_none  |                             data_12_V_read                             |    scalar    |
|data_13_V_read  |  in |   16|   ap_none  |                             data_13_V_read                             |    scalar    |
|data_14_V_read  |  in |   16|   ap_none  |                             data_14_V_read                             |    scalar    |
|data_15_V_read  |  in |   16|   ap_none  |                             data_15_V_read                             |    scalar    |
|data_16_V_read  |  in |   16|   ap_none  |                             data_16_V_read                             |    scalar    |
|data_17_V_read  |  in |   16|   ap_none  |                             data_17_V_read                             |    scalar    |
|data_18_V_read  |  in |   16|   ap_none  |                             data_18_V_read                             |    scalar    |
|data_19_V_read  |  in |   16|   ap_none  |                             data_19_V_read                             |    scalar    |
|data_20_V_read  |  in |   16|   ap_none  |                             data_20_V_read                             |    scalar    |
|data_21_V_read  |  in |   16|   ap_none  |                             data_21_V_read                             |    scalar    |
|data_22_V_read  |  in |   16|   ap_none  |                             data_22_V_read                             |    scalar    |
|data_23_V_read  |  in |   16|   ap_none  |                             data_23_V_read                             |    scalar    |
|data_24_V_read  |  in |   16|   ap_none  |                             data_24_V_read                             |    scalar    |
|data_25_V_read  |  in |   16|   ap_none  |                             data_25_V_read                             |    scalar    |
|data_26_V_read  |  in |   16|   ap_none  |                             data_26_V_read                             |    scalar    |
|data_27_V_read  |  in |   16|   ap_none  |                             data_27_V_read                             |    scalar    |
|data_28_V_read  |  in |   16|   ap_none  |                             data_28_V_read                             |    scalar    |
|data_29_V_read  |  in |   16|   ap_none  |                             data_29_V_read                             |    scalar    |
|data_30_V_read  |  in |   16|   ap_none  |                             data_30_V_read                             |    scalar    |
|data_31_V_read  |  in |   16|   ap_none  |                             data_31_V_read                             |    scalar    |
|data_32_V_read  |  in |   16|   ap_none  |                             data_32_V_read                             |    scalar    |
|data_33_V_read  |  in |   16|   ap_none  |                             data_33_V_read                             |    scalar    |
|data_34_V_read  |  in |   16|   ap_none  |                             data_34_V_read                             |    scalar    |
|data_35_V_read  |  in |   16|   ap_none  |                             data_35_V_read                             |    scalar    |
|data_36_V_read  |  in |   16|   ap_none  |                             data_36_V_read                             |    scalar    |
|data_37_V_read  |  in |   16|   ap_none  |                             data_37_V_read                             |    scalar    |
|data_38_V_read  |  in |   16|   ap_none  |                             data_38_V_read                             |    scalar    |
|data_39_V_read  |  in |   16|   ap_none  |                             data_39_V_read                             |    scalar    |
|data_40_V_read  |  in |   16|   ap_none  |                             data_40_V_read                             |    scalar    |
|data_41_V_read  |  in |   16|   ap_none  |                             data_41_V_read                             |    scalar    |
|data_42_V_read  |  in |   16|   ap_none  |                             data_42_V_read                             |    scalar    |
|data_43_V_read  |  in |   16|   ap_none  |                             data_43_V_read                             |    scalar    |
|data_44_V_read  |  in |   16|   ap_none  |                             data_44_V_read                             |    scalar    |
|data_45_V_read  |  in |   16|   ap_none  |                             data_45_V_read                             |    scalar    |
|data_46_V_read  |  in |   16|   ap_none  |                             data_46_V_read                             |    scalar    |
|data_47_V_read  |  in |   16|   ap_none  |                             data_47_V_read                             |    scalar    |
|data_48_V_read  |  in |   16|   ap_none  |                             data_48_V_read                             |    scalar    |
|data_49_V_read  |  in |   16|   ap_none  |                             data_49_V_read                             |    scalar    |
+----------------+-----+-----+------------+------------------------------------------------------------------------+--------------+

