

================================================================
== Vivado HLS Report for 'k2c_softmax_func'
================================================================
* Date:           Mon Apr 15 13:14:41 2024

* Version:        2018.2 (Build 2258646 on Thu Jun 14 20:25:20 MDT 2018)
* Project:        vlsiModel
* Solution:       solution1
* Product family: artix7
* Target device:  xc7a200tfbg676-2


================================================================
== Performance Estimates
================================================================
+ Timing (ns): 
    * Summary: 
    +--------+-------+----------+------------+
    |  Clock | Target| Estimated| Uncertainty|
    +--------+-------+----------+------------+
    |ap_clk  |  10.00|     8.543|        1.25|
    +--------+-------+----------+------------+

+ Latency (clock cycles): 
    * Summary: 
    +-----+-----+-----+-----+---------+
    |  Latency  |  Interval | Pipeline|
    | min | max | min | max |   Type  |
    +-----+-----+-----+-----+---------+
    |    ?|    ?|    ?|    ?|   none  |
    +-----+-----+-----+-----+---------+

    + Detail: 
        * Instance: 
        N/A

        * Loop: 
        +----------+-----+-----+----------+-----------+-----------+------+----------+
        |          |  Latency  | Iteration|  Initiation Interval  | Trip |          |
        | Loop Name| min | max |  Latency |  achieved |   target  | Count| Pipelined|
        +----------+-----+-----+----------+-----------+-----------+------+----------+
        |- Loop 1  |    ?|    ?|         3|          -|          -|     ?|    no    |
        |- Loop 2  |    ?|    ?|        16|          -|          -|     ?|    no    |
        |- Loop 3  |    ?|    ?|         7|          -|          -|     ?|    no    |
        |- Loop 4  |    ?|    ?|         6|          -|          -|     ?|    no    |
        +----------+-----+-----+----------+-----------+-----------+------+----------+



================================================================
== Utilization Estimates
================================================================
* Summary: 
+-----------------+---------+-------+--------+--------+
|       Name      | BRAM_18K| DSP48E|   FF   |   LUT  |
+-----------------+---------+-------+--------+--------+
|DSP              |        -|      -|       -|       -|
|Expression       |        -|      -|       0|     357|
|FIFO             |        -|      -|       -|       -|
|Instance         |        -|     12|    1287|    2101|
|Memory           |        -|      -|       -|       -|
|Multiplexer      |        -|      -|       -|     356|
|Register         |        -|      -|     565|       -|
+-----------------+---------+-------+--------+--------+
|Total            |        0|     12|    1852|    2814|
+-----------------+---------+-------+--------+--------+
|Available        |      730|    740|  269200|  129000|
+-----------------+---------+-------+--------+--------+
|Utilization (%)  |        0|      1|   ~0   |       2|
+-----------------+---------+-------+--------+--------+

+ Detail: 
    * Instance: 
    +---------------------------+----------------------+---------+-------+-----+-----+
    |          Instance         |        Module        | BRAM_18K| DSP48E|  FF | LUT |
    +---------------------------+----------------------+---------+-------+-----+-----+
    |vlsiModel_faddfsuudo_U190  |vlsiModel_faddfsuudo  |        0|      2|  205|  203|
    |vlsiModel_fcmp_32kbM_U193  |vlsiModel_fcmp_32kbM  |        0|      0|   66|   67|
    |vlsiModel_fdiv_32vdy_U192  |vlsiModel_fdiv_32vdy  |        0|      0|  564|  798|
    |vlsiModel_fexp_32wdI_U194  |vlsiModel_fexp_32wdI  |        0|      7|  324|  904|
    |vlsiModel_fmul_32dEe_U191  |vlsiModel_fmul_32dEe  |        0|      3|  128|  129|
    +---------------------------+----------------------+---------+-------+-----+-----+
    |Total                      |                      |        0|     12| 1287| 2101|
    +---------------------------+----------------------+---------+-------+-----+-----+

    * DSP48: 
    N/A

    * Memory: 
    N/A

    * FIFO: 
    N/A

    * Expression: 
    +---------------------+----------+-------+---+----+------------+------------+
    |    Variable Name    | Operation| DSP48E| FF| LUT| Bitwidth P0| Bitwidth P1|
    +---------------------+----------+-------+---+----+------------+------------+
    |i_2_fu_194_p2        |     +    |      0|  0|  71|          64|           1|
    |j_1_fu_300_p2        |     +    |      0|  0|  24|          17|           1|
    |k_1_fu_316_p2        |     +    |      0|  0|  24|          17|           1|
    |l_1_fu_332_p2        |     +    |      0|  0|  24|          17|           1|
    |tmp_10_fu_277_p2     |    and   |      0|  0|   2|           1|           1|
    |tmp_8_fu_271_p2      |    and   |      0|  0|   2|           1|           1|
    |exitcond1_fu_311_p2  |   icmp   |      0|  0|  29|          64|          64|
    |exitcond2_fu_295_p2  |   icmp   |      0|  0|  29|          64|          64|
    |exitcond3_fu_189_p2  |   icmp   |      0|  0|  29|          64|          64|
    |exitcond_fu_327_p2   |   icmp   |      0|  0|  29|          64|          64|
    |notlhs1_fu_253_p2    |   icmp   |      0|  0|  11|           8|           2|
    |notlhs_fu_235_p2     |   icmp   |      0|  0|  11|           8|           2|
    |notrhs2_fu_259_p2    |   icmp   |      0|  0|  18|          23|           1|
    |notrhs_fu_241_p2     |   icmp   |      0|  0|  18|          23|           1|
    |tmp_6_fu_247_p2      |    or    |      0|  0|   2|           1|           1|
    |tmp_7_fu_265_p2      |    or    |      0|  0|   2|           1|           1|
    |xmax_1_fu_283_p3     |  select  |      0|  0|  32|           1|          32|
    +---------------------+----------+-------+---+----+------------+------------+
    |Total                |          |      0|  0| 357|         438|         302|
    +---------------------+----------+-------+---+----+------------+------------+

    * Multiplexer: 
    +-------------------+-----+-----------+-----+-----------+
    |        Name       | LUT | Input Size| Bits| Total Bits|
    +-------------------+-----+-----------+-----+-----------+
    |ap_NS_fsm          |  201|         46|    1|         46|
    |grp_fu_149_opcode  |   15|          3|    2|          6|
    |grp_fu_149_p0      |   15|          3|   32|         96|
    |grp_fu_149_p1      |   15|          3|   32|         96|
    |i_reg_82           |    9|          2|   64|        128|
    |j_reg_104          |    9|          2|   17|         34|
    |k_reg_127          |    9|          2|   17|         34|
    |l_reg_138          |    9|          2|   17|         34|
    |sum_reg_115        |    9|          2|   32|         64|
    |x_address0         |   41|          8|   17|        136|
    |x_d0               |   15|          3|   32|         96|
    |xmax1_reg_94       |    9|          2|   32|         64|
    +-------------------+-----+-----------+-----+-----------+
    |Total              |  356|         78|  295|        834|
    +-------------------+-----+-----------+-----+-----------+

    * Register: 
    +------------------+----+----+-----+-----------+
    |       Name       | FF | LUT| Bits| Const Bits|
    +------------------+----+----+-----+-----------+
    |ap_CS_fsm         |  45|   0|   45|          0|
    |i_2_reg_354       |  64|   0|   64|          0|
    |i_reg_82          |  64|   0|   64|          0|
    |j_1_reg_379       |  17|   0|   17|          0|
    |j_reg_104         |  17|   0|   17|          0|
    |k_1_reg_397       |  17|   0|   17|          0|
    |k_reg_127         |  17|   0|   17|          0|
    |l_1_reg_415       |  17|   0|   17|          0|
    |l_reg_138         |  17|   0|   17|          0|
    |reg_175           |  32|   0|   32|          0|
    |reg_183           |  32|   0|   32|          0|
    |sum_1_reg_407     |  32|   0|   32|          0|
    |sum_reg_115       |  32|   0|   32|          0|
    |tmp_1_reg_389     |  32|   0|   32|          0|
    |tmp_2_reg_425     |  32|   0|   32|          0|
    |x_addr_2_reg_384  |  17|   0|   17|          0|
    |x_addr_4_reg_420  |  17|   0|   17|          0|
    |xmax1_reg_94      |  32|   0|   32|          0|
    |xmax_2_reg_364    |  32|   0|   32|          0|
    +------------------+----+----+-----+-----------+
    |Total             | 565|   0|  565|          0|
    +------------------+----+----+-----+-----------+



================================================================
== Interface
================================================================
* Summary: 
+------------+-----+-----+------------+------------------+--------------+
|  RTL Ports | Dir | Bits|  Protocol  |   Source Object  |    C Type    |
+------------+-----+-----+------------+------------------+--------------+
|ap_clk      |  in |    1| ap_ctrl_hs | k2c_softmax_func | return value |
|ap_rst      |  in |    1| ap_ctrl_hs | k2c_softmax_func | return value |
|ap_start    |  in |    1| ap_ctrl_hs | k2c_softmax_func | return value |
|ap_done     | out |    1| ap_ctrl_hs | k2c_softmax_func | return value |
|ap_idle     | out |    1| ap_ctrl_hs | k2c_softmax_func | return value |
|ap_ready    | out |    1| ap_ctrl_hs | k2c_softmax_func | return value |
|x_address0  | out |   17|  ap_memory |         x        |     array    |
|x_ce0       | out |    1|  ap_memory |         x        |     array    |
|x_we0       | out |    1|  ap_memory |         x        |     array    |
|x_d0        | out |   32|  ap_memory |         x        |     array    |
|x_q0        |  in |   32|  ap_memory |         x        |     array    |
|size        |  in |   64|   ap_none  |       size       |    scalar    |
+------------+-----+-----+------------+------------------+--------------+

