

================================================================
== Vivado HLS Report for 'k2c_dense'
================================================================
* Date:           Mon Apr 15 13:14:34 2024

* Version:        2018.2 (Build 2258646 on Thu Jun 14 20:25:20 MDT 2018)
* Project:        vlsiModel
* Solution:       solution1
* Product family: artix7
* Target device:  xc7a200tfbg676-2


================================================================
== Performance Estimates
================================================================
+ Timing (ns): 
    * Summary: 
    +--------+-------+----------+------------+
    |  Clock | Target| Estimated| Uncertainty|
    +--------+-------+----------+------------+
    |ap_clk  |  10.00|     9.122|        1.25|
    +--------+-------+----------+------------+

+ Latency (clock cycles): 
    * Summary: 
    +-----+-----+-----+-----+---------+
    |  Latency  |  Interval | Pipeline|
    | min | max | min | max |   Type  |
    +-----+-----+-----+-----+---------+
    |    ?|    ?|    ?|    ?|   none  |
    +-----+-----+-----+-----+---------+

    + Detail: 
        * Instance: 
        +------------------------------+-------------------+-----+-----+-----+-----+---------+
        |                              |                   |  Latency  |  Interval | Pipeline|
        |           Instance           |       Module      | min | max | min | max |   Type  |
        +------------------------------+-------------------+-----+-----+-----+-----+---------+
        |grp_k2c_dot_3_fu_154          |k2c_dot_3          |    ?|    ?|    ?|    ?|   none  |
        |grp_k2c_affine_matmul_fu_175  |k2c_affine_matmul  |    ?|    ?|    ?|    ?|   none  |
        |grp_k2c_relu_func_fu_191      |k2c_relu_func      |    ?|    ?|    ?|    ?|   none  |
        +------------------------------+-------------------+-----+-----+-----+-----+---------+

        * Loop: 
        +-------------+-----+-----+----------+-----------+-----------+------+----------+
        |             |  Latency  | Iteration|  Initiation Interval  | Trip |          |
        |  Loop Name  | min | max |  Latency |  achieved |   target  | Count| Pipelined|
        +-------------+-----+-----+----------+-----------+-----------+------+----------+
        |- Loop 1     |  802|  802|       802|          -|          -|     1|    no    |
        | + Loop 1.1  |  800|  800|         8|          -|          -|   100|    no    |
        +-------------+-----+-----+----------+-----------+-----------+------+----------+



================================================================
== Utilization Estimates
================================================================
* Summary: 
+-----------------+---------+-------+--------+--------+
|       Name      | BRAM_18K| DSP48E|   FF   |   LUT  |
+-----------------+---------+-------+--------+--------+
|DSP              |        -|      -|       -|       -|
|Expression       |        -|      -|       0|     262|
|FIFO             |        -|      -|       -|       -|
|Instance         |      256|     82|   11182|    8608|
|Memory           |        -|      -|       -|       -|
|Multiplexer      |        -|      -|       -|     392|
|Register         |        -|      -|     473|       -|
+-----------------+---------+-------+--------+--------+
|Total            |      256|     82|   11655|    9262|
+-----------------+---------+-------+--------+--------+
|Available        |      730|    740|  269200|  129000|
+-----------------+---------+-------+--------+--------+
|Utilization (%)  |       35|     11|       4|       7|
+-----------------+---------+-------+--------+--------+

+ Detail: 
    * Instance: 
    +------------------------------+----------------------+---------+-------+------+------+
    |           Instance           |        Module        | BRAM_18K| DSP48E|  FF  |  LUT |
    +------------------------------+----------------------+---------+-------+------+------+
    |grp_k2c_affine_matmul_fu_175  |k2c_affine_matmul     |        0|     24|  1481|  1124|
    |grp_k2c_dot_3_fu_154          |k2c_dot_3             |      256|     40|  8917|  6835|
    |grp_k2c_relu_func_fu_191      |k2c_relu_func         |        0|      0|   218|   251|
    |vlsiModel_fadd_32cud_U59      |vlsiModel_fadd_32cud  |        0|      2|   205|   203|
    |vlsiModel_mul_64sbkb_U60      |vlsiModel_mul_64sbkb  |        0|     16|   361|   195|
    +------------------------------+----------------------+---------+-------+------+------+
    |Total                         |                      |      256|     82| 11182|  8608|
    +------------------------------+----------------------+---------+-------+------+------+

    * DSP48: 
    N/A

    * Memory: 
    N/A

    * FIFO: 
    N/A

    * Expression: 
    +----------------------------------+----------+-------+---+----+------------+------------+
    |           Variable Name          | Operation| DSP48E| FF| LUT| Bitwidth P0| Bitwidth P1|
    +----------------------------------+----------+-------+---+----+------------+------------+
    |i_fu_277_p2                       |     +    |      0|  0|  15|           6|           6|
    |j_fu_261_p2                       |     +    |      0|  0|  15|           7|           1|
    |tmp_7_fu_209_p2                   |     +    |      0|  0|  71|          64|           2|
    |tmp_i_42_fu_267_p2                |     +    |      0|  0|  15|           8|           8|
    |ap_block_state17_on_subcall_done  |    and   |      0|  0|   2|           1|           1|
    |exitcond_i_fu_255_p2              |   icmp   |      0|  0|  11|           7|           6|
    |icmp_fu_226_p2                    |   icmp   |      0|  0|  29|          63|           1|
    |tmp_fu_203_p2                     |   icmp   |      0|  0|  29|          64|           2|
    |tmp_i_fu_240_p2                   |   icmp   |      0|  0|  11|           6|           6|
    |outrows1_fu_283_p3                |  select  |      0|  0|  64|           1|          64|
    +----------------------------------+----------+-------+---+----+------------+------------+
    |Total                             |          |      0|  0| 262|         227|          97|
    +----------------------------------+----------+-------+---+----+------------+------------+

    * Multiplexer: 
    +-------------------------------+----+-----------+-----+-----------+
    |              Name             | LUT| Input Size| Bits| Total Bits|
    +-------------------------------+----+-----------+-----+-----------+
    |ap_NS_fsm                      |  89|         18|    1|         18|
    |bias_array_address0            |  15|          3|   17|         51|
    |bias_array_ce0                 |  15|          3|    1|          3|
    |grp_k2c_relu_func_fu_191_size  |  15|          3|   64|        192|
    |i_i_reg_131                    |   9|          2|    6|         12|
    |input_array_address0           |  15|          3|   17|         51|
    |input_array_ce0                |  15|          3|    1|          3|
    |input_shape_address0           |  15|          3|    3|          9|
    |input_shape_ce0                |  15|          3|    1|          3|
    |j_i_reg_143                    |   9|          2|    7|         14|
    |kernel_array_address0          |  15|          3|   17|         51|
    |kernel_array_ce0               |  15|          3|    1|          3|
    |kernel_shape_address0          |  21|          4|    3|         12|
    |kernel_shape_ce0               |  15|          3|    1|          3|
    |output_array_address0          |  33|          6|   17|        102|
    |output_array_ce0               |  27|          5|    1|          5|
    |output_array_d0                |  27|          5|   32|        160|
    |output_array_we0               |  27|          5|    1|          5|
    +-------------------------------+----+-----------+-----+-----------+
    |Total                          | 392|         77|  191|        697|
    +-------------------------------+----+-----------+-----+-----------+

    * Register: 
    +-------------------------------------------+----+----+-----+-----------+
    |                    Name                   | FF | LUT| Bits| Const Bits|
    +-------------------------------------------+----+----+-----+-----------+
    |ap_CS_fsm                                  |  17|   0|   17|          0|
    |bias_array_load_reg_359                    |  32|   0|   32|          0|
    |grp_k2c_affine_matmul_fu_175_ap_start_reg  |   1|   0|    1|          0|
    |grp_k2c_dot_3_fu_154_ap_start_reg          |   1|   0|    1|          0|
    |grp_k2c_relu_func_fu_191_ap_start_reg      |   1|   0|    1|          0|
    |i_i_cast_reg_328                           |   7|   0|    8|          1|
    |i_i_reg_131                                |   6|   0|    6|          0|
    |icmp_reg_313                               |   1|   0|    1|          0|
    |innerdim_reg_391                           |  64|   0|   64|          0|
    |j_i_reg_143                                |   7|   0|    7|          0|
    |j_reg_339                                  |   7|   0|    7|          0|
    |outcols_reg_380                            |  64|   0|   64|          0|
    |output_array_addr_reg_349                  |   8|   0|   17|          9|
    |output_array_load_reg_364                  |  32|   0|   32|          0|
    |outrows1_reg_374                           |  64|   0|   64|          0|
    |outsize_reg_396                            |  64|   0|   64|          0|
    |tmp_26_i_reg_369                           |  32|   0|   32|          0|
    |tmp_7_reg_308                              |  64|   0|   64|          0|
    |tmp_reg_304                                |   1|   0|    1|          0|
    +-------------------------------------------+----+----+-----+-----------+
    |Total                                      | 473|   0|  483|         10|
    +-------------------------------------------+----+----+-----+-----------+



================================================================
== Interface
================================================================
* Summary: 
+-----------------------+-----+-----+------------+------------------+--------------+
|       RTL Ports       | Dir | Bits|  Protocol  |   Source Object  |    C Type    |
+-----------------------+-----+-----+------------+------------------+--------------+
|ap_clk                 |  in |    1| ap_ctrl_hs |     k2c_dense    | return value |
|ap_rst                 |  in |    1| ap_ctrl_hs |     k2c_dense    | return value |
|ap_start               |  in |    1| ap_ctrl_hs |     k2c_dense    | return value |
|ap_done                | out |    1| ap_ctrl_hs |     k2c_dense    | return value |
|ap_idle                | out |    1| ap_ctrl_hs |     k2c_dense    | return value |
|ap_ready               | out |    1| ap_ctrl_hs |     k2c_dense    | return value |
|output_array_address0  | out |   17|  ap_memory |   output_array   |     array    |
|output_array_ce0       | out |    1|  ap_memory |   output_array   |     array    |
|output_array_we0       | out |    1|  ap_memory |   output_array   |     array    |
|output_array_d0        | out |   32|  ap_memory |   output_array   |     array    |
|output_array_q0        |  in |   32|  ap_memory |   output_array   |     array    |
|input_array_address0   | out |   17|  ap_memory |    input_array   |     array    |
|input_array_ce0        | out |    1|  ap_memory |    input_array   |     array    |
|input_array_q0         |  in |   32|  ap_memory |    input_array   |     array    |
|input_ndim_read        |  in |   64|   ap_none  |  input_ndim_read |    scalar    |
|input_numel_read       |  in |   64|   ap_none  | input_numel_read |    scalar    |
|input_shape_address0   | out |    3|  ap_memory |    input_shape   |     array    |
|input_shape_ce0        | out |    1|  ap_memory |    input_shape   |     array    |
|input_shape_q0         |  in |   64|  ap_memory |    input_shape   |     array    |
|kernel_array_address0  | out |   17|  ap_memory |   kernel_array   |     array    |
|kernel_array_ce0       | out |    1|  ap_memory |   kernel_array   |     array    |
|kernel_array_q0        |  in |   32|  ap_memory |   kernel_array   |     array    |
|kernel_shape_address0  | out |    3|  ap_memory |   kernel_shape   |     array    |
|kernel_shape_ce0       | out |    1|  ap_memory |   kernel_shape   |     array    |
|kernel_shape_q0        |  in |   64|  ap_memory |   kernel_shape   |     array    |
|bias_array_address0    | out |   17|  ap_memory |    bias_array    |     array    |
|bias_array_ce0         | out |    1|  ap_memory |    bias_array    |     array    |
|bias_array_q0          |  in |   32|  ap_memory |    bias_array    |     array    |
+-----------------------+-----+-----+------------+------------------+--------------+

