

================================================================
== Vivado HLS Report for 'k2c_relu_func_1'
================================================================
* Date:           Thu Apr 18 00:48:46 2024

* Version:        2018.2 (Build 2258646 on Thu Jun 14 20:25:20 MDT 2018)
* Project:        vlsiModel
* Solution:       solution1
* Product family: artix7
* Target device:  xc7a200tfbg676-2


================================================================
== Performance Estimates
================================================================
+ Timing (ns): 
    * Summary: 
    +--------+-------+----------+------------+
    |  Clock | Target| Estimated| Uncertainty|
    +--------+-------+----------+------------+
    |ap_clk  |  10.00|     7.864|        1.25|
    +--------+-------+----------+------------+

+ Latency (clock cycles): 
    * Summary: 
    +-----+-----+-----+-----+---------+
    |  Latency  |  Interval | Pipeline|
    | min | max | min | max |   Type  |
    +-----+-----+-----+-----+---------+
    |    ?|    ?|    ?|    ?|   none  |
    +-----+-----+-----+-----+---------+

    + Detail: 
        * Instance: 
        N/A

        * Loop: 
        +----------+-----+-----+----------+-----------+-----------+------+----------+
        |          |  Latency  | Iteration|  Initiation Interval  | Trip |          |
        | Loop Name| min | max |  Latency |  achieved |   target  | Count| Pipelined|
        +----------+-----+-----+----------+-----------+-----------+------+----------+
        |- Loop 1  |    ?|    ?|         2|          -|          -|     ?|    no    |
        +----------+-----+-----+----------+-----------+-----------+------+----------+



================================================================
== Utilization Estimates
================================================================
* Summary: 
+-----------------+---------+-------+--------+--------+
|       Name      | BRAM_18K| DSP48E|   FF   |   LUT  |
+-----------------+---------+-------+--------+--------+
|DSP              |        -|      -|       -|       -|
|Expression       |        -|      -|       0|     133|
|FIFO             |        -|      -|       -|       -|
|Instance         |        -|      0|      66|      67|
|Memory           |        -|      -|       -|       -|
|Multiplexer      |        -|      -|       -|      45|
|Register         |        -|      -|     136|       -|
+-----------------+---------+-------+--------+--------+
|Total            |        0|      0|     202|     245|
+-----------------+---------+-------+--------+--------+
|Available        |      730|    740|  269200|  129000|
+-----------------+---------+-------+--------+--------+
|Utilization (%)  |        0|      0|   ~0   |   ~0   |
+-----------------+---------+-------+--------+--------+

+ Detail: 
    * Instance: 
    +---------------------------+----------------------+---------+-------+----+----+
    |          Instance         |        Module        | BRAM_18K| DSP48E| FF | LUT|
    +---------------------------+----------------------+---------+-------+----+----+
    |vlsiModel_fcmp_32lbW_U156  |vlsiModel_fcmp_32lbW  |        0|      0|  66|  67|
    +---------------------------+----------------------+---------+-------+----+----+
    |Total                      |                      |        0|      0|  66|  67|
    +---------------------------+----------------------+---------+-------+----+----+

    * DSP48: 
    N/A

    * Memory: 
    N/A

    * FIFO: 
    N/A

    * Expression: 
    +-------------------+----------+-------+---+----+------------+------------+
    |   Variable Name   | Operation| DSP48E| FF| LUT| Bitwidth P0| Bitwidth P1|
    +-------------------+----------+-------+---+----+------------+------------+
    |i_3_fu_65_p2       |     +    |      0|  0|  71|          64|           1|
    |tmp_5_fu_107_p2    |    and   |      0|  0|   2|           1|           1|
    |exitcond_fu_60_p2  |   icmp   |      0|  0|  29|          64|          64|
    |notlhs_fu_89_p2    |   icmp   |      0|  0|  11|           8|           2|
    |notrhs_fu_95_p2    |   icmp   |      0|  0|  18|          23|           1|
    |tmp_s_fu_101_p2    |    or    |      0|  0|   2|           1|           1|
    +-------------------+----------+-------+---+----+------------+------------+
    |Total              |          |      0|  0| 133|         161|          70|
    +-------------------+----------+-------+---+----+------------+------------+

    * Multiplexer: 
    +------------+----+-----------+-----+-----------+
    |    Name    | LUT| Input Size| Bits| Total Bits|
    +------------+----+-----------+-----+-----------+
    |ap_NS_fsm   |  21|          4|    1|          4|
    |i_reg_42    |   9|          2|   64|        128|
    |x_address0  |  15|          3|    5|         15|
    +------------+----+-----------+-----+-----------+
    |Total       |  45|          9|   70|        147|
    +------------+----+-----------+-----+-----------+

    * Register: 
    +----------------+----+----+-----+-----------+
    |      Name      | FF | LUT| Bits| Const Bits|
    +----------------+----+----+-----+-----------+
    |ap_CS_fsm       |   3|   0|    3|          0|
    |i_3_reg_121     |  64|   0|   64|          0|
    |i_reg_42        |  64|   0|   64|          0|
    |x_addr_reg_126  |   5|   0|    5|          0|
    +----------------+----+----+-----+-----------+
    |Total           | 136|   0|  136|          0|
    +----------------+----+----+-----+-----------+



================================================================
== Interface
================================================================
* Summary: 
+------------+-----+-----+------------+-----------------+--------------+
|  RTL Ports | Dir | Bits|  Protocol  |  Source Object  |    C Type    |
+------------+-----+-----+------------+-----------------+--------------+
|ap_clk      |  in |    1| ap_ctrl_hs | k2c_relu_func.1 | return value |
|ap_rst      |  in |    1| ap_ctrl_hs | k2c_relu_func.1 | return value |
|ap_start    |  in |    1| ap_ctrl_hs | k2c_relu_func.1 | return value |
|ap_done     | out |    1| ap_ctrl_hs | k2c_relu_func.1 | return value |
|ap_idle     | out |    1| ap_ctrl_hs | k2c_relu_func.1 | return value |
|ap_ready    | out |    1| ap_ctrl_hs | k2c_relu_func.1 | return value |
|x_address0  | out |    5|  ap_memory |        x        |     array    |
|x_ce0       | out |    1|  ap_memory |        x        |     array    |
|x_we0       | out |    1|  ap_memory |        x        |     array    |
|x_d0        | out |   32|  ap_memory |        x        |     array    |
|x_q0        |  in |   32|  ap_memory |        x        |     array    |
|size        |  in |   64|   ap_none  |       size      |    scalar    |
+------------+-----+-----+------------+-----------------+--------------+

