

================================================================
== Vivado HLS Report for 'k2c_softmax_func_2'
================================================================
* Date:           Thu Apr 18 00:48:49 2024

* Version:        2018.2 (Build 2258646 on Thu Jun 14 20:25:20 MDT 2018)
* Project:        vlsiModel
* Solution:       solution1
* Product family: artix7
* Target device:  xc7a200tfbg676-2


================================================================
== Performance Estimates
================================================================
+ Timing (ns): 
    * Summary: 
    +--------+-------+----------+------------+
    |  Clock | Target| Estimated| Uncertainty|
    +--------+-------+----------+------------+
    |ap_clk  |  10.00|     8.636|        1.25|
    +--------+-------+----------+------------+

+ Latency (clock cycles): 
    * Summary: 
    +-----+-----+-----+-----+---------+
    |  Latency  |  Interval | Pipeline|
    | min | max | min | max |   Type  |
    +-----+-----+-----+-----+---------+
    |    ?|    ?|    ?|    ?|   none  |
    +-----+-----+-----+-----+---------+

    + Detail: 
        * Instance: 
        N/A

        * Loop: 
        +----------+-----+-----+----------+-----------+-----------+------+----------+
        |          |  Latency  | Iteration|  Initiation Interval  | Trip |          |
        | Loop Name| min | max |  Latency |  achieved |   target  | Count| Pipelined|
        +----------+-----+-----+----------+-----------+-----------+------+----------+
        |- Loop 1  |    ?|    ?|         2|          -|          -|     ?|    no    |
        |- Loop 2  |    ?|    ?|        15|          -|          -|     ?|    no    |
        |- Loop 3  |    ?|    ?|         6|          -|          -|     ?|    no    |
        |- Loop 4  |    ?|    ?|         6|          -|          -|     ?|    no    |
        +----------+-----+-----+----------+-----------+-----------+------+----------+



================================================================
== Utilization Estimates
================================================================
* Summary: 
+-----------------+---------+-------+--------+--------+
|       Name      | BRAM_18K| DSP48E|   FF   |   LUT  |
+-----------------+---------+-------+--------+--------+
|DSP              |        -|      -|       -|       -|
|Expression       |        -|      -|       0|     324|
|FIFO             |        -|      -|       -|       -|
|Instance         |        -|     12|    1287|    2101|
|Memory           |        -|      -|       -|       -|
|Multiplexer      |        -|      -|       -|     344|
|Register         |        -|      -|     426|       -|
+-----------------+---------+-------+--------+--------+
|Total            |        0|     12|    1713|    2769|
+-----------------+---------+-------+--------+--------+
|Available        |      730|    740|  269200|  129000|
+-----------------+---------+-------+--------+--------+
|Utilization (%)  |        0|      1|   ~0   |       2|
+-----------------+---------+-------+--------+--------+

+ Detail: 
    * Instance: 
    +---------------------------+----------------------+---------+-------+-----+-----+
    |          Instance         |        Module        | BRAM_18K| DSP48E|  FF | LUT |
    +---------------------------+----------------------+---------+-------+-----+-----+
    |vlsiModel_faddfsuFfa_U214  |vlsiModel_faddfsuFfa  |        0|      2|  205|  203|
    |vlsiModel_fcmp_32lbW_U217  |vlsiModel_fcmp_32lbW  |        0|      0|   66|   67|
    |vlsiModel_fdiv_32Gfk_U216  |vlsiModel_fdiv_32Gfk  |        0|      0|  564|  798|
    |vlsiModel_fexp_32Hfu_U218  |vlsiModel_fexp_32Hfu  |        0|      7|  324|  904|
    |vlsiModel_fmul_32dEe_U215  |vlsiModel_fmul_32dEe  |        0|      3|  128|  129|
    +---------------------------+----------------------+---------+-------+-----+-----+
    |Total                      |                      |        0|     12| 1287| 2101|
    +---------------------------+----------------------+---------+-------+-----+-----+

    * DSP48: 
    N/A

    * Memory: 
    N/A

    * FIFO: 
    N/A

    * Expression: 
    +---------------------+----------+-------+---+----+------------+------------+
    |    Variable Name    | Operation| DSP48E| FF| LUT| Bitwidth P0| Bitwidth P1|
    +---------------------+----------+-------+---+----+------------+------------+
    |i_2_fu_197_p2        |     +    |      0|  0|  71|          64|           1|
    |j_1_fu_305_p2        |     +    |      0|  0|  13|           4|           1|
    |k_1_fu_321_p2        |     +    |      0|  0|  13|           4|           1|
    |l_1_fu_337_p2        |     +    |      0|  0|  13|           4|           1|
    |tmp_1_fu_281_p2      |    and   |      0|  0|   2|           1|           1|
    |tmp_6_fu_275_p2      |    and   |      0|  0|   2|           1|           1|
    |exitcond1_fu_316_p2  |   icmp   |      0|  0|  29|          64|          64|
    |exitcond2_fu_300_p2  |   icmp   |      0|  0|  29|          64|          64|
    |exitcond3_fu_192_p2  |   icmp   |      0|  0|  29|          64|          64|
    |exitcond_fu_332_p2   |   icmp   |      0|  0|  29|          64|          64|
    |notlhs1_fu_257_p2    |   icmp   |      0|  0|  11|           8|           2|
    |notlhs_fu_239_p2     |   icmp   |      0|  0|  11|           8|           2|
    |notrhs2_fu_263_p2    |   icmp   |      0|  0|  18|          23|           1|
    |notrhs_fu_245_p2     |   icmp   |      0|  0|  18|          23|           1|
    |tmp_4_fu_251_p2      |    or    |      0|  0|   2|           1|           1|
    |tmp_5_fu_269_p2      |    or    |      0|  0|   2|           1|           1|
    |xmax_1_fu_287_p3     |  select  |      0|  0|  32|           1|          32|
    +---------------------+----------+-------+---+----+------------+------------+
    |Total                |          |      0|  0| 324|         399|         302|
    +---------------------+----------+-------+---+----+------------+------------+

    * Multiplexer: 
    +-------------------+-----+-----------+-----+-----------+
    |        Name       | LUT | Input Size| Bits| Total Bits|
    +-------------------+-----+-----------+-----+-----------+
    |ap_NS_fsm          |  189|         43|    1|         43|
    |grp_fu_149_opcode  |   15|          3|    2|          6|
    |grp_fu_149_p0      |   15|          3|   32|         96|
    |grp_fu_149_p1      |   15|          3|   32|         96|
    |i_reg_82           |    9|          2|   64|        128|
    |j_reg_104          |    9|          2|    4|          8|
    |k_reg_127          |    9|          2|    4|          8|
    |l_reg_138          |    9|          2|    4|          8|
    |sum_reg_115        |    9|          2|   32|         64|
    |x_address0         |   41|          8|    4|         32|
    |x_d0               |   15|          3|   32|         96|
    |xmax1_reg_94       |    9|          2|   32|         64|
    +-------------------+-----+-----------+-----+-----------+
    |Total              |  344|         75|  243|        649|
    +-------------------+-----+-----------+-----+-----------+

    * Register: 
    +------------------+----+----+-----+-----------+
    |       Name       | FF | LUT| Bits| Const Bits|
    +------------------+----+----+-----+-----------+
    |ap_CS_fsm         |  42|   0|   42|          0|
    |i_2_reg_359       |  64|   0|   64|          0|
    |i_reg_82          |  64|   0|   64|          0|
    |j_1_reg_377       |   4|   0|    4|          0|
    |j_reg_104         |   4|   0|    4|          0|
    |k_1_reg_395       |   4|   0|    4|          0|
    |k_reg_127         |   4|   0|    4|          0|
    |l_1_reg_413       |   4|   0|    4|          0|
    |l_reg_138         |   4|   0|    4|          0|
    |reg_178           |  32|   0|   32|          0|
    |reg_186           |  32|   0|   32|          0|
    |sum_1_reg_405     |  32|   0|   32|          0|
    |sum_reg_115       |  32|   0|   32|          0|
    |tmp_9_reg_387     |  32|   0|   32|          0|
    |tmp_s_reg_423     |  32|   0|   32|          0|
    |x_addr_2_reg_382  |   4|   0|    4|          0|
    |x_addr_4_reg_418  |   4|   0|    4|          0|
    |xmax1_reg_94      |  32|   0|   32|          0|
    +------------------+----+----+-----+-----------+
    |Total             | 426|   0|  426|          0|
    +------------------+----+----+-----+-----------+



================================================================
== Interface
================================================================
* Summary: 
+------------+-----+-----+------------+--------------------+--------------+
|  RTL Ports | Dir | Bits|  Protocol  |    Source Object   |    C Type    |
+------------+-----+-----+------------+--------------------+--------------+
|ap_clk      |  in |    1| ap_ctrl_hs | k2c_softmax_func.2 | return value |
|ap_rst      |  in |    1| ap_ctrl_hs | k2c_softmax_func.2 | return value |
|ap_start    |  in |    1| ap_ctrl_hs | k2c_softmax_func.2 | return value |
|ap_done     | out |    1| ap_ctrl_hs | k2c_softmax_func.2 | return value |
|ap_idle     | out |    1| ap_ctrl_hs | k2c_softmax_func.2 | return value |
|ap_ready    | out |    1| ap_ctrl_hs | k2c_softmax_func.2 | return value |
|x_address0  | out |    4|  ap_memory |          x         |     array    |
|x_ce0       | out |    1|  ap_memory |          x         |     array    |
|x_we0       | out |    1|  ap_memory |          x         |     array    |
|x_d0        | out |   32|  ap_memory |          x         |     array    |
|x_q0        |  in |   32|  ap_memory |          x         |     array    |
|size        |  in |   64|   ap_none  |        size        |    scalar    |
+------------+-----+-----+------------+--------------------+--------------+

