

================================================================
== Vivado HLS Report for 'k2c_dense_3'
================================================================
* Date:           Thu Apr 18 00:48:44 2024

* Version:        2018.2 (Build 2258646 on Thu Jun 14 20:25:20 MDT 2018)
* Project:        vlsiModel
* Solution:       solution1
* Product family: artix7
* Target device:  xc7a200tfbg676-2


================================================================
== Performance Estimates
================================================================
+ Timing (ns): 
    * Summary: 
    +--------+-------+----------+------------+
    |  Clock | Target| Estimated| Uncertainty|
    +--------+-------+----------+------------+
    |ap_clk  |  10.00|     9.122|        1.25|
    +--------+-------+----------+------------+

+ Latency (clock cycles): 
    * Summary: 
    +-----+-----+-----+-----+---------+
    |  Latency  |  Interval | Pipeline|
    | min | max | min | max |   Type  |
    +-----+-----+-----+-----+---------+
    |    ?|    ?|    ?|    ?|   none  |
    +-----+-----+-----+-----+---------+

    + Detail: 
        * Instance: 
        +------------------------------+-------------------+-----+-----+-----+-----+---------+
        |                              |                   |  Latency  |  Interval | Pipeline|
        |           Instance           |       Module      | min | max | min | max |   Type  |
        +------------------------------+-------------------+-----+-----+-----+-----+---------+
        |grp_k2c_dot_fu_173            |k2c_dot            |    ?|    ?|    ?|    ?|   none  |
        |grp_k2c_affine_matmul_fu_198  |k2c_affine_matmul  |    ?|    ?|    ?|    ?|   none  |
        |grp_k2c_relu_func_fu_214      |k2c_relu_func      |    ?|    ?|    ?|    ?|   none  |
        +------------------------------+-------------------+-----+-----+-----+-----+---------+

        * Loop: 
        +-------------+-----+-----+----------+-----------+-----------+------+----------+
        |             |  Latency  | Iteration|  Initiation Interval  | Trip |          |
        |  Loop Name  | min | max |  Latency |  achieved |   target  | Count| Pipelined|
        +-------------+-----+-----+----------+-----------+-----------+------+----------+
        |- Loop 1     |    ?|    ?|         ?|          -|          -|     ?|    no    |
        | + Loop 1.1  |    ?|    ?|         8|          -|          -|     ?|    no    |
        +-------------+-----+-----+----------+-----------+-----------+------+----------+



================================================================
== Utilization Estimates
================================================================
* Summary: 
+-----------------+---------+-------+--------+--------+
|       Name      | BRAM_18K| DSP48E|   FF   |   LUT  |
+-----------------+---------+-------+--------+--------+
|DSP              |        -|      -|       -|       -|
|Expression       |        -|      -|       0|     410|
|FIFO             |        -|      -|       -|       -|
|Instance         |       32|     79|   11677|    8987|
|Memory           |       17|      -|       0|       0|
|Multiplexer      |        -|      -|       -|     386|
|Register         |        -|      -|     636|       -|
+-----------------+---------+-------+--------+--------+
|Total            |       49|     79|   12313|    9783|
+-----------------+---------+-------+--------+--------+
|Available        |      730|    740|  269200|  129000|
+-----------------+---------+-------+--------+--------+
|Utilization (%)  |        6|     10|       4|       7|
+-----------------+---------+-------+--------+--------+

+ Detail: 
    * Instance: 
    +------------------------------+----------------------+---------+-------+------+------+
    |           Instance           |        Module        | BRAM_18K| DSP48E|  FF  |  LUT |
    +------------------------------+----------------------+---------+-------+------+------+
    |grp_k2c_affine_matmul_fu_198  |k2c_affine_matmul     |        0|     22|  1427|  1169|
    |grp_k2c_dot_fu_173            |k2c_dot               |       32|     39|  9477|  7169|
    |grp_k2c_relu_func_fu_214      |k2c_relu_func         |        0|      0|   207|   251|
    |vlsiModel_fadd_32cud_U112     |vlsiModel_fadd_32cud  |        0|      2|   205|   203|
    |vlsiModel_mul_64sbkb_U113     |vlsiModel_mul_64sbkb  |        0|     16|   361|   195|
    +------------------------------+----------------------+---------+-------+------+------+
    |Total                         |                      |       32|     79| 11677|  8987|
    +------------------------------+----------------------+---------+-------+------+------+

    * DSP48: 
    N/A

    * Memory: 
    +------------------------+----------------------+---------+---+----+------+-----+------+-------------+
    |         Memory         |        Module        | BRAM_18K| FF| LUT| Words| Bits| Banks| W*Bits*Banks|
    +------------------------+----------------------+---------+---+----+------+-----+------+-------------+
    |dense_1_kernel_array_U  |k2c_dense_3_densetde  |       16|  0|   0|  5000|   32|     1|       160000|
    |dense_1_bias_array_U    |k2c_dense_3_denseudo  |        1|  0|   0|    50|   32|     1|         1600|
    +------------------------+----------------------+---------+---+----+------+-----+------+-------------+
    |Total                   |                      |       17|  0|   0|  5050|   64|     2|       161600|
    +------------------------+----------------------+---------+---+----+------+-----+------+-------------+

    * FIFO: 
    N/A

    * Expression: 
    +----------------------------------+----------+-------+---+----+------------+------------+
    |           Variable Name          | Operation| DSP48E| FF| LUT| Bitwidth P0| Bitwidth P1|
    +----------------------------------+----------+-------+---+----+------------+------------+
    |i_fu_289_p2                       |     +    |      0|  0|  71|          64|          64|
    |j_fu_268_p2                       |     +    |      0|  0|  71|           1|          64|
    |sum_i_fu_278_p2                   |     +    |      0|  0|  15|           7|           7|
    |tmp_5_fu_231_p2                   |     +    |      0|  0|  71|          64|           2|
    |ap_block_state17_on_subcall_done  |    and   |      0|  0|   2|           1|           1|
    |exitcond_i_fu_263_p2              |   icmp   |      0|  0|  29|          64|          64|
    |icmp_fu_248_p2                    |   icmp   |      0|  0|  29|          63|           1|
    |tmp_fu_225_p2                     |   icmp   |      0|  0|  29|          64|           2|
    |tmp_i_fu_254_p2                   |   icmp   |      0|  0|  29|          64|          64|
    |outrows1_fu_294_p3                |  select  |      0|  0|  64|           1|          64|
    +----------------------------------+----------+-------+---+----+------------+------------+
    |Total                             |          |      0|  0| 410|         393|         333|
    +----------------------------------+----------+-------+---+----+------------+------------+

    * Multiplexer: 
    +-------------------------------+----+-----------+-----+-----------+
    |              Name             | LUT| Input Size| Bits| Total Bits|
    +-------------------------------+----+-----------+-----+-----------+
    |ap_NS_fsm                      |  89|         18|    1|         18|
    |dense_1_bias_array_address0    |  15|          3|    6|         18|
    |dense_1_bias_array_ce0         |  15|          3|    1|          3|
    |dense_1_kernel_array_address0  |  15|          3|   13|         39|
    |dense_1_kernel_array_ce0       |   9|          2|    1|          2|
    |dense_1_output_array_address0  |  33|          6|    6|         36|
    |dense_1_output_array_ce0       |  27|          5|    1|          5|
    |dense_1_output_array_d0        |  27|          5|   32|        160|
    |dense_1_output_array_we0       |  27|          5|    1|          5|
    |dense_output_array_address0    |  15|          3|    7|         21|
    |dense_output_array_ce0         |  15|          3|    1|          3|
    |grp_k2c_relu_func_fu_214_size  |  15|          3|   64|        192|
    |i_i_reg_149                    |   9|          2|   64|        128|
    |input_shape_address0           |  15|          3|    3|          9|
    |input_shape_ce0                |  15|          3|    1|          3|
    |j_i_reg_161                    |   9|          2|   64|        128|
    |kernel_shape_address0          |  21|          4|    3|         12|
    |kernel_shape_ce0               |  15|          3|    1|          3|
    +-------------------------------+----+-----------+-----+-----------+
    |Total                          | 386|         76|  270|        785|
    +-------------------------------+----+-----------+-----+-----------+

    * Register: 
    +-------------------------------------------+----+----+-----+-----------+
    |                    Name                   | FF | LUT| Bits| Const Bits|
    +-------------------------------------------+----+----+-----+-----------+
    |ap_CS_fsm                                  |  17|   0|   17|          0|
    |dense_1_bias_array_l_reg_387               |  32|   0|   32|          0|
    |dense_1_output_array_1_reg_377             |   6|   0|    6|          0|
    |dense_1_output_array_2_reg_392             |  32|   0|   32|          0|
    |grp_k2c_affine_matmul_fu_198_ap_start_reg  |   1|   0|    1|          0|
    |grp_k2c_dot_fu_173_ap_start_reg            |   1|   0|    1|          0|
    |grp_k2c_relu_func_fu_214_ap_start_reg      |   1|   0|    1|          0|
    |i_i_reg_149                                |  64|   0|   64|          0|
    |icmp_reg_346                               |   1|   0|    1|          0|
    |innerdim_reg_419                           |  64|   0|   64|          0|
    |j_i_reg_161                                |  64|   0|   64|          0|
    |j_reg_367                                  |  64|   0|   64|          0|
    |outcols_reg_408                            |  64|   0|   64|          0|
    |outrows1_reg_402                           |  64|   0|   64|          0|
    |outsize_reg_424                            |  64|   0|   64|          0|
    |tmp_5_reg_341                              |  64|   0|   64|          0|
    |tmp_i_13_reg_397                           |  32|   0|   32|          0|
    |tmp_reg_337                                |   1|   0|    1|          0|
    +-------------------------------------------+----+----+-----+-----------+
    |Total                                      | 636|   0|  636|          0|
    +-------------------------------------------+----+----+-----+-----------+



================================================================
== Interface
================================================================
* Summary: 
+-------------------------------+-----+-----+------------+----------------------+--------------+
|           RTL Ports           | Dir | Bits|  Protocol  |     Source Object    |    C Type    |
+-------------------------------+-----+-----+------------+----------------------+--------------+
|ap_clk                         |  in |    1| ap_ctrl_hs |      k2c_dense.3     | return value |
|ap_rst                         |  in |    1| ap_ctrl_hs |      k2c_dense.3     | return value |
|ap_start                       |  in |    1| ap_ctrl_hs |      k2c_dense.3     | return value |
|ap_done                        | out |    1| ap_ctrl_hs |      k2c_dense.3     | return value |
|ap_idle                        | out |    1| ap_ctrl_hs |      k2c_dense.3     | return value |
|ap_ready                       | out |    1| ap_ctrl_hs |      k2c_dense.3     | return value |
|output_numel_read              |  in |   64|   ap_none  |   output_numel_read  |    scalar    |
|input_ndim_read                |  in |   64|   ap_none  |    input_ndim_read   |    scalar    |
|input_numel_read               |  in |   64|   ap_none  |   input_numel_read   |    scalar    |
|input_shape_address0           | out |    3|  ap_memory |      input_shape     |     array    |
|input_shape_ce0                | out |    1|  ap_memory |      input_shape     |     array    |
|input_shape_q0                 |  in |   64|  ap_memory |      input_shape     |     array    |
|kernel_ndim_read               |  in |   64|   ap_none  |   kernel_ndim_read   |    scalar    |
|kernel_numel_read              |  in |   64|   ap_none  |   kernel_numel_read  |    scalar    |
|kernel_shape_address0          | out |    3|  ap_memory |     kernel_shape     |     array    |
|kernel_shape_ce0               | out |    1|  ap_memory |     kernel_shape     |     array    |
|kernel_shape_q0                |  in |   64|  ap_memory |     kernel_shape     |     array    |
|bias_numel_read                |  in |   64|   ap_none  |    bias_numel_read   |    scalar    |
|dense_1_output_array_address0  | out |    6|  ap_memory | dense_1_output_array |     array    |
|dense_1_output_array_ce0       | out |    1|  ap_memory | dense_1_output_array |     array    |
|dense_1_output_array_we0       | out |    1|  ap_memory | dense_1_output_array |     array    |
|dense_1_output_array_d0        | out |   32|  ap_memory | dense_1_output_array |     array    |
|dense_1_output_array_q0        |  in |   32|  ap_memory | dense_1_output_array |     array    |
|dense_output_array_address0    | out |    7|  ap_memory |  dense_output_array  |     array    |
|dense_output_array_ce0         | out |    1|  ap_memory |  dense_output_array  |     array    |
|dense_output_array_q0          |  in |   32|  ap_memory |  dense_output_array  |     array    |
+-------------------------------+-----+-----+------------+----------------------+--------------+

