

================================================================
== Vivado HLS Report for 'k2c_affine_matmul'
================================================================
* Date:           Thu Apr 18 00:48:44 2024

* Version:        2018.2 (Build 2258646 on Thu Jun 14 20:25:20 MDT 2018)
* Project:        vlsiModel
* Solution:       solution1
* Product family: artix7
* Target device:  xc7a200tfbg676-2


================================================================
== Performance Estimates
================================================================
+ Timing (ns): 
    * Summary: 
    +--------+-------+----------+------------+
    |  Clock | Target| Estimated| Uncertainty|
    +--------+-------+----------+------------+
    |ap_clk  |  10.00|     9.122|        1.25|
    +--------+-------+----------+------------+

+ Latency (clock cycles): 
    * Summary: 
    +-----+-----+-----+-----+---------+
    |  Latency  |  Interval | Pipeline|
    | min | max | min | max |   Type  |
    +-----+-----+-----+-----+---------+
    |    ?|    ?|    ?|    ?|   none  |
    +-----+-----+-----+-----+---------+

    + Detail: 
        * Instance: 
        N/A

        * Loop: 
        +-----------------+-----+-----+----------+-----------+-----------+------+----------+
        |                 |  Latency  | Iteration|  Initiation Interval  | Trip |          |
        |    Loop Name    | min | max |  Latency |  achieved |   target  | Count| Pipelined|
        +-----------------+-----+-----+----------+-----------+-----------+------+----------+
        |- Loop 1         |    ?|    ?|         1|          -|          -|     ?|    no    |
        |- Loop 2         |    ?|    ?|         ?|          -|          -|     ?|    no    |
        | + Loop 2.1      |    ?|    ?|         ?|          -|          -|     ?|    no    |
        |  ++ Loop 2.1.1  |    ?|    ?|        11|          -|          -|     ?|    no    |
        +-----------------+-----+-----+----------+-----------+-----------+------+----------+



================================================================
== Utilization Estimates
================================================================
* Summary: 
+-----------------+---------+-------+--------+--------+
|       Name      | BRAM_18K| DSP48E|   FF   |   LUT  |
+-----------------+---------+-------+--------+--------+
|DSP              |        -|      1|       -|       -|
|Expression       |        -|      0|       0|     448|
|FIFO             |        -|      -|       -|       -|
|Instance         |        -|     21|     694|     527|
|Memory           |        -|      -|       -|       -|
|Multiplexer      |        -|      -|       -|     194|
|Register         |        -|      -|     733|       -|
+-----------------+---------+-------+--------+--------+
|Total            |        0|     22|    1427|    1169|
+-----------------+---------+-------+--------+--------+
|Available        |      730|    740|  269200|  129000|
+-----------------+---------+-------+--------+--------+
|Utilization (%)  |        0|      2|   ~0   |   ~0   |
+-----------------+---------+-------+--------+--------+

+ Detail: 
    * Instance: 
    +---------------------------+----------------------+---------+-------+-----+-----+
    |          Instance         |        Module        | BRAM_18K| DSP48E|  FF | LUT |
    +---------------------------+----------------------+---------+-------+-----+-----+
    |vlsiModel_fadd_32cud_U101  |vlsiModel_fadd_32cud  |        0|      2|  205|  203|
    |vlsiModel_fmul_32dEe_U102  |vlsiModel_fmul_32dEe  |        0|      3|  128|  129|
    |vlsiModel_mul_64sbkb_U103  |vlsiModel_mul_64sbkb  |        0|     16|  361|  195|
    +---------------------------+----------------------+---------+-------+-----+-----+
    |Total                      |                      |        0|     21|  694|  527|
    +---------------------------+----------------------+---------+-------+-----+-----+

    * DSP48: 
    +---------------------------+----------------------+--------------+
    |          Instance         |        Module        |  Expression  |
    +---------------------------+----------------------+--------------+
    |vlsiModel_mac_mulqcK_U104  |vlsiModel_mac_mulqcK  | i0 * i1 + i2 |
    +---------------------------+----------------------+--------------+

    * Memory: 
    N/A

    * FIFO: 
    N/A

    * Expression: 
    +---------------------+----------+-------+---+----+------------+------------+
    |    Variable Name    | Operation| DSP48E| FF| LUT| Bitwidth P0| Bitwidth P1|
    +---------------------+----------+-------+---+----+------------+------------+
    |inneridx_fu_223_p2   |     *    |      0|  0|  41|           8|           8|
    |outrowidx_fu_218_p2  |     *    |      0|  0|  33|           7|           7|
    |i_67_fu_212_p2       |     +    |      0|  0|  71|           1|          64|
    |j_15_fu_241_p2       |     +    |      0|  0|  71|           1|          64|
    |k_3_fu_270_p2        |     +    |      0|  0|  71|           1|          64|
    |p_1_fu_184_p2        |     +    |      0|  0|  15|           6|           1|
    |sum2_fu_247_p2       |     +    |      0|  0|  15|           7|           7|
    |sum5_fu_276_p2       |     +    |      0|  0|  15|           8|           8|
    |exitcond1_fu_236_p2  |   icmp   |      0|  0|  29|          64|          64|
    |exitcond2_fu_207_p2  |   icmp   |      0|  0|  29|          64|          64|
    |exitcond3_fu_179_p2  |   icmp   |      0|  0|  29|          64|          64|
    |exitcond_fu_265_p2   |   icmp   |      0|  0|  29|          64|          64|
    +---------------------+----------+-------+---+----+------------+------------+
    |Total                |          |      0|  0| 448|         295|         479|
    +---------------------+----------+-------+---+----+------------+------------+

    * Multiplexer: 
    +---------------+-----+-----------+-----+-----------+
    |      Name     | LUT | Input Size| Bits| Total Bits|
    +---------------+-----+-----------+-----+-----------+
    |C_address0     |   15|          3|    6|         18|
    |C_d0           |   15|          3|   32|         96|
    |ap_NS_fsm      |  113|         24|    1|         24|
    |grp_fu_150_p1  |   15|          3|   32|         96|
    |i_reg_115      |    9|          2|   64|        128|
    |j_reg_126      |    9|          2|   64|        128|
    |k_reg_139      |    9|          2|   64|        128|
    |p_reg_104      |    9|          2|    6|         12|
    +---------------+-----+-----------+-----+-----------+
    |Total          |  194|         41|  269|        630|
    +---------------+-----+-----------+-----+-----------+

    * Register: 
    +-------------------+----+----+-----+-----------+
    |        Name       | FF | LUT| Bits| Const Bits|
    +-------------------+----+----+-----+-----------+
    |A_load_reg_404     |  32|   0|   32|          0|
    |B_load_reg_409     |  32|   0|   32|          0|
    |C_addr_8_reg_376   |   6|   0|    6|          0|
    |ap_CS_fsm          |  23|   0|   23|          0|
    |d_load_reg_419     |  32|   0|   32|          0|
    |i_67_reg_348       |  64|   0|   64|          0|
    |i_reg_115          |  64|   0|   64|          0|
    |inneridx_reg_358   |   8|   0|    8|          0|
    |j_15_reg_371       |  64|   0|   64|          0|
    |j_reg_126          |  64|   0|   64|          0|
    |k_3_reg_384        |  64|   0|   64|          0|
    |k_reg_139          |  64|   0|   64|          0|
    |outrowidx_reg_353  |   7|   0|    7|          0|
    |p_reg_104          |   6|   0|    6|          0|
    |reg_158            |  32|   0|   32|          0|
    |reg_163            |  32|   0|   32|          0|
    |tmp_121_reg_330    |   7|   0|    7|          0|
    |tmp_122_reg_335    |   8|   0|    8|          0|
    |tmp_123_reg_340    |  14|   0|   14|          0|
    |tmp_126_reg_363    |  14|   0|   14|          0|
    |tmp_1_reg_414      |  32|   0|   32|          0|
    |tmp_reg_317        |  64|   0|   64|          0|
    +-------------------+----+----+-----+-----------+
    |Total              | 733|   0|  733|          0|
    +-------------------+----+----+-----+-----------+



================================================================
== Interface
================================================================
* Summary: 
+------------+-----+-----+------------+-------------------+--------------+
|  RTL Ports | Dir | Bits|  Protocol  |   Source Object   |    C Type    |
+------------+-----+-----+------------+-------------------+--------------+
|ap_clk      |  in |    1| ap_ctrl_hs | k2c_affine_matmul | return value |
|ap_rst      |  in |    1| ap_ctrl_hs | k2c_affine_matmul | return value |
|ap_start    |  in |    1| ap_ctrl_hs | k2c_affine_matmul | return value |
|ap_done     | out |    1| ap_ctrl_hs | k2c_affine_matmul | return value |
|ap_idle     | out |    1| ap_ctrl_hs | k2c_affine_matmul | return value |
|ap_ready    | out |    1| ap_ctrl_hs | k2c_affine_matmul | return value |
|C_address0  | out |    6|  ap_memory |         C         |     array    |
|C_ce0       | out |    1|  ap_memory |         C         |     array    |
|C_we0       | out |    1|  ap_memory |         C         |     array    |
|C_d0        | out |   32|  ap_memory |         C         |     array    |
|C_q0        |  in |   32|  ap_memory |         C         |     array    |
|A_address0  | out |    7|  ap_memory |         A         |     array    |
|A_ce0       | out |    1|  ap_memory |         A         |     array    |
|A_q0        |  in |   32|  ap_memory |         A         |     array    |
|B_address0  | out |   13|  ap_memory |         B         |     array    |
|B_ce0       | out |    1|  ap_memory |         B         |     array    |
|B_q0        |  in |   32|  ap_memory |         B         |     array    |
|d_address0  | out |    6|  ap_memory |         d         |     array    |
|d_ce0       | out |    1|  ap_memory |         d         |     array    |
|d_q0        |  in |   32|  ap_memory |         d         |     array    |
|outrows     |  in |   64|   ap_none  |      outrows      |    scalar    |
|outcols     |  in |   64|   ap_none  |      outcols      |    scalar    |
|innerdim    |  in |   64|   ap_none  |      innerdim     |    scalar    |
+------------+-----+-----+------------+-------------------+--------------+

