

================================================================
== Vivado HLS Report for 'k2c_dense_1'
================================================================
* Date:           Thu Apr 18 00:48:51 2024

* Version:        2018.2 (Build 2258646 on Thu Jun 14 20:25:20 MDT 2018)
* Project:        vlsiModel
* Solution:       solution1
* Product family: artix7
* Target device:  xc7a200tfbg676-2


================================================================
== Performance Estimates
================================================================
+ Timing (ns): 
    * Summary: 
    +--------+-------+----------+------------+
    |  Clock | Target| Estimated| Uncertainty|
    +--------+-------+----------+------------+
    |ap_clk  |  10.00|     9.122|        1.25|
    +--------+-------+----------+------------+

+ Latency (clock cycles): 
    * Summary: 
    +-----+-----+-----+-----+---------+
    |  Latency  |  Interval | Pipeline|
    | min | max | min | max |   Type  |
    +-----+-----+-----+-----+---------+
    |    ?|    ?|    ?|    ?|   none  |
    +-----+-----+-----+-----+---------+

    + Detail: 
        * Instance: 
        +--------------------------------+---------------------+-----+-----+-----+-----+---------+
        |                                |                     |  Latency  |  Interval | Pipeline|
        |            Instance            |        Module       | min | max | min | max |   Type  |
        +--------------------------------+---------------------+-----+-----+-----+-----+---------+
        |grp_k2c_dot_2_fu_166            |k2c_dot_2            |    ?|    ?|    ?|    ?|   none  |
        |grp_k2c_softmax_func_2_fu_191   |k2c_softmax_func_2   |    ?|    ?|    ?|    ?|   none  |
        |grp_k2c_affine_matmul_2_fu_198  |k2c_affine_matmul_2  |    ?|    ?|    ?|    ?|   none  |
        +--------------------------------+---------------------+-----+-----+-----+-----+---------+

        * Loop: 
        +-------------+-----+-----+----------+-----------+-----------+------+----------+
        |             |  Latency  | Iteration|  Initiation Interval  | Trip |          |
        |  Loop Name  | min | max |  Latency |  achieved |   target  | Count| Pipelined|
        +-------------+-----+-----+----------+-----------+-----------+------+----------+
        |- Loop 1     |    ?|    ?|         ?|          -|          -|     ?|    no    |
        | + Loop 1.1  |    ?|    ?|         7|          -|          -|     ?|    no    |
        +-------------+-----+-----+----------+-----------+-----------+------+----------+



================================================================
== Utilization Estimates
================================================================
* Summary: 
+-----------------+---------+-------+--------+--------+
|       Name      | BRAM_18K| DSP48E|   FF   |   LUT  |
+-----------------+---------+-------+--------+--------+
|DSP              |        -|      -|       -|       -|
|Expression       |        -|      -|       0|     410|
|FIFO             |        -|      -|       -|       -|
|Instance         |        3|     91|   12961|   11409|
|Memory           |        1|      -|      64|       5|
|Multiplexer      |        -|      -|       -|     376|
|Register         |        -|      -|     569|       -|
+-----------------+---------+-------+--------+--------+
|Total            |        4|     91|   13594|   12200|
+-----------------+---------+-------+--------+--------+
|Available        |      730|    740|  269200|  129000|
+-----------------+---------+-------+--------+--------+
|Utilization (%)  |    ~0   |     12|       5|       9|
+-----------------+---------+-------+--------+--------+

+ Detail: 
    * Instance: 
    +--------------------------------+----------------------+---------+-------+------+------+
    |            Instance            |        Module        | BRAM_18K| DSP48E|  FF  |  LUT |
    +--------------------------------+----------------------+---------+-------+------+------+
    |grp_k2c_affine_matmul_2_fu_198  |k2c_affine_matmul_2   |        0|     22|  1306|  1123|
    |grp_k2c_dot_2_fu_166            |k2c_dot_2             |        3|     39|  9376|  7119|
    |grp_k2c_softmax_func_2_fu_191   |k2c_softmax_func_2    |        0|     12|  1713|  2769|
    |vlsiModel_fadd_32cud_U236       |vlsiModel_fadd_32cud  |        0|      2|   205|   203|
    |vlsiModel_mul_64sbkb_U237       |vlsiModel_mul_64sbkb  |        0|     16|   361|   195|
    +--------------------------------+----------------------+---------+-------+------+------+
    |Total                           |                      |        3|     91| 12961| 11409|
    +--------------------------------+----------------------+---------+-------+------+------+

    * DSP48: 
    N/A

    * Memory: 
    +------------------------+----------------------+---------+----+----+------+-----+------+-------------+
    |         Memory         |        Module        | BRAM_18K| FF | LUT| Words| Bits| Banks| W*Bits*Banks|
    +------------------------+----------------------+---------+----+----+------+-----+------+-------------+
    |dense_3_kernel_array_U  |k2c_dense_1_denseJfO  |        1|   0|   0|   250|   32|     1|         8000|
    |dense_3_bias_array_U    |k2c_dense_1_denseKfY  |        0|  64|   5|    10|   32|     1|          320|
    +------------------------+----------------------+---------+----+----+------+-----+------+-------------+
    |Total                   |                      |        1|  64|   5|   260|   64|     2|         8320|
    +------------------------+----------------------+---------+----+----+------+-----+------+-------------+

    * FIFO: 
    N/A

    * Expression: 
    +----------------------------------+----------+-------+---+----+------------+------------+
    |           Variable Name          | Operation| DSP48E| FF| LUT| Bitwidth P0| Bitwidth P1|
    +----------------------------------+----------+-------+---+----+------------+------------+
    |i_fu_288_p2                       |     +    |      0|  0|  71|          64|          64|
    |j_fu_267_p2                       |     +    |      0|  0|  71|           1|          64|
    |sum_i_fu_277_p2                   |     +    |      0|  0|  15|           5|           5|
    |tmp_7_fu_226_p2                   |     +    |      0|  0|  71|          64|           2|
    |ap_block_state16_on_subcall_done  |    and   |      0|  0|   2|           1|           1|
    |exitcond_i_fu_262_p2              |   icmp   |      0|  0|  29|          64|          64|
    |icmp_fu_243_p2                    |   icmp   |      0|  0|  29|          63|           1|
    |tmp_fu_220_p2                     |   icmp   |      0|  0|  29|          64|           2|
    |tmp_i_fu_253_p2                   |   icmp   |      0|  0|  29|          64|           1|
    |outrows1_fu_293_p3                |  select  |      0|  0|  64|           1|          64|
    +----------------------------------+----------+-------+---+----+------------+------------+
    |Total                             |          |      0|  0| 410|         391|         268|
    +----------------------------------+----------+-------+---+----+------------+------------+

    * Multiplexer: 
    +------------------------------------+----+-----------+-----+-----------+
    |                Name                | LUT| Input Size| Bits| Total Bits|
    +------------------------------------+----+-----------+-----+-----------+
    |ap_NS_fsm                           |  85|         17|    1|         17|
    |dense_2_output_array_address0       |  15|          3|    5|         15|
    |dense_2_output_array_ce0            |  15|          3|    1|          3|
    |dense_3_bias_array_address0         |  15|          3|    4|         12|
    |dense_3_bias_array_ce0              |  15|          3|    1|          3|
    |dense_3_kernel_array_address0       |  15|          3|    8|         24|
    |dense_3_kernel_array_ce0            |   9|          2|    1|          2|
    |grp_k2c_softmax_func_2_fu_191_size  |  15|          3|   64|        192|
    |i_i_reg_142                         |   9|          2|   64|        128|
    |input_shape_address0                |  15|          3|    3|          9|
    |input_shape_ce0                     |  15|          3|    1|          3|
    |j_i_reg_154                         |   9|          2|   64|        128|
    |kernel_shape_address0               |  21|          4|    3|         12|
    |kernel_shape_ce0                    |  15|          3|    1|          3|
    |output_array_address0               |  27|          5|    4|         20|
    |output_array_ce0                    |  27|          5|    1|          5|
    |output_array_d0                     |  27|          5|   32|        160|
    |output_array_we0                    |  27|          5|    1|          5|
    +------------------------------------+----+-----------+-----+-----------+
    |Total                               | 376|         74|  259|        741|
    +------------------------------------+----+-----------+-----+-----------+

    * Register: 
    +---------------------------------------------+----+----+-----+-----------+
    |                     Name                    | FF | LUT| Bits| Const Bits|
    +---------------------------------------------+----+----+-----+-----------+
    |ap_CS_fsm                                    |  16|   0|   16|          0|
    |dense_3_bias_array_l_reg_386                 |  32|   0|   32|          0|
    |dense_3_output_numel_r                       |   0|   0|   64|         64|
    |grp_k2c_affine_matmul_2_fu_198_ap_start_reg  |   1|   0|    1|          0|
    |grp_k2c_dot_2_fu_166_ap_start_reg            |   1|   0|    1|          0|
    |grp_k2c_softmax_func_2_fu_191_ap_start_reg   |   1|   0|    1|          0|
    |i_i_reg_142                                  |  64|   0|   64|          0|
    |icmp_reg_339                                 |   1|   0|    1|          0|
    |innerdim_reg_413                             |  64|   0|   64|          0|
    |j_i_reg_154                                  |  64|   0|   64|          0|
    |j_reg_366                                    |  64|   0|   64|          0|
    |outcols_reg_402                              |  64|   0|   64|          0|
    |output_array_addr_reg_376                    |   4|   0|    4|          0|
    |outrows1_reg_396                             |  64|   0|   64|          0|
    |outsize_reg_418                              |  64|   0|   64|          0|
    |tmp_7_reg_334                                |  64|   0|   64|          0|
    |tmp_reg_330                                  |   1|   0|    1|          0|
    +---------------------------------------------+----+----+-----+-----------+
    |Total                                        | 569|   0|  633|         64|
    +---------------------------------------------+----+----+-----+-----------+



================================================================
== Interface
================================================================
* Summary: 
+-------------------------------+-----+-----+------------+----------------------+--------------+
|           RTL Ports           | Dir | Bits|  Protocol  |     Source Object    |    C Type    |
+-------------------------------+-----+-----+------------+----------------------+--------------+
|ap_clk                         |  in |    1| ap_ctrl_hs |      k2c_dense.1     | return value |
|ap_rst                         |  in |    1| ap_ctrl_hs |      k2c_dense.1     | return value |
|ap_start                       |  in |    1| ap_ctrl_hs |      k2c_dense.1     | return value |
|ap_done                        | out |    1| ap_ctrl_hs |      k2c_dense.1     | return value |
|ap_idle                        | out |    1| ap_ctrl_hs |      k2c_dense.1     | return value |
|ap_ready                       | out |    1| ap_ctrl_hs |      k2c_dense.1     | return value |
|input_ndim_read                |  in |   64|   ap_none  |    input_ndim_read   |    scalar    |
|input_numel_read               |  in |   64|   ap_none  |   input_numel_read   |    scalar    |
|input_shape_address0           | out |    3|  ap_memory |      input_shape     |     array    |
|input_shape_ce0                | out |    1|  ap_memory |      input_shape     |     array    |
|input_shape_q0                 |  in |   64|  ap_memory |      input_shape     |     array    |
|kernel_ndim_read               |  in |   64|   ap_none  |   kernel_ndim_read   |    scalar    |
|kernel_numel_read              |  in |   64|   ap_none  |   kernel_numel_read  |    scalar    |
|kernel_shape_address0          | out |    3|  ap_memory |     kernel_shape     |     array    |
|kernel_shape_ce0               | out |    1|  ap_memory |     kernel_shape     |     array    |
|kernel_shape_q0                |  in |   64|  ap_memory |     kernel_shape     |     array    |
|bias_numel_read                |  in |   64|   ap_none  |    bias_numel_read   |    scalar    |
|output_array_address0          | out |    4|  ap_memory |     output_array     |     array    |
|output_array_ce0               | out |    1|  ap_memory |     output_array     |     array    |
|output_array_we0               | out |    1|  ap_memory |     output_array     |     array    |
|output_array_d0                | out |   32|  ap_memory |     output_array     |     array    |
|output_array_q0                |  in |   32|  ap_memory |     output_array     |     array    |
|dense_2_output_array_address0  | out |    5|  ap_memory | dense_2_output_array |     array    |
|dense_2_output_array_ce0       | out |    1|  ap_memory | dense_2_output_array |     array    |
|dense_2_output_array_q0        |  in |   32|  ap_memory | dense_2_output_array |     array    |
+-------------------------------+-----+-----+------------+----------------------+--------------+

