

================================================================
== Vivado HLS Report for 'k2c_dot_3'
================================================================
* Date:           Thu Apr 18 00:48:40 2024

* Version:        2018.2 (Build 2258646 on Thu Jun 14 20:25:20 MDT 2018)
* Project:        vlsiModel
* Solution:       solution1
* Product family: artix7
* Target device:  xc7a200tfbg676-2


================================================================
== Performance Estimates
================================================================
+ Timing (ns): 
    * Summary: 
    +--------+-------+----------+------------+
    |  Clock | Target| Estimated| Uncertainty|
    +--------+-------+----------+------------+
    |ap_clk  |  10.00|     8.609|        1.25|
    +--------+-------+----------+------------+

+ Latency (clock cycles): 
    * Summary: 
    +-----+-----+-----+-----+---------+
    |  Latency  |  Interval | Pipeline|
    | min | max | min | max |   Type  |
    +-----+-----+-----+-----+---------+
    |    ?|    ?|    ?|    ?|   none  |
    +-----+-----+-----+-----+---------+

    + Detail: 
        * Instance: 
        +------------------------+-------------+-----+-----+-----+-----+---------+
        |                        |             |  Latency  |  Interval | Pipeline|
        |        Instance        |    Module   | min | max | min | max |   Type  |
        +------------------------+-------------+-----+-----+-----+-----+---------+
        |grp_k2c_matmul_fu_601   |k2c_matmul   |    ?|    ?|    ?|    ?|   none  |
        |grp_k2c_sub2idx_fu_613  |k2c_sub2idx  |    ?|    ?|    ?|    ?|   none  |
        +------------------------+-------------+-----+-----+-----+-----+---------+

        * Loop: 
        +-------------+-----+-----+----------+-----------+-----------+-------+----------+
        |             |  Latency  | Iteration|  Initiation Interval  |  Trip |          |
        |  Loop Name  | min | max |  Latency |  achieved |   target  | Count | Pipelined|
        +-------------+-----+-----+----------+-----------+-----------+-------+----------+
        |- Loop 1     |    ?|    ?|         1|          -|          -|      ?|    no    |
        |- Loop 2     |    2|    2|         1|          -|          -|      2|    no    |
        |- Loop 3     |    ?|    ?|         2|          -|          -|      ?|    no    |
        |- Loop 4     |    ?|    ?|         1|          -|          -|      ?|    no    |
        |- Loop 5     |    2|    2|         2|          -|          -|      1|    no    |
        |- Loop 6     |    ?|    ?|         3|          -|          -|      ?|    no    |
        |- Loop 7     |    6|    6|         3|          -|          -|      2|    no    |
        |- Loop 8     |    ?|    ?|         ?|          -|          -|      ?|    no    |
        | + Loop 8.1  |    ?|    ?|        69|          -|          -|      ?|    no    |
        | + Loop 8.2  |    ?|    ?|         3|          -|          -|      ?|    no    |
        |- Loop 9     |    ?|    ?|         ?|          -|          -|  78400|    no    |
        | + Loop 9.1  |  138|  138|        69|          -|          -|      2|    no    |
        | + Loop 9.2  |    6|    6|         3|          -|          -|      2|    no    |
        +-------------+-----+-----+----------+-----------+-----------+-------+----------+



================================================================
== Utilization Estimates
================================================================
* Summary: 
+-----------------+---------+-------+--------+--------+
|       Name      | BRAM_18K| DSP48E|   FF   |   LUT  |
+-----------------+---------+-------+--------+--------+
|DSP              |        -|      -|       -|       -|
|Expression       |        -|      -|       0|     820|
|FIFO             |        -|      -|       -|       -|
|Instance         |        -|     39|    6894|    4415|
|Memory           |      512|      -|     776|      32|
|Multiplexer      |        -|      -|       -|    1590|
|Register         |        -|      -|    1225|       -|
+-----------------+---------+-------+--------+--------+
|Total            |      512|     39|    8895|    6857|
+-----------------+---------+-------+--------+--------+
|Available        |      730|    740|  269200|  129000|
+-----------------+---------+-------+--------+--------+
|Utilization (%)  |       70|      5|       3|       5|
+-----------------+---------+-------+--------+--------+

+ Detail: 
    * Instance: 
    +--------------------------+----------------------+---------+-------+------+------+
    |         Instance         |        Module        | BRAM_18K| DSP48E|  FF  |  LUT |
    +--------------------------+----------------------+---------+-------+------+------+
    |grp_k2c_matmul_fu_601     |k2c_matmul            |        0|     23|  1455|  1128|
    |grp_k2c_sub2idx_fu_613    |k2c_sub2idx           |        0|     16|   765|   473|
    |vlsiModel_udiv_20jbC_U22  |vlsiModel_udiv_20jbC  |        0|      0|   779|   469|
    |vlsiModel_udiv_64ibs_U21  |vlsiModel_udiv_64ibs  |        0|      0|   779|   469|
    |vlsiModel_udiv_64ibs_U24  |vlsiModel_udiv_64ibs  |        0|      0|   779|   469|
    |vlsiModel_udiv_64ibs_U26  |vlsiModel_udiv_64ibs  |        0|      0|   779|   469|
    |vlsiModel_urem_64kbM_U23  |vlsiModel_urem_64kbM  |        0|      0|   779|   469|
    |vlsiModel_urem_64kbM_U25  |vlsiModel_urem_64kbM  |        0|      0|   779|   469|
    +--------------------------+----------------------+---------+-------+------+------+
    |Total                     |                      |        0|     39|  6894|  4415|
    +--------------------------+----------------------+---------+-------+------+------+

    * DSP48: 
    N/A

    * Memory: 
    +----------------------+----------------------+---------+-----+----+-------+-----+------+-------------+
    |        Memory        |        Module        | BRAM_18K|  FF | LUT| Words | Bits| Banks| W*Bits*Banks|
    +----------------------+----------------------+---------+-----+----+-------+-----+------+-------------+
    |dense_fwork_U         |k2c_dot_3_dense_fg8j  |      256|    0|   0|  79184|   32|     1|      2533888|
    |dense_kernel_array_U  |k2c_dot_3_dense_khbi  |      256|    0|   0|  78400|   32|     1|      2508800|
    |permA_U               |k2c_dot_3_permA       |        0|  128|   5|      5|   64|     1|          320|
    |freeA_U               |k2c_dot_3_permA       |        0|  128|   5|      5|   64|     1|          320|
    |newshpA_U             |k2c_dot_3_permA       |        0|  128|   5|      5|   64|     1|          320|
    |newshpB_U             |k2c_dot_3_permA       |        0|  128|   5|      5|   64|     1|          320|
    |Asub_U                |k2c_dot_3_permA       |        0|  128|   5|      5|   64|     1|          320|
    |Bsub_U                |k2c_dot_3_permA       |        0|  128|   5|      5|   64|     1|          320|
    |permB_U               |k2c_dot_3_permB       |        0|    4|   1|      5|    2|     1|           10|
    |freeB_U               |k2c_dot_3_permB       |        0|    4|   1|      5|    2|     1|           10|
    +----------------------+----------------------+---------+-----+----+-------+-----+------+-------------+
    |Total                 |                      |      512|  776|  32| 157624|  452|    10|      5044628|
    +----------------------+----------------------+---------+-----+----+-------+-----+------+-------------+

    * FIFO: 
    N/A

    * Expression: 
    +---------------------+----------+-------+---+----+------------+------------+
    |    Variable Name    | Operation| DSP48E| FF| LUT| Bitwidth P0| Bitwidth P1|
    +---------------------+----------+-------+---+----+------------+------------+
    |count_2_fu_651_p2    |     +    |      0|  0|  71|          64|           1|
    |count_3_fu_689_p2    |     +    |      0|  0|  71|          64|           1|
    |i_10_fu_673_p2       |     +    |      0|  0|  10|           2|           1|
    |i_11_fu_751_p2       |     +    |      0|  0|  12|           3|           1|
    |i_12_fu_772_p2       |     +    |      0|  0|  10|           2|           1|
    |i_13_fu_794_p2       |     +    |      0|  0|  12|           3|           1|
    |i_14_fu_811_p2       |     +    |      0|  0|  10|           2|           1|
    |i_15_fu_839_p2       |     +    |      0|  0|  39|          32|           2|
    |i_17_fu_897_p2       |     +    |      0|  0|  24|          17|           1|
    |i_18_fu_830_p2       |     +    |      0|  0|  71|          64|           1|
    |i_2_cast_fu_719_p2   |     +    |      0|  0|  12|           2|           3|
    |i_2_fu_714_p2        |     +    |      0|  0|  71|           2|          64|
    |i_3_fu_636_p2        |     +    |      0|  0|  71|          64|           1|
    |i_6_fu_735_p2        |     +    |      0|  0|  12|           3|           1|
    |j_6_fu_881_p2        |     +    |      0|  0|  12|           3|           1|
    |j_7_fu_950_p2        |     +    |      0|  0|  10|           2|           1|
    |phitmp_fu_920_p2     |     +    |      0|  0|  10|           2|           2|
    |sum_fu_965_p2        |     +    |      0|  0|  25|          18|          18|
    |exitcond1_fu_667_p2  |   icmp   |      0|  0|   9|           2|           3|
    |exitcond2_fu_789_p2  |   icmp   |      0|  0|  29|          64|          64|
    |exitcond3_fu_825_p2  |   icmp   |      0|  0|  29|          64|          64|
    |exitcond4_fu_891_p2  |   icmp   |      0|  0|  18|          17|          17|
    |exitcond5_fu_761_p2  |   icmp   |      0|  0|   9|           2|           3|
    |exitcond6_fu_730_p2  |   icmp   |      0|  0|  29|          64|          64|
    |exitcond7_fu_944_p2  |   icmp   |      0|  0|   9|           2|           3|
    |exitcond8_fu_876_p2  |   icmp   |      0|  0|  29|          64|          64|
    |exitcond9_fu_805_p2  |   icmp   |      0|  0|   9|           2|           3|
    |exitcond_fu_631_p2   |   icmp   |      0|  0|  29|          64|          64|
    |tmp_8_fu_642_p2      |   icmp   |      0|  0|  29|          64|          64|
    |tmp_fu_679_p2        |   icmp   |      0|  0|   8|           2|           1|
    |tmp_s_fu_746_p2      |   icmp   |      0|  0|  29|          64|          64|
    |j_fu_778_p2          |    xor   |      0|  0|   2|           1|           2|
    +---------------------+----------+-------+---+----+------------+------------+
    |Total                |          |      0|  0| 820|         825|         582|
    +---------------------+----------+-------+---+----+------------+------------+

    * Multiplexer: 
    +---------------------------------+-----+-----------+-----+-----------+
    |               Name              | LUT | Input Size| Bits| Total Bits|
    +---------------------------------+-----+-----------+-----+-----------+
    |A_shape_address0                 |   21|          4|    3|         12|
    |Asub_address0                    |   27|          5|    3|         15|
    |Asub_ce0                         |   15|          3|    1|          3|
    |Asub_d0                          |   15|          3|   64|        192|
    |B_shape_address0                 |   21|          4|    3|         12|
    |Bsub_address0                    |   27|          5|    3|         15|
    |Bsub_ce0                         |   15|          3|    1|          3|
    |Bsub_d0                          |   15|          3|   64|        192|
    |ap_NS_fsm                        |  993|        232|    1|        232|
    |count_1_fu_106                   |    9|          2|   64|        128|
    |count_fu_70                      |    9|          2|   64|        128|
    |dense_fwork_address0             |   21|          4|   17|         68|
    |dense_fwork_ce0                  |   15|          3|    1|          3|
    |dense_fwork_ce1                  |    9|          2|    1|          2|
    |dense_fwork_d0                   |   15|          3|   32|         96|
    |freeA_address0                   |   15|          3|    3|          9|
    |freeB_address0                   |   15|          3|    3|          9|
    |grp_k2c_sub2idx_fu_613_ndim      |   15|          3|   64|        192|
    |grp_k2c_sub2idx_fu_613_shape_q0  |   15|          3|   64|        192|
    |grp_k2c_sub2idx_fu_613_sub_q0    |   15|          3|   64|        192|
    |i_0_in_i_reg_538                 |    9|          2|   32|         64|
    |i_16_reg_579                     |    9|          2|    2|          4|
    |i_1_reg_438                      |    9|          2|    2|          4|
    |i_4_reg_450                      |    9|          2|    3|          6|
    |i_5_reg_461                      |    9|          2|    3|          6|
    |i_7_reg_470                      |    9|          2|    2|          4|
    |i_8_reg_492                      |    9|          2|    3|          6|
    |i_9_reg_503                      |    9|          2|    2|          4|
    |i_reg_426                        |    9|          2|   64|        128|
    |idx2_2_reg_514                   |    9|          2|   64|        128|
    |idx2_3_reg_558                   |    9|          2|   17|         34|
    |idx2_i1_reg_569                  |    9|          2|   64|        128|
    |idx2_i_reg_527                   |    9|          2|   64|        128|
    |j_3_reg_481                      |    9|          2|    1|          2|
    |j_4_reg_547                      |    9|          2|    3|          6|
    |j_5_reg_590                      |    9|          2|    2|          4|
    |newshpA_address0                 |   15|          3|    3|          9|
    |newshpA_ce0                      |   15|          3|    1|          3|
    |newshpB_address0                 |   15|          3|    3|          9|
    |newshpB_ce0                      |   15|          3|    1|          3|
    |permA_address0                   |   27|          5|    3|         15|
    |permA_d0                         |   15|          3|   64|        192|
    |permB_address0                   |   27|          5|    3|         15|
    |permB_d0                         |   15|          3|    2|          6|
    +---------------------------------+-----+-----------+-----+-----------+
    |Total                            | 1590|        353|  928|       2603|
    +---------------------------------+-----+-----------+-----+-----------+

    * Register: 
    +-------------------------------------+-----+----+-----+-----------+
    |                 Name                |  FF | LUT| Bits| Const Bits|
    +-------------------------------------+-----+----+-----+-----------+
    |A_shape_load_reg_1043                |   64|   0|   64|          0|
    |ap_CS_fsm                            |  231|   0|  231|          0|
    |count_1_fu_106                       |   64|   0|   64|          0|
    |count_fu_70                          |   64|   0|   64|          0|
    |free_axesA_reg_1054                  |   64|   0|   64|          0|
    |free_axesB_reg_1059                  |   64|   0|   64|          0|
    |grp_k2c_matmul_fu_601_ap_start_reg   |    1|   0|    1|          0|
    |grp_k2c_sub2idx_fu_613_ap_start_reg  |    1|   0|    1|          0|
    |i_0_in_i_reg_538                     |   32|   0|   32|          0|
    |i_12_reg_1113                        |    2|   0|    2|          0|
    |i_13_reg_1131                        |    3|   0|    3|          0|
    |i_14_reg_1154                        |    2|   0|    2|          0|
    |i_15_reg_1187                        |   32|   0|   32|          0|
    |i_16_reg_579                         |    2|   0|    2|          0|
    |i_17_reg_1253                        |   17|   0|   17|          0|
    |i_18_reg_1177                        |   64|   0|   64|          0|
    |i_1_reg_438                          |    2|   0|    2|          0|
    |i_2_cast_reg_1069                    |    3|   0|    3|          0|
    |i_2_reg_1064                         |   64|   0|   64|          0|
    |i_4_cast_reg_1074                    |    3|   0|   64|         61|
    |i_4_reg_450                          |    3|   0|    3|          0|
    |i_5_reg_461                          |    3|   0|    3|          0|
    |i_6_reg_1082                         |    3|   0|    3|          0|
    |i_7_cast4_reg_1100                   |    2|   0|   64|         62|
    |i_7_reg_470                          |    2|   0|    2|          0|
    |i_8_cast_reg_1123                    |    3|   0|   64|         61|
    |i_8_reg_492                          |    3|   0|    3|          0|
    |i_9_cast3_reg_1146                   |    2|   0|   64|         62|
    |i_9_reg_503                          |    2|   0|    2|          0|
    |i_reg_426                            |   64|   0|   64|          0|
    |idx2_2_reg_514                       |   64|   0|   64|          0|
    |idx2_3_cast2_reg_1244                |   17|   0|   64|         47|
    |idx2_3_reg_558                       |   17|   0|   17|          0|
    |idx2_i1_reg_569                      |   64|   0|   64|          0|
    |idx2_i_reg_527                       |   64|   0|   64|          0|
    |j_3_reg_481                          |    1|   0|    1|          0|
    |j_4_cast_reg_1216                    |    3|   0|   64|         61|
    |j_4_reg_547                          |    3|   0|    3|          0|
    |j_5_cast1_reg_1281                   |    2|   0|   64|         62|
    |j_5_reg_590                          |    2|   0|    2|          0|
    |j_6_reg_1224                         |    3|   0|    3|          0|
    |j_7_reg_1289                         |    2|   0|    2|          0|
    |j_reg_1118                           |    1|   0|    1|          0|
    |phitmp_reg_1271                      |    2|   0|    2|          0|
    |tmp_58_reg_1164                      |   32|   0|   32|          0|
    |tmp_59_reg_1182                      |   18|   0|   18|          0|
    |tmp_6_i5_reg_1261                    |   32|   0|   64|         32|
    |tmp_6_i_reg_1195                     |   32|   0|   64|         32|
    +-------------------------------------+-----+----+-----+-----------+
    |Total                                | 1225|   0| 1705|        480|
    +-------------------------------------+-----+----+-----+-----------+



================================================================
== Interface
================================================================
* Summary: 
+------------------+-----+-----+------------+--------------+--------------+
|     RTL Ports    | Dir | Bits|  Protocol  | Source Object|    C Type    |
+------------------+-----+-----+------------+--------------+--------------+
|ap_clk            |  in |    1| ap_ctrl_hs |   k2c_dot.3  | return value |
|ap_rst            |  in |    1| ap_ctrl_hs |   k2c_dot.3  | return value |
|ap_start          |  in |    1| ap_ctrl_hs |   k2c_dot.3  | return value |
|ap_done           | out |    1| ap_ctrl_hs |   k2c_dot.3  | return value |
|ap_idle           | out |    1| ap_ctrl_hs |   k2c_dot.3  | return value |
|ap_ready          | out |    1| ap_ctrl_hs |   k2c_dot.3  | return value |
|A_ndim_read       |  in |   64|   ap_none  |  A_ndim_read |    scalar    |
|A_numel_read      |  in |   64|   ap_none  | A_numel_read |    scalar    |
|A_shape_address0  | out |    3|  ap_memory |    A_shape   |     array    |
|A_shape_ce0       | out |    1|  ap_memory |    A_shape   |     array    |
|A_shape_q0        |  in |   64|  ap_memory |    A_shape   |     array    |
|B_shape_address0  | out |    3|  ap_memory |    B_shape   |     array    |
|B_shape_ce0       | out |    1|  ap_memory |    B_shape   |     array    |
|B_shape_q0        |  in |   64|  ap_memory |    B_shape   |     array    |
|p_read4           |  in |   64|   ap_none  |    p_read4   |    scalar    |
|C_array_address0  | out |    7|  ap_memory |    C_array   |     array    |
|C_array_ce0       | out |    1|  ap_memory |    C_array   |     array    |
|C_array_we0       | out |    1|  ap_memory |    C_array   |     array    |
|C_array_d0        | out |   32|  ap_memory |    C_array   |     array    |
|C_array_q0        |  in |   32|  ap_memory |    C_array   |     array    |
|A_array_address0  | out |   10|  ap_memory |    A_array   |     array    |
|A_array_ce0       | out |    1|  ap_memory |    A_array   |     array    |
|A_array_q0        |  in |   32|  ap_memory |    A_array   |     array    |
+------------------+-----+-----+------------+--------------+--------------+

