

================================================================
== Vivado HLS Report for 'k2c_dense_2'
================================================================
* Date:           Thu Apr 18 00:48:47 2024

* Version:        2018.2 (Build 2258646 on Thu Jun 14 20:25:20 MDT 2018)
* Project:        vlsiModel
* Solution:       solution1
* Product family: artix7
* Target device:  xc7a200tfbg676-2


================================================================
== Performance Estimates
================================================================
+ Timing (ns): 
    * Summary: 
    +--------+-------+----------+------------+
    |  Clock | Target| Estimated| Uncertainty|
    +--------+-------+----------+------------+
    |ap_clk  |  10.00|     9.122|        1.25|
    +--------+-------+----------+------------+

+ Latency (clock cycles): 
    * Summary: 
    +-----+-----+-----+-----+---------+
    |  Latency  |  Interval | Pipeline|
    | min | max | min | max |   Type  |
    +-----+-----+-----+-----+---------+
    |    ?|    ?|    ?|    ?|   none  |
    +-----+-----+-----+-----+---------+

    + Detail: 
        * Instance: 
        +--------------------------------+---------------------+-----+-----+-----+-----+---------+
        |                                |                     |  Latency  |  Interval | Pipeline|
        |            Instance            |        Module       | min | max | min | max |   Type  |
        +--------------------------------+---------------------+-----+-----+-----+-----+---------+
        |grp_k2c_dot_1_fu_172            |k2c_dot_1            |    ?|    ?|    ?|    ?|   none  |
        |grp_k2c_affine_matmul_1_fu_197  |k2c_affine_matmul_1  |    ?|    ?|    ?|    ?|   none  |
        |grp_k2c_relu_func_1_fu_213      |k2c_relu_func_1      |    ?|    ?|    ?|    ?|   none  |
        +--------------------------------+---------------------+-----+-----+-----+-----+---------+

        * Loop: 
        +-------------+-----+-----+----------+-----------+-----------+------+----------+
        |             |  Latency  | Iteration|  Initiation Interval  | Trip |          |
        |  Loop Name  | min | max |  Latency |  achieved |   target  | Count| Pipelined|
        +-------------+-----+-----+----------+-----------+-----------+------+----------+
        |- Loop 1     |    ?|    ?|         ?|          -|          -|     ?|    no    |
        | + Loop 1.1  |    ?|    ?|         7|          -|          -|     ?|    no    |
        +-------------+-----+-----+----------+-----------+-----------+------+----------+



================================================================
== Utilization Estimates
================================================================
* Summary: 
+-----------------+---------+-------+--------+--------+
|       Name      | BRAM_18K| DSP48E|   FF   |   LUT  |
+-----------------+---------+-------+--------+--------+
|DSP              |        -|      -|       -|       -|
|Expression       |        -|      -|       0|     410|
|FIFO             |        -|      -|       -|       -|
|Instance         |        8|     79|   11480|    8919|
|Memory           |        4|      -|      64|      13|
|Multiplexer      |        -|      -|       -|     376|
|Register         |        -|      -|     570|       -|
+-----------------+---------+-------+--------+--------+
|Total            |       12|     79|   12114|    9718|
+-----------------+---------+-------+--------+--------+
|Available        |      730|    740|  269200|  129000|
+-----------------+---------+-------+--------+--------+
|Utilization (%)  |        1|     10|       4|       7|
+-----------------+---------+-------+--------+--------+

+ Detail: 
    * Instance: 
    +--------------------------------+----------------------+---------+-------+------+------+
    |            Instance            |        Module        | BRAM_18K| DSP48E|  FF  |  LUT |
    +--------------------------------+----------------------+---------+-------+------+------+
    |grp_k2c_affine_matmul_1_fu_197  |k2c_affine_matmul_1   |        0|     22|  1318|  1141|
    |grp_k2c_dot_1_fu_172            |k2c_dot_1             |        8|     39|  9394|  7135|
    |grp_k2c_relu_func_1_fu_213      |k2c_relu_func_1       |        0|      0|   202|   245|
    |vlsiModel_fadd_32cud_U170       |vlsiModel_fadd_32cud  |        0|      2|   205|   203|
    |vlsiModel_mul_64sbkb_U171       |vlsiModel_mul_64sbkb  |        0|     16|   361|   195|
    +--------------------------------+----------------------+---------+-------+------+------+
    |Total                           |                      |        8|     79| 11480|  8919|
    +--------------------------------+----------------------+---------+-------+------+------+

    * DSP48: 
    N/A

    * Memory: 
    +------------------------+----------------------+---------+----+----+------+-----+------+-------------+
    |         Memory         |        Module        | BRAM_18K| FF | LUT| Words| Bits| Banks| W*Bits*Banks|
    +------------------------+----------------------+---------+----+----+------+-----+------+-------------+
    |dense_2_bias_array_U    |k2c_dense_2_denseAem  |        0|  64|  13|    25|   32|     1|          800|
    |dense_2_kernel_array_U  |k2c_dense_2_densezec  |        4|   0|   0|  1250|   32|     1|        40000|
    +------------------------+----------------------+---------+----+----+------+-----+------+-------------+
    |Total                   |                      |        4|  64|  13|  1275|   64|     2|        40800|
    +------------------------+----------------------+---------+----+----+------+-----+------+-------------+

    * FIFO: 
    N/A

    * Expression: 
    +----------------------------------+----------+-------+---+----+------------+------------+
    |           Variable Name          | Operation| DSP48E| FF| LUT| Bitwidth P0| Bitwidth P1|
    +----------------------------------+----------+-------+---+----+------------+------------+
    |i_fu_290_p2                       |     +    |      0|  0|  71|          64|          64|
    |j_fu_269_p2                       |     +    |      0|  0|  71|           1|          64|
    |sum_i_fu_279_p2                   |     +    |      0|  0|  15|           6|           6|
    |tmp_6_fu_232_p2                   |     +    |      0|  0|  71|          64|           2|
    |ap_block_state16_on_subcall_done  |    and   |      0|  0|   2|           1|           1|
    |exitcond_i_fu_264_p2              |   icmp   |      0|  0|  29|          64|          64|
    |icmp_fu_249_p2                    |   icmp   |      0|  0|  29|          63|           1|
    |tmp_fu_226_p2                     |   icmp   |      0|  0|  29|          64|           2|
    |tmp_i_fu_255_p2                   |   icmp   |      0|  0|  29|          64|          64|
    |outrows1_fu_295_p3                |  select  |      0|  0|  64|           1|          64|
    +----------------------------------+----------+-------+---+----+------------+------------+
    |Total                             |          |      0|  0| 410|         392|         332|
    +----------------------------------+----------+-------+---+----+------------+------------+

    * Multiplexer: 
    +---------------------------------+----+-----------+-----+-----------+
    |               Name              | LUT| Input Size| Bits| Total Bits|
    +---------------------------------+----+-----------+-----+-----------+
    |ap_NS_fsm                        |  85|         17|    1|         17|
    |dense_1_output_array_address0    |  15|          3|    6|         18|
    |dense_1_output_array_ce0         |  15|          3|    1|          3|
    |dense_2_bias_array_address0      |  15|          3|    5|         15|
    |dense_2_bias_array_ce0           |  15|          3|    1|          3|
    |dense_2_kernel_array_address0    |  15|          3|   11|         33|
    |dense_2_kernel_array_ce0         |   9|          2|    1|          2|
    |dense_2_output_array_address0    |  27|          5|    5|         25|
    |dense_2_output_array_ce0         |  27|          5|    1|          5|
    |dense_2_output_array_d0          |  27|          5|   32|        160|
    |dense_2_output_array_we0         |  27|          5|    1|          5|
    |grp_k2c_relu_func_1_fu_213_size  |  15|          3|   64|        192|
    |i_i_reg_148                      |   9|          2|   64|        128|
    |input_shape_address0             |  15|          3|    3|          9|
    |input_shape_ce0                  |  15|          3|    1|          3|
    |j_i_reg_160                      |   9|          2|   64|        128|
    |kernel_shape_address0            |  21|          4|    3|         12|
    |kernel_shape_ce0                 |  15|          3|    1|          3|
    +---------------------------------+----+-----------+-----+-----------+
    |Total                            | 376|         74|  265|        761|
    +---------------------------------+----+-----------+-----+-----------+

    * Register: 
    +---------------------------------------------+----+----+-----+-----------+
    |                     Name                    | FF | LUT| Bits| Const Bits|
    +---------------------------------------------+----+----+-----+-----------+
    |ap_CS_fsm                                    |  16|   0|   16|          0|
    |dense_2_bias_array_l_reg_388                 |  32|   0|   32|          0|
    |dense_2_output_array_1_reg_378               |   5|   0|    5|          0|
    |grp_k2c_affine_matmul_1_fu_197_ap_start_reg  |   1|   0|    1|          0|
    |grp_k2c_dot_1_fu_172_ap_start_reg            |   1|   0|    1|          0|
    |grp_k2c_relu_func_1_fu_213_ap_start_reg      |   1|   0|    1|          0|
    |i_i_reg_148                                  |  64|   0|   64|          0|
    |icmp_reg_347                                 |   1|   0|    1|          0|
    |innerdim_reg_415                             |  64|   0|   64|          0|
    |j_i_reg_160                                  |  64|   0|   64|          0|
    |j_reg_368                                    |  64|   0|   64|          0|
    |outcols_reg_404                              |  64|   0|   64|          0|
    |outrows1_reg_398                             |  64|   0|   64|          0|
    |outsize_reg_420                              |  64|   0|   64|          0|
    |tmp_6_reg_342                                |  64|   0|   64|          0|
    |tmp_reg_338                                  |   1|   0|    1|          0|
    +---------------------------------------------+----+----+-----+-----------+
    |Total                                        | 570|   0|  570|          0|
    +---------------------------------------------+----+----+-----+-----------+



================================================================
== Interface
================================================================
* Summary: 
+-------------------------------+-----+-----+------------+----------------------+--------------+
|           RTL Ports           | Dir | Bits|  Protocol  |     Source Object    |    C Type    |
+-------------------------------+-----+-----+------------+----------------------+--------------+
|ap_clk                         |  in |    1| ap_ctrl_hs |      k2c_dense.2     | return value |
|ap_rst                         |  in |    1| ap_ctrl_hs |      k2c_dense.2     | return value |
|ap_start                       |  in |    1| ap_ctrl_hs |      k2c_dense.2     | return value |
|ap_done                        | out |    1| ap_ctrl_hs |      k2c_dense.2     | return value |
|ap_idle                        | out |    1| ap_ctrl_hs |      k2c_dense.2     | return value |
|ap_ready                       | out |    1| ap_ctrl_hs |      k2c_dense.2     | return value |
|output_numel_read              |  in |   64|   ap_none  |   output_numel_read  |    scalar    |
|input_ndim_read                |  in |   64|   ap_none  |    input_ndim_read   |    scalar    |
|input_numel_read               |  in |   64|   ap_none  |   input_numel_read   |    scalar    |
|input_shape_address0           | out |    3|  ap_memory |      input_shape     |     array    |
|input_shape_ce0                | out |    1|  ap_memory |      input_shape     |     array    |
|input_shape_q0                 |  in |   64|  ap_memory |      input_shape     |     array    |
|kernel_ndim_read               |  in |   64|   ap_none  |   kernel_ndim_read   |    scalar    |
|kernel_numel_read              |  in |   64|   ap_none  |   kernel_numel_read  |    scalar    |
|kernel_shape_address0          | out |    3|  ap_memory |     kernel_shape     |     array    |
|kernel_shape_ce0               | out |    1|  ap_memory |     kernel_shape     |     array    |
|kernel_shape_q0                |  in |   64|  ap_memory |     kernel_shape     |     array    |
|bias_numel_read                |  in |   64|   ap_none  |    bias_numel_read   |    scalar    |
|dense_2_output_array_address0  | out |    5|  ap_memory | dense_2_output_array |     array    |
|dense_2_output_array_ce0       | out |    1|  ap_memory | dense_2_output_array |     array    |
|dense_2_output_array_we0       | out |    1|  ap_memory | dense_2_output_array |     array    |
|dense_2_output_array_d0        | out |   32|  ap_memory | dense_2_output_array |     array    |
|dense_2_output_array_q0        |  in |   32|  ap_memory | dense_2_output_array |     array    |
|dense_1_output_array_address0  | out |    6|  ap_memory | dense_1_output_array |     array    |
|dense_1_output_array_ce0       | out |    1|  ap_memory | dense_1_output_array |     array    |
|dense_1_output_array_q0        |  in |   32|  ap_memory | dense_1_output_array |     array    |
+-------------------------------+-----+-----+------------+----------------------+--------------+

