

================================================================
== Vivado HLS Report for 'vlsiModel'
================================================================
* Date:           Thu Apr 18 00:48:54 2024

* Version:        2018.2 (Build 2258646 on Thu Jun 14 20:25:20 MDT 2018)
* Project:        vlsiModel
* Solution:       solution1
* Product family: artix7
* Target device:  xc7a200tfbg676-2


================================================================
== Performance Estimates
================================================================
+ Timing (ns): 
    * Summary: 
    +--------+-------+----------+------------+
    |  Clock | Target| Estimated| Uncertainty|
    +--------+-------+----------+------------+
    |ap_clk  |  10.00|     9.122|        1.25|
    +--------+-------+----------+------------+

+ Latency (clock cycles): 
    * Summary: 
    +-----+-----+-----+-----+---------+
    |  Latency  |  Interval | Pipeline|
    | min | max | min | max |   Type  |
    +-----+-----+-----+-----+---------+
    |    ?|    ?|    ?|    ?|   none  |
    +-----+-----+-----+-----+---------+

    + Detail: 
        * Instance: 
        +------------------------+-------------+-----+-----+-----+-----+---------+
        |                        |             |  Latency  |  Interval | Pipeline|
        |        Instance        |    Module   | min | max | min | max |   Type  |
        +------------------------+-------------+-----+-----+-----+-----+---------+
        |grp_k2c_dense_1_fu_515  |k2c_dense_1  |    ?|    ?|    ?|    ?|   none  |
        |grp_k2c_dense_3_fu_540  |k2c_dense_3  |    ?|    ?|    ?|    ?|   none  |
        |grp_k2c_dense_2_fu_564  |k2c_dense_2  |    ?|    ?|    ?|    ?|   none  |
        |grp_k2c_dense_fu_588    |k2c_dense    |    ?|    ?|    ?|    ?|   none  |
        +------------------------+-------------+-----+-----+-----+-----+---------+

        * Loop: 
        +----------+------+------+----------+-----------+-----------+------+----------+
        |          |   Latency   | Iteration|  Initiation Interval  | Trip |          |
        | Loop Name|  min |  max |  Latency |  achieved |   target  | Count| Pipelined|
        +----------+------+------+----------+-----------+-----------+------+----------+
        |- Loop 1  |  1568|  1568|         2|          -|          -|   784|    no    |
        |- Loop 2  |    20|    20|         2|          -|          -|    10|    no    |
        +----------+------+------+----------+-----------+-----------+------+----------+



================================================================
== Utilization Estimates
================================================================
* Summary: 
+-----------------+---------+-------+--------+--------+
|       Name      | BRAM_18K| DSP48E|   FF   |   LUT  |
+-----------------+---------+-------+--------+--------+
|DSP              |        -|      -|       -|       -|
|Expression       |        -|      -|       0|      52|
|FIFO             |        -|      -|       -|       -|
|Instance         |      834|    329|   49607|   40994|
|Memory           |       36|      -|     128|      18|
|Multiplexer      |        -|      -|       -|     910|
|Register         |        -|      -|     107|       -|
+-----------------+---------+-------+--------+--------+
|Total            |      870|    329|   49842|   41974|
+-----------------+---------+-------+--------+--------+
|Available        |      730|    740|  269200|  129000|
+-----------------+---------+-------+--------+--------+
|Utilization (%)  |      119|     44|      18|      32|
+-----------------+---------+-------+--------+--------+

+ Detail: 
    * Instance: 
    +------------------------+-------------+---------+-------+-------+-------+
    |        Instance        |    Module   | BRAM_18K| DSP48E|   FF  |  LUT  |
    +------------------------+-------------+---------+-------+-------+-------+
    |grp_k2c_dense_fu_588    |k2c_dense    |      769|     80|  11586|   9293|
    |grp_k2c_dense_1_fu_515  |k2c_dense_1  |        4|     91|  13594|  12200|
    |grp_k2c_dense_2_fu_564  |k2c_dense_2  |       12|     79|  12114|   9718|
    |grp_k2c_dense_3_fu_540  |k2c_dense_3  |       49|     79|  12313|   9783|
    +------------------------+-------------+---------+-------+-------+-------+
    |Total                   |             |      834|    329|  49607|  40994|
    +------------------------+-------------+---------+-------+-------+-------+

    * DSP48: 
    N/A

    * Memory: 
    +--------------------------+----------------------+---------+----+----+------+-----+------+-------------+
    |          Memory          |        Module        | BRAM_18K| FF | LUT| Words| Bits| Banks| W*Bits*Banks|
    +--------------------------+----------------------+---------+----+----+------+-----+------+-------------+
    |dense_1_output_array_U    |vlsiModel_dense_1PgM  |        1|   0|   0|    50|   32|     1|         1600|
    |dense_2_output_array_U    |vlsiModel_dense_2Shg  |        0|  64|  13|    25|   32|     1|          800|
    |dense_3_output_array_r_U  |vlsiModel_dense_3Xh4  |        0|  64|   5|    10|   32|     1|          320|
    |dense_input_input_ar_U    |vlsiModel_dense_iLf8  |        2|   0|   0|   784|   32|     1|        25088|
    |dense_input_input_sh_U    |vlsiModel_dense_iNgs  |        4|   0|   0|     5|   64|     1|          320|
    |dense_kernel_shape_U      |vlsiModel_dense_iNgs  |        4|   0|   0|     5|   64|     1|          320|
    |dense_output_shape_U      |vlsiModel_dense_iNgs  |        4|   0|   0|     5|   64|     1|          320|
    |dense_1_kernel_shape_U    |vlsiModel_dense_iNgs  |        4|   0|   0|     5|   64|     1|          320|
    |dense_1_output_shape_U    |vlsiModel_dense_iNgs  |        4|   0|   0|     5|   64|     1|          320|
    |dense_2_kernel_shape_U    |vlsiModel_dense_iNgs  |        4|   0|   0|     5|   64|     1|          320|
    |dense_2_output_shape_U    |vlsiModel_dense_iNgs  |        4|   0|   0|     5|   64|     1|          320|
    |dense_3_kernel_shape_U    |vlsiModel_dense_iNgs  |        4|   0|   0|     5|   64|     1|          320|
    |dense_output_array_U      |vlsiModel_dense_oMgi  |        1|   0|   0|   100|   32|     1|         3200|
    +--------------------------+----------------------+---------+----+----+------+-----+------+-------------+
    |Total                     |                      |       36| 128|  18|  1009|  672|    13|        33568|
    +--------------------------+----------------------+---------+----+----+------+-----+------+-------------+

    * FIFO: 
    N/A

    * Expression: 
    +-----------------+----------+-------+---+----+------------+------------+
    |  Variable Name  | Operation| DSP48E| FF| LUT| Bitwidth P0| Bitwidth P1|
    +-----------------+----------+-------+---+----+------------+------------+
    |z1_1_fu_645_p2   |     +    |      0|  0|  17|          10|           1|
    |z2_1_fu_817_p2   |     +    |      0|  0|  13|           4|           1|
    |tmp_2_fu_811_p2  |   icmp   |      0|  0|   9|           4|           4|
    |tmp_fu_639_p2    |   icmp   |      0|  0|  13|          10|           9|
    +-----------------+----------+-------+---+----+------------+------------+
    |Total            |          |      0|  0|  52|          28|          15|
    +-----------------+----------+-------+---+----+------------+------------+

    * Multiplexer: 
    +----------------------------------+----+-----------+-----+-----------+
    |               Name               | LUT| Input Size| Bits| Total Bits|
    +----------------------------------+----+-----------+-----+-----------+
    |ap_NS_fsm                         |  85|         17|    1|         17|
    |dense_1_kernel_shape_address0     |  27|          5|    3|         15|
    |dense_1_kernel_shape_address1     |  15|          3|    3|          9|
    |dense_1_kernel_shape_ce0          |  15|          3|    1|          3|
    |dense_1_kernel_shape_d0           |  21|          4|   64|        256|
    |dense_1_output_array_address0     |  15|          3|    6|         18|
    |dense_1_output_array_ce0          |  15|          3|    1|          3|
    |dense_1_output_array_we0          |   9|          2|    1|          2|
    |dense_1_output_shape_address0     |  27|          5|    3|         15|
    |dense_1_output_shape_address1     |  15|          3|    3|          9|
    |dense_1_output_shape_ce0          |  15|          3|    1|          3|
    |dense_1_output_shape_d0           |  15|          3|   64|        192|
    |dense_2_kernel_shape_address0     |  27|          5|    3|         15|
    |dense_2_kernel_shape_address1     |  15|          3|    3|          9|
    |dense_2_kernel_shape_ce0          |  15|          3|    1|          3|
    |dense_2_kernel_shape_d0           |  21|          4|   64|        256|
    |dense_2_output_array_address0     |  15|          3|    5|         15|
    |dense_2_output_array_ce0          |  15|          3|    1|          3|
    |dense_2_output_array_we0          |   9|          2|    1|          2|
    |dense_2_output_shape_address0     |  27|          5|    3|         15|
    |dense_2_output_shape_address1     |  15|          3|    3|          9|
    |dense_2_output_shape_ce0          |  15|          3|    1|          3|
    |dense_2_output_shape_d0           |  15|          3|   64|        192|
    |dense_3_kernel_shape_address0     |  27|          5|    3|         15|
    |dense_3_kernel_shape_address1     |  15|          3|    3|          9|
    |dense_3_kernel_shape_ce0          |  15|          3|    1|          3|
    |dense_3_kernel_shape_d0           |  21|          4|   64|        256|
    |dense_3_output_array_r_address0   |  15|          3|    4|         12|
    |dense_3_output_array_r_ce0        |  15|          3|    1|          3|
    |dense_3_output_array_r_we0        |   9|          2|    1|          2|
    |dense_input_input_ar_address0     |  15|          3|   10|         30|
    |dense_input_input_ar_ce0          |  15|          3|    1|          3|
    |dense_input_input_sh_address0     |  27|          5|    3|         15|
    |dense_input_input_sh_address1     |  15|          3|    3|          9|
    |dense_input_input_sh_ce0          |  15|          3|    1|          3|
    |dense_input_input_shape_address0  |  21|          4|    3|         12|
    |dense_input_input_shape_address1  |  15|          3|    3|          9|
    |dense_kernel_shape_address0       |  27|          5|    3|         15|
    |dense_kernel_shape_address1       |  15|          3|    3|          9|
    |dense_kernel_shape_ce0            |  15|          3|    1|          3|
    |dense_kernel_shape_d0             |  21|          4|   64|        256|
    |dense_output_array_address0       |  15|          3|    7|         21|
    |dense_output_array_ce0            |  15|          3|    1|          3|
    |dense_output_array_we0            |   9|          2|    1|          2|
    |dense_output_shape_address0       |  27|          5|    3|         15|
    |dense_output_shape_address1       |  15|          3|    3|          9|
    |dense_output_shape_ce0            |  15|          3|    1|          3|
    |dense_output_shape_d0             |  15|          3|   64|        192|
    |z1_reg_493                        |   9|          2|   10|         20|
    |z2_reg_504                        |   9|          2|    4|          8|
    +----------------------------------+----+-----------+-----+-----------+
    |Total                             | 910|        179|  566|       2001|
    +----------------------------------+----+-----------+-----+-----------+

    * Register: 
    +-------------------------------------+----+----+-----+-----------+
    |                 Name                | FF | LUT| Bits| Const Bits|
    +-------------------------------------+----+----+-----+-----------+
    |ap_CS_fsm                            |  16|   0|   16|          0|
    |dense_1_bias_numel                   |   3|   0|   64|         61|
    |dense_1_kernel_ndim                  |   1|   0|   64|         63|
    |dense_1_kernel_numel                 |   5|   0|   64|         59|
    |dense_1_output_ndim                  |   1|   0|   64|         63|
    |dense_1_output_numel                 |   3|   0|   64|         61|
    |dense_2_bias_numel                   |   3|   0|   64|         61|
    |dense_2_kernel_ndim                  |   1|   0|   64|         63|
    |dense_2_kernel_numel                 |   5|   0|   64|         59|
    |dense_2_output_ndim                  |   1|   0|   64|         63|
    |dense_2_output_numel                 |   3|   0|   64|         61|
    |dense_3_bias_numel                   |   2|   0|   64|         62|
    |dense_3_kernel_ndim                  |   1|   0|   64|         63|
    |dense_3_kernel_numel                 |   6|   0|   64|         58|
    |dense_output_ndim                    |   1|   0|   64|         63|
    |dense_output_numel                   |   3|   0|   64|         61|
    |grp_k2c_dense_1_fu_515_ap_start_reg  |   1|   0|    1|          0|
    |grp_k2c_dense_2_fu_564_ap_start_reg  |   1|   0|    1|          0|
    |grp_k2c_dense_3_fu_540_ap_start_reg  |   1|   0|    1|          0|
    |grp_k2c_dense_fu_588_ap_start_reg    |   1|   0|    1|          0|
    |reg_622                              |   3|   0|   64|         61|
    |reg_628                              |   3|   0|   64|         61|
    |z1_1_reg_831                         |  10|   0|   10|          0|
    |z1_cast2_reg_823                     |  10|   0|   64|         54|
    |z1_reg_493                           |  10|   0|   10|          0|
    |z2_1_reg_949                         |   4|   0|    4|          0|
    |z2_cast1_reg_941                     |   4|   0|   64|         60|
    |z2_reg_504                           |   4|   0|    4|          0|
    +-------------------------------------+----+----+-----+-----------+
    |Total                                | 107|   0| 1264|       1157|
    +-------------------------------------+----+----+-----+-----------+



================================================================
== Interface
================================================================
* Summary: 
+----------------------------------+-----+-----+------------+-------------------------+--------------+
|             RTL Ports            | Dir | Bits|  Protocol  |      Source Object      |    C Type    |
+----------------------------------+-----+-----+------------+-------------------------+--------------+
|ap_clk                            |  in |    1| ap_ctrl_hs |        vlsiModel        | return value |
|ap_rst                            |  in |    1| ap_ctrl_hs |        vlsiModel        | return value |
|ap_start                          |  in |    1| ap_ctrl_hs |        vlsiModel        | return value |
|ap_done                           | out |    1| ap_ctrl_hs |        vlsiModel        | return value |
|ap_idle                           | out |    1| ap_ctrl_hs |        vlsiModel        | return value |
|ap_ready                          | out |    1| ap_ctrl_hs |        vlsiModel        | return value |
|dense_input_input_array_address0  | out |   10|  ap_memory | dense_input_input_array |     array    |
|dense_input_input_array_ce0       | out |    1|  ap_memory | dense_input_input_array |     array    |
|dense_input_input_array_q0        |  in |   32|  ap_memory | dense_input_input_array |     array    |
|dense_input_input_ndim            |  in |   64|   ap_none  |  dense_input_input_ndim |    pointer   |
|dense_input_input_numel           |  in |   64|   ap_none  | dense_input_input_numel |    pointer   |
|dense_input_input_shape_address0  | out |    3|  ap_memory | dense_input_input_shape |     array    |
|dense_input_input_shape_ce0       | out |    1|  ap_memory | dense_input_input_shape |     array    |
|dense_input_input_shape_q0        |  in |   64|  ap_memory | dense_input_input_shape |     array    |
|dense_input_input_shape_address1  | out |    3|  ap_memory | dense_input_input_shape |     array    |
|dense_input_input_shape_ce1       | out |    1|  ap_memory | dense_input_input_shape |     array    |
|dense_input_input_shape_q1        |  in |   64|  ap_memory | dense_input_input_shape |     array    |
|dense_3_output_array_address0     | out |   10|  ap_memory |   dense_3_output_array  |     array    |
|dense_3_output_array_ce0          | out |    1|  ap_memory |   dense_3_output_array  |     array    |
|dense_3_output_array_we0          | out |    1|  ap_memory |   dense_3_output_array  |     array    |
|dense_3_output_array_d0           | out |   32|  ap_memory |   dense_3_output_array  |     array    |
|dense_3_output_ndim               |  in |   64|   ap_none  |   dense_3_output_ndim   |    pointer   |
|dense_3_output_numel              |  in |   64|   ap_none  |   dense_3_output_numel  |    pointer   |
|dense_3_output_shape_address0     | out |    3|  ap_memory |   dense_3_output_shape  |     array    |
|dense_3_output_shape_ce0          | out |    1|  ap_memory |   dense_3_output_shape  |     array    |
|dense_3_output_shape_we0          | out |    1|  ap_memory |   dense_3_output_shape  |     array    |
|dense_3_output_shape_d0           | out |   64|  ap_memory |   dense_3_output_shape  |     array    |
|dense_3_output_shape_q0           |  in |   64|  ap_memory |   dense_3_output_shape  |     array    |
|dense_3_output_shape_address1     | out |    3|  ap_memory |   dense_3_output_shape  |     array    |
|dense_3_output_shape_ce1          | out |    1|  ap_memory |   dense_3_output_shape  |     array    |
|dense_3_output_shape_we1          | out |    1|  ap_memory |   dense_3_output_shape  |     array    |
|dense_3_output_shape_d1           | out |   64|  ap_memory |   dense_3_output_shape  |     array    |
|dense_3_output_shape_q1           |  in |   64|  ap_memory |   dense_3_output_shape  |     array    |
+----------------------------------+-----+-----+------------+-------------------------+--------------+

