==============================================================
File generated by Vivado(TM) HLS - High-Level Synthesis from C, C++ and SystemC
Version: 2018.2
Copyright (C) 1986-2018 Xilinx, Inc. All Rights Reserved.

==============================================================

INFO: [SYN 201-201] Setting up clock 'default' with a period of 10ns.
INFO: [HLS 200-10] Setting target device to 'xc7a200tfbg676-2'
INFO: [SIM 211-2] *************** CSIM start ***************
INFO: [SIM 211-4] CSIM will launch GCC as the compiler.
ERROR: [SIM 211-100] 'csim_design' failed: compilation error(s).
INFO: [SIM 211-3] *************** CSIM finish ***************
==============================================================
File generated by Vivado(TM) HLS - High-Level Synthesis from C, C++ and SystemC
Version: 2018.2
Copyright (C) 1986-2018 Xilinx, Inc. All Rights Reserved.

==============================================================

INFO: [SYN 201-201] Setting up clock 'default' with a period of 10ns.
INFO: [HLS 200-10] Setting target device to 'xc7a200tfbg676-2'
INFO: [SIM 211-2] *************** CSIM start ***************
INFO: [SIM 211-4] CSIM will launch GCC as the compiler.
ERROR: [SIM 211-100] 'csim_design' failed: compilation error(s).
INFO: [SIM 211-3] *************** CSIM finish ***************
==============================================================
File generated by Vivado(TM) HLS - High-Level Synthesis from C, C++ and SystemC
Version: 2018.2
Copyright (C) 1986-2018 Xilinx, Inc. All Rights Reserved.

==============================================================

INFO: [SYN 201-201] Setting up clock 'default' with a period of 10ns.
INFO: [HLS 200-10] Setting target device to 'xc7a200tfbg676-2'
INFO: [SIM 211-2] *************** CSIM start ***************
INFO: [SIM 211-4] CSIM will launch GCC as the compiler.
ERROR: [SIM 211-100] 'csim_design' failed: compilation error(s).
INFO: [SIM 211-3] *************** CSIM finish ***************
==============================================================
File generated by Vivado(TM) HLS - High-Level Synthesis from C, C++ and SystemC
Version: 2018.2
Copyright (C) 1986-2018 Xilinx, Inc. All Rights Reserved.

==============================================================

INFO: [SYN 201-201] Setting up clock 'default' with a period of 10ns.
INFO: [HLS 200-10] Setting target device to 'xc7a200tfbg676-2'
INFO: [SIM 211-2] *************** CSIM start ***************
INFO: [SIM 211-4] CSIM will launch GCC as the compiler.
ERROR: [SIM 211-100] 'csim_design' failed: compilation error(s).
INFO: [SIM 211-3] *************** CSIM finish ***************
==============================================================
File generated by Vivado(TM) HLS - High-Level Synthesis from C, C++ and SystemC
Version: 2018.2
Copyright (C) 1986-2018 Xilinx, Inc. All Rights Reserved.

==============================================================

INFO: [SYN 201-201] Setting up clock 'default' with a period of 10ns.
INFO: [HLS 200-10] Setting target device to 'xc7a200tfbg676-2'
INFO: [SIM 211-2] *************** CSIM start ***************
INFO: [SIM 211-4] CSIM will launch GCC as the compiler.
INFO: [SIM 211-1] CSim done with 0 errors.
INFO: [SIM 211-3] *************** CSIM finish ***************
==============================================================
File generated by Vivado(TM) HLS - High-Level Synthesis from C, C++ and SystemC
Version: 2018.2
Copyright (C) 1986-2018 Xilinx, Inc. All Rights Reserved.

==============================================================

INFO: [SYN 201-201] Setting up clock 'default' with a period of 10ns.
INFO: [HLS 200-10] Setting target device to 'xc7a200tfbg676-2'
INFO: [SYN 201-201] Setting up clock 'default' with a period of 10ns.
INFO: [HLS 200-10] Analyzing design file 'vlsiModel.c' ... 
INFO: [HLS 200-111] Finished Linking Time (s): cpu = 00:00:01 ; elapsed = 00:00:10 . Memory (MB): peak = 101.781 ; gain = 45.777
INFO: [HLS 200-111] Finished Checking Pragmas Time (s): cpu = 00:00:01 ; elapsed = 00:00:10 . Memory (MB): peak = 101.781 ; gain = 45.777
INFO: [HLS 200-10] Starting code transformations ...
INFO: [HLS 200-111] Finished Standard Transforms Time (s): cpu = 00:00:01 ; elapsed = 00:00:11 . Memory (MB): peak = 197.461 ; gain = 141.457
INFO: [HLS 200-10] Checking synthesizability ...
INFO: [XFORM 203-602] Inlining function 'k2c_idx2sub' into 'k2c_dot' (vlsiModel.c:207) automatically.
INFO: [XFORM 203-602] Inlining function 'k2c_bias_add' into 'k2c_dense.3' (vlsiModel.c:38) automatically.
INFO: [XFORM 203-602] Inlining function 'k2c_idx2sub' into 'k2c_dot.3' (vlsiModel.c:207) automatically.
INFO: [XFORM 203-602] Inlining function 'k2c_bias_add' into 'k2c_dense' (vlsiModel.c:38) automatically.
INFO: [XFORM 203-602] Inlining function 'k2c_idx2sub' into 'k2c_dot.2' (vlsiModel.c:207) automatically.
INFO: [XFORM 203-602] Inlining function 'k2c_bias_add' into 'k2c_dense.1' (vlsiModel.c:38) automatically.
INFO: [XFORM 203-602] Inlining function 'k2c_idx2sub' into 'k2c_dot.1' (vlsiModel.c:207) automatically.
INFO: [XFORM 203-602] Inlining function 'k2c_bias_add' into 'k2c_dense.2' (vlsiModel.c:38) automatically.
INFO: [HLS 200-111] Finished Checking Synthesizability Time (s): cpu = 00:00:02 ; elapsed = 00:00:13 . Memory (MB): peak = 200.590 ; gain = 144.586
INFO: [XFORM 203-502] Unrolling small iteration loop 'Loop-1.1' (vlsiModel.c:134) in function 'k2c_dot' automatically.
INFO: [XFORM 203-502] Unrolling small iteration loop 'Loop-2.1' (vlsiModel.c:151) in function 'k2c_dot' automatically.
INFO: [XFORM 203-502] Unrolling small iteration loop 'Loop-3' (vlsiModel.c:166) in function 'k2c_dot' automatically.
INFO: [XFORM 203-502] Unrolling small iteration loop 'Loop-4' (vlsiModel.c:170) in function 'k2c_dot' automatically.
INFO: [XFORM 203-502] Unrolling small iteration loop 'Loop-7' (vlsiModel.c:186) in function 'k2c_dot' automatically.
INFO: [XFORM 203-502] Unrolling small iteration loop 'Loop-1.1' (vlsiModel.c:134) in function 'k2c_dot.1' automatically.
INFO: [XFORM 203-502] Unrolling small iteration loop 'Loop-2.1' (vlsiModel.c:151) in function 'k2c_dot.1' automatically.
INFO: [XFORM 203-502] Unrolling small iteration loop 'Loop-3' (vlsiModel.c:166) in function 'k2c_dot.1' automatically.
INFO: [XFORM 203-502] Unrolling small iteration loop 'Loop-4' (vlsiModel.c:170) in function 'k2c_dot.1' automatically.
INFO: [XFORM 203-502] Unrolling small iteration loop 'Loop-7' (vlsiModel.c:186) in function 'k2c_dot.1' automatically.
INFO: [XFORM 203-502] Unrolling small iteration loop 'Loop-1.1' (vlsiModel.c:134) in function 'k2c_dot.2' automatically.
INFO: [XFORM 203-502] Unrolling small iteration loop 'Loop-2.1' (vlsiModel.c:151) in function 'k2c_dot.2' automatically.
INFO: [XFORM 203-502] Unrolling small iteration loop 'Loop-3' (vlsiModel.c:166) in function 'k2c_dot.2' automatically.
INFO: [XFORM 203-502] Unrolling small iteration loop 'Loop-4' (vlsiModel.c:170) in function 'k2c_dot.2' automatically.
INFO: [XFORM 203-502] Unrolling small iteration loop 'Loop-7' (vlsiModel.c:186) in function 'k2c_dot.2' automatically.
INFO: [XFORM 203-502] Unrolling small iteration loop 'Loop-1.1' (vlsiModel.c:134) in function 'k2c_dot.3' automatically.
INFO: [XFORM 203-502] Unrolling small iteration loop 'Loop-2.1' (vlsiModel.c:151) in function 'k2c_dot.3' automatically.
INFO: [XFORM 203-502] Unrolling small iteration loop 'Loop-3' (vlsiModel.c:166) in function 'k2c_dot.3' automatically.
INFO: [XFORM 203-502] Unrolling small iteration loop 'Loop-4' (vlsiModel.c:170) in function 'k2c_dot.3' automatically.
INFO: [XFORM 203-502] Unrolling small iteration loop 'Loop-7' (vlsiModel.c:186) in function 'k2c_dot.3' automatically.
INFO: [XFORM 203-501] Unrolling loop 'Loop-1.1' (vlsiModel.c:134) in function 'k2c_dot' completely.
INFO: [XFORM 203-501] Unrolling loop 'Loop-2.1' (vlsiModel.c:151) in function 'k2c_dot' completely.
INFO: [XFORM 203-501] Unrolling loop 'Loop-3' (vlsiModel.c:166) in function 'k2c_dot' completely.
INFO: [XFORM 203-501] Unrolling loop 'Loop-4' (vlsiModel.c:170) in function 'k2c_dot' completely.
INFO: [XFORM 203-501] Unrolling loop 'Loop-7' (vlsiModel.c:186) in function 'k2c_dot' completely.
INFO: [XFORM 203-501] Unrolling loop 'Loop-1.1' (vlsiModel.c:134) in function 'k2c_dot.1' completely.
INFO: [XFORM 203-501] Unrolling loop 'Loop-2.1' (vlsiModel.c:151) in function 'k2c_dot.1' completely.
INFO: [XFORM 203-501] Unrolling loop 'Loop-3' (vlsiModel.c:166) in function 'k2c_dot.1' completely.
INFO: [XFORM 203-501] Unrolling loop 'Loop-4' (vlsiModel.c:170) in function 'k2c_dot.1' completely.
INFO: [XFORM 203-501] Unrolling loop 'Loop-7' (vlsiModel.c:186) in function 'k2c_dot.1' completely.
INFO: [XFORM 203-501] Unrolling loop 'Loop-1.1' (vlsiModel.c:134) in function 'k2c_dot.2' completely.
INFO: [XFORM 203-501] Unrolling loop 'Loop-2.1' (vlsiModel.c:151) in function 'k2c_dot.2' completely.
INFO: [XFORM 203-501] Unrolling loop 'Loop-3' (vlsiModel.c:166) in function 'k2c_dot.2' completely.
INFO: [XFORM 203-501] Unrolling loop 'Loop-4' (vlsiModel.c:170) in function 'k2c_dot.2' completely.
INFO: [XFORM 203-501] Unrolling loop 'Loop-7' (vlsiModel.c:186) in function 'k2c_dot.2' completely.
INFO: [XFORM 203-501] Unrolling loop 'Loop-1.1' (vlsiModel.c:134) in function 'k2c_dot.3' completely.
INFO: [XFORM 203-501] Unrolling loop 'Loop-2.1' (vlsiModel.c:151) in function 'k2c_dot.3' completely.
INFO: [XFORM 203-501] Unrolling loop 'Loop-3' (vlsiModel.c:166) in function 'k2c_dot.3' completely.
INFO: [XFORM 203-501] Unrolling loop 'Loop-4' (vlsiModel.c:170) in function 'k2c_dot.3' completely.
INFO: [XFORM 203-501] Unrolling loop 'Loop-7' (vlsiModel.c:186) in function 'k2c_dot.3' completely.
INFO: [XFORM 203-102] Partitioning array 'axesA' automatically.
INFO: [XFORM 203-602] Inlining function 'k2c_idx2sub' into 'k2c_dot.3' (vlsiModel.c:207) automatically.
INFO: [XFORM 203-602] Inlining function 'k2c_bias_add' into 'k2c_dense' (vlsiModel.c:38) automatically.
INFO: [XFORM 203-602] Inlining function 'k2c_idx2sub' into 'k2c_dot' (vlsiModel.c:207) automatically.
INFO: [XFORM 203-602] Inlining function 'k2c_bias_add' into 'k2c_dense.3' (vlsiModel.c:38) automatically.
INFO: [XFORM 203-602] Inlining function 'k2c_idx2sub' into 'k2c_dot.1' (vlsiModel.c:207) automatically.
INFO: [XFORM 203-602] Inlining function 'k2c_bias_add' into 'k2c_dense.2' (vlsiModel.c:38) automatically.
INFO: [XFORM 203-602] Inlining function 'k2c_idx2sub' into 'k2c_dot.2' (vlsiModel.c:207) automatically.
INFO: [XFORM 203-602] Inlining function 'k2c_bias_add' into 'k2c_dense.1' (vlsiModel.c:38) automatically.
INFO: [XFORM 203-401] Performing if-conversion on hyperblock from (vlsiModel.c:12:9) to (vlsiModel.c:29:5) in function 'k2c_dense.3'... converting 3 basic blocks.
INFO: [XFORM 203-401] Performing if-conversion on hyperblock from (vlsiModel.c:12:9) to (vlsiModel.c:29:5) in function 'k2c_dense.2'... converting 3 basic blocks.
INFO: [XFORM 203-401] Performing if-conversion on hyperblock from (vlsiModel.c:12:9) to (vlsiModel.c:29:5) in function 'k2c_dense.1'... converting 3 basic blocks.
INFO: [XFORM 203-401] Performing if-conversion on hyperblock from (vlsiModel.c:12:9) to (vlsiModel.c:29:5) in function 'k2c_dense'... converting 3 basic blocks.
INFO: [HLS 200-111] Finished Pre-synthesis Time (s): cpu = 00:00:03 ; elapsed = 00:00:15 . Memory (MB): peak = 202.406 ; gain = 146.402
INFO: [HLS 200-111] Finished Architecture Synthesis Time (s): cpu = 00:00:03 ; elapsed = 00:00:16 . Memory (MB): peak = 321.879 ; gain = 265.875
INFO: [HLS 200-10] Starting hardware synthesis ...
INFO: [HLS 200-10] Synthesizing 'vlsiModel' ...
WARNING: [SYN 201-103] Legalizing function name 'k2c_matmul.3' to 'k2c_matmul_3'.
WARNING: [SYN 201-103] Legalizing function name 'k2c_dot.3' to 'k2c_dot_3'.
WARNING: [SYN 201-103] Legalizing function name 'k2c_dense.3' to 'k2c_dense_3'.
WARNING: [SYN 201-103] Legalizing function name 'k2c_matmul.1' to 'k2c_matmul_1'.
WARNING: [SYN 201-103] Legalizing function name 'k2c_dot.1' to 'k2c_dot_1'.
WARNING: [SYN 201-103] Legalizing function name 'k2c_dense.2' to 'k2c_dense_2'.
WARNING: [SYN 201-103] Legalizing function name 'k2c_matmul.2' to 'k2c_matmul_2'.
WARNING: [SYN 201-103] Legalizing function name 'k2c_dot.2' to 'k2c_dot_2'.
WARNING: [SYN 201-103] Legalizing function name 'k2c_dense.1' to 'k2c_dense_1'.
INFO: [HLS 200-10] ----------------------------------------------------------------
INFO: [HLS 200-42] -- Implementing module 'k2c_sub2idx' 
INFO: [HLS 200-10] ----------------------------------------------------------------
INFO: [SCHED 204-11] Starting scheduling ...
INFO: [SCHED 204-11] Finished scheduling.
INFO: [HLS 200-111]  Elapsed time: 16.633 seconds; current allocated memory: 270.539 MB.
INFO: [HLS 200-434] Only 0 loops out of a total 2 loops have been pipelined in this design.
INFO: [BIND 205-100] Starting micro-architecture generation ...
INFO: [BIND 205-101] Performing variable lifetime analysis.
INFO: [BIND 205-101] Exploring resource sharing.
INFO: [BIND 205-101] Binding ...
INFO: [BIND 205-100] Finished micro-architecture generation.
INFO: [HLS 200-111]  Elapsed time: 0.099 seconds; current allocated memory: 270.661 MB.
INFO: [HLS 200-10] ----------------------------------------------------------------
INFO: [HLS 200-42] -- Implementing module 'k2c_matmul_3' 
INFO: [HLS 200-10] ----------------------------------------------------------------
INFO: [SCHED 204-11] Starting scheduling ...
INFO: [SCHED 204-11] Finished scheduling.
INFO: [HLS 200-111]  Elapsed time: 0.146 seconds; current allocated memory: 271.108 MB.
INFO: [BIND 205-100] Starting micro-architecture generation ...
INFO: [BIND 205-101] Performing variable lifetime analysis.
INFO: [BIND 205-101] Exploring resource sharing.
INFO: [BIND 205-101] Binding ...
INFO: [BIND 205-100] Finished micro-architecture generation.
INFO: [HLS 200-111]  Elapsed time: 0.111 seconds; current allocated memory: 271.299 MB.
INFO: [HLS 200-10] ----------------------------------------------------------------
INFO: [HLS 200-42] -- Implementing module 'k2c_dot_3' 
INFO: [HLS 200-10] ----------------------------------------------------------------
INFO: [SCHED 204-11] Starting scheduling ...
INFO: [SCHED 204-11] Finished scheduling.
INFO: [HLS 200-111]  Elapsed time: 0.293 seconds; current allocated memory: 272.898 MB.
INFO: [BIND 205-100] Starting micro-architecture generation ...
INFO: [BIND 205-101] Performing variable lifetime analysis.
INFO: [BIND 205-101] Exploring resource sharing.
INFO: [BIND 205-101] Binding ...
INFO: [BIND 205-100] Finished micro-architecture generation.
INFO: [HLS 200-111]  Elapsed time: 0.285 seconds; current allocated memory: 274.277 MB.
INFO: [HLS 200-10] ----------------------------------------------------------------
INFO: [HLS 200-42] -- Implementing module 'k2c_relu_func' 
INFO: [HLS 200-10] ----------------------------------------------------------------
INFO: [SCHED 204-11] Starting scheduling ...
INFO: [SCHED 204-11] Finished scheduling.
INFO: [HLS 200-111]  Elapsed time: 0.42 seconds; current allocated memory: 274.567 MB.
INFO: [BIND 205-100] Starting micro-architecture generation ...
INFO: [BIND 205-101] Performing variable lifetime analysis.
INFO: [BIND 205-101] Exploring resource sharing.
INFO: [BIND 205-101] Binding ...
INFO: [BIND 205-100] Finished micro-architecture generation.
INFO: [HLS 200-111]  Elapsed time: 0.116 seconds; current allocated memory: 274.640 MB.
INFO: [HLS 200-10] ----------------------------------------------------------------
INFO: [HLS 200-42] -- Implementing module 'k2c_affine_matmul' 
INFO: [HLS 200-10] ----------------------------------------------------------------
INFO: [SCHED 204-11] Starting scheduling ...
WARNING: [SCHED 204-21] Estimated clock period (9.122ns) exceeds the target (target clock period: 10ns, clock uncertainty: 1.25ns, effective delay budget: 8.75ns).
WARNING: [SCHED 204-21] The critical path consists of the following:
	'phi' operation ('k') with incoming values : ('k', vlsiModel.c:100) (0 ns)
	'mul' operation ('tmp_8', vlsiModel.c:102) (2.82 ns)
	'add' operation ('sum8', vlsiModel.c:102) (3.53 ns)
	'getelementptr' operation ('B_addr', vlsiModel.c:102) (0 ns)
	'load' operation ('B_load', vlsiModel.c:102) on array 'B' (2.77 ns)
INFO: [SCHED 204-11] Finished scheduling.
INFO: [HLS 200-111]  Elapsed time: 0.168 seconds; current allocated memory: 274.913 MB.
INFO: [BIND 205-100] Starting micro-architecture generation ...
INFO: [BIND 205-101] Performing variable lifetime analysis.
INFO: [BIND 205-101] Exploring resource sharing.
INFO: [BIND 205-101] Binding ...
INFO: [BIND 205-100] Finished micro-architecture generation.
INFO: [HLS 200-111]  Elapsed time: 0.135 seconds; current allocated memory: 275.120 MB.
INFO: [HLS 200-10] ----------------------------------------------------------------
INFO: [HLS 200-42] -- Implementing module 'k2c_dense' 
INFO: [HLS 200-10] ----------------------------------------------------------------
INFO: [SCHED 204-11] Starting scheduling ...
INFO: [SCHED 204-11] Finished scheduling.
INFO: [HLS 200-111]  Elapsed time: 0.229 seconds; current allocated memory: 275.380 MB.
INFO: [BIND 205-100] Starting micro-architecture generation ...
INFO: [BIND 205-101] Performing variable lifetime analysis.
INFO: [BIND 205-101] Exploring resource sharing.
INFO: [BIND 205-101] Binding ...
INFO: [BIND 205-100] Finished micro-architecture generation.
INFO: [HLS 200-111]  Elapsed time: 0.235 seconds; current allocated memory: 275.670 MB.
INFO: [HLS 200-10] ----------------------------------------------------------------
INFO: [HLS 200-42] -- Implementing module 'k2c_matmul' 
INFO: [HLS 200-10] ----------------------------------------------------------------
INFO: [SCHED 204-11] Starting scheduling ...
INFO: [SCHED 204-11] Finished scheduling.
INFO: [HLS 200-111]  Elapsed time: 0.253 seconds; current allocated memory: 276.011 MB.
INFO: [BIND 205-100] Starting micro-architecture generation ...
INFO: [BIND 205-101] Performing variable lifetime analysis.
INFO: [BIND 205-101] Exploring resource sharing.
INFO: [BIND 205-101] Binding ...
INFO: [BIND 205-100] Finished micro-architecture generation.
INFO: [HLS 200-111]  Elapsed time: 0.182 seconds; current allocated memory: 276.211 MB.
INFO: [HLS 200-10] ----------------------------------------------------------------
INFO: [HLS 200-42] -- Implementing module 'k2c_dot' 
INFO: [HLS 200-10] ----------------------------------------------------------------
INFO: [SCHED 204-11] Starting scheduling ...
INFO: [SCHED 204-11] Finished scheduling.
INFO: [HLS 200-111]  Elapsed time: 0.219 seconds; current allocated memory: 277.780 MB.
INFO: [BIND 205-100] Starting micro-architecture generation ...
INFO: [BIND 205-101] Performing variable lifetime analysis.
INFO: [BIND 205-101] Exploring resource sharing.
INFO: [BIND 205-101] Binding ...
INFO: [BIND 205-100] Finished micro-architecture generation.
INFO: [HLS 200-111]  Elapsed time: 0.517 seconds; current allocated memory: 279.219 MB.
INFO: [HLS 200-10] ----------------------------------------------------------------
INFO: [HLS 200-42] -- Implementing module 'k2c_dense_3' 
INFO: [HLS 200-10] ----------------------------------------------------------------
INFO: [SCHED 204-11] Starting scheduling ...
INFO: [SCHED 204-11] Finished scheduling.
INFO: [HLS 200-111]  Elapsed time: 0.441 seconds; current allocated memory: 279.630 MB.
INFO: [BIND 205-100] Starting micro-architecture generation ...
INFO: [BIND 205-101] Performing variable lifetime analysis.
INFO: [BIND 205-101] Exploring resource sharing.
INFO: [BIND 205-101] Binding ...
INFO: [BIND 205-100] Finished micro-architecture generation.
INFO: [HLS 200-111]  Elapsed time: 0.292 seconds; current allocated memory: 279.946 MB.
INFO: [HLS 200-10] ----------------------------------------------------------------
INFO: [HLS 200-42] -- Implementing module 'k2c_matmul_1' 
INFO: [HLS 200-10] ----------------------------------------------------------------
INFO: [SCHED 204-11] Starting scheduling ...
INFO: [SCHED 204-11] Finished scheduling.
INFO: [HLS 200-111]  Elapsed time: 0.259 seconds; current allocated memory: 280.287 MB.
INFO: [BIND 205-100] Starting micro-architecture generation ...
INFO: [BIND 205-101] Performing variable lifetime analysis.
INFO: [BIND 205-101] Exploring resource sharing.
INFO: [BIND 205-101] Binding ...
INFO: [BIND 205-100] Finished micro-architecture generation.
INFO: [HLS 200-111]  Elapsed time: 0.128 seconds; current allocated memory: 280.487 MB.
INFO: [HLS 200-10] ----------------------------------------------------------------
INFO: [HLS 200-42] -- Implementing module 'k2c_dot_1' 
INFO: [HLS 200-10] ----------------------------------------------------------------
INFO: [SCHED 204-11] Starting scheduling ...
INFO: [SCHED 204-11] Finished scheduling.
INFO: [HLS 200-111]  Elapsed time: 0.284 seconds; current allocated memory: 282.053 MB.
INFO: [BIND 205-100] Starting micro-architecture generation ...
INFO: [BIND 205-101] Performing variable lifetime analysis.
INFO: [BIND 205-101] Exploring resource sharing.
INFO: [BIND 205-101] Binding ...
INFO: [BIND 205-100] Finished micro-architecture generation.
INFO: [HLS 200-111]  Elapsed time: 0.326 seconds; current allocated memory: 283.492 MB.
INFO: [HLS 200-10] ----------------------------------------------------------------
INFO: [HLS 200-42] -- Implementing module 'k2c_dense_2' 
INFO: [HLS 200-10] ----------------------------------------------------------------
INFO: [SCHED 204-11] Starting scheduling ...
INFO: [SCHED 204-11] Finished scheduling.
INFO: [HLS 200-111]  Elapsed time: 0.503 seconds; current allocated memory: 283.903 MB.
INFO: [BIND 205-100] Starting micro-architecture generation ...
INFO: [BIND 205-101] Performing variable lifetime analysis.
INFO: [BIND 205-101] Exploring resource sharing.
INFO: [BIND 205-101] Binding ...
INFO: [BIND 205-100] Finished micro-architecture generation.
INFO: [HLS 200-111]  Elapsed time: 0.287 seconds; current allocated memory: 284.203 MB.
INFO: [HLS 200-10] ----------------------------------------------------------------
INFO: [HLS 200-42] -- Implementing module 'k2c_matmul_2' 
INFO: [HLS 200-10] ----------------------------------------------------------------
INFO: [SCHED 204-11] Starting scheduling ...
INFO: [SCHED 204-11] Finished scheduling.
INFO: [HLS 200-111]  Elapsed time: 0.266 seconds; current allocated memory: 284.545 MB.
INFO: [BIND 205-100] Starting micro-architecture generation ...
INFO: [BIND 205-101] Performing variable lifetime analysis.
INFO: [BIND 205-101] Exploring resource sharing.
INFO: [BIND 205-101] Binding ...
INFO: [BIND 205-100] Finished micro-architecture generation.
INFO: [HLS 200-111]  Elapsed time: 0.143 seconds; current allocated memory: 284.744 MB.
INFO: [HLS 200-10] ----------------------------------------------------------------
INFO: [HLS 200-42] -- Implementing module 'k2c_dot_2' 
INFO: [HLS 200-10] ----------------------------------------------------------------
INFO: [SCHED 204-11] Starting scheduling ...
INFO: [SCHED 204-11] Finished scheduling.
INFO: [HLS 200-111]  Elapsed time: 0.223 seconds; current allocated memory: 286.359 MB.
INFO: [BIND 205-100] Starting micro-architecture generation ...
INFO: [BIND 205-101] Performing variable lifetime analysis.
INFO: [BIND 205-101] Exploring resource sharing.
INFO: [BIND 205-101] Binding ...
INFO: [BIND 205-100] Finished micro-architecture generation.
INFO: [HLS 200-111]  Elapsed time: 0.382 seconds; current allocated memory: 287.761 MB.
INFO: [HLS 200-10] ----------------------------------------------------------------
INFO: [HLS 200-42] -- Implementing module 'k2c_softmax_func' 
INFO: [HLS 200-10] ----------------------------------------------------------------
INFO: [SCHED 204-11] Starting scheduling ...
INFO: [SCHED 204-11] Finished scheduling.
INFO: [HLS 200-111]  Elapsed time: 0.483 seconds; current allocated memory: 288.409 MB.
INFO: [BIND 205-100] Starting micro-architecture generation ...
INFO: [BIND 205-101] Performing variable lifetime analysis.
INFO: [BIND 205-101] Exploring resource sharing.
INFO: [BIND 205-101] Binding ...
INFO: [BIND 205-100] Finished micro-architecture generation.
INFO: [HLS 200-111]  Elapsed time: 0.145 seconds; current allocated memory: 288.695 MB.
INFO: [HLS 200-10] ----------------------------------------------------------------
INFO: [HLS 200-42] -- Implementing module 'k2c_dense_1' 
INFO: [HLS 200-10] ----------------------------------------------------------------
INFO: [SCHED 204-11] Starting scheduling ...
INFO: [SCHED 204-11] Finished scheduling.
INFO: [HLS 200-111]  Elapsed time: 0.216 seconds; current allocated memory: 288.971 MB.
INFO: [BIND 205-100] Starting micro-architecture generation ...
INFO: [BIND 205-101] Performing variable lifetime analysis.
INFO: [BIND 205-101] Exploring resource sharing.
INFO: [BIND 205-101] Binding ...
INFO: [BIND 205-100] Finished micro-architecture generation.
INFO: [HLS 200-111]  Elapsed time: 0.282 seconds; current allocated memory: 289.249 MB.
INFO: [HLS 200-10] ----------------------------------------------------------------
INFO: [HLS 200-42] -- Implementing module 'vlsiModel' 
INFO: [HLS 200-10] ----------------------------------------------------------------
INFO: [SCHED 204-11] Starting scheduling ...
INFO: [SCHED 204-11] Finished scheduling.
INFO: [HLS 200-111]  Elapsed time: 0.392 seconds; current allocated memory: 290.004 MB.
INFO: [BIND 205-100] Starting micro-architecture generation ...
INFO: [BIND 205-101] Performing variable lifetime analysis.
INFO: [BIND 205-101] Exploring resource sharing.
INFO: [BIND 205-101] Binding ...
INFO: [BIND 205-100] Finished micro-architecture generation.
INFO: [HLS 200-111]  Elapsed time: 0.856 seconds; current allocated memory: 291.008 MB.
INFO: [HLS 200-10] ----------------------------------------------------------------
INFO: [HLS 200-10] -- Generating RTL for module 'k2c_sub2idx' 
INFO: [HLS 200-10] ----------------------------------------------------------------
INFO: [SYN 201-210] Renamed object name 'vlsiModel_mul_64s_64s_64_2_1' to 'vlsiModel_mul_64sbkb' due to the length limit 20
INFO: [RTGEN 206-100] Generating core module 'vlsiModel_mul_64sbkb': 1 instance(s).
INFO: [RTGEN 206-100] Finished creating RTL model for 'k2c_sub2idx'.
INFO: [HLS 200-111]  Elapsed time: 0.742 seconds; current allocated memory: 291.621 MB.
INFO: [HLS 200-10] ----------------------------------------------------------------
INFO: [HLS 200-10] -- Generating RTL for module 'k2c_matmul_3' 
INFO: [HLS 200-10] ----------------------------------------------------------------
INFO: [SYN 201-210] Renamed object name 'vlsiModel_fadd_32ns_32ns_32_5_full_dsp_1' to 'vlsiModel_fadd_32cud' due to the length limit 20
INFO: [SYN 201-210] Renamed object name 'vlsiModel_fmul_32ns_32ns_32_3_max_dsp_1' to 'vlsiModel_fmul_32dEe' due to the length limit 20
INFO: [SYN 201-210] Renamed object name 'vlsiModel_mul_mul_18s_18s_18_1_1' to 'vlsiModel_mul_muleOg' due to the length limit 20
INFO: [SYN 201-210] Renamed object name 'vlsiModel_mac_muladd_18s_18s_18ns_18_1_1' to 'vlsiModel_mac_mulfYi' due to the length limit 20
INFO: [RTGEN 206-100] Generating core module 'vlsiModel_fadd_32cud': 1 instance(s).
INFO: [RTGEN 206-100] Generating core module 'vlsiModel_fmul_32dEe': 1 instance(s).
INFO: [RTGEN 206-100] Generating core module 'vlsiModel_mac_mulfYi': 1 instance(s).
INFO: [RTGEN 206-100] Generating core module 'vlsiModel_mul_64sbkb': 1 instance(s).
INFO: [RTGEN 206-100] Generating core module 'vlsiModel_mul_muleOg': 2 instance(s).
INFO: [RTGEN 206-100] Finished creating RTL model for 'k2c_matmul_3'.
INFO: [HLS 200-111]  Elapsed time: 0.415 seconds; current allocated memory: 292.321 MB.
INFO: [HLS 200-10] ----------------------------------------------------------------
INFO: [HLS 200-10] -- Generating RTL for module 'k2c_dot_3' 
INFO: [HLS 200-10] ----------------------------------------------------------------
INFO: [SYN 201-210] Renamed object name 'k2c_dot_3_dense_fwork' to 'k2c_dot_3_dense_fg8j' due to the length limit 20
INFO: [SYN 201-210] Renamed object name 'vlsiModel_udiv_64ns_64ns_64_68_seq_1' to 'vlsiModel_udiv_64hbi' due to the length limit 20
INFO: [SYN 201-210] Renamed object name 'vlsiModel_udiv_20ns_64ns_64_24_seq_1' to 'vlsiModel_udiv_20ibs' due to the length limit 20
INFO: [SYN 201-210] Renamed object name 'vlsiModel_urem_64ns_64ns_64_68_seq_1' to 'vlsiModel_urem_64jbC' due to the length limit 20
INFO: [RTGEN 206-100] Generating core module 'vlsiModel_udiv_20ibs': 1 instance(s).
INFO: [RTGEN 206-100] Generating core module 'vlsiModel_udiv_64hbi': 3 instance(s).
INFO: [RTGEN 206-100] Generating core module 'vlsiModel_urem_64jbC': 2 instance(s).
INFO: [RTGEN 206-100] Finished creating RTL model for 'k2c_dot_3'.
INFO: [HLS 200-111]  Elapsed time: 0.524 seconds; current allocated memory: 295.296 MB.
INFO: [HLS 200-10] ----------------------------------------------------------------
INFO: [HLS 200-10] -- Generating RTL for module 'k2c_relu_func' 
INFO: [HLS 200-10] ----------------------------------------------------------------
INFO: [SYN 201-210] Renamed object name 'vlsiModel_fcmp_32ns_32ns_1_1_1' to 'vlsiModel_fcmp_32kbM' due to the length limit 20
INFO: [RTGEN 206-100] Generating core module 'vlsiModel_fcmp_32kbM': 1 instance(s).
INFO: [RTGEN 206-100] Finished creating RTL model for 'k2c_relu_func'.
INFO: [HLS 200-111]  Elapsed time: 0.908 seconds; current allocated memory: 295.654 MB.
INFO: [HLS 200-10] ----------------------------------------------------------------
INFO: [HLS 200-10] -- Generating RTL for module 'k2c_affine_matmul' 
INFO: [HLS 200-10] ----------------------------------------------------------------
INFO: [RTGEN 206-100] Generating core module 'vlsiModel_fadd_32cud': 1 instance(s).
INFO: [RTGEN 206-100] Generating core module 'vlsiModel_fmul_32dEe': 1 instance(s).
INFO: [RTGEN 206-100] Generating core module 'vlsiModel_mac_mulfYi': 1 instance(s).
INFO: [RTGEN 206-100] Generating core module 'vlsiModel_mul_64sbkb': 1 instance(s).
INFO: [RTGEN 206-100] Generating core module 'vlsiModel_mul_muleOg': 2 instance(s).
INFO: [RTGEN 206-100] Finished creating RTL model for 'k2c_affine_matmul'.
INFO: [HLS 200-111]  Elapsed time: 0.285 seconds; current allocated memory: 296.312 MB.
INFO: [HLS 200-10] ----------------------------------------------------------------
INFO: [HLS 200-10] -- Generating RTL for module 'k2c_dense' 
INFO: [HLS 200-10] ----------------------------------------------------------------
INFO: [RTGEN 206-100] Generating core module 'vlsiModel_fadd_32cud': 1 instance(s).
INFO: [RTGEN 206-100] Generating core module 'vlsiModel_mul_64sbkb': 1 instance(s).
INFO: [RTGEN 206-100] Finished creating RTL model for 'k2c_dense'.
INFO: [HLS 200-111]  Elapsed time: 0.385 seconds; current allocated memory: 296.966 MB.
INFO: [HLS 200-10] ----------------------------------------------------------------
INFO: [HLS 200-10] -- Generating RTL for module 'k2c_matmul' 
INFO: [HLS 200-10] ----------------------------------------------------------------
INFO: [SYN 201-210] Renamed object name 'vlsiModel_mul_mul_14s_14s_14_1_1' to 'vlsiModel_mul_mullbW' due to the length limit 20
INFO: [SYN 201-210] Renamed object name 'vlsiModel_mac_muladd_14s_14s_14ns_14_1_1' to 'vlsiModel_mac_mulmb6' due to the length limit 20
INFO: [RTGEN 206-100] Generating core module 'vlsiModel_fadd_32cud': 1 instance(s).
INFO: [RTGEN 206-100] Generating core module 'vlsiModel_fmul_32dEe': 1 instance(s).
INFO: [RTGEN 206-100] Generating core module 'vlsiModel_mac_mulmb6': 1 instance(s).
INFO: [RTGEN 206-100] Generating core module 'vlsiModel_mul_64sbkb': 1 instance(s).
INFO: [RTGEN 206-100] Generating core module 'vlsiModel_mul_muleOg': 1 instance(s).
INFO: [RTGEN 206-100] Generating core module 'vlsiModel_mul_mullbW': 1 instance(s).
INFO: [RTGEN 206-100] Finished creating RTL model for 'k2c_matmul'.
INFO: [HLS 200-111]  Elapsed time: 0.534 seconds; current allocated memory: 297.539 MB.
INFO: [HLS 200-10] ----------------------------------------------------------------
INFO: [HLS 200-10] -- Generating RTL for module 'k2c_dot' 
INFO: [HLS 200-10] ----------------------------------------------------------------
INFO: [SYN 201-210] Renamed object name 'k2c_dot_dense_1_fwork' to 'k2c_dot_dense_1_fncg' due to the length limit 20
INFO: [RTGEN 206-100] Generating core module 'vlsiModel_udiv_64hbi': 4 instance(s).
INFO: [RTGEN 206-100] Generating core module 'vlsiModel_urem_64jbC': 2 instance(s).
INFO: [RTGEN 206-100] Finished creating RTL model for 'k2c_dot'.
INFO: [HLS 200-111]  Elapsed time: 0.52 seconds; current allocated memory: 300.410 MB.
INFO: [HLS 200-10] ----------------------------------------------------------------
INFO: [HLS 200-10] -- Generating RTL for module 'k2c_dense_3' 
INFO: [HLS 200-10] ----------------------------------------------------------------
INFO: [RTGEN 206-100] Generating core module 'vlsiModel_fadd_32cud': 1 instance(s).
INFO: [RTGEN 206-100] Generating core module 'vlsiModel_mul_64sbkb': 1 instance(s).
INFO: [RTGEN 206-100] Finished creating RTL model for 'k2c_dense_3'.
INFO: [HLS 200-111]  Elapsed time: 1.007 seconds; current allocated memory: 301.375 MB.
INFO: [HLS 200-10] ----------------------------------------------------------------
INFO: [HLS 200-10] -- Generating RTL for module 'k2c_matmul_1' 
INFO: [HLS 200-10] ----------------------------------------------------------------
INFO: [SYN 201-210] Renamed object name 'vlsiModel_mul_mul_12s_12s_12_1_1' to 'vlsiModel_mul_mulocq' due to the length limit 20
INFO: [SYN 201-210] Renamed object name 'vlsiModel_mac_muladd_12s_12s_12ns_12_1_1' to 'vlsiModel_mac_mulpcA' due to the length limit 20
INFO: [RTGEN 206-100] Generating core module 'vlsiModel_fadd_32cud': 1 instance(s).
INFO: [RTGEN 206-100] Generating core module 'vlsiModel_fmul_32dEe': 1 instance(s).
INFO: [RTGEN 206-100] Generating core module 'vlsiModel_mac_mulpcA': 1 instance(s).
INFO: [RTGEN 206-100] Generating core module 'vlsiModel_mul_64sbkb': 1 instance(s).
INFO: [RTGEN 206-100] Generating core module 'vlsiModel_mul_muleOg': 1 instance(s).
INFO: [RTGEN 206-100] Generating core module 'vlsiModel_mul_mulocq': 1 instance(s).
INFO: [RTGEN 206-100] Finished creating RTL model for 'k2c_matmul_1'.
INFO: [HLS 200-111]  Elapsed time: 0.654 seconds; current allocated memory: 302.117 MB.
INFO: [HLS 200-10] ----------------------------------------------------------------
INFO: [HLS 200-10] -- Generating RTL for module 'k2c_dot_1' 
INFO: [HLS 200-10] ----------------------------------------------------------------
INFO: [SYN 201-210] Renamed object name 'k2c_dot_1_dense_2_fwork' to 'k2c_dot_1_dense_2qcK' due to the length limit 20
INFO: [RTGEN 206-100] Generating core module 'vlsiModel_udiv_64hbi': 4 instance(s).
INFO: [RTGEN 206-100] Generating core module 'vlsiModel_urem_64jbC': 2 instance(s).
INFO: [RTGEN 206-100] Finished creating RTL model for 'k2c_dot_1'.
INFO: [HLS 200-111]  Elapsed time: 0.683 seconds; current allocated memory: 304.904 MB.
INFO: [HLS 200-10] ----------------------------------------------------------------
INFO: [HLS 200-10] -- Generating RTL for module 'k2c_dense_2' 
INFO: [HLS 200-10] ----------------------------------------------------------------
INFO: [RTGEN 206-100] Generating core module 'vlsiModel_fadd_32cud': 1 instance(s).
INFO: [RTGEN 206-100] Generating core module 'vlsiModel_mul_64sbkb': 1 instance(s).
INFO: [RTGEN 206-100] Finished creating RTL model for 'k2c_dense_2'.
INFO: [HLS 200-111]  Elapsed time: 0.937 seconds; current allocated memory: 305.750 MB.
INFO: [HLS 200-10] ----------------------------------------------------------------
INFO: [HLS 200-10] -- Generating RTL for module 'k2c_matmul_2' 
INFO: [HLS 200-10] ----------------------------------------------------------------
INFO: [SYN 201-210] Renamed object name 'vlsiModel_mul_mul_10s_10s_10_1_1' to 'vlsiModel_mul_mulrcU' due to the length limit 20
INFO: [SYN 201-210] Renamed object name 'vlsiModel_mac_muladd_10s_10s_10ns_10_1_1' to 'vlsiModel_mac_mulsc4' due to the length limit 20
INFO: [RTGEN 206-100] Generating core module 'vlsiModel_fadd_32cud': 1 instance(s).
INFO: [RTGEN 206-100] Generating core module 'vlsiModel_fmul_32dEe': 1 instance(s).
INFO: [RTGEN 206-100] Generating core module 'vlsiModel_mac_mulsc4': 1 instance(s).
INFO: [RTGEN 206-100] Generating core module 'vlsiModel_mul_64sbkb': 1 instance(s).
INFO: [RTGEN 206-100] Generating core module 'vlsiModel_mul_muleOg': 1 instance(s).
INFO: [RTGEN 206-100] Generating core module 'vlsiModel_mul_mulrcU': 1 instance(s).
INFO: [RTGEN 206-100] Finished creating RTL model for 'k2c_matmul_2'.
INFO: [HLS 200-111]  Elapsed time: 0.55 seconds; current allocated memory: 306.707 MB.
INFO: [HLS 200-10] ----------------------------------------------------------------
INFO: [HLS 200-10] -- Generating RTL for module 'k2c_dot_2' 
INFO: [HLS 200-10] ----------------------------------------------------------------
INFO: [SYN 201-210] Renamed object name 'k2c_dot_2_dense_3_fwork' to 'k2c_dot_2_dense_3tde' due to the length limit 20
INFO: [RTGEN 206-100] Generating core module 'vlsiModel_udiv_64hbi': 4 instance(s).
INFO: [RTGEN 206-100] Generating core module 'vlsiModel_urem_64jbC': 2 instance(s).
INFO: [RTGEN 206-100] Finished creating RTL model for 'k2c_dot_2'.
INFO: [HLS 200-111]  Elapsed time: 0.566 seconds; current allocated memory: 309.512 MB.
INFO: [HLS 200-10] ----------------------------------------------------------------
INFO: [HLS 200-10] -- Generating RTL for module 'k2c_softmax_func' 
INFO: [HLS 200-10] ----------------------------------------------------------------
INFO: [SYN 201-210] Renamed object name 'vlsiModel_faddfsub_32ns_32ns_32_5_full_dsp_1' to 'vlsiModel_faddfsuudo' due to the length limit 20
INFO: [SYN 201-210] Renamed object name 'vlsiModel_fdiv_32ns_32ns_32_12_1' to 'vlsiModel_fdiv_32vdy' due to the length limit 20
INFO: [SYN 201-210] Renamed object name 'vlsiModel_fexp_32ns_32ns_32_8_full_dsp_1' to 'vlsiModel_fexp_32wdI' due to the length limit 20
INFO: [RTGEN 206-100] Generating core module 'vlsiModel_faddfsuudo': 1 instance(s).
INFO: [RTGEN 206-100] Generating core module 'vlsiModel_fcmp_32kbM': 1 instance(s).
INFO: [RTGEN 206-100] Generating core module 'vlsiModel_fdiv_32vdy': 1 instance(s).
INFO: [RTGEN 206-100] Generating core module 'vlsiModel_fexp_32wdI': 1 instance(s).
INFO: [RTGEN 206-100] Generating core module 'vlsiModel_fmul_32dEe': 1 instance(s).
INFO: [RTGEN 206-100] Finished creating RTL model for 'k2c_softmax_func'.
INFO: [HLS 200-111]  Elapsed time: 1.322 seconds; current allocated memory: 310.375 MB.
INFO: [HLS 200-10] ----------------------------------------------------------------
INFO: [HLS 200-10] -- Generating RTL for module 'k2c_dense_1' 
INFO: [HLS 200-10] ----------------------------------------------------------------
INFO: [RTGEN 206-100] Generating core module 'vlsiModel_fadd_32cud': 1 instance(s).
INFO: [RTGEN 206-100] Generating core module 'vlsiModel_mul_64sbkb': 1 instance(s).
INFO: [RTGEN 206-100] Finished creating RTL model for 'k2c_dense_1'.
INFO: [HLS 200-111]  Elapsed time: 0.485 seconds; current allocated memory: 311.270 MB.
INFO: [HLS 200-10] ----------------------------------------------------------------
INFO: [HLS 200-10] -- Generating RTL for module 'vlsiModel' 
INFO: [HLS 200-10] ----------------------------------------------------------------
INFO: [RTGEN 206-500] Setting interface mode on port 'vlsiModel/dense_input_input_array' to 'ap_memory'.
INFO: [RTGEN 206-500] Setting interface mode on port 'vlsiModel/dense_input_input_ndim' to 'ap_none'.
INFO: [RTGEN 206-500] Setting interface mode on port 'vlsiModel/dense_input_input_numel' to 'ap_none'.
INFO: [RTGEN 206-500] Setting interface mode on port 'vlsiModel/dense_input_input_shape' to 'ap_memory'.
INFO: [RTGEN 206-500] Setting interface mode on port 'vlsiModel/dense_3_output_array' to 'ap_memory'.
INFO: [RTGEN 206-500] Setting interface mode on port 'vlsiModel/dense_3_output_ndim' to 'ap_none'.
INFO: [RTGEN 206-500] Setting interface mode on port 'vlsiModel/dense_3_output_numel' to 'ap_none'.
INFO: [RTGEN 206-500] Setting interface mode on port 'vlsiModel/dense_3_output_shape' to 'ap_memory'.
INFO: [RTGEN 206-500] Setting interface mode on function 'vlsiModel' to 'ap_ctrl_hs'.
WARNING: [RTGEN 206-101] Register 'dense_output_ndim' is power-on initialization.
WARNING: [RTGEN 206-101] Global scalar 'dense_output_ndim' will not be exposed as RTL port.
WARNING: [RTGEN 206-101] Register 'dense_output_numel' is power-on initialization.
WARNING: [RTGEN 206-101] Global scalar 'dense_output_numel' will not be exposed as RTL port.
WARNING: [RTGEN 206-101] Global array 'dense_output_array' will not be exposed as RTL port.
INFO: [SYN 201-210] Renamed object name 'vlsiModel_dense_output_array' to 'vlsiModel_dense_oxdS' due to the length limit 20
INFO: [SYN 201-210] Renamed object name 'vlsiModel_dense_kernel_array' to 'vlsiModel_dense_kyd2' due to the length limit 20
WARNING: [RTGEN 206-101] Global array 'dense_kernel_array_0' will not be exposed as RTL port.
INFO: [SYN 201-210] Renamed object name 'vlsiModel_dense_kernel_array_0' to 'vlsiModel_dense_kzec' due to the length limit 20
INFO: [SYN 201-210] Renamed object name 'vlsiModel_dense_bias_array' to 'vlsiModel_dense_bAem' due to the length limit 20
WARNING: [RTGEN 206-101] Global array 'dense_bias_array_1' will not be exposed as RTL port.
INFO: [SYN 201-210] Renamed object name 'vlsiModel_dense_bias_array_1' to 'vlsiModel_dense_bBew' due to the length limit 20
WARNING: [RTGEN 206-101] Register 'dense_1_output_ndim' is power-on initialization.
WARNING: [RTGEN 206-101] Global scalar 'dense_1_output_ndim' will not be exposed as RTL port.
WARNING: [RTGEN 206-101] Register 'dense_1_output_numel' is power-on initialization.
WARNING: [RTGEN 206-101] Global scalar 'dense_1_output_numel' will not be exposed as RTL port.
WARNING: [RTGEN 206-101] Global array 'dense_1_output_array' will not be exposed as RTL port.
INFO: [SYN 201-210] Renamed object name 'vlsiModel_dense_1_output_array' to 'vlsiModel_dense_1CeG' due to the length limit 20
WARNING: [RTGEN 206-101] Register 'dense_1_kernel_ndim' is power-on initialization.
WARNING: [RTGEN 206-101] Global scalar 'dense_1_kernel_ndim' will not be exposed as RTL port.
WARNING: [RTGEN 206-101] Register 'dense_1_kernel_numel' is power-on initialization.
WARNING: [RTGEN 206-101] Global scalar 'dense_1_kernel_numel' will not be exposed as RTL port.
INFO: [SYN 201-210] Renamed object name 'vlsiModel_dense_1_kernel_array' to 'vlsiModel_dense_1DeQ' due to the length limit 20
WARNING: [RTGEN 206-101] Global array 'dense_1_kernel_array_6' will not be exposed as RTL port.
INFO: [SYN 201-210] Renamed object name 'vlsiModel_dense_1_kernel_array_6' to 'vlsiModel_dense_1Ee0' due to the length limit 20
WARNING: [RTGEN 206-101] Register 'dense_1_bias_numel' is power-on initialization.
WARNING: [RTGEN 206-101] Global scalar 'dense_1_bias_numel' will not be exposed as RTL port.
INFO: [SYN 201-210] Renamed object name 'vlsiModel_dense_1_bias_array' to 'vlsiModel_dense_1Ffa' due to the length limit 20
WARNING: [RTGEN 206-101] Global array 'dense_1_bias_array_7' will not be exposed as RTL port.
INFO: [SYN 201-210] Renamed object name 'vlsiModel_dense_1_bias_array_7' to 'vlsiModel_dense_1Gfk' due to the length limit 20
WARNING: [RTGEN 206-101] Register 'dense_2_output_ndim' is power-on initialization.
WARNING: [RTGEN 206-101] Global scalar 'dense_2_output_ndim' will not be exposed as RTL port.
WARNING: [RTGEN 206-101] Register 'dense_2_output_numel' is power-on initialization.
WARNING: [RTGEN 206-101] Global scalar 'dense_2_output_numel' will not be exposed as RTL port.
WARNING: [RTGEN 206-101] Global array 'dense_2_output_array' will not be exposed as RTL port.
INFO: [SYN 201-210] Renamed object name 'vlsiModel_dense_2_output_array' to 'vlsiModel_dense_2Hfu' due to the length limit 20
WARNING: [RTGEN 206-101] Register 'dense_2_kernel_ndim' is power-on initialization.
WARNING: [RTGEN 206-101] Global scalar 'dense_2_kernel_ndim' will not be exposed as RTL port.
WARNING: [RTGEN 206-101] Register 'dense_2_kernel_numel' is power-on initialization.
WARNING: [RTGEN 206-101] Global scalar 'dense_2_kernel_numel' will not be exposed as RTL port.
INFO: [SYN 201-210] Renamed object name 'vlsiModel_dense_2_kernel_array' to 'vlsiModel_dense_2IfE' due to the length limit 20
WARNING: [RTGEN 206-101] Global array 'dense_2_kernel_array_4' will not be exposed as RTL port.
INFO: [SYN 201-210] Renamed object name 'vlsiModel_dense_2_kernel_array_4' to 'vlsiModel_dense_2JfO' due to the length limit 20
WARNING: [RTGEN 206-101] Register 'dense_2_bias_numel' is power-on initialization.
WARNING: [RTGEN 206-101] Global scalar 'dense_2_bias_numel' will not be exposed as RTL port.
INFO: [SYN 201-210] Renamed object name 'vlsiModel_dense_2_bias_array' to 'vlsiModel_dense_2KfY' due to the length limit 20
WARNING: [RTGEN 206-101] Global array 'dense_2_bias_array_5' will not be exposed as RTL port.
INFO: [SYN 201-210] Renamed object name 'vlsiModel_dense_2_bias_array_5' to 'vlsiModel_dense_2Lf8' due to the length limit 20
WARNING: [RTGEN 206-101] Register 'dense_3_kernel_ndim' is power-on initialization.
WARNING: [RTGEN 206-101] Global scalar 'dense_3_kernel_ndim' will not be exposed as RTL port.
WARNING: [RTGEN 206-101] Register 'dense_3_kernel_numel' is power-on initialization.
WARNING: [RTGEN 206-101] Global scalar 'dense_3_kernel_numel' will not be exposed as RTL port.
INFO: [SYN 201-210] Renamed object name 'vlsiModel_dense_3_kernel_array' to 'vlsiModel_dense_3Mgi' due to the length limit 20
WARNING: [RTGEN 206-101] Global array 'dense_3_kernel_array_2' will not be exposed as RTL port.
INFO: [SYN 201-210] Renamed object name 'vlsiModel_dense_3_kernel_array_2' to 'vlsiModel_dense_3Ngs' due to the length limit 20
INFO: [SYN 201-210] Renamed object name 'vlsiModel_dense_3_bias_array' to 'vlsiModel_dense_3OgC' due to the length limit 20
WARNING: [RTGEN 206-101] Global array 'dense_3_bias_array_3' will not be exposed as RTL port.
INFO: [SYN 201-210] Renamed object name 'vlsiModel_dense_3_bias_array_3' to 'vlsiModel_dense_3PgM' due to the length limit 20
WARNING: [RTGEN 206-101] Register 'dense_3_bias_numel' is power-on initialization.
WARNING: [RTGEN 206-101] Global scalar 'dense_3_bias_numel' will not be exposed as RTL port.
WARNING: [RTGEN 206-101] Global array 'dense_fwork' will not be exposed as RTL port.
WARNING: [RTGEN 206-101] Global array 'dense_kernel_shape' will not be exposed as RTL port.
INFO: [SYN 201-210] Renamed object name 'vlsiModel_dense_kernel_shape' to 'vlsiModel_dense_kQgW' due to the length limit 20
WARNING: [RTGEN 206-101] Global array 'dense_1_fwork' will not be exposed as RTL port.
WARNING: [RTGEN 206-101] Global array 'dense_output_shape' will not be exposed as RTL port.
INFO: [SYN 201-210] Renamed object name 'vlsiModel_dense_output_shape' to 'vlsiModel_dense_oRg6' due to the length limit 20
WARNING: [RTGEN 206-101] Global array 'dense_1_kernel_shape' will not be exposed as RTL port.
INFO: [SYN 201-210] Renamed object name 'vlsiModel_dense_1_kernel_shape' to 'vlsiModel_dense_1Shg' due to the length limit 20
WARNING: [RTGEN 206-101] Global array 'dense_2_fwork' will not be exposed as RTL port.
WARNING: [RTGEN 206-101] Global array 'dense_1_output_shape' will not be exposed as RTL port.
INFO: [SYN 201-210] Renamed object name 'vlsiModel_dense_1_output_shape' to 'vlsiModel_dense_1Thq' due to the length limit 20
WARNING: [RTGEN 206-101] Global array 'dense_2_kernel_shape' will not be exposed as RTL port.
INFO: [SYN 201-210] Renamed object name 'vlsiModel_dense_2_kernel_shape' to 'vlsiModel_dense_2UhA' due to the length limit 20
WARNING: [RTGEN 206-101] Global array 'dense_3_fwork' will not be exposed as RTL port.
WARNING: [RTGEN 206-101] Global array 'dense_2_output_shape' will not be exposed as RTL port.
INFO: [SYN 201-210] Renamed object name 'vlsiModel_dense_2_output_shape' to 'vlsiModel_dense_2VhK' due to the length limit 20
WARNING: [RTGEN 206-101] Global array 'dense_3_kernel_shape' will not be exposed as RTL port.
INFO: [SYN 201-210] Renamed object name 'vlsiModel_dense_3_kernel_shape' to 'vlsiModel_dense_3WhU' due to the length limit 20
WARNING: [RTGEN 206-101] Port 'vlsiModel/dense_3_output_ndim' has no fanin or fanout and is left dangling.
               Please use C simulation to confirm this function argument can be read from or written to.
WARNING: [RTGEN 206-101] Port 'vlsiModel/dense_3_output_shape_address0' has no fanin or fanout and is left dangling.
               Please use C simulation to confirm this function argument can be read from or written to.
WARNING: [RTGEN 206-101] Setting dangling out port 'vlsiModel/dense_3_output_shape_address0' to 0.
WARNING: [RTGEN 206-101] Port 'vlsiModel/dense_3_output_shape_ce0' has no fanin or fanout and is left dangling.
               Please use C simulation to confirm this function argument can be read from or written to.
WARNING: [RTGEN 206-101] Setting dangling out port 'vlsiModel/dense_3_output_shape_ce0' to 0.
WARNING: [RTGEN 206-101] Port 'vlsiModel/dense_3_output_shape_we0' has no fanin or fanout and is left dangling.
               Please use C simulation to confirm this function argument can be read from or written to.
WARNING: [RTGEN 206-101] Setting dangling out port 'vlsiModel/dense_3_output_shape_we0' to 0.
WARNING: [RTGEN 206-101] Port 'vlsiModel/dense_3_output_shape_d0' has no fanin or fanout and is left dangling.
               Please use C simulation to confirm this function argument can be read from or written to.
WARNING: [RTGEN 206-101] Setting dangling out port 'vlsiModel/dense_3_output_shape_d0' to 0.
WARNING: [RTGEN 206-101] Port 'vlsiModel/dense_3_output_shape_q0' has no fanin or fanout and is left dangling.
               Please use C simulation to confirm this function argument can be read from or written to.
WARNING: [RTGEN 206-101] Port 'vlsiModel/dense_3_output_shape_address1' has no fanin or fanout and is left dangling.
               Please use C simulation to confirm this function argument can be read from or written to.
WARNING: [RTGEN 206-101] Setting dangling out port 'vlsiModel/dense_3_output_shape_address1' to 0.
WARNING: [RTGEN 206-101] Port 'vlsiModel/dense_3_output_shape_ce1' has no fanin or fanout and is left dangling.
               Please use C simulation to confirm this function argument can be read from or written to.
WARNING: [RTGEN 206-101] Setting dangling out port 'vlsiModel/dense_3_output_shape_ce1' to 0.
WARNING: [RTGEN 206-101] Port 'vlsiModel/dense_3_output_shape_we1' has no fanin or fanout and is left dangling.
               Please use C simulation to confirm this function argument can be read from or written to.
WARNING: [RTGEN 206-101] Setting dangling out port 'vlsiModel/dense_3_output_shape_we1' to 0.
WARNING: [RTGEN 206-101] Port 'vlsiModel/dense_3_output_shape_d1' has no fanin or fanout and is left dangling.
               Please use C simulation to confirm this function argument can be read from or written to.
WARNING: [RTGEN 206-101] Setting dangling out port 'vlsiModel/dense_3_output_shape_d1' to 0.
WARNING: [RTGEN 206-101] Port 'vlsiModel/dense_3_output_shape_q1' has no fanin or fanout and is left dangling.
               Please use C simulation to confirm this function argument can be read from or written to.
INFO: [RTGEN 206-100] Finished creating RTL model for 'vlsiModel'.
INFO: [HLS 200-111]  Elapsed time: 3.521 seconds; current allocated memory: 313.339 MB.
INFO: [RTMG 210-282] Generating pipelined core: 'vlsiModel_mul_64sbkb_MulnS_0'
INFO: [RTMG 210-282] Generating pipelined core: 'vlsiModel_udiv_64hbi_div'
INFO: [RTMG 210-282] Generating pipelined core: 'vlsiModel_udiv_20ibs_div'
INFO: [RTMG 210-282] Generating pipelined core: 'vlsiModel_urem_64jbC_div'
INFO: [RTMG 210-278] Implementing memory 'k2c_dot_3_dense_fg8j_ram (RAM)' using block RAMs with power-on initialization.
INFO: [RTMG 210-278] Implementing memory 'k2c_dot_3_permA_ram (RAM)' using distributed RAMs.
INFO: [RTMG 210-278] Implementing memory 'k2c_dot_3_permB_ram (RAM)' using distributed RAMs.
INFO: [RTMG 210-278] Implementing memory 'k2c_dot_dense_1_fncg_ram (RAM)' using block RAMs with power-on initialization.
INFO: [RTMG 210-278] Implementing memory 'k2c_dot_1_dense_2qcK_ram (RAM)' using block RAMs with power-on initialization.
INFO: [RTMG 210-278] Implementing memory 'k2c_dot_2_dense_3tde_ram (RAM)' using block RAMs with power-on initialization.
INFO: [RTMG 210-278] Implementing memory 'vlsiModel_dense_oxdS_ram (RAM)' using block RAMs with power-on initialization.
INFO: [RTMG 210-279] Implementing memory 'vlsiModel_dense_kyd2_rom' using auto ROMs.
INFO: [RTMG 210-279] Implementing memory 'vlsiModel_dense_bAem_rom' using auto ROMs.
INFO: [RTMG 210-279] Implementing memory 'vlsiModel_dense_1DeQ_rom' using auto ROMs.
INFO: [RTMG 210-279] Implementing memory 'vlsiModel_dense_1Ffa_rom' using auto ROMs.
INFO: [RTMG 210-279] Implementing memory 'vlsiModel_dense_2IfE_rom' using auto ROMs.
INFO: [RTMG 210-279] Implementing memory 'vlsiModel_dense_2KfY_rom' using distributed ROMs.
INFO: [RTMG 210-279] Implementing memory 'vlsiModel_dense_3Mgi_rom' using auto ROMs.
INFO: [RTMG 210-279] Implementing memory 'vlsiModel_dense_3OgC_rom' using distributed ROMs.
INFO: [RTMG 210-278] Implementing memory 'vlsiModel_dense_kQgW_ram (RAM)' using block RAMs with power-on initialization.
INFO: [HLS 200-111] Finished generating all RTL models Time (s): cpu = 00:00:13 ; elapsed = 00:00:59 . Memory (MB): peak = 448.305 ; gain = 392.301
INFO: [SYSC 207-301] Generating SystemC RTL for vlsiModel.
INFO: [VHDL 208-304] Generating VHDL RTL for vlsiModel.
INFO: [VLOG 209-307] Generating Verilog RTL for vlsiModel.
INFO: [HLS 200-112] Total elapsed time: 59.801 seconds; peak allocated memory: 313.339 MB.
