

================================================================
== Vivado HLS Report for 'relu_ap_fixed_16_6_5_3_0_ap_fixed_16_6_5_3_0_relu_config5_s'
================================================================
* Date:           Tue Apr 23 23:42:58 2024

* Version:        2018.2 (Build 2258646 on Thu Jun 14 20:25:20 MDT 2018)
* Project:        myproject_prj
* Solution:       solution1
* Product family: artix7
* Target device:  xc7a200tfbg676-2


================================================================
== Performance Estimates
================================================================
+ Timing (ns): 
    * Summary: 
    +--------+-------+----------+------------+
    |  Clock | Target| Estimated| Uncertainty|
    +--------+-------+----------+------------+
    |ap_clk  |  10.00|     2.817|        1.25|
    +--------+-------+----------+------------+

+ Latency (clock cycles): 
    * Summary: 
    +-----+-----+-----+-----+----------+
    |  Latency  |  Interval | Pipeline |
    | min | max | min | max |   Type   |
    +-----+-----+-----+-----+----------+
    |    0|    0|    1|    1| function |
    +-----+-----+-----+-----+----------+

    + Detail: 
        * Instance: 
        N/A

        * Loop: 
        N/A

============================================================
+ Verbose Summary: Synthesis Manager
============================================================
InlineROM: 1
ExposeGlobal: 0
============================================================
+ Verbose Summary: CDFG Model
============================================================
IsTopModel: 0
ResetActiveHigh: 1
IsCombinational: 0
IsDatapathOnly: 0
HasWiredReturn: 1
HasMFsm: 2
HasVarLatency: 0
IsPipeline: 1
IsRtlPipelined: 0
IsInstanceOverlapped: 0
IsDontTouch: 0
HasImplIP: 0
IsGatedGlobalClock: 0

+ Individual pipeline summary: 
  * Pipeline-0: initiation interval (II) = 1, depth = 1


============================================================
+ Verbose Summary: Schedule
============================================================
* Number of FSM states : 1
* Pipeline : 1
  Pipeline-0 : II = 1, D = 1, States = { 1 }
* Dataflow Pipeline: 0

* FSM state transitions: 
1 --> 

* FSM state operations: 

State 1 <SV = 0> <Delay = 2.81>
ST_1 : Operation 2 [1/1] (0.00ns)   --->   "%data_49_V_read_1 = call i16 @_ssdm_op_Read.ap_auto.i16(i16 %data_49_V_read)"   --->   Operation 2 'read' 'data_49_V_read_1' <Predicate = true> <Delay = 0.00>
ST_1 : Operation 3 [1/1] (0.00ns)   --->   "%data_48_V_read_1 = call i16 @_ssdm_op_Read.ap_auto.i16(i16 %data_48_V_read)"   --->   Operation 3 'read' 'data_48_V_read_1' <Predicate = true> <Delay = 0.00>
ST_1 : Operation 4 [1/1] (0.00ns)   --->   "%data_47_V_read_1 = call i16 @_ssdm_op_Read.ap_auto.i16(i16 %data_47_V_read)"   --->   Operation 4 'read' 'data_47_V_read_1' <Predicate = true> <Delay = 0.00>
ST_1 : Operation 5 [1/1] (0.00ns)   --->   "%data_46_V_read_1 = call i16 @_ssdm_op_Read.ap_auto.i16(i16 %data_46_V_read)"   --->   Operation 5 'read' 'data_46_V_read_1' <Predicate = true> <Delay = 0.00>
ST_1 : Operation 6 [1/1] (0.00ns)   --->   "%data_45_V_read_1 = call i16 @_ssdm_op_Read.ap_auto.i16(i16 %data_45_V_read)"   --->   Operation 6 'read' 'data_45_V_read_1' <Predicate = true> <Delay = 0.00>
ST_1 : Operation 7 [1/1] (0.00ns)   --->   "%data_44_V_read_1 = call i16 @_ssdm_op_Read.ap_auto.i16(i16 %data_44_V_read)"   --->   Operation 7 'read' 'data_44_V_read_1' <Predicate = true> <Delay = 0.00>
ST_1 : Operation 8 [1/1] (0.00ns)   --->   "%data_43_V_read_1 = call i16 @_ssdm_op_Read.ap_auto.i16(i16 %data_43_V_read)"   --->   Operation 8 'read' 'data_43_V_read_1' <Predicate = true> <Delay = 0.00>
ST_1 : Operation 9 [1/1] (0.00ns)   --->   "%data_42_V_read_1 = call i16 @_ssdm_op_Read.ap_auto.i16(i16 %data_42_V_read)"   --->   Operation 9 'read' 'data_42_V_read_1' <Predicate = true> <Delay = 0.00>
ST_1 : Operation 10 [1/1] (0.00ns)   --->   "%data_41_V_read_1 = call i16 @_ssdm_op_Read.ap_auto.i16(i16 %data_41_V_read)"   --->   Operation 10 'read' 'data_41_V_read_1' <Predicate = true> <Delay = 0.00>
ST_1 : Operation 11 [1/1] (0.00ns)   --->   "%data_40_V_read_1 = call i16 @_ssdm_op_Read.ap_auto.i16(i16 %data_40_V_read)"   --->   Operation 11 'read' 'data_40_V_read_1' <Predicate = true> <Delay = 0.00>
ST_1 : Operation 12 [1/1] (0.00ns)   --->   "%data_39_V_read_1 = call i16 @_ssdm_op_Read.ap_auto.i16(i16 %data_39_V_read)"   --->   Operation 12 'read' 'data_39_V_read_1' <Predicate = true> <Delay = 0.00>
ST_1 : Operation 13 [1/1] (0.00ns)   --->   "%data_38_V_read_1 = call i16 @_ssdm_op_Read.ap_auto.i16(i16 %data_38_V_read)"   --->   Operation 13 'read' 'data_38_V_read_1' <Predicate = true> <Delay = 0.00>
ST_1 : Operation 14 [1/1] (0.00ns)   --->   "%data_37_V_read_1 = call i16 @_ssdm_op_Read.ap_auto.i16(i16 %data_37_V_read)"   --->   Operation 14 'read' 'data_37_V_read_1' <Predicate = true> <Delay = 0.00>
ST_1 : Operation 15 [1/1] (0.00ns)   --->   "%data_36_V_read_1 = call i16 @_ssdm_op_Read.ap_auto.i16(i16 %data_36_V_read)"   --->   Operation 15 'read' 'data_36_V_read_1' <Predicate = true> <Delay = 0.00>
ST_1 : Operation 16 [1/1] (0.00ns)   --->   "%data_35_V_read_1 = call i16 @_ssdm_op_Read.ap_auto.i16(i16 %data_35_V_read)"   --->   Operation 16 'read' 'data_35_V_read_1' <Predicate = true> <Delay = 0.00>
ST_1 : Operation 17 [1/1] (0.00ns)   --->   "%data_34_V_read_1 = call i16 @_ssdm_op_Read.ap_auto.i16(i16 %data_34_V_read)"   --->   Operation 17 'read' 'data_34_V_read_1' <Predicate = true> <Delay = 0.00>
ST_1 : Operation 18 [1/1] (0.00ns)   --->   "%data_33_V_read_1 = call i16 @_ssdm_op_Read.ap_auto.i16(i16 %data_33_V_read)"   --->   Operation 18 'read' 'data_33_V_read_1' <Predicate = true> <Delay = 0.00>
ST_1 : Operation 19 [1/1] (0.00ns)   --->   "%data_32_V_read_1 = call i16 @_ssdm_op_Read.ap_auto.i16(i16 %data_32_V_read)"   --->   Operation 19 'read' 'data_32_V_read_1' <Predicate = true> <Delay = 0.00>
ST_1 : Operation 20 [1/1] (0.00ns)   --->   "%data_31_V_read_1 = call i16 @_ssdm_op_Read.ap_auto.i16(i16 %data_31_V_read)"   --->   Operation 20 'read' 'data_31_V_read_1' <Predicate = true> <Delay = 0.00>
ST_1 : Operation 21 [1/1] (0.00ns)   --->   "%data_30_V_read_1 = call i16 @_ssdm_op_Read.ap_auto.i16(i16 %data_30_V_read)"   --->   Operation 21 'read' 'data_30_V_read_1' <Predicate = true> <Delay = 0.00>
ST_1 : Operation 22 [1/1] (0.00ns)   --->   "%data_29_V_read_1 = call i16 @_ssdm_op_Read.ap_auto.i16(i16 %data_29_V_read)"   --->   Operation 22 'read' 'data_29_V_read_1' <Predicate = true> <Delay = 0.00>
ST_1 : Operation 23 [1/1] (0.00ns)   --->   "%data_28_V_read_1 = call i16 @_ssdm_op_Read.ap_auto.i16(i16 %data_28_V_read)"   --->   Operation 23 'read' 'data_28_V_read_1' <Predicate = true> <Delay = 0.00>
ST_1 : Operation 24 [1/1] (0.00ns)   --->   "%data_27_V_read_1 = call i16 @_ssdm_op_Read.ap_auto.i16(i16 %data_27_V_read)"   --->   Operation 24 'read' 'data_27_V_read_1' <Predicate = true> <Delay = 0.00>
ST_1 : Operation 25 [1/1] (0.00ns)   --->   "%data_26_V_read_1 = call i16 @_ssdm_op_Read.ap_auto.i16(i16 %data_26_V_read)"   --->   Operation 25 'read' 'data_26_V_read_1' <Predicate = true> <Delay = 0.00>
ST_1 : Operation 26 [1/1] (0.00ns)   --->   "%data_25_V_read_1 = call i16 @_ssdm_op_Read.ap_auto.i16(i16 %data_25_V_read)"   --->   Operation 26 'read' 'data_25_V_read_1' <Predicate = true> <Delay = 0.00>
ST_1 : Operation 27 [1/1] (0.00ns)   --->   "%data_24_V_read_2 = call i16 @_ssdm_op_Read.ap_auto.i16(i16 %data_24_V_read)"   --->   Operation 27 'read' 'data_24_V_read_2' <Predicate = true> <Delay = 0.00>
ST_1 : Operation 28 [1/1] (0.00ns)   --->   "%data_23_V_read_2 = call i16 @_ssdm_op_Read.ap_auto.i16(i16 %data_23_V_read)"   --->   Operation 28 'read' 'data_23_V_read_2' <Predicate = true> <Delay = 0.00>
ST_1 : Operation 29 [1/1] (0.00ns)   --->   "%data_22_V_read_2 = call i16 @_ssdm_op_Read.ap_auto.i16(i16 %data_22_V_read)"   --->   Operation 29 'read' 'data_22_V_read_2' <Predicate = true> <Delay = 0.00>
ST_1 : Operation 30 [1/1] (0.00ns)   --->   "%data_21_V_read_2 = call i16 @_ssdm_op_Read.ap_auto.i16(i16 %data_21_V_read)"   --->   Operation 30 'read' 'data_21_V_read_2' <Predicate = true> <Delay = 0.00>
ST_1 : Operation 31 [1/1] (0.00ns)   --->   "%data_20_V_read21 = call i16 @_ssdm_op_Read.ap_auto.i16(i16 %data_20_V_read)"   --->   Operation 31 'read' 'data_20_V_read21' <Predicate = true> <Delay = 0.00>
ST_1 : Operation 32 [1/1] (0.00ns)   --->   "%data_19_V_read_2 = call i16 @_ssdm_op_Read.ap_auto.i16(i16 %data_19_V_read)"   --->   Operation 32 'read' 'data_19_V_read_2' <Predicate = true> <Delay = 0.00>
ST_1 : Operation 33 [1/1] (0.00ns)   --->   "%data_18_V_read_2 = call i16 @_ssdm_op_Read.ap_auto.i16(i16 %data_18_V_read)"   --->   Operation 33 'read' 'data_18_V_read_2' <Predicate = true> <Delay = 0.00>
ST_1 : Operation 34 [1/1] (0.00ns)   --->   "%data_17_V_read_2 = call i16 @_ssdm_op_Read.ap_auto.i16(i16 %data_17_V_read)"   --->   Operation 34 'read' 'data_17_V_read_2' <Predicate = true> <Delay = 0.00>
ST_1 : Operation 35 [1/1] (0.00ns)   --->   "%data_16_V_read_2 = call i16 @_ssdm_op_Read.ap_auto.i16(i16 %data_16_V_read)"   --->   Operation 35 'read' 'data_16_V_read_2' <Predicate = true> <Delay = 0.00>
ST_1 : Operation 36 [1/1] (0.00ns)   --->   "%data_15_V_read_2 = call i16 @_ssdm_op_Read.ap_auto.i16(i16 %data_15_V_read)"   --->   Operation 36 'read' 'data_15_V_read_2' <Predicate = true> <Delay = 0.00>
ST_1 : Operation 37 [1/1] (0.00ns)   --->   "%data_14_V_read_2 = call i16 @_ssdm_op_Read.ap_auto.i16(i16 %data_14_V_read)"   --->   Operation 37 'read' 'data_14_V_read_2' <Predicate = true> <Delay = 0.00>
ST_1 : Operation 38 [1/1] (0.00ns)   --->   "%data_13_V_read_2 = call i16 @_ssdm_op_Read.ap_auto.i16(i16 %data_13_V_read)"   --->   Operation 38 'read' 'data_13_V_read_2' <Predicate = true> <Delay = 0.00>
ST_1 : Operation 39 [1/1] (0.00ns)   --->   "%data_12_V_read_2 = call i16 @_ssdm_op_Read.ap_auto.i16(i16 %data_12_V_read)"   --->   Operation 39 'read' 'data_12_V_read_2' <Predicate = true> <Delay = 0.00>
ST_1 : Operation 40 [1/1] (0.00ns)   --->   "%data_11_V_read_2 = call i16 @_ssdm_op_Read.ap_auto.i16(i16 %data_11_V_read)"   --->   Operation 40 'read' 'data_11_V_read_2' <Predicate = true> <Delay = 0.00>
ST_1 : Operation 41 [1/1] (0.00ns)   --->   "%data_10_V_read11 = call i16 @_ssdm_op_Read.ap_auto.i16(i16 %data_10_V_read)"   --->   Operation 41 'read' 'data_10_V_read11' <Predicate = true> <Delay = 0.00>
ST_1 : Operation 42 [1/1] (0.00ns)   --->   "%data_9_V_read_3 = call i16 @_ssdm_op_Read.ap_auto.i16(i16 %data_9_V_read)"   --->   Operation 42 'read' 'data_9_V_read_3' <Predicate = true> <Delay = 0.00>
ST_1 : Operation 43 [1/1] (0.00ns)   --->   "%data_8_V_read_3 = call i16 @_ssdm_op_Read.ap_auto.i16(i16 %data_8_V_read)"   --->   Operation 43 'read' 'data_8_V_read_3' <Predicate = true> <Delay = 0.00>
ST_1 : Operation 44 [1/1] (0.00ns)   --->   "%data_7_V_read_3 = call i16 @_ssdm_op_Read.ap_auto.i16(i16 %data_7_V_read)"   --->   Operation 44 'read' 'data_7_V_read_3' <Predicate = true> <Delay = 0.00>
ST_1 : Operation 45 [1/1] (0.00ns)   --->   "%data_6_V_read_3 = call i16 @_ssdm_op_Read.ap_auto.i16(i16 %data_6_V_read)"   --->   Operation 45 'read' 'data_6_V_read_3' <Predicate = true> <Delay = 0.00>
ST_1 : Operation 46 [1/1] (0.00ns)   --->   "%data_5_V_read_3 = call i16 @_ssdm_op_Read.ap_auto.i16(i16 %data_5_V_read)"   --->   Operation 46 'read' 'data_5_V_read_3' <Predicate = true> <Delay = 0.00>
ST_1 : Operation 47 [1/1] (0.00ns)   --->   "%data_4_V_read_3 = call i16 @_ssdm_op_Read.ap_auto.i16(i16 %data_4_V_read)"   --->   Operation 47 'read' 'data_4_V_read_3' <Predicate = true> <Delay = 0.00>
ST_1 : Operation 48 [1/1] (0.00ns)   --->   "%data_3_V_read_3 = call i16 @_ssdm_op_Read.ap_auto.i16(i16 %data_3_V_read)"   --->   Operation 48 'read' 'data_3_V_read_3' <Predicate = true> <Delay = 0.00>
ST_1 : Operation 49 [1/1] (0.00ns)   --->   "%data_2_V_read_3 = call i16 @_ssdm_op_Read.ap_auto.i16(i16 %data_2_V_read)"   --->   Operation 49 'read' 'data_2_V_read_3' <Predicate = true> <Delay = 0.00>
ST_1 : Operation 50 [1/1] (0.00ns)   --->   "%data_1_V_read_3 = call i16 @_ssdm_op_Read.ap_auto.i16(i16 %data_1_V_read)"   --->   Operation 50 'read' 'data_1_V_read_3' <Predicate = true> <Delay = 0.00>
ST_1 : Operation 51 [1/1] (0.00ns)   --->   "%data_0_V_read_3 = call i16 @_ssdm_op_Read.ap_auto.i16(i16 %data_0_V_read)"   --->   Operation 51 'read' 'data_0_V_read_3' <Predicate = true> <Delay = 0.00>
ST_1 : Operation 52 [1/1] (0.00ns)   --->   "call void (...)* @_ssdm_op_SpecPipeline(i32 -1, i32 1, i32 1, i32 0, [1 x i8]* @p_str9) nounwind" [firmware/nnet_utils/nnet_activation.h:40]   --->   Operation 52 'specpipeline' <Predicate = true> <Delay = 0.00>
ST_1 : Operation 53 [1/1] (1.97ns)   --->   "%tmp_s = icmp sgt i16 %data_0_V_read_3, 0" [firmware/nnet_utils/nnet_activation.h:45]   --->   Operation 53 'icmp' 'tmp_s' <Predicate = true> <Delay = 1.97> <Core = "Cmp">   --->   Core 25 'Cmp' <Latency = 0> <II = 1> <Delay = 1.97> <FuncUnit> <Opcode : 'icmp'> <InPorts = 2> <OutPorts = 1>
ST_1 : Operation 54 [1/1] (0.00ns)   --->   "%tmp = trunc i16 %data_0_V_read_3 to i15" [firmware/nnet_utils/nnet_activation.h:45]   --->   Operation 54 'trunc' 'tmp' <Predicate = (tmp_s)> <Delay = 0.00>
ST_1 : Operation 55 [1/1] (0.84ns)   --->   "%res_0_V_write_assign = select i1 %tmp_s, i15 %tmp, i15 0" [firmware/nnet_utils/nnet_activation.h:45]   --->   Operation 55 'select' 'res_0_V_write_assign' <Predicate = true> <Delay = 0.84> <Core = "Sel">   --->   Core 26 'Sel' <Latency = 0> <II = 1> <Delay = 0.84> <FuncUnit> <Opcode : 'select'> <InPorts = 3> <OutPorts = 1>
ST_1 : Operation 56 [1/1] (0.00ns)   --->   "%res_0_V_write_assign_cast = zext i15 %res_0_V_write_assign to i16" [firmware/nnet_utils/nnet_activation.h:45]   --->   Operation 56 'zext' 'res_0_V_write_assign_cast' <Predicate = true> <Delay = 0.00>
ST_1 : Operation 57 [1/1] (1.97ns)   --->   "%tmp_17_1 = icmp sgt i16 %data_1_V_read_3, 0" [firmware/nnet_utils/nnet_activation.h:45]   --->   Operation 57 'icmp' 'tmp_17_1' <Predicate = true> <Delay = 1.97> <Core = "Cmp">   --->   Core 25 'Cmp' <Latency = 0> <II = 1> <Delay = 1.97> <FuncUnit> <Opcode : 'icmp'> <InPorts = 2> <OutPorts = 1>
ST_1 : Operation 58 [1/1] (0.00ns)   --->   "%tmp_86 = trunc i16 %data_1_V_read_3 to i15" [firmware/nnet_utils/nnet_activation.h:45]   --->   Operation 58 'trunc' 'tmp_86' <Predicate = (tmp_17_1)> <Delay = 0.00>
ST_1 : Operation 59 [1/1] (0.84ns)   --->   "%res_1_V_write_assign = select i1 %tmp_17_1, i15 %tmp_86, i15 0" [firmware/nnet_utils/nnet_activation.h:45]   --->   Operation 59 'select' 'res_1_V_write_assign' <Predicate = true> <Delay = 0.84> <Core = "Sel">   --->   Core 26 'Sel' <Latency = 0> <II = 1> <Delay = 0.84> <FuncUnit> <Opcode : 'select'> <InPorts = 3> <OutPorts = 1>
ST_1 : Operation 60 [1/1] (0.00ns)   --->   "%res_1_V_write_assign_cast = zext i15 %res_1_V_write_assign to i16" [firmware/nnet_utils/nnet_activation.h:45]   --->   Operation 60 'zext' 'res_1_V_write_assign_cast' <Predicate = true> <Delay = 0.00>
ST_1 : Operation 61 [1/1] (1.97ns)   --->   "%tmp_17_2 = icmp sgt i16 %data_2_V_read_3, 0" [firmware/nnet_utils/nnet_activation.h:45]   --->   Operation 61 'icmp' 'tmp_17_2' <Predicate = true> <Delay = 1.97> <Core = "Cmp">   --->   Core 25 'Cmp' <Latency = 0> <II = 1> <Delay = 1.97> <FuncUnit> <Opcode : 'icmp'> <InPorts = 2> <OutPorts = 1>
ST_1 : Operation 62 [1/1] (0.00ns)   --->   "%tmp_87 = trunc i16 %data_2_V_read_3 to i15" [firmware/nnet_utils/nnet_activation.h:45]   --->   Operation 62 'trunc' 'tmp_87' <Predicate = (tmp_17_2)> <Delay = 0.00>
ST_1 : Operation 63 [1/1] (0.84ns)   --->   "%res_2_V_write_assign = select i1 %tmp_17_2, i15 %tmp_87, i15 0" [firmware/nnet_utils/nnet_activation.h:45]   --->   Operation 63 'select' 'res_2_V_write_assign' <Predicate = true> <Delay = 0.84> <Core = "Sel">   --->   Core 26 'Sel' <Latency = 0> <II = 1> <Delay = 0.84> <FuncUnit> <Opcode : 'select'> <InPorts = 3> <OutPorts = 1>
ST_1 : Operation 64 [1/1] (0.00ns)   --->   "%res_2_V_write_assign_cast = zext i15 %res_2_V_write_assign to i16" [firmware/nnet_utils/nnet_activation.h:45]   --->   Operation 64 'zext' 'res_2_V_write_assign_cast' <Predicate = true> <Delay = 0.00>
ST_1 : Operation 65 [1/1] (1.97ns)   --->   "%tmp_17_3 = icmp sgt i16 %data_3_V_read_3, 0" [firmware/nnet_utils/nnet_activation.h:45]   --->   Operation 65 'icmp' 'tmp_17_3' <Predicate = true> <Delay = 1.97> <Core = "Cmp">   --->   Core 25 'Cmp' <Latency = 0> <II = 1> <Delay = 1.97> <FuncUnit> <Opcode : 'icmp'> <InPorts = 2> <OutPorts = 1>
ST_1 : Operation 66 [1/1] (0.00ns)   --->   "%tmp_88 = trunc i16 %data_3_V_read_3 to i15" [firmware/nnet_utils/nnet_activation.h:45]   --->   Operation 66 'trunc' 'tmp_88' <Predicate = (tmp_17_3)> <Delay = 0.00>
ST_1 : Operation 67 [1/1] (0.84ns)   --->   "%res_3_V_write_assign = select i1 %tmp_17_3, i15 %tmp_88, i15 0" [firmware/nnet_utils/nnet_activation.h:45]   --->   Operation 67 'select' 'res_3_V_write_assign' <Predicate = true> <Delay = 0.84> <Core = "Sel">   --->   Core 26 'Sel' <Latency = 0> <II = 1> <Delay = 0.84> <FuncUnit> <Opcode : 'select'> <InPorts = 3> <OutPorts = 1>
ST_1 : Operation 68 [1/1] (0.00ns)   --->   "%res_3_V_write_assign_cast = zext i15 %res_3_V_write_assign to i16" [firmware/nnet_utils/nnet_activation.h:45]   --->   Operation 68 'zext' 'res_3_V_write_assign_cast' <Predicate = true> <Delay = 0.00>
ST_1 : Operation 69 [1/1] (1.97ns)   --->   "%tmp_17_4 = icmp sgt i16 %data_4_V_read_3, 0" [firmware/nnet_utils/nnet_activation.h:45]   --->   Operation 69 'icmp' 'tmp_17_4' <Predicate = true> <Delay = 1.97> <Core = "Cmp">   --->   Core 25 'Cmp' <Latency = 0> <II = 1> <Delay = 1.97> <FuncUnit> <Opcode : 'icmp'> <InPorts = 2> <OutPorts = 1>
ST_1 : Operation 70 [1/1] (0.00ns)   --->   "%tmp_89 = trunc i16 %data_4_V_read_3 to i15" [firmware/nnet_utils/nnet_activation.h:45]   --->   Operation 70 'trunc' 'tmp_89' <Predicate = (tmp_17_4)> <Delay = 0.00>
ST_1 : Operation 71 [1/1] (0.84ns)   --->   "%res_4_V_write_assign = select i1 %tmp_17_4, i15 %tmp_89, i15 0" [firmware/nnet_utils/nnet_activation.h:45]   --->   Operation 71 'select' 'res_4_V_write_assign' <Predicate = true> <Delay = 0.84> <Core = "Sel">   --->   Core 26 'Sel' <Latency = 0> <II = 1> <Delay = 0.84> <FuncUnit> <Opcode : 'select'> <InPorts = 3> <OutPorts = 1>
ST_1 : Operation 72 [1/1] (0.00ns)   --->   "%res_4_V_write_assign_cast = zext i15 %res_4_V_write_assign to i16" [firmware/nnet_utils/nnet_activation.h:45]   --->   Operation 72 'zext' 'res_4_V_write_assign_cast' <Predicate = true> <Delay = 0.00>
ST_1 : Operation 73 [1/1] (1.97ns)   --->   "%tmp_17_5 = icmp sgt i16 %data_5_V_read_3, 0" [firmware/nnet_utils/nnet_activation.h:45]   --->   Operation 73 'icmp' 'tmp_17_5' <Predicate = true> <Delay = 1.97> <Core = "Cmp">   --->   Core 25 'Cmp' <Latency = 0> <II = 1> <Delay = 1.97> <FuncUnit> <Opcode : 'icmp'> <InPorts = 2> <OutPorts = 1>
ST_1 : Operation 74 [1/1] (0.00ns)   --->   "%tmp_90 = trunc i16 %data_5_V_read_3 to i15" [firmware/nnet_utils/nnet_activation.h:45]   --->   Operation 74 'trunc' 'tmp_90' <Predicate = (tmp_17_5)> <Delay = 0.00>
ST_1 : Operation 75 [1/1] (0.84ns)   --->   "%res_5_V_write_assign = select i1 %tmp_17_5, i15 %tmp_90, i15 0" [firmware/nnet_utils/nnet_activation.h:45]   --->   Operation 75 'select' 'res_5_V_write_assign' <Predicate = true> <Delay = 0.84> <Core = "Sel">   --->   Core 26 'Sel' <Latency = 0> <II = 1> <Delay = 0.84> <FuncUnit> <Opcode : 'select'> <InPorts = 3> <OutPorts = 1>
ST_1 : Operation 76 [1/1] (0.00ns)   --->   "%res_5_V_write_assign_cast = zext i15 %res_5_V_write_assign to i16" [firmware/nnet_utils/nnet_activation.h:45]   --->   Operation 76 'zext' 'res_5_V_write_assign_cast' <Predicate = true> <Delay = 0.00>
ST_1 : Operation 77 [1/1] (1.97ns)   --->   "%tmp_17_6 = icmp sgt i16 %data_6_V_read_3, 0" [firmware/nnet_utils/nnet_activation.h:45]   --->   Operation 77 'icmp' 'tmp_17_6' <Predicate = true> <Delay = 1.97> <Core = "Cmp">   --->   Core 25 'Cmp' <Latency = 0> <II = 1> <Delay = 1.97> <FuncUnit> <Opcode : 'icmp'> <InPorts = 2> <OutPorts = 1>
ST_1 : Operation 78 [1/1] (0.00ns)   --->   "%tmp_91 = trunc i16 %data_6_V_read_3 to i15" [firmware/nnet_utils/nnet_activation.h:45]   --->   Operation 78 'trunc' 'tmp_91' <Predicate = (tmp_17_6)> <Delay = 0.00>
ST_1 : Operation 79 [1/1] (0.84ns)   --->   "%res_6_V_write_assign = select i1 %tmp_17_6, i15 %tmp_91, i15 0" [firmware/nnet_utils/nnet_activation.h:45]   --->   Operation 79 'select' 'res_6_V_write_assign' <Predicate = true> <Delay = 0.84> <Core = "Sel">   --->   Core 26 'Sel' <Latency = 0> <II = 1> <Delay = 0.84> <FuncUnit> <Opcode : 'select'> <InPorts = 3> <OutPorts = 1>
ST_1 : Operation 80 [1/1] (0.00ns)   --->   "%res_6_V_write_assign_cast = zext i15 %res_6_V_write_assign to i16" [firmware/nnet_utils/nnet_activation.h:45]   --->   Operation 80 'zext' 'res_6_V_write_assign_cast' <Predicate = true> <Delay = 0.00>
ST_1 : Operation 81 [1/1] (1.97ns)   --->   "%tmp_17_7 = icmp sgt i16 %data_7_V_read_3, 0" [firmware/nnet_utils/nnet_activation.h:45]   --->   Operation 81 'icmp' 'tmp_17_7' <Predicate = true> <Delay = 1.97> <Core = "Cmp">   --->   Core 25 'Cmp' <Latency = 0> <II = 1> <Delay = 1.97> <FuncUnit> <Opcode : 'icmp'> <InPorts = 2> <OutPorts = 1>
ST_1 : Operation 82 [1/1] (0.00ns)   --->   "%tmp_92 = trunc i16 %data_7_V_read_3 to i15" [firmware/nnet_utils/nnet_activation.h:45]   --->   Operation 82 'trunc' 'tmp_92' <Predicate = (tmp_17_7)> <Delay = 0.00>
ST_1 : Operation 83 [1/1] (0.84ns)   --->   "%res_7_V_write_assign = select i1 %tmp_17_7, i15 %tmp_92, i15 0" [firmware/nnet_utils/nnet_activation.h:45]   --->   Operation 83 'select' 'res_7_V_write_assign' <Predicate = true> <Delay = 0.84> <Core = "Sel">   --->   Core 26 'Sel' <Latency = 0> <II = 1> <Delay = 0.84> <FuncUnit> <Opcode : 'select'> <InPorts = 3> <OutPorts = 1>
ST_1 : Operation 84 [1/1] (0.00ns)   --->   "%res_7_V_write_assign_cast = zext i15 %res_7_V_write_assign to i16" [firmware/nnet_utils/nnet_activation.h:45]   --->   Operation 84 'zext' 'res_7_V_write_assign_cast' <Predicate = true> <Delay = 0.00>
ST_1 : Operation 85 [1/1] (1.97ns)   --->   "%tmp_17_8 = icmp sgt i16 %data_8_V_read_3, 0" [firmware/nnet_utils/nnet_activation.h:45]   --->   Operation 85 'icmp' 'tmp_17_8' <Predicate = true> <Delay = 1.97> <Core = "Cmp">   --->   Core 25 'Cmp' <Latency = 0> <II = 1> <Delay = 1.97> <FuncUnit> <Opcode : 'icmp'> <InPorts = 2> <OutPorts = 1>
ST_1 : Operation 86 [1/1] (0.00ns)   --->   "%tmp_93 = trunc i16 %data_8_V_read_3 to i15" [firmware/nnet_utils/nnet_activation.h:45]   --->   Operation 86 'trunc' 'tmp_93' <Predicate = (tmp_17_8)> <Delay = 0.00>
ST_1 : Operation 87 [1/1] (0.84ns)   --->   "%res_8_V_write_assign = select i1 %tmp_17_8, i15 %tmp_93, i15 0" [firmware/nnet_utils/nnet_activation.h:45]   --->   Operation 87 'select' 'res_8_V_write_assign' <Predicate = true> <Delay = 0.84> <Core = "Sel">   --->   Core 26 'Sel' <Latency = 0> <II = 1> <Delay = 0.84> <FuncUnit> <Opcode : 'select'> <InPorts = 3> <OutPorts = 1>
ST_1 : Operation 88 [1/1] (0.00ns)   --->   "%res_8_V_write_assign_cast = zext i15 %res_8_V_write_assign to i16" [firmware/nnet_utils/nnet_activation.h:45]   --->   Operation 88 'zext' 'res_8_V_write_assign_cast' <Predicate = true> <Delay = 0.00>
ST_1 : Operation 89 [1/1] (1.97ns)   --->   "%tmp_17_9 = icmp sgt i16 %data_9_V_read_3, 0" [firmware/nnet_utils/nnet_activation.h:45]   --->   Operation 89 'icmp' 'tmp_17_9' <Predicate = true> <Delay = 1.97> <Core = "Cmp">   --->   Core 25 'Cmp' <Latency = 0> <II = 1> <Delay = 1.97> <FuncUnit> <Opcode : 'icmp'> <InPorts = 2> <OutPorts = 1>
ST_1 : Operation 90 [1/1] (0.00ns)   --->   "%tmp_94 = trunc i16 %data_9_V_read_3 to i15" [firmware/nnet_utils/nnet_activation.h:45]   --->   Operation 90 'trunc' 'tmp_94' <Predicate = (tmp_17_9)> <Delay = 0.00>
ST_1 : Operation 91 [1/1] (0.84ns)   --->   "%res_9_V_write_assign = select i1 %tmp_17_9, i15 %tmp_94, i15 0" [firmware/nnet_utils/nnet_activation.h:45]   --->   Operation 91 'select' 'res_9_V_write_assign' <Predicate = true> <Delay = 0.84> <Core = "Sel">   --->   Core 26 'Sel' <Latency = 0> <II = 1> <Delay = 0.84> <FuncUnit> <Opcode : 'select'> <InPorts = 3> <OutPorts = 1>
ST_1 : Operation 92 [1/1] (0.00ns)   --->   "%res_9_V_write_assign_cast = zext i15 %res_9_V_write_assign to i16" [firmware/nnet_utils/nnet_activation.h:45]   --->   Operation 92 'zext' 'res_9_V_write_assign_cast' <Predicate = true> <Delay = 0.00>
ST_1 : Operation 93 [1/1] (1.97ns)   --->   "%tmp_17_s = icmp sgt i16 %data_10_V_read11, 0" [firmware/nnet_utils/nnet_activation.h:45]   --->   Operation 93 'icmp' 'tmp_17_s' <Predicate = true> <Delay = 1.97> <Core = "Cmp">   --->   Core 25 'Cmp' <Latency = 0> <II = 1> <Delay = 1.97> <FuncUnit> <Opcode : 'icmp'> <InPorts = 2> <OutPorts = 1>
ST_1 : Operation 94 [1/1] (0.00ns)   --->   "%tmp_95 = trunc i16 %data_10_V_read11 to i15" [firmware/nnet_utils/nnet_activation.h:45]   --->   Operation 94 'trunc' 'tmp_95' <Predicate = (tmp_17_s)> <Delay = 0.00>
ST_1 : Operation 95 [1/1] (0.84ns)   --->   "%res_10_V_write_assign = select i1 %tmp_17_s, i15 %tmp_95, i15 0" [firmware/nnet_utils/nnet_activation.h:45]   --->   Operation 95 'select' 'res_10_V_write_assign' <Predicate = true> <Delay = 0.84> <Core = "Sel">   --->   Core 26 'Sel' <Latency = 0> <II = 1> <Delay = 0.84> <FuncUnit> <Opcode : 'select'> <InPorts = 3> <OutPorts = 1>
ST_1 : Operation 96 [1/1] (0.00ns)   --->   "%res_10_V_write_assign_cast = zext i15 %res_10_V_write_assign to i16" [firmware/nnet_utils/nnet_activation.h:45]   --->   Operation 96 'zext' 'res_10_V_write_assign_cast' <Predicate = true> <Delay = 0.00>
ST_1 : Operation 97 [1/1] (1.97ns)   --->   "%tmp_17_10 = icmp sgt i16 %data_11_V_read_2, 0" [firmware/nnet_utils/nnet_activation.h:45]   --->   Operation 97 'icmp' 'tmp_17_10' <Predicate = true> <Delay = 1.97> <Core = "Cmp">   --->   Core 25 'Cmp' <Latency = 0> <II = 1> <Delay = 1.97> <FuncUnit> <Opcode : 'icmp'> <InPorts = 2> <OutPorts = 1>
ST_1 : Operation 98 [1/1] (0.00ns)   --->   "%tmp_96 = trunc i16 %data_11_V_read_2 to i15" [firmware/nnet_utils/nnet_activation.h:45]   --->   Operation 98 'trunc' 'tmp_96' <Predicate = (tmp_17_10)> <Delay = 0.00>
ST_1 : Operation 99 [1/1] (0.84ns)   --->   "%res_11_V_write_assign = select i1 %tmp_17_10, i15 %tmp_96, i15 0" [firmware/nnet_utils/nnet_activation.h:45]   --->   Operation 99 'select' 'res_11_V_write_assign' <Predicate = true> <Delay = 0.84> <Core = "Sel">   --->   Core 26 'Sel' <Latency = 0> <II = 1> <Delay = 0.84> <FuncUnit> <Opcode : 'select'> <InPorts = 3> <OutPorts = 1>
ST_1 : Operation 100 [1/1] (0.00ns)   --->   "%res_11_V_write_assign_cast = zext i15 %res_11_V_write_assign to i16" [firmware/nnet_utils/nnet_activation.h:45]   --->   Operation 100 'zext' 'res_11_V_write_assign_cast' <Predicate = true> <Delay = 0.00>
ST_1 : Operation 101 [1/1] (1.97ns)   --->   "%tmp_17_11 = icmp sgt i16 %data_12_V_read_2, 0" [firmware/nnet_utils/nnet_activation.h:45]   --->   Operation 101 'icmp' 'tmp_17_11' <Predicate = true> <Delay = 1.97> <Core = "Cmp">   --->   Core 25 'Cmp' <Latency = 0> <II = 1> <Delay = 1.97> <FuncUnit> <Opcode : 'icmp'> <InPorts = 2> <OutPorts = 1>
ST_1 : Operation 102 [1/1] (0.00ns)   --->   "%tmp_97 = trunc i16 %data_12_V_read_2 to i15" [firmware/nnet_utils/nnet_activation.h:45]   --->   Operation 102 'trunc' 'tmp_97' <Predicate = (tmp_17_11)> <Delay = 0.00>
ST_1 : Operation 103 [1/1] (0.84ns)   --->   "%res_12_V_write_assign = select i1 %tmp_17_11, i15 %tmp_97, i15 0" [firmware/nnet_utils/nnet_activation.h:45]   --->   Operation 103 'select' 'res_12_V_write_assign' <Predicate = true> <Delay = 0.84> <Core = "Sel">   --->   Core 26 'Sel' <Latency = 0> <II = 1> <Delay = 0.84> <FuncUnit> <Opcode : 'select'> <InPorts = 3> <OutPorts = 1>
ST_1 : Operation 104 [1/1] (0.00ns)   --->   "%res_12_V_write_assign_cast = zext i15 %res_12_V_write_assign to i16" [firmware/nnet_utils/nnet_activation.h:45]   --->   Operation 104 'zext' 'res_12_V_write_assign_cast' <Predicate = true> <Delay = 0.00>
ST_1 : Operation 105 [1/1] (1.97ns)   --->   "%tmp_17_12 = icmp sgt i16 %data_13_V_read_2, 0" [firmware/nnet_utils/nnet_activation.h:45]   --->   Operation 105 'icmp' 'tmp_17_12' <Predicate = true> <Delay = 1.97> <Core = "Cmp">   --->   Core 25 'Cmp' <Latency = 0> <II = 1> <Delay = 1.97> <FuncUnit> <Opcode : 'icmp'> <InPorts = 2> <OutPorts = 1>
ST_1 : Operation 106 [1/1] (0.00ns)   --->   "%tmp_98 = trunc i16 %data_13_V_read_2 to i15" [firmware/nnet_utils/nnet_activation.h:45]   --->   Operation 106 'trunc' 'tmp_98' <Predicate = (tmp_17_12)> <Delay = 0.00>
ST_1 : Operation 107 [1/1] (0.84ns)   --->   "%res_13_V_write_assign = select i1 %tmp_17_12, i15 %tmp_98, i15 0" [firmware/nnet_utils/nnet_activation.h:45]   --->   Operation 107 'select' 'res_13_V_write_assign' <Predicate = true> <Delay = 0.84> <Core = "Sel">   --->   Core 26 'Sel' <Latency = 0> <II = 1> <Delay = 0.84> <FuncUnit> <Opcode : 'select'> <InPorts = 3> <OutPorts = 1>
ST_1 : Operation 108 [1/1] (0.00ns)   --->   "%res_13_V_write_assign_cast = zext i15 %res_13_V_write_assign to i16" [firmware/nnet_utils/nnet_activation.h:45]   --->   Operation 108 'zext' 'res_13_V_write_assign_cast' <Predicate = true> <Delay = 0.00>
ST_1 : Operation 109 [1/1] (1.97ns)   --->   "%tmp_17_13 = icmp sgt i16 %data_14_V_read_2, 0" [firmware/nnet_utils/nnet_activation.h:45]   --->   Operation 109 'icmp' 'tmp_17_13' <Predicate = true> <Delay = 1.97> <Core = "Cmp">   --->   Core 25 'Cmp' <Latency = 0> <II = 1> <Delay = 1.97> <FuncUnit> <Opcode : 'icmp'> <InPorts = 2> <OutPorts = 1>
ST_1 : Operation 110 [1/1] (0.00ns)   --->   "%tmp_99 = trunc i16 %data_14_V_read_2 to i15" [firmware/nnet_utils/nnet_activation.h:45]   --->   Operation 110 'trunc' 'tmp_99' <Predicate = (tmp_17_13)> <Delay = 0.00>
ST_1 : Operation 111 [1/1] (0.84ns)   --->   "%res_14_V_write_assign = select i1 %tmp_17_13, i15 %tmp_99, i15 0" [firmware/nnet_utils/nnet_activation.h:45]   --->   Operation 111 'select' 'res_14_V_write_assign' <Predicate = true> <Delay = 0.84> <Core = "Sel">   --->   Core 26 'Sel' <Latency = 0> <II = 1> <Delay = 0.84> <FuncUnit> <Opcode : 'select'> <InPorts = 3> <OutPorts = 1>
ST_1 : Operation 112 [1/1] (0.00ns)   --->   "%res_14_V_write_assign_cast = zext i15 %res_14_V_write_assign to i16" [firmware/nnet_utils/nnet_activation.h:45]   --->   Operation 112 'zext' 'res_14_V_write_assign_cast' <Predicate = true> <Delay = 0.00>
ST_1 : Operation 113 [1/1] (1.97ns)   --->   "%tmp_17_14 = icmp sgt i16 %data_15_V_read_2, 0" [firmware/nnet_utils/nnet_activation.h:45]   --->   Operation 113 'icmp' 'tmp_17_14' <Predicate = true> <Delay = 1.97> <Core = "Cmp">   --->   Core 25 'Cmp' <Latency = 0> <II = 1> <Delay = 1.97> <FuncUnit> <Opcode : 'icmp'> <InPorts = 2> <OutPorts = 1>
ST_1 : Operation 114 [1/1] (0.00ns)   --->   "%tmp_100 = trunc i16 %data_15_V_read_2 to i15" [firmware/nnet_utils/nnet_activation.h:45]   --->   Operation 114 'trunc' 'tmp_100' <Predicate = (tmp_17_14)> <Delay = 0.00>
ST_1 : Operation 115 [1/1] (0.84ns)   --->   "%res_15_V_write_assign = select i1 %tmp_17_14, i15 %tmp_100, i15 0" [firmware/nnet_utils/nnet_activation.h:45]   --->   Operation 115 'select' 'res_15_V_write_assign' <Predicate = true> <Delay = 0.84> <Core = "Sel">   --->   Core 26 'Sel' <Latency = 0> <II = 1> <Delay = 0.84> <FuncUnit> <Opcode : 'select'> <InPorts = 3> <OutPorts = 1>
ST_1 : Operation 116 [1/1] (0.00ns)   --->   "%res_15_V_write_assign_cast = zext i15 %res_15_V_write_assign to i16" [firmware/nnet_utils/nnet_activation.h:45]   --->   Operation 116 'zext' 'res_15_V_write_assign_cast' <Predicate = true> <Delay = 0.00>
ST_1 : Operation 117 [1/1] (1.97ns)   --->   "%tmp_17_15 = icmp sgt i16 %data_16_V_read_2, 0" [firmware/nnet_utils/nnet_activation.h:45]   --->   Operation 117 'icmp' 'tmp_17_15' <Predicate = true> <Delay = 1.97> <Core = "Cmp">   --->   Core 25 'Cmp' <Latency = 0> <II = 1> <Delay = 1.97> <FuncUnit> <Opcode : 'icmp'> <InPorts = 2> <OutPorts = 1>
ST_1 : Operation 118 [1/1] (0.00ns)   --->   "%tmp_101 = trunc i16 %data_16_V_read_2 to i15" [firmware/nnet_utils/nnet_activation.h:45]   --->   Operation 118 'trunc' 'tmp_101' <Predicate = (tmp_17_15)> <Delay = 0.00>
ST_1 : Operation 119 [1/1] (0.84ns)   --->   "%res_16_V_write_assign = select i1 %tmp_17_15, i15 %tmp_101, i15 0" [firmware/nnet_utils/nnet_activation.h:45]   --->   Operation 119 'select' 'res_16_V_write_assign' <Predicate = true> <Delay = 0.84> <Core = "Sel">   --->   Core 26 'Sel' <Latency = 0> <II = 1> <Delay = 0.84> <FuncUnit> <Opcode : 'select'> <InPorts = 3> <OutPorts = 1>
ST_1 : Operation 120 [1/1] (0.00ns)   --->   "%res_16_V_write_assign_cast = zext i15 %res_16_V_write_assign to i16" [firmware/nnet_utils/nnet_activation.h:45]   --->   Operation 120 'zext' 'res_16_V_write_assign_cast' <Predicate = true> <Delay = 0.00>
ST_1 : Operation 121 [1/1] (1.97ns)   --->   "%tmp_17_16 = icmp sgt i16 %data_17_V_read_2, 0" [firmware/nnet_utils/nnet_activation.h:45]   --->   Operation 121 'icmp' 'tmp_17_16' <Predicate = true> <Delay = 1.97> <Core = "Cmp">   --->   Core 25 'Cmp' <Latency = 0> <II = 1> <Delay = 1.97> <FuncUnit> <Opcode : 'icmp'> <InPorts = 2> <OutPorts = 1>
ST_1 : Operation 122 [1/1] (0.00ns)   --->   "%tmp_102 = trunc i16 %data_17_V_read_2 to i15" [firmware/nnet_utils/nnet_activation.h:45]   --->   Operation 122 'trunc' 'tmp_102' <Predicate = (tmp_17_16)> <Delay = 0.00>
ST_1 : Operation 123 [1/1] (0.84ns)   --->   "%res_17_V_write_assign = select i1 %tmp_17_16, i15 %tmp_102, i15 0" [firmware/nnet_utils/nnet_activation.h:45]   --->   Operation 123 'select' 'res_17_V_write_assign' <Predicate = true> <Delay = 0.84> <Core = "Sel">   --->   Core 26 'Sel' <Latency = 0> <II = 1> <Delay = 0.84> <FuncUnit> <Opcode : 'select'> <InPorts = 3> <OutPorts = 1>
ST_1 : Operation 124 [1/1] (0.00ns)   --->   "%res_17_V_write_assign_cast = zext i15 %res_17_V_write_assign to i16" [firmware/nnet_utils/nnet_activation.h:45]   --->   Operation 124 'zext' 'res_17_V_write_assign_cast' <Predicate = true> <Delay = 0.00>
ST_1 : Operation 125 [1/1] (1.97ns)   --->   "%tmp_17_17 = icmp sgt i16 %data_18_V_read_2, 0" [firmware/nnet_utils/nnet_activation.h:45]   --->   Operation 125 'icmp' 'tmp_17_17' <Predicate = true> <Delay = 1.97> <Core = "Cmp">   --->   Core 25 'Cmp' <Latency = 0> <II = 1> <Delay = 1.97> <FuncUnit> <Opcode : 'icmp'> <InPorts = 2> <OutPorts = 1>
ST_1 : Operation 126 [1/1] (0.00ns)   --->   "%tmp_103 = trunc i16 %data_18_V_read_2 to i15" [firmware/nnet_utils/nnet_activation.h:45]   --->   Operation 126 'trunc' 'tmp_103' <Predicate = (tmp_17_17)> <Delay = 0.00>
ST_1 : Operation 127 [1/1] (0.84ns)   --->   "%res_18_V_write_assign = select i1 %tmp_17_17, i15 %tmp_103, i15 0" [firmware/nnet_utils/nnet_activation.h:45]   --->   Operation 127 'select' 'res_18_V_write_assign' <Predicate = true> <Delay = 0.84> <Core = "Sel">   --->   Core 26 'Sel' <Latency = 0> <II = 1> <Delay = 0.84> <FuncUnit> <Opcode : 'select'> <InPorts = 3> <OutPorts = 1>
ST_1 : Operation 128 [1/1] (0.00ns)   --->   "%res_18_V_write_assign_cast = zext i15 %res_18_V_write_assign to i16" [firmware/nnet_utils/nnet_activation.h:45]   --->   Operation 128 'zext' 'res_18_V_write_assign_cast' <Predicate = true> <Delay = 0.00>
ST_1 : Operation 129 [1/1] (1.97ns)   --->   "%tmp_17_18 = icmp sgt i16 %data_19_V_read_2, 0" [firmware/nnet_utils/nnet_activation.h:45]   --->   Operation 129 'icmp' 'tmp_17_18' <Predicate = true> <Delay = 1.97> <Core = "Cmp">   --->   Core 25 'Cmp' <Latency = 0> <II = 1> <Delay = 1.97> <FuncUnit> <Opcode : 'icmp'> <InPorts = 2> <OutPorts = 1>
ST_1 : Operation 130 [1/1] (0.00ns)   --->   "%tmp_104 = trunc i16 %data_19_V_read_2 to i15" [firmware/nnet_utils/nnet_activation.h:45]   --->   Operation 130 'trunc' 'tmp_104' <Predicate = (tmp_17_18)> <Delay = 0.00>
ST_1 : Operation 131 [1/1] (0.84ns)   --->   "%res_19_V_write_assign = select i1 %tmp_17_18, i15 %tmp_104, i15 0" [firmware/nnet_utils/nnet_activation.h:45]   --->   Operation 131 'select' 'res_19_V_write_assign' <Predicate = true> <Delay = 0.84> <Core = "Sel">   --->   Core 26 'Sel' <Latency = 0> <II = 1> <Delay = 0.84> <FuncUnit> <Opcode : 'select'> <InPorts = 3> <OutPorts = 1>
ST_1 : Operation 132 [1/1] (0.00ns)   --->   "%res_19_V_write_assign_cast = zext i15 %res_19_V_write_assign to i16" [firmware/nnet_utils/nnet_activation.h:45]   --->   Operation 132 'zext' 'res_19_V_write_assign_cast' <Predicate = true> <Delay = 0.00>
ST_1 : Operation 133 [1/1] (1.97ns)   --->   "%tmp_17_19 = icmp sgt i16 %data_20_V_read21, 0" [firmware/nnet_utils/nnet_activation.h:45]   --->   Operation 133 'icmp' 'tmp_17_19' <Predicate = true> <Delay = 1.97> <Core = "Cmp">   --->   Core 25 'Cmp' <Latency = 0> <II = 1> <Delay = 1.97> <FuncUnit> <Opcode : 'icmp'> <InPorts = 2> <OutPorts = 1>
ST_1 : Operation 134 [1/1] (0.00ns)   --->   "%tmp_105 = trunc i16 %data_20_V_read21 to i15" [firmware/nnet_utils/nnet_activation.h:45]   --->   Operation 134 'trunc' 'tmp_105' <Predicate = (tmp_17_19)> <Delay = 0.00>
ST_1 : Operation 135 [1/1] (0.84ns)   --->   "%res_20_V_write_assign = select i1 %tmp_17_19, i15 %tmp_105, i15 0" [firmware/nnet_utils/nnet_activation.h:45]   --->   Operation 135 'select' 'res_20_V_write_assign' <Predicate = true> <Delay = 0.84> <Core = "Sel">   --->   Core 26 'Sel' <Latency = 0> <II = 1> <Delay = 0.84> <FuncUnit> <Opcode : 'select'> <InPorts = 3> <OutPorts = 1>
ST_1 : Operation 136 [1/1] (0.00ns)   --->   "%res_20_V_write_assign_cast = zext i15 %res_20_V_write_assign to i16" [firmware/nnet_utils/nnet_activation.h:45]   --->   Operation 136 'zext' 'res_20_V_write_assign_cast' <Predicate = true> <Delay = 0.00>
ST_1 : Operation 137 [1/1] (1.97ns)   --->   "%tmp_17_20 = icmp sgt i16 %data_21_V_read_2, 0" [firmware/nnet_utils/nnet_activation.h:45]   --->   Operation 137 'icmp' 'tmp_17_20' <Predicate = true> <Delay = 1.97> <Core = "Cmp">   --->   Core 25 'Cmp' <Latency = 0> <II = 1> <Delay = 1.97> <FuncUnit> <Opcode : 'icmp'> <InPorts = 2> <OutPorts = 1>
ST_1 : Operation 138 [1/1] (0.00ns)   --->   "%tmp_106 = trunc i16 %data_21_V_read_2 to i15" [firmware/nnet_utils/nnet_activation.h:45]   --->   Operation 138 'trunc' 'tmp_106' <Predicate = (tmp_17_20)> <Delay = 0.00>
ST_1 : Operation 139 [1/1] (0.84ns)   --->   "%res_21_V_write_assign = select i1 %tmp_17_20, i15 %tmp_106, i15 0" [firmware/nnet_utils/nnet_activation.h:45]   --->   Operation 139 'select' 'res_21_V_write_assign' <Predicate = true> <Delay = 0.84> <Core = "Sel">   --->   Core 26 'Sel' <Latency = 0> <II = 1> <Delay = 0.84> <FuncUnit> <Opcode : 'select'> <InPorts = 3> <OutPorts = 1>
ST_1 : Operation 140 [1/1] (0.00ns)   --->   "%res_21_V_write_assign_cast = zext i15 %res_21_V_write_assign to i16" [firmware/nnet_utils/nnet_activation.h:45]   --->   Operation 140 'zext' 'res_21_V_write_assign_cast' <Predicate = true> <Delay = 0.00>
ST_1 : Operation 141 [1/1] (1.97ns)   --->   "%tmp_17_21 = icmp sgt i16 %data_22_V_read_2, 0" [firmware/nnet_utils/nnet_activation.h:45]   --->   Operation 141 'icmp' 'tmp_17_21' <Predicate = true> <Delay = 1.97> <Core = "Cmp">   --->   Core 25 'Cmp' <Latency = 0> <II = 1> <Delay = 1.97> <FuncUnit> <Opcode : 'icmp'> <InPorts = 2> <OutPorts = 1>
ST_1 : Operation 142 [1/1] (0.00ns)   --->   "%tmp_107 = trunc i16 %data_22_V_read_2 to i15" [firmware/nnet_utils/nnet_activation.h:45]   --->   Operation 142 'trunc' 'tmp_107' <Predicate = (tmp_17_21)> <Delay = 0.00>
ST_1 : Operation 143 [1/1] (0.84ns)   --->   "%res_22_V_write_assign = select i1 %tmp_17_21, i15 %tmp_107, i15 0" [firmware/nnet_utils/nnet_activation.h:45]   --->   Operation 143 'select' 'res_22_V_write_assign' <Predicate = true> <Delay = 0.84> <Core = "Sel">   --->   Core 26 'Sel' <Latency = 0> <II = 1> <Delay = 0.84> <FuncUnit> <Opcode : 'select'> <InPorts = 3> <OutPorts = 1>
ST_1 : Operation 144 [1/1] (0.00ns)   --->   "%res_22_V_write_assign_cast = zext i15 %res_22_V_write_assign to i16" [firmware/nnet_utils/nnet_activation.h:45]   --->   Operation 144 'zext' 'res_22_V_write_assign_cast' <Predicate = true> <Delay = 0.00>
ST_1 : Operation 145 [1/1] (1.97ns)   --->   "%tmp_17_22 = icmp sgt i16 %data_23_V_read_2, 0" [firmware/nnet_utils/nnet_activation.h:45]   --->   Operation 145 'icmp' 'tmp_17_22' <Predicate = true> <Delay = 1.97> <Core = "Cmp">   --->   Core 25 'Cmp' <Latency = 0> <II = 1> <Delay = 1.97> <FuncUnit> <Opcode : 'icmp'> <InPorts = 2> <OutPorts = 1>
ST_1 : Operation 146 [1/1] (0.00ns)   --->   "%tmp_108 = trunc i16 %data_23_V_read_2 to i15" [firmware/nnet_utils/nnet_activation.h:45]   --->   Operation 146 'trunc' 'tmp_108' <Predicate = (tmp_17_22)> <Delay = 0.00>
ST_1 : Operation 147 [1/1] (0.84ns)   --->   "%res_23_V_write_assign = select i1 %tmp_17_22, i15 %tmp_108, i15 0" [firmware/nnet_utils/nnet_activation.h:45]   --->   Operation 147 'select' 'res_23_V_write_assign' <Predicate = true> <Delay = 0.84> <Core = "Sel">   --->   Core 26 'Sel' <Latency = 0> <II = 1> <Delay = 0.84> <FuncUnit> <Opcode : 'select'> <InPorts = 3> <OutPorts = 1>
ST_1 : Operation 148 [1/1] (0.00ns)   --->   "%res_23_V_write_assign_cast = zext i15 %res_23_V_write_assign to i16" [firmware/nnet_utils/nnet_activation.h:45]   --->   Operation 148 'zext' 'res_23_V_write_assign_cast' <Predicate = true> <Delay = 0.00>
ST_1 : Operation 149 [1/1] (1.97ns)   --->   "%tmp_17_23 = icmp sgt i16 %data_24_V_read_2, 0" [firmware/nnet_utils/nnet_activation.h:45]   --->   Operation 149 'icmp' 'tmp_17_23' <Predicate = true> <Delay = 1.97> <Core = "Cmp">   --->   Core 25 'Cmp' <Latency = 0> <II = 1> <Delay = 1.97> <FuncUnit> <Opcode : 'icmp'> <InPorts = 2> <OutPorts = 1>
ST_1 : Operation 150 [1/1] (0.00ns)   --->   "%tmp_109 = trunc i16 %data_24_V_read_2 to i15" [firmware/nnet_utils/nnet_activation.h:45]   --->   Operation 150 'trunc' 'tmp_109' <Predicate = (tmp_17_23)> <Delay = 0.00>
ST_1 : Operation 151 [1/1] (0.84ns)   --->   "%res_24_V_write_assign = select i1 %tmp_17_23, i15 %tmp_109, i15 0" [firmware/nnet_utils/nnet_activation.h:45]   --->   Operation 151 'select' 'res_24_V_write_assign' <Predicate = true> <Delay = 0.84> <Core = "Sel">   --->   Core 26 'Sel' <Latency = 0> <II = 1> <Delay = 0.84> <FuncUnit> <Opcode : 'select'> <InPorts = 3> <OutPorts = 1>
ST_1 : Operation 152 [1/1] (0.00ns)   --->   "%res_24_V_write_assign_cast = zext i15 %res_24_V_write_assign to i16" [firmware/nnet_utils/nnet_activation.h:45]   --->   Operation 152 'zext' 'res_24_V_write_assign_cast' <Predicate = true> <Delay = 0.00>
ST_1 : Operation 153 [1/1] (1.97ns)   --->   "%tmp_17_24 = icmp sgt i16 %data_25_V_read_1, 0" [firmware/nnet_utils/nnet_activation.h:45]   --->   Operation 153 'icmp' 'tmp_17_24' <Predicate = true> <Delay = 1.97> <Core = "Cmp">   --->   Core 25 'Cmp' <Latency = 0> <II = 1> <Delay = 1.97> <FuncUnit> <Opcode : 'icmp'> <InPorts = 2> <OutPorts = 1>
ST_1 : Operation 154 [1/1] (0.00ns)   --->   "%tmp_110 = trunc i16 %data_25_V_read_1 to i15" [firmware/nnet_utils/nnet_activation.h:45]   --->   Operation 154 'trunc' 'tmp_110' <Predicate = (tmp_17_24)> <Delay = 0.00>
ST_1 : Operation 155 [1/1] (0.84ns)   --->   "%res_25_V_write_assign = select i1 %tmp_17_24, i15 %tmp_110, i15 0" [firmware/nnet_utils/nnet_activation.h:45]   --->   Operation 155 'select' 'res_25_V_write_assign' <Predicate = true> <Delay = 0.84> <Core = "Sel">   --->   Core 26 'Sel' <Latency = 0> <II = 1> <Delay = 0.84> <FuncUnit> <Opcode : 'select'> <InPorts = 3> <OutPorts = 1>
ST_1 : Operation 156 [1/1] (0.00ns)   --->   "%res_25_V_write_assign_cast = zext i15 %res_25_V_write_assign to i16" [firmware/nnet_utils/nnet_activation.h:45]   --->   Operation 156 'zext' 'res_25_V_write_assign_cast' <Predicate = true> <Delay = 0.00>
ST_1 : Operation 157 [1/1] (1.97ns)   --->   "%tmp_17_25 = icmp sgt i16 %data_26_V_read_1, 0" [firmware/nnet_utils/nnet_activation.h:45]   --->   Operation 157 'icmp' 'tmp_17_25' <Predicate = true> <Delay = 1.97> <Core = "Cmp">   --->   Core 25 'Cmp' <Latency = 0> <II = 1> <Delay = 1.97> <FuncUnit> <Opcode : 'icmp'> <InPorts = 2> <OutPorts = 1>
ST_1 : Operation 158 [1/1] (0.00ns)   --->   "%tmp_111 = trunc i16 %data_26_V_read_1 to i15" [firmware/nnet_utils/nnet_activation.h:45]   --->   Operation 158 'trunc' 'tmp_111' <Predicate = (tmp_17_25)> <Delay = 0.00>
ST_1 : Operation 159 [1/1] (0.84ns)   --->   "%res_26_V_write_assign = select i1 %tmp_17_25, i15 %tmp_111, i15 0" [firmware/nnet_utils/nnet_activation.h:45]   --->   Operation 159 'select' 'res_26_V_write_assign' <Predicate = true> <Delay = 0.84> <Core = "Sel">   --->   Core 26 'Sel' <Latency = 0> <II = 1> <Delay = 0.84> <FuncUnit> <Opcode : 'select'> <InPorts = 3> <OutPorts = 1>
ST_1 : Operation 160 [1/1] (0.00ns)   --->   "%res_26_V_write_assign_cast = zext i15 %res_26_V_write_assign to i16" [firmware/nnet_utils/nnet_activation.h:45]   --->   Operation 160 'zext' 'res_26_V_write_assign_cast' <Predicate = true> <Delay = 0.00>
ST_1 : Operation 161 [1/1] (1.97ns)   --->   "%tmp_17_26 = icmp sgt i16 %data_27_V_read_1, 0" [firmware/nnet_utils/nnet_activation.h:45]   --->   Operation 161 'icmp' 'tmp_17_26' <Predicate = true> <Delay = 1.97> <Core = "Cmp">   --->   Core 25 'Cmp' <Latency = 0> <II = 1> <Delay = 1.97> <FuncUnit> <Opcode : 'icmp'> <InPorts = 2> <OutPorts = 1>
ST_1 : Operation 162 [1/1] (0.00ns)   --->   "%tmp_112 = trunc i16 %data_27_V_read_1 to i15" [firmware/nnet_utils/nnet_activation.h:45]   --->   Operation 162 'trunc' 'tmp_112' <Predicate = (tmp_17_26)> <Delay = 0.00>
ST_1 : Operation 163 [1/1] (0.84ns)   --->   "%res_27_V_write_assign = select i1 %tmp_17_26, i15 %tmp_112, i15 0" [firmware/nnet_utils/nnet_activation.h:45]   --->   Operation 163 'select' 'res_27_V_write_assign' <Predicate = true> <Delay = 0.84> <Core = "Sel">   --->   Core 26 'Sel' <Latency = 0> <II = 1> <Delay = 0.84> <FuncUnit> <Opcode : 'select'> <InPorts = 3> <OutPorts = 1>
ST_1 : Operation 164 [1/1] (0.00ns)   --->   "%res_27_V_write_assign_cast = zext i15 %res_27_V_write_assign to i16" [firmware/nnet_utils/nnet_activation.h:45]   --->   Operation 164 'zext' 'res_27_V_write_assign_cast' <Predicate = true> <Delay = 0.00>
ST_1 : Operation 165 [1/1] (1.97ns)   --->   "%tmp_17_27 = icmp sgt i16 %data_28_V_read_1, 0" [firmware/nnet_utils/nnet_activation.h:45]   --->   Operation 165 'icmp' 'tmp_17_27' <Predicate = true> <Delay = 1.97> <Core = "Cmp">   --->   Core 25 'Cmp' <Latency = 0> <II = 1> <Delay = 1.97> <FuncUnit> <Opcode : 'icmp'> <InPorts = 2> <OutPorts = 1>
ST_1 : Operation 166 [1/1] (0.00ns)   --->   "%tmp_113 = trunc i16 %data_28_V_read_1 to i15" [firmware/nnet_utils/nnet_activation.h:45]   --->   Operation 166 'trunc' 'tmp_113' <Predicate = (tmp_17_27)> <Delay = 0.00>
ST_1 : Operation 167 [1/1] (0.84ns)   --->   "%res_28_V_write_assign = select i1 %tmp_17_27, i15 %tmp_113, i15 0" [firmware/nnet_utils/nnet_activation.h:45]   --->   Operation 167 'select' 'res_28_V_write_assign' <Predicate = true> <Delay = 0.84> <Core = "Sel">   --->   Core 26 'Sel' <Latency = 0> <II = 1> <Delay = 0.84> <FuncUnit> <Opcode : 'select'> <InPorts = 3> <OutPorts = 1>
ST_1 : Operation 168 [1/1] (0.00ns)   --->   "%res_28_V_write_assign_cast = zext i15 %res_28_V_write_assign to i16" [firmware/nnet_utils/nnet_activation.h:45]   --->   Operation 168 'zext' 'res_28_V_write_assign_cast' <Predicate = true> <Delay = 0.00>
ST_1 : Operation 169 [1/1] (1.97ns)   --->   "%tmp_17_28 = icmp sgt i16 %data_29_V_read_1, 0" [firmware/nnet_utils/nnet_activation.h:45]   --->   Operation 169 'icmp' 'tmp_17_28' <Predicate = true> <Delay = 1.97> <Core = "Cmp">   --->   Core 25 'Cmp' <Latency = 0> <II = 1> <Delay = 1.97> <FuncUnit> <Opcode : 'icmp'> <InPorts = 2> <OutPorts = 1>
ST_1 : Operation 170 [1/1] (0.00ns)   --->   "%tmp_114 = trunc i16 %data_29_V_read_1 to i15" [firmware/nnet_utils/nnet_activation.h:45]   --->   Operation 170 'trunc' 'tmp_114' <Predicate = (tmp_17_28)> <Delay = 0.00>
ST_1 : Operation 171 [1/1] (0.84ns)   --->   "%res_29_V_write_assign = select i1 %tmp_17_28, i15 %tmp_114, i15 0" [firmware/nnet_utils/nnet_activation.h:45]   --->   Operation 171 'select' 'res_29_V_write_assign' <Predicate = true> <Delay = 0.84> <Core = "Sel">   --->   Core 26 'Sel' <Latency = 0> <II = 1> <Delay = 0.84> <FuncUnit> <Opcode : 'select'> <InPorts = 3> <OutPorts = 1>
ST_1 : Operation 172 [1/1] (0.00ns)   --->   "%res_29_V_write_assign_cast = zext i15 %res_29_V_write_assign to i16" [firmware/nnet_utils/nnet_activation.h:45]   --->   Operation 172 'zext' 'res_29_V_write_assign_cast' <Predicate = true> <Delay = 0.00>
ST_1 : Operation 173 [1/1] (1.97ns)   --->   "%tmp_17_29 = icmp sgt i16 %data_30_V_read_1, 0" [firmware/nnet_utils/nnet_activation.h:45]   --->   Operation 173 'icmp' 'tmp_17_29' <Predicate = true> <Delay = 1.97> <Core = "Cmp">   --->   Core 25 'Cmp' <Latency = 0> <II = 1> <Delay = 1.97> <FuncUnit> <Opcode : 'icmp'> <InPorts = 2> <OutPorts = 1>
ST_1 : Operation 174 [1/1] (0.00ns)   --->   "%tmp_115 = trunc i16 %data_30_V_read_1 to i15" [firmware/nnet_utils/nnet_activation.h:45]   --->   Operation 174 'trunc' 'tmp_115' <Predicate = (tmp_17_29)> <Delay = 0.00>
ST_1 : Operation 175 [1/1] (0.84ns)   --->   "%res_30_V_write_assign = select i1 %tmp_17_29, i15 %tmp_115, i15 0" [firmware/nnet_utils/nnet_activation.h:45]   --->   Operation 175 'select' 'res_30_V_write_assign' <Predicate = true> <Delay = 0.84> <Core = "Sel">   --->   Core 26 'Sel' <Latency = 0> <II = 1> <Delay = 0.84> <FuncUnit> <Opcode : 'select'> <InPorts = 3> <OutPorts = 1>
ST_1 : Operation 176 [1/1] (0.00ns)   --->   "%res_30_V_write_assign_cast = zext i15 %res_30_V_write_assign to i16" [firmware/nnet_utils/nnet_activation.h:45]   --->   Operation 176 'zext' 'res_30_V_write_assign_cast' <Predicate = true> <Delay = 0.00>
ST_1 : Operation 177 [1/1] (1.97ns)   --->   "%tmp_17_30 = icmp sgt i16 %data_31_V_read_1, 0" [firmware/nnet_utils/nnet_activation.h:45]   --->   Operation 177 'icmp' 'tmp_17_30' <Predicate = true> <Delay = 1.97> <Core = "Cmp">   --->   Core 25 'Cmp' <Latency = 0> <II = 1> <Delay = 1.97> <FuncUnit> <Opcode : 'icmp'> <InPorts = 2> <OutPorts = 1>
ST_1 : Operation 178 [1/1] (0.00ns)   --->   "%tmp_116 = trunc i16 %data_31_V_read_1 to i15" [firmware/nnet_utils/nnet_activation.h:45]   --->   Operation 178 'trunc' 'tmp_116' <Predicate = (tmp_17_30)> <Delay = 0.00>
ST_1 : Operation 179 [1/1] (0.84ns)   --->   "%res_31_V_write_assign = select i1 %tmp_17_30, i15 %tmp_116, i15 0" [firmware/nnet_utils/nnet_activation.h:45]   --->   Operation 179 'select' 'res_31_V_write_assign' <Predicate = true> <Delay = 0.84> <Core = "Sel">   --->   Core 26 'Sel' <Latency = 0> <II = 1> <Delay = 0.84> <FuncUnit> <Opcode : 'select'> <InPorts = 3> <OutPorts = 1>
ST_1 : Operation 180 [1/1] (0.00ns)   --->   "%res_31_V_write_assign_cast = zext i15 %res_31_V_write_assign to i16" [firmware/nnet_utils/nnet_activation.h:45]   --->   Operation 180 'zext' 'res_31_V_write_assign_cast' <Predicate = true> <Delay = 0.00>
ST_1 : Operation 181 [1/1] (1.97ns)   --->   "%tmp_17_31 = icmp sgt i16 %data_32_V_read_1, 0" [firmware/nnet_utils/nnet_activation.h:45]   --->   Operation 181 'icmp' 'tmp_17_31' <Predicate = true> <Delay = 1.97> <Core = "Cmp">   --->   Core 25 'Cmp' <Latency = 0> <II = 1> <Delay = 1.97> <FuncUnit> <Opcode : 'icmp'> <InPorts = 2> <OutPorts = 1>
ST_1 : Operation 182 [1/1] (0.00ns)   --->   "%tmp_117 = trunc i16 %data_32_V_read_1 to i15" [firmware/nnet_utils/nnet_activation.h:45]   --->   Operation 182 'trunc' 'tmp_117' <Predicate = (tmp_17_31)> <Delay = 0.00>
ST_1 : Operation 183 [1/1] (0.84ns)   --->   "%res_32_V_write_assign = select i1 %tmp_17_31, i15 %tmp_117, i15 0" [firmware/nnet_utils/nnet_activation.h:45]   --->   Operation 183 'select' 'res_32_V_write_assign' <Predicate = true> <Delay = 0.84> <Core = "Sel">   --->   Core 26 'Sel' <Latency = 0> <II = 1> <Delay = 0.84> <FuncUnit> <Opcode : 'select'> <InPorts = 3> <OutPorts = 1>
ST_1 : Operation 184 [1/1] (0.00ns)   --->   "%res_32_V_write_assign_cast = zext i15 %res_32_V_write_assign to i16" [firmware/nnet_utils/nnet_activation.h:45]   --->   Operation 184 'zext' 'res_32_V_write_assign_cast' <Predicate = true> <Delay = 0.00>
ST_1 : Operation 185 [1/1] (1.97ns)   --->   "%tmp_17_32 = icmp sgt i16 %data_33_V_read_1, 0" [firmware/nnet_utils/nnet_activation.h:45]   --->   Operation 185 'icmp' 'tmp_17_32' <Predicate = true> <Delay = 1.97> <Core = "Cmp">   --->   Core 25 'Cmp' <Latency = 0> <II = 1> <Delay = 1.97> <FuncUnit> <Opcode : 'icmp'> <InPorts = 2> <OutPorts = 1>
ST_1 : Operation 186 [1/1] (0.00ns)   --->   "%tmp_118 = trunc i16 %data_33_V_read_1 to i15" [firmware/nnet_utils/nnet_activation.h:45]   --->   Operation 186 'trunc' 'tmp_118' <Predicate = (tmp_17_32)> <Delay = 0.00>
ST_1 : Operation 187 [1/1] (0.84ns)   --->   "%res_33_V_write_assign = select i1 %tmp_17_32, i15 %tmp_118, i15 0" [firmware/nnet_utils/nnet_activation.h:45]   --->   Operation 187 'select' 'res_33_V_write_assign' <Predicate = true> <Delay = 0.84> <Core = "Sel">   --->   Core 26 'Sel' <Latency = 0> <II = 1> <Delay = 0.84> <FuncUnit> <Opcode : 'select'> <InPorts = 3> <OutPorts = 1>
ST_1 : Operation 188 [1/1] (0.00ns)   --->   "%res_33_V_write_assign_cast = zext i15 %res_33_V_write_assign to i16" [firmware/nnet_utils/nnet_activation.h:45]   --->   Operation 188 'zext' 'res_33_V_write_assign_cast' <Predicate = true> <Delay = 0.00>
ST_1 : Operation 189 [1/1] (1.97ns)   --->   "%tmp_17_33 = icmp sgt i16 %data_34_V_read_1, 0" [firmware/nnet_utils/nnet_activation.h:45]   --->   Operation 189 'icmp' 'tmp_17_33' <Predicate = true> <Delay = 1.97> <Core = "Cmp">   --->   Core 25 'Cmp' <Latency = 0> <II = 1> <Delay = 1.97> <FuncUnit> <Opcode : 'icmp'> <InPorts = 2> <OutPorts = 1>
ST_1 : Operation 190 [1/1] (0.00ns)   --->   "%tmp_119 = trunc i16 %data_34_V_read_1 to i15" [firmware/nnet_utils/nnet_activation.h:45]   --->   Operation 190 'trunc' 'tmp_119' <Predicate = (tmp_17_33)> <Delay = 0.00>
ST_1 : Operation 191 [1/1] (0.84ns)   --->   "%res_34_V_write_assign = select i1 %tmp_17_33, i15 %tmp_119, i15 0" [firmware/nnet_utils/nnet_activation.h:45]   --->   Operation 191 'select' 'res_34_V_write_assign' <Predicate = true> <Delay = 0.84> <Core = "Sel">   --->   Core 26 'Sel' <Latency = 0> <II = 1> <Delay = 0.84> <FuncUnit> <Opcode : 'select'> <InPorts = 3> <OutPorts = 1>
ST_1 : Operation 192 [1/1] (0.00ns)   --->   "%res_34_V_write_assign_cast = zext i15 %res_34_V_write_assign to i16" [firmware/nnet_utils/nnet_activation.h:45]   --->   Operation 192 'zext' 'res_34_V_write_assign_cast' <Predicate = true> <Delay = 0.00>
ST_1 : Operation 193 [1/1] (1.97ns)   --->   "%tmp_17_34 = icmp sgt i16 %data_35_V_read_1, 0" [firmware/nnet_utils/nnet_activation.h:45]   --->   Operation 193 'icmp' 'tmp_17_34' <Predicate = true> <Delay = 1.97> <Core = "Cmp">   --->   Core 25 'Cmp' <Latency = 0> <II = 1> <Delay = 1.97> <FuncUnit> <Opcode : 'icmp'> <InPorts = 2> <OutPorts = 1>
ST_1 : Operation 194 [1/1] (0.00ns)   --->   "%tmp_120 = trunc i16 %data_35_V_read_1 to i15" [firmware/nnet_utils/nnet_activation.h:45]   --->   Operation 194 'trunc' 'tmp_120' <Predicate = (tmp_17_34)> <Delay = 0.00>
ST_1 : Operation 195 [1/1] (0.84ns)   --->   "%res_35_V_write_assign = select i1 %tmp_17_34, i15 %tmp_120, i15 0" [firmware/nnet_utils/nnet_activation.h:45]   --->   Operation 195 'select' 'res_35_V_write_assign' <Predicate = true> <Delay = 0.84> <Core = "Sel">   --->   Core 26 'Sel' <Latency = 0> <II = 1> <Delay = 0.84> <FuncUnit> <Opcode : 'select'> <InPorts = 3> <OutPorts = 1>
ST_1 : Operation 196 [1/1] (0.00ns)   --->   "%res_35_V_write_assign_cast = zext i15 %res_35_V_write_assign to i16" [firmware/nnet_utils/nnet_activation.h:45]   --->   Operation 196 'zext' 'res_35_V_write_assign_cast' <Predicate = true> <Delay = 0.00>
ST_1 : Operation 197 [1/1] (1.97ns)   --->   "%tmp_17_35 = icmp sgt i16 %data_36_V_read_1, 0" [firmware/nnet_utils/nnet_activation.h:45]   --->   Operation 197 'icmp' 'tmp_17_35' <Predicate = true> <Delay = 1.97> <Core = "Cmp">   --->   Core 25 'Cmp' <Latency = 0> <II = 1> <Delay = 1.97> <FuncUnit> <Opcode : 'icmp'> <InPorts = 2> <OutPorts = 1>
ST_1 : Operation 198 [1/1] (0.00ns)   --->   "%tmp_121 = trunc i16 %data_36_V_read_1 to i15" [firmware/nnet_utils/nnet_activation.h:45]   --->   Operation 198 'trunc' 'tmp_121' <Predicate = (tmp_17_35)> <Delay = 0.00>
ST_1 : Operation 199 [1/1] (0.84ns)   --->   "%res_36_V_write_assign = select i1 %tmp_17_35, i15 %tmp_121, i15 0" [firmware/nnet_utils/nnet_activation.h:45]   --->   Operation 199 'select' 'res_36_V_write_assign' <Predicate = true> <Delay = 0.84> <Core = "Sel">   --->   Core 26 'Sel' <Latency = 0> <II = 1> <Delay = 0.84> <FuncUnit> <Opcode : 'select'> <InPorts = 3> <OutPorts = 1>
ST_1 : Operation 200 [1/1] (0.00ns)   --->   "%res_36_V_write_assign_cast = zext i15 %res_36_V_write_assign to i16" [firmware/nnet_utils/nnet_activation.h:45]   --->   Operation 200 'zext' 'res_36_V_write_assign_cast' <Predicate = true> <Delay = 0.00>
ST_1 : Operation 201 [1/1] (1.97ns)   --->   "%tmp_17_36 = icmp sgt i16 %data_37_V_read_1, 0" [firmware/nnet_utils/nnet_activation.h:45]   --->   Operation 201 'icmp' 'tmp_17_36' <Predicate = true> <Delay = 1.97> <Core = "Cmp">   --->   Core 25 'Cmp' <Latency = 0> <II = 1> <Delay = 1.97> <FuncUnit> <Opcode : 'icmp'> <InPorts = 2> <OutPorts = 1>
ST_1 : Operation 202 [1/1] (0.00ns)   --->   "%tmp_122 = trunc i16 %data_37_V_read_1 to i15" [firmware/nnet_utils/nnet_activation.h:45]   --->   Operation 202 'trunc' 'tmp_122' <Predicate = (tmp_17_36)> <Delay = 0.00>
ST_1 : Operation 203 [1/1] (0.84ns)   --->   "%res_37_V_write_assign = select i1 %tmp_17_36, i15 %tmp_122, i15 0" [firmware/nnet_utils/nnet_activation.h:45]   --->   Operation 203 'select' 'res_37_V_write_assign' <Predicate = true> <Delay = 0.84> <Core = "Sel">   --->   Core 26 'Sel' <Latency = 0> <II = 1> <Delay = 0.84> <FuncUnit> <Opcode : 'select'> <InPorts = 3> <OutPorts = 1>
ST_1 : Operation 204 [1/1] (0.00ns)   --->   "%res_37_V_write_assign_cast = zext i15 %res_37_V_write_assign to i16" [firmware/nnet_utils/nnet_activation.h:45]   --->   Operation 204 'zext' 'res_37_V_write_assign_cast' <Predicate = true> <Delay = 0.00>
ST_1 : Operation 205 [1/1] (1.97ns)   --->   "%tmp_17_37 = icmp sgt i16 %data_38_V_read_1, 0" [firmware/nnet_utils/nnet_activation.h:45]   --->   Operation 205 'icmp' 'tmp_17_37' <Predicate = true> <Delay = 1.97> <Core = "Cmp">   --->   Core 25 'Cmp' <Latency = 0> <II = 1> <Delay = 1.97> <FuncUnit> <Opcode : 'icmp'> <InPorts = 2> <OutPorts = 1>
ST_1 : Operation 206 [1/1] (0.00ns)   --->   "%tmp_123 = trunc i16 %data_38_V_read_1 to i15" [firmware/nnet_utils/nnet_activation.h:45]   --->   Operation 206 'trunc' 'tmp_123' <Predicate = (tmp_17_37)> <Delay = 0.00>
ST_1 : Operation 207 [1/1] (0.84ns)   --->   "%res_38_V_write_assign = select i1 %tmp_17_37, i15 %tmp_123, i15 0" [firmware/nnet_utils/nnet_activation.h:45]   --->   Operation 207 'select' 'res_38_V_write_assign' <Predicate = true> <Delay = 0.84> <Core = "Sel">   --->   Core 26 'Sel' <Latency = 0> <II = 1> <Delay = 0.84> <FuncUnit> <Opcode : 'select'> <InPorts = 3> <OutPorts = 1>
ST_1 : Operation 208 [1/1] (0.00ns)   --->   "%res_38_V_write_assign_cast = zext i15 %res_38_V_write_assign to i16" [firmware/nnet_utils/nnet_activation.h:45]   --->   Operation 208 'zext' 'res_38_V_write_assign_cast' <Predicate = true> <Delay = 0.00>
ST_1 : Operation 209 [1/1] (1.97ns)   --->   "%tmp_17_38 = icmp sgt i16 %data_39_V_read_1, 0" [firmware/nnet_utils/nnet_activation.h:45]   --->   Operation 209 'icmp' 'tmp_17_38' <Predicate = true> <Delay = 1.97> <Core = "Cmp">   --->   Core 25 'Cmp' <Latency = 0> <II = 1> <Delay = 1.97> <FuncUnit> <Opcode : 'icmp'> <InPorts = 2> <OutPorts = 1>
ST_1 : Operation 210 [1/1] (0.00ns)   --->   "%tmp_124 = trunc i16 %data_39_V_read_1 to i15" [firmware/nnet_utils/nnet_activation.h:45]   --->   Operation 210 'trunc' 'tmp_124' <Predicate = (tmp_17_38)> <Delay = 0.00>
ST_1 : Operation 211 [1/1] (0.84ns)   --->   "%res_39_V_write_assign = select i1 %tmp_17_38, i15 %tmp_124, i15 0" [firmware/nnet_utils/nnet_activation.h:45]   --->   Operation 211 'select' 'res_39_V_write_assign' <Predicate = true> <Delay = 0.84> <Core = "Sel">   --->   Core 26 'Sel' <Latency = 0> <II = 1> <Delay = 0.84> <FuncUnit> <Opcode : 'select'> <InPorts = 3> <OutPorts = 1>
ST_1 : Operation 212 [1/1] (0.00ns)   --->   "%res_39_V_write_assign_cast = zext i15 %res_39_V_write_assign to i16" [firmware/nnet_utils/nnet_activation.h:45]   --->   Operation 212 'zext' 'res_39_V_write_assign_cast' <Predicate = true> <Delay = 0.00>
ST_1 : Operation 213 [1/1] (1.97ns)   --->   "%tmp_17_39 = icmp sgt i16 %data_40_V_read_1, 0" [firmware/nnet_utils/nnet_activation.h:45]   --->   Operation 213 'icmp' 'tmp_17_39' <Predicate = true> <Delay = 1.97> <Core = "Cmp">   --->   Core 25 'Cmp' <Latency = 0> <II = 1> <Delay = 1.97> <FuncUnit> <Opcode : 'icmp'> <InPorts = 2> <OutPorts = 1>
ST_1 : Operation 214 [1/1] (0.00ns)   --->   "%tmp_125 = trunc i16 %data_40_V_read_1 to i15" [firmware/nnet_utils/nnet_activation.h:45]   --->   Operation 214 'trunc' 'tmp_125' <Predicate = (tmp_17_39)> <Delay = 0.00>
ST_1 : Operation 215 [1/1] (0.84ns)   --->   "%res_40_V_write_assign = select i1 %tmp_17_39, i15 %tmp_125, i15 0" [firmware/nnet_utils/nnet_activation.h:45]   --->   Operation 215 'select' 'res_40_V_write_assign' <Predicate = true> <Delay = 0.84> <Core = "Sel">   --->   Core 26 'Sel' <Latency = 0> <II = 1> <Delay = 0.84> <FuncUnit> <Opcode : 'select'> <InPorts = 3> <OutPorts = 1>
ST_1 : Operation 216 [1/1] (0.00ns)   --->   "%res_40_V_write_assign_cast = zext i15 %res_40_V_write_assign to i16" [firmware/nnet_utils/nnet_activation.h:45]   --->   Operation 216 'zext' 'res_40_V_write_assign_cast' <Predicate = true> <Delay = 0.00>
ST_1 : Operation 217 [1/1] (1.97ns)   --->   "%tmp_17_40 = icmp sgt i16 %data_41_V_read_1, 0" [firmware/nnet_utils/nnet_activation.h:45]   --->   Operation 217 'icmp' 'tmp_17_40' <Predicate = true> <Delay = 1.97> <Core = "Cmp">   --->   Core 25 'Cmp' <Latency = 0> <II = 1> <Delay = 1.97> <FuncUnit> <Opcode : 'icmp'> <InPorts = 2> <OutPorts = 1>
ST_1 : Operation 218 [1/1] (0.00ns)   --->   "%tmp_126 = trunc i16 %data_41_V_read_1 to i15" [firmware/nnet_utils/nnet_activation.h:45]   --->   Operation 218 'trunc' 'tmp_126' <Predicate = (tmp_17_40)> <Delay = 0.00>
ST_1 : Operation 219 [1/1] (0.84ns)   --->   "%res_41_V_write_assign = select i1 %tmp_17_40, i15 %tmp_126, i15 0" [firmware/nnet_utils/nnet_activation.h:45]   --->   Operation 219 'select' 'res_41_V_write_assign' <Predicate = true> <Delay = 0.84> <Core = "Sel">   --->   Core 26 'Sel' <Latency = 0> <II = 1> <Delay = 0.84> <FuncUnit> <Opcode : 'select'> <InPorts = 3> <OutPorts = 1>
ST_1 : Operation 220 [1/1] (0.00ns)   --->   "%res_41_V_write_assign_cast = zext i15 %res_41_V_write_assign to i16" [firmware/nnet_utils/nnet_activation.h:45]   --->   Operation 220 'zext' 'res_41_V_write_assign_cast' <Predicate = true> <Delay = 0.00>
ST_1 : Operation 221 [1/1] (1.97ns)   --->   "%tmp_17_41 = icmp sgt i16 %data_42_V_read_1, 0" [firmware/nnet_utils/nnet_activation.h:45]   --->   Operation 221 'icmp' 'tmp_17_41' <Predicate = true> <Delay = 1.97> <Core = "Cmp">   --->   Core 25 'Cmp' <Latency = 0> <II = 1> <Delay = 1.97> <FuncUnit> <Opcode : 'icmp'> <InPorts = 2> <OutPorts = 1>
ST_1 : Operation 222 [1/1] (0.00ns)   --->   "%tmp_127 = trunc i16 %data_42_V_read_1 to i15" [firmware/nnet_utils/nnet_activation.h:45]   --->   Operation 222 'trunc' 'tmp_127' <Predicate = (tmp_17_41)> <Delay = 0.00>
ST_1 : Operation 223 [1/1] (0.84ns)   --->   "%res_42_V_write_assign = select i1 %tmp_17_41, i15 %tmp_127, i15 0" [firmware/nnet_utils/nnet_activation.h:45]   --->   Operation 223 'select' 'res_42_V_write_assign' <Predicate = true> <Delay = 0.84> <Core = "Sel">   --->   Core 26 'Sel' <Latency = 0> <II = 1> <Delay = 0.84> <FuncUnit> <Opcode : 'select'> <InPorts = 3> <OutPorts = 1>
ST_1 : Operation 224 [1/1] (0.00ns)   --->   "%res_42_V_write_assign_cast = zext i15 %res_42_V_write_assign to i16" [firmware/nnet_utils/nnet_activation.h:45]   --->   Operation 224 'zext' 'res_42_V_write_assign_cast' <Predicate = true> <Delay = 0.00>
ST_1 : Operation 225 [1/1] (1.97ns)   --->   "%tmp_17_42 = icmp sgt i16 %data_43_V_read_1, 0" [firmware/nnet_utils/nnet_activation.h:45]   --->   Operation 225 'icmp' 'tmp_17_42' <Predicate = true> <Delay = 1.97> <Core = "Cmp">   --->   Core 25 'Cmp' <Latency = 0> <II = 1> <Delay = 1.97> <FuncUnit> <Opcode : 'icmp'> <InPorts = 2> <OutPorts = 1>
ST_1 : Operation 226 [1/1] (0.00ns)   --->   "%tmp_128 = trunc i16 %data_43_V_read_1 to i15" [firmware/nnet_utils/nnet_activation.h:45]   --->   Operation 226 'trunc' 'tmp_128' <Predicate = (tmp_17_42)> <Delay = 0.00>
ST_1 : Operation 227 [1/1] (0.84ns)   --->   "%res_43_V_write_assign = select i1 %tmp_17_42, i15 %tmp_128, i15 0" [firmware/nnet_utils/nnet_activation.h:45]   --->   Operation 227 'select' 'res_43_V_write_assign' <Predicate = true> <Delay = 0.84> <Core = "Sel">   --->   Core 26 'Sel' <Latency = 0> <II = 1> <Delay = 0.84> <FuncUnit> <Opcode : 'select'> <InPorts = 3> <OutPorts = 1>
ST_1 : Operation 228 [1/1] (0.00ns)   --->   "%res_43_V_write_assign_cast = zext i15 %res_43_V_write_assign to i16" [firmware/nnet_utils/nnet_activation.h:45]   --->   Operation 228 'zext' 'res_43_V_write_assign_cast' <Predicate = true> <Delay = 0.00>
ST_1 : Operation 229 [1/1] (1.97ns)   --->   "%tmp_17_43 = icmp sgt i16 %data_44_V_read_1, 0" [firmware/nnet_utils/nnet_activation.h:45]   --->   Operation 229 'icmp' 'tmp_17_43' <Predicate = true> <Delay = 1.97> <Core = "Cmp">   --->   Core 25 'Cmp' <Latency = 0> <II = 1> <Delay = 1.97> <FuncUnit> <Opcode : 'icmp'> <InPorts = 2> <OutPorts = 1>
ST_1 : Operation 230 [1/1] (0.00ns)   --->   "%tmp_129 = trunc i16 %data_44_V_read_1 to i15" [firmware/nnet_utils/nnet_activation.h:45]   --->   Operation 230 'trunc' 'tmp_129' <Predicate = (tmp_17_43)> <Delay = 0.00>
ST_1 : Operation 231 [1/1] (0.84ns)   --->   "%res_44_V_write_assign = select i1 %tmp_17_43, i15 %tmp_129, i15 0" [firmware/nnet_utils/nnet_activation.h:45]   --->   Operation 231 'select' 'res_44_V_write_assign' <Predicate = true> <Delay = 0.84> <Core = "Sel">   --->   Core 26 'Sel' <Latency = 0> <II = 1> <Delay = 0.84> <FuncUnit> <Opcode : 'select'> <InPorts = 3> <OutPorts = 1>
ST_1 : Operation 232 [1/1] (0.00ns)   --->   "%res_44_V_write_assign_cast = zext i15 %res_44_V_write_assign to i16" [firmware/nnet_utils/nnet_activation.h:45]   --->   Operation 232 'zext' 'res_44_V_write_assign_cast' <Predicate = true> <Delay = 0.00>
ST_1 : Operation 233 [1/1] (1.97ns)   --->   "%tmp_17_44 = icmp sgt i16 %data_45_V_read_1, 0" [firmware/nnet_utils/nnet_activation.h:45]   --->   Operation 233 'icmp' 'tmp_17_44' <Predicate = true> <Delay = 1.97> <Core = "Cmp">   --->   Core 25 'Cmp' <Latency = 0> <II = 1> <Delay = 1.97> <FuncUnit> <Opcode : 'icmp'> <InPorts = 2> <OutPorts = 1>
ST_1 : Operation 234 [1/1] (0.00ns)   --->   "%tmp_130 = trunc i16 %data_45_V_read_1 to i15" [firmware/nnet_utils/nnet_activation.h:45]   --->   Operation 234 'trunc' 'tmp_130' <Predicate = (tmp_17_44)> <Delay = 0.00>
ST_1 : Operation 235 [1/1] (0.84ns)   --->   "%res_45_V_write_assign = select i1 %tmp_17_44, i15 %tmp_130, i15 0" [firmware/nnet_utils/nnet_activation.h:45]   --->   Operation 235 'select' 'res_45_V_write_assign' <Predicate = true> <Delay = 0.84> <Core = "Sel">   --->   Core 26 'Sel' <Latency = 0> <II = 1> <Delay = 0.84> <FuncUnit> <Opcode : 'select'> <InPorts = 3> <OutPorts = 1>
ST_1 : Operation 236 [1/1] (0.00ns)   --->   "%res_45_V_write_assign_cast = zext i15 %res_45_V_write_assign to i16" [firmware/nnet_utils/nnet_activation.h:45]   --->   Operation 236 'zext' 'res_45_V_write_assign_cast' <Predicate = true> <Delay = 0.00>
ST_1 : Operation 237 [1/1] (1.97ns)   --->   "%tmp_17_45 = icmp sgt i16 %data_46_V_read_1, 0" [firmware/nnet_utils/nnet_activation.h:45]   --->   Operation 237 'icmp' 'tmp_17_45' <Predicate = true> <Delay = 1.97> <Core = "Cmp">   --->   Core 25 'Cmp' <Latency = 0> <II = 1> <Delay = 1.97> <FuncUnit> <Opcode : 'icmp'> <InPorts = 2> <OutPorts = 1>
ST_1 : Operation 238 [1/1] (0.00ns)   --->   "%tmp_131 = trunc i16 %data_46_V_read_1 to i15" [firmware/nnet_utils/nnet_activation.h:45]   --->   Operation 238 'trunc' 'tmp_131' <Predicate = (tmp_17_45)> <Delay = 0.00>
ST_1 : Operation 239 [1/1] (0.84ns)   --->   "%res_46_V_write_assign = select i1 %tmp_17_45, i15 %tmp_131, i15 0" [firmware/nnet_utils/nnet_activation.h:45]   --->   Operation 239 'select' 'res_46_V_write_assign' <Predicate = true> <Delay = 0.84> <Core = "Sel">   --->   Core 26 'Sel' <Latency = 0> <II = 1> <Delay = 0.84> <FuncUnit> <Opcode : 'select'> <InPorts = 3> <OutPorts = 1>
ST_1 : Operation 240 [1/1] (0.00ns)   --->   "%res_46_V_write_assign_cast = zext i15 %res_46_V_write_assign to i16" [firmware/nnet_utils/nnet_activation.h:45]   --->   Operation 240 'zext' 'res_46_V_write_assign_cast' <Predicate = true> <Delay = 0.00>
ST_1 : Operation 241 [1/1] (1.97ns)   --->   "%tmp_17_46 = icmp sgt i16 %data_47_V_read_1, 0" [firmware/nnet_utils/nnet_activation.h:45]   --->   Operation 241 'icmp' 'tmp_17_46' <Predicate = true> <Delay = 1.97> <Core = "Cmp">   --->   Core 25 'Cmp' <Latency = 0> <II = 1> <Delay = 1.97> <FuncUnit> <Opcode : 'icmp'> <InPorts = 2> <OutPorts = 1>
ST_1 : Operation 242 [1/1] (0.00ns)   --->   "%tmp_132 = trunc i16 %data_47_V_read_1 to i15" [firmware/nnet_utils/nnet_activation.h:45]   --->   Operation 242 'trunc' 'tmp_132' <Predicate = (tmp_17_46)> <Delay = 0.00>
ST_1 : Operation 243 [1/1] (0.84ns)   --->   "%res_47_V_write_assign = select i1 %tmp_17_46, i15 %tmp_132, i15 0" [firmware/nnet_utils/nnet_activation.h:45]   --->   Operation 243 'select' 'res_47_V_write_assign' <Predicate = true> <Delay = 0.84> <Core = "Sel">   --->   Core 26 'Sel' <Latency = 0> <II = 1> <Delay = 0.84> <FuncUnit> <Opcode : 'select'> <InPorts = 3> <OutPorts = 1>
ST_1 : Operation 244 [1/1] (0.00ns)   --->   "%res_47_V_write_assign_cast = zext i15 %res_47_V_write_assign to i16" [firmware/nnet_utils/nnet_activation.h:45]   --->   Operation 244 'zext' 'res_47_V_write_assign_cast' <Predicate = true> <Delay = 0.00>
ST_1 : Operation 245 [1/1] (1.97ns)   --->   "%tmp_17_47 = icmp sgt i16 %data_48_V_read_1, 0" [firmware/nnet_utils/nnet_activation.h:45]   --->   Operation 245 'icmp' 'tmp_17_47' <Predicate = true> <Delay = 1.97> <Core = "Cmp">   --->   Core 25 'Cmp' <Latency = 0> <II = 1> <Delay = 1.97> <FuncUnit> <Opcode : 'icmp'> <InPorts = 2> <OutPorts = 1>
ST_1 : Operation 246 [1/1] (0.00ns)   --->   "%tmp_133 = trunc i16 %data_48_V_read_1 to i15" [firmware/nnet_utils/nnet_activation.h:45]   --->   Operation 246 'trunc' 'tmp_133' <Predicate = (tmp_17_47)> <Delay = 0.00>
ST_1 : Operation 247 [1/1] (0.84ns)   --->   "%res_48_V_write_assign = select i1 %tmp_17_47, i15 %tmp_133, i15 0" [firmware/nnet_utils/nnet_activation.h:45]   --->   Operation 247 'select' 'res_48_V_write_assign' <Predicate = true> <Delay = 0.84> <Core = "Sel">   --->   Core 26 'Sel' <Latency = 0> <II = 1> <Delay = 0.84> <FuncUnit> <Opcode : 'select'> <InPorts = 3> <OutPorts = 1>
ST_1 : Operation 248 [1/1] (0.00ns)   --->   "%res_48_V_write_assign_cast = zext i15 %res_48_V_write_assign to i16" [firmware/nnet_utils/nnet_activation.h:45]   --->   Operation 248 'zext' 'res_48_V_write_assign_cast' <Predicate = true> <Delay = 0.00>
ST_1 : Operation 249 [1/1] (1.97ns)   --->   "%tmp_17_48 = icmp sgt i16 %data_49_V_read_1, 0" [firmware/nnet_utils/nnet_activation.h:45]   --->   Operation 249 'icmp' 'tmp_17_48' <Predicate = true> <Delay = 1.97> <Core = "Cmp">   --->   Core 25 'Cmp' <Latency = 0> <II = 1> <Delay = 1.97> <FuncUnit> <Opcode : 'icmp'> <InPorts = 2> <OutPorts = 1>
ST_1 : Operation 250 [1/1] (0.00ns)   --->   "%tmp_134 = trunc i16 %data_49_V_read_1 to i15" [firmware/nnet_utils/nnet_activation.h:45]   --->   Operation 250 'trunc' 'tmp_134' <Predicate = (tmp_17_48)> <Delay = 0.00>
ST_1 : Operation 251 [1/1] (0.84ns)   --->   "%res_49_V_write_assign = select i1 %tmp_17_48, i15 %tmp_134, i15 0" [firmware/nnet_utils/nnet_activation.h:45]   --->   Operation 251 'select' 'res_49_V_write_assign' <Predicate = true> <Delay = 0.84> <Core = "Sel">   --->   Core 26 'Sel' <Latency = 0> <II = 1> <Delay = 0.84> <FuncUnit> <Opcode : 'select'> <InPorts = 3> <OutPorts = 1>
ST_1 : Operation 252 [1/1] (0.00ns)   --->   "%res_49_V_write_assign_cast = zext i15 %res_49_V_write_assign to i16" [firmware/nnet_utils/nnet_activation.h:45]   --->   Operation 252 'zext' 'res_49_V_write_assign_cast' <Predicate = true> <Delay = 0.00>
ST_1 : Operation 253 [1/1] (0.00ns)   --->   "%mrv = insertvalue { i16, i16, i16, i16, i16, i16, i16, i16, i16, i16, i16, i16, i16, i16, i16, i16, i16, i16, i16, i16, i16, i16, i16, i16, i16, i16, i16, i16, i16, i16, i16, i16, i16, i16, i16, i16, i16, i16, i16, i16, i16, i16, i16, i16, i16, i16, i16, i16, i16, i16 } undef, i16 %res_0_V_write_assign_cast, 0" [firmware/nnet_utils/nnet_activation.h:50]   --->   Operation 253 'insertvalue' 'mrv' <Predicate = true> <Delay = 0.00>
ST_1 : Operation 254 [1/1] (0.00ns)   --->   "%mrv_1 = insertvalue { i16, i16, i16, i16, i16, i16, i16, i16, i16, i16, i16, i16, i16, i16, i16, i16, i16, i16, i16, i16, i16, i16, i16, i16, i16, i16, i16, i16, i16, i16, i16, i16, i16, i16, i16, i16, i16, i16, i16, i16, i16, i16, i16, i16, i16, i16, i16, i16, i16, i16 } %mrv, i16 %res_1_V_write_assign_cast, 1" [firmware/nnet_utils/nnet_activation.h:50]   --->   Operation 254 'insertvalue' 'mrv_1' <Predicate = true> <Delay = 0.00>
ST_1 : Operation 255 [1/1] (0.00ns)   --->   "%mrv_2 = insertvalue { i16, i16, i16, i16, i16, i16, i16, i16, i16, i16, i16, i16, i16, i16, i16, i16, i16, i16, i16, i16, i16, i16, i16, i16, i16, i16, i16, i16, i16, i16, i16, i16, i16, i16, i16, i16, i16, i16, i16, i16, i16, i16, i16, i16, i16, i16, i16, i16, i16, i16 } %mrv_1, i16 %res_2_V_write_assign_cast, 2" [firmware/nnet_utils/nnet_activation.h:50]   --->   Operation 255 'insertvalue' 'mrv_2' <Predicate = true> <Delay = 0.00>
ST_1 : Operation 256 [1/1] (0.00ns)   --->   "%mrv_3 = insertvalue { i16, i16, i16, i16, i16, i16, i16, i16, i16, i16, i16, i16, i16, i16, i16, i16, i16, i16, i16, i16, i16, i16, i16, i16, i16, i16, i16, i16, i16, i16, i16, i16, i16, i16, i16, i16, i16, i16, i16, i16, i16, i16, i16, i16, i16, i16, i16, i16, i16, i16 } %mrv_2, i16 %res_3_V_write_assign_cast, 3" [firmware/nnet_utils/nnet_activation.h:50]   --->   Operation 256 'insertvalue' 'mrv_3' <Predicate = true> <Delay = 0.00>
ST_1 : Operation 257 [1/1] (0.00ns)   --->   "%mrv_4 = insertvalue { i16, i16, i16, i16, i16, i16, i16, i16, i16, i16, i16, i16, i16, i16, i16, i16, i16, i16, i16, i16, i16, i16, i16, i16, i16, i16, i16, i16, i16, i16, i16, i16, i16, i16, i16, i16, i16, i16, i16, i16, i16, i16, i16, i16, i16, i16, i16, i16, i16, i16 } %mrv_3, i16 %res_4_V_write_assign_cast, 4" [firmware/nnet_utils/nnet_activation.h:50]   --->   Operation 257 'insertvalue' 'mrv_4' <Predicate = true> <Delay = 0.00>
ST_1 : Operation 258 [1/1] (0.00ns)   --->   "%mrv_5 = insertvalue { i16, i16, i16, i16, i16, i16, i16, i16, i16, i16, i16, i16, i16, i16, i16, i16, i16, i16, i16, i16, i16, i16, i16, i16, i16, i16, i16, i16, i16, i16, i16, i16, i16, i16, i16, i16, i16, i16, i16, i16, i16, i16, i16, i16, i16, i16, i16, i16, i16, i16 } %mrv_4, i16 %res_5_V_write_assign_cast, 5" [firmware/nnet_utils/nnet_activation.h:50]   --->   Operation 258 'insertvalue' 'mrv_5' <Predicate = true> <Delay = 0.00>
ST_1 : Operation 259 [1/1] (0.00ns)   --->   "%mrv_6 = insertvalue { i16, i16, i16, i16, i16, i16, i16, i16, i16, i16, i16, i16, i16, i16, i16, i16, i16, i16, i16, i16, i16, i16, i16, i16, i16, i16, i16, i16, i16, i16, i16, i16, i16, i16, i16, i16, i16, i16, i16, i16, i16, i16, i16, i16, i16, i16, i16, i16, i16, i16 } %mrv_5, i16 %res_6_V_write_assign_cast, 6" [firmware/nnet_utils/nnet_activation.h:50]   --->   Operation 259 'insertvalue' 'mrv_6' <Predicate = true> <Delay = 0.00>
ST_1 : Operation 260 [1/1] (0.00ns)   --->   "%mrv_7 = insertvalue { i16, i16, i16, i16, i16, i16, i16, i16, i16, i16, i16, i16, i16, i16, i16, i16, i16, i16, i16, i16, i16, i16, i16, i16, i16, i16, i16, i16, i16, i16, i16, i16, i16, i16, i16, i16, i16, i16, i16, i16, i16, i16, i16, i16, i16, i16, i16, i16, i16, i16 } %mrv_6, i16 %res_7_V_write_assign_cast, 7" [firmware/nnet_utils/nnet_activation.h:50]   --->   Operation 260 'insertvalue' 'mrv_7' <Predicate = true> <Delay = 0.00>
ST_1 : Operation 261 [1/1] (0.00ns)   --->   "%mrv_8 = insertvalue { i16, i16, i16, i16, i16, i16, i16, i16, i16, i16, i16, i16, i16, i16, i16, i16, i16, i16, i16, i16, i16, i16, i16, i16, i16, i16, i16, i16, i16, i16, i16, i16, i16, i16, i16, i16, i16, i16, i16, i16, i16, i16, i16, i16, i16, i16, i16, i16, i16, i16 } %mrv_7, i16 %res_8_V_write_assign_cast, 8" [firmware/nnet_utils/nnet_activation.h:50]   --->   Operation 261 'insertvalue' 'mrv_8' <Predicate = true> <Delay = 0.00>
ST_1 : Operation 262 [1/1] (0.00ns)   --->   "%mrv_9 = insertvalue { i16, i16, i16, i16, i16, i16, i16, i16, i16, i16, i16, i16, i16, i16, i16, i16, i16, i16, i16, i16, i16, i16, i16, i16, i16, i16, i16, i16, i16, i16, i16, i16, i16, i16, i16, i16, i16, i16, i16, i16, i16, i16, i16, i16, i16, i16, i16, i16, i16, i16 } %mrv_8, i16 %res_9_V_write_assign_cast, 9" [firmware/nnet_utils/nnet_activation.h:50]   --->   Operation 262 'insertvalue' 'mrv_9' <Predicate = true> <Delay = 0.00>
ST_1 : Operation 263 [1/1] (0.00ns)   --->   "%mrv_10 = insertvalue { i16, i16, i16, i16, i16, i16, i16, i16, i16, i16, i16, i16, i16, i16, i16, i16, i16, i16, i16, i16, i16, i16, i16, i16, i16, i16, i16, i16, i16, i16, i16, i16, i16, i16, i16, i16, i16, i16, i16, i16, i16, i16, i16, i16, i16, i16, i16, i16, i16, i16 } %mrv_9, i16 %res_10_V_write_assign_cast, 10" [firmware/nnet_utils/nnet_activation.h:50]   --->   Operation 263 'insertvalue' 'mrv_10' <Predicate = true> <Delay = 0.00>
ST_1 : Operation 264 [1/1] (0.00ns)   --->   "%mrv_11 = insertvalue { i16, i16, i16, i16, i16, i16, i16, i16, i16, i16, i16, i16, i16, i16, i16, i16, i16, i16, i16, i16, i16, i16, i16, i16, i16, i16, i16, i16, i16, i16, i16, i16, i16, i16, i16, i16, i16, i16, i16, i16, i16, i16, i16, i16, i16, i16, i16, i16, i16, i16 } %mrv_10, i16 %res_11_V_write_assign_cast, 11" [firmware/nnet_utils/nnet_activation.h:50]   --->   Operation 264 'insertvalue' 'mrv_11' <Predicate = true> <Delay = 0.00>
ST_1 : Operation 265 [1/1] (0.00ns)   --->   "%mrv_12 = insertvalue { i16, i16, i16, i16, i16, i16, i16, i16, i16, i16, i16, i16, i16, i16, i16, i16, i16, i16, i16, i16, i16, i16, i16, i16, i16, i16, i16, i16, i16, i16, i16, i16, i16, i16, i16, i16, i16, i16, i16, i16, i16, i16, i16, i16, i16, i16, i16, i16, i16, i16 } %mrv_11, i16 %res_12_V_write_assign_cast, 12" [firmware/nnet_utils/nnet_activation.h:50]   --->   Operation 265 'insertvalue' 'mrv_12' <Predicate = true> <Delay = 0.00>
ST_1 : Operation 266 [1/1] (0.00ns)   --->   "%mrv_13 = insertvalue { i16, i16, i16, i16, i16, i16, i16, i16, i16, i16, i16, i16, i16, i16, i16, i16, i16, i16, i16, i16, i16, i16, i16, i16, i16, i16, i16, i16, i16, i16, i16, i16, i16, i16, i16, i16, i16, i16, i16, i16, i16, i16, i16, i16, i16, i16, i16, i16, i16, i16 } %mrv_12, i16 %res_13_V_write_assign_cast, 13" [firmware/nnet_utils/nnet_activation.h:50]   --->   Operation 266 'insertvalue' 'mrv_13' <Predicate = true> <Delay = 0.00>
ST_1 : Operation 267 [1/1] (0.00ns)   --->   "%mrv_14 = insertvalue { i16, i16, i16, i16, i16, i16, i16, i16, i16, i16, i16, i16, i16, i16, i16, i16, i16, i16, i16, i16, i16, i16, i16, i16, i16, i16, i16, i16, i16, i16, i16, i16, i16, i16, i16, i16, i16, i16, i16, i16, i16, i16, i16, i16, i16, i16, i16, i16, i16, i16 } %mrv_13, i16 %res_14_V_write_assign_cast, 14" [firmware/nnet_utils/nnet_activation.h:50]   --->   Operation 267 'insertvalue' 'mrv_14' <Predicate = true> <Delay = 0.00>
ST_1 : Operation 268 [1/1] (0.00ns)   --->   "%mrv_15 = insertvalue { i16, i16, i16, i16, i16, i16, i16, i16, i16, i16, i16, i16, i16, i16, i16, i16, i16, i16, i16, i16, i16, i16, i16, i16, i16, i16, i16, i16, i16, i16, i16, i16, i16, i16, i16, i16, i16, i16, i16, i16, i16, i16, i16, i16, i16, i16, i16, i16, i16, i16 } %mrv_14, i16 %res_15_V_write_assign_cast, 15" [firmware/nnet_utils/nnet_activation.h:50]   --->   Operation 268 'insertvalue' 'mrv_15' <Predicate = true> <Delay = 0.00>
ST_1 : Operation 269 [1/1] (0.00ns)   --->   "%mrv_16 = insertvalue { i16, i16, i16, i16, i16, i16, i16, i16, i16, i16, i16, i16, i16, i16, i16, i16, i16, i16, i16, i16, i16, i16, i16, i16, i16, i16, i16, i16, i16, i16, i16, i16, i16, i16, i16, i16, i16, i16, i16, i16, i16, i16, i16, i16, i16, i16, i16, i16, i16, i16 } %mrv_15, i16 %res_16_V_write_assign_cast, 16" [firmware/nnet_utils/nnet_activation.h:50]   --->   Operation 269 'insertvalue' 'mrv_16' <Predicate = true> <Delay = 0.00>
ST_1 : Operation 270 [1/1] (0.00ns)   --->   "%mrv_17 = insertvalue { i16, i16, i16, i16, i16, i16, i16, i16, i16, i16, i16, i16, i16, i16, i16, i16, i16, i16, i16, i16, i16, i16, i16, i16, i16, i16, i16, i16, i16, i16, i16, i16, i16, i16, i16, i16, i16, i16, i16, i16, i16, i16, i16, i16, i16, i16, i16, i16, i16, i16 } %mrv_16, i16 %res_17_V_write_assign_cast, 17" [firmware/nnet_utils/nnet_activation.h:50]   --->   Operation 270 'insertvalue' 'mrv_17' <Predicate = true> <Delay = 0.00>
ST_1 : Operation 271 [1/1] (0.00ns)   --->   "%mrv_18 = insertvalue { i16, i16, i16, i16, i16, i16, i16, i16, i16, i16, i16, i16, i16, i16, i16, i16, i16, i16, i16, i16, i16, i16, i16, i16, i16, i16, i16, i16, i16, i16, i16, i16, i16, i16, i16, i16, i16, i16, i16, i16, i16, i16, i16, i16, i16, i16, i16, i16, i16, i16 } %mrv_17, i16 %res_18_V_write_assign_cast, 18" [firmware/nnet_utils/nnet_activation.h:50]   --->   Operation 271 'insertvalue' 'mrv_18' <Predicate = true> <Delay = 0.00>
ST_1 : Operation 272 [1/1] (0.00ns)   --->   "%mrv_19 = insertvalue { i16, i16, i16, i16, i16, i16, i16, i16, i16, i16, i16, i16, i16, i16, i16, i16, i16, i16, i16, i16, i16, i16, i16, i16, i16, i16, i16, i16, i16, i16, i16, i16, i16, i16, i16, i16, i16, i16, i16, i16, i16, i16, i16, i16, i16, i16, i16, i16, i16, i16 } %mrv_18, i16 %res_19_V_write_assign_cast, 19" [firmware/nnet_utils/nnet_activation.h:50]   --->   Operation 272 'insertvalue' 'mrv_19' <Predicate = true> <Delay = 0.00>
ST_1 : Operation 273 [1/1] (0.00ns)   --->   "%mrv_20 = insertvalue { i16, i16, i16, i16, i16, i16, i16, i16, i16, i16, i16, i16, i16, i16, i16, i16, i16, i16, i16, i16, i16, i16, i16, i16, i16, i16, i16, i16, i16, i16, i16, i16, i16, i16, i16, i16, i16, i16, i16, i16, i16, i16, i16, i16, i16, i16, i16, i16, i16, i16 } %mrv_19, i16 %res_20_V_write_assign_cast, 20" [firmware/nnet_utils/nnet_activation.h:50]   --->   Operation 273 'insertvalue' 'mrv_20' <Predicate = true> <Delay = 0.00>
ST_1 : Operation 274 [1/1] (0.00ns)   --->   "%mrv_21 = insertvalue { i16, i16, i16, i16, i16, i16, i16, i16, i16, i16, i16, i16, i16, i16, i16, i16, i16, i16, i16, i16, i16, i16, i16, i16, i16, i16, i16, i16, i16, i16, i16, i16, i16, i16, i16, i16, i16, i16, i16, i16, i16, i16, i16, i16, i16, i16, i16, i16, i16, i16 } %mrv_20, i16 %res_21_V_write_assign_cast, 21" [firmware/nnet_utils/nnet_activation.h:50]   --->   Operation 274 'insertvalue' 'mrv_21' <Predicate = true> <Delay = 0.00>
ST_1 : Operation 275 [1/1] (0.00ns)   --->   "%mrv_22 = insertvalue { i16, i16, i16, i16, i16, i16, i16, i16, i16, i16, i16, i16, i16, i16, i16, i16, i16, i16, i16, i16, i16, i16, i16, i16, i16, i16, i16, i16, i16, i16, i16, i16, i16, i16, i16, i16, i16, i16, i16, i16, i16, i16, i16, i16, i16, i16, i16, i16, i16, i16 } %mrv_21, i16 %res_22_V_write_assign_cast, 22" [firmware/nnet_utils/nnet_activation.h:50]   --->   Operation 275 'insertvalue' 'mrv_22' <Predicate = true> <Delay = 0.00>
ST_1 : Operation 276 [1/1] (0.00ns)   --->   "%mrv_23 = insertvalue { i16, i16, i16, i16, i16, i16, i16, i16, i16, i16, i16, i16, i16, i16, i16, i16, i16, i16, i16, i16, i16, i16, i16, i16, i16, i16, i16, i16, i16, i16, i16, i16, i16, i16, i16, i16, i16, i16, i16, i16, i16, i16, i16, i16, i16, i16, i16, i16, i16, i16 } %mrv_22, i16 %res_23_V_write_assign_cast, 23" [firmware/nnet_utils/nnet_activation.h:50]   --->   Operation 276 'insertvalue' 'mrv_23' <Predicate = true> <Delay = 0.00>
ST_1 : Operation 277 [1/1] (0.00ns)   --->   "%mrv_s = insertvalue { i16, i16, i16, i16, i16, i16, i16, i16, i16, i16, i16, i16, i16, i16, i16, i16, i16, i16, i16, i16, i16, i16, i16, i16, i16, i16, i16, i16, i16, i16, i16, i16, i16, i16, i16, i16, i16, i16, i16, i16, i16, i16, i16, i16, i16, i16, i16, i16, i16, i16 } %mrv_23, i16 %res_24_V_write_assign_cast, 24" [firmware/nnet_utils/nnet_activation.h:50]   --->   Operation 277 'insertvalue' 'mrv_s' <Predicate = true> <Delay = 0.00>
ST_1 : Operation 278 [1/1] (0.00ns)   --->   "%mrv_24 = insertvalue { i16, i16, i16, i16, i16, i16, i16, i16, i16, i16, i16, i16, i16, i16, i16, i16, i16, i16, i16, i16, i16, i16, i16, i16, i16, i16, i16, i16, i16, i16, i16, i16, i16, i16, i16, i16, i16, i16, i16, i16, i16, i16, i16, i16, i16, i16, i16, i16, i16, i16 } %mrv_s, i16 %res_25_V_write_assign_cast, 25" [firmware/nnet_utils/nnet_activation.h:50]   --->   Operation 278 'insertvalue' 'mrv_24' <Predicate = true> <Delay = 0.00>
ST_1 : Operation 279 [1/1] (0.00ns)   --->   "%mrv_25 = insertvalue { i16, i16, i16, i16, i16, i16, i16, i16, i16, i16, i16, i16, i16, i16, i16, i16, i16, i16, i16, i16, i16, i16, i16, i16, i16, i16, i16, i16, i16, i16, i16, i16, i16, i16, i16, i16, i16, i16, i16, i16, i16, i16, i16, i16, i16, i16, i16, i16, i16, i16 } %mrv_24, i16 %res_26_V_write_assign_cast, 26" [firmware/nnet_utils/nnet_activation.h:50]   --->   Operation 279 'insertvalue' 'mrv_25' <Predicate = true> <Delay = 0.00>
ST_1 : Operation 280 [1/1] (0.00ns)   --->   "%mrv_26 = insertvalue { i16, i16, i16, i16, i16, i16, i16, i16, i16, i16, i16, i16, i16, i16, i16, i16, i16, i16, i16, i16, i16, i16, i16, i16, i16, i16, i16, i16, i16, i16, i16, i16, i16, i16, i16, i16, i16, i16, i16, i16, i16, i16, i16, i16, i16, i16, i16, i16, i16, i16 } %mrv_25, i16 %res_27_V_write_assign_cast, 27" [firmware/nnet_utils/nnet_activation.h:50]   --->   Operation 280 'insertvalue' 'mrv_26' <Predicate = true> <Delay = 0.00>
ST_1 : Operation 281 [1/1] (0.00ns)   --->   "%mrv_27 = insertvalue { i16, i16, i16, i16, i16, i16, i16, i16, i16, i16, i16, i16, i16, i16, i16, i16, i16, i16, i16, i16, i16, i16, i16, i16, i16, i16, i16, i16, i16, i16, i16, i16, i16, i16, i16, i16, i16, i16, i16, i16, i16, i16, i16, i16, i16, i16, i16, i16, i16, i16 } %mrv_26, i16 %res_28_V_write_assign_cast, 28" [firmware/nnet_utils/nnet_activation.h:50]   --->   Operation 281 'insertvalue' 'mrv_27' <Predicate = true> <Delay = 0.00>
ST_1 : Operation 282 [1/1] (0.00ns)   --->   "%mrv_28 = insertvalue { i16, i16, i16, i16, i16, i16, i16, i16, i16, i16, i16, i16, i16, i16, i16, i16, i16, i16, i16, i16, i16, i16, i16, i16, i16, i16, i16, i16, i16, i16, i16, i16, i16, i16, i16, i16, i16, i16, i16, i16, i16, i16, i16, i16, i16, i16, i16, i16, i16, i16 } %mrv_27, i16 %res_29_V_write_assign_cast, 29" [firmware/nnet_utils/nnet_activation.h:50]   --->   Operation 282 'insertvalue' 'mrv_28' <Predicate = true> <Delay = 0.00>
ST_1 : Operation 283 [1/1] (0.00ns)   --->   "%mrv_29 = insertvalue { i16, i16, i16, i16, i16, i16, i16, i16, i16, i16, i16, i16, i16, i16, i16, i16, i16, i16, i16, i16, i16, i16, i16, i16, i16, i16, i16, i16, i16, i16, i16, i16, i16, i16, i16, i16, i16, i16, i16, i16, i16, i16, i16, i16, i16, i16, i16, i16, i16, i16 } %mrv_28, i16 %res_30_V_write_assign_cast, 30" [firmware/nnet_utils/nnet_activation.h:50]   --->   Operation 283 'insertvalue' 'mrv_29' <Predicate = true> <Delay = 0.00>
ST_1 : Operation 284 [1/1] (0.00ns)   --->   "%mrv_30 = insertvalue { i16, i16, i16, i16, i16, i16, i16, i16, i16, i16, i16, i16, i16, i16, i16, i16, i16, i16, i16, i16, i16, i16, i16, i16, i16, i16, i16, i16, i16, i16, i16, i16, i16, i16, i16, i16, i16, i16, i16, i16, i16, i16, i16, i16, i16, i16, i16, i16, i16, i16 } %mrv_29, i16 %res_31_V_write_assign_cast, 31" [firmware/nnet_utils/nnet_activation.h:50]   --->   Operation 284 'insertvalue' 'mrv_30' <Predicate = true> <Delay = 0.00>
ST_1 : Operation 285 [1/1] (0.00ns)   --->   "%mrv_31 = insertvalue { i16, i16, i16, i16, i16, i16, i16, i16, i16, i16, i16, i16, i16, i16, i16, i16, i16, i16, i16, i16, i16, i16, i16, i16, i16, i16, i16, i16, i16, i16, i16, i16, i16, i16, i16, i16, i16, i16, i16, i16, i16, i16, i16, i16, i16, i16, i16, i16, i16, i16 } %mrv_30, i16 %res_32_V_write_assign_cast, 32" [firmware/nnet_utils/nnet_activation.h:50]   --->   Operation 285 'insertvalue' 'mrv_31' <Predicate = true> <Delay = 0.00>
ST_1 : Operation 286 [1/1] (0.00ns)   --->   "%mrv_32 = insertvalue { i16, i16, i16, i16, i16, i16, i16, i16, i16, i16, i16, i16, i16, i16, i16, i16, i16, i16, i16, i16, i16, i16, i16, i16, i16, i16, i16, i16, i16, i16, i16, i16, i16, i16, i16, i16, i16, i16, i16, i16, i16, i16, i16, i16, i16, i16, i16, i16, i16, i16 } %mrv_31, i16 %res_33_V_write_assign_cast, 33" [firmware/nnet_utils/nnet_activation.h:50]   --->   Operation 286 'insertvalue' 'mrv_32' <Predicate = true> <Delay = 0.00>
ST_1 : Operation 287 [1/1] (0.00ns)   --->   "%mrv_33 = insertvalue { i16, i16, i16, i16, i16, i16, i16, i16, i16, i16, i16, i16, i16, i16, i16, i16, i16, i16, i16, i16, i16, i16, i16, i16, i16, i16, i16, i16, i16, i16, i16, i16, i16, i16, i16, i16, i16, i16, i16, i16, i16, i16, i16, i16, i16, i16, i16, i16, i16, i16 } %mrv_32, i16 %res_34_V_write_assign_cast, 34" [firmware/nnet_utils/nnet_activation.h:50]   --->   Operation 287 'insertvalue' 'mrv_33' <Predicate = true> <Delay = 0.00>
ST_1 : Operation 288 [1/1] (0.00ns)   --->   "%mrv_34 = insertvalue { i16, i16, i16, i16, i16, i16, i16, i16, i16, i16, i16, i16, i16, i16, i16, i16, i16, i16, i16, i16, i16, i16, i16, i16, i16, i16, i16, i16, i16, i16, i16, i16, i16, i16, i16, i16, i16, i16, i16, i16, i16, i16, i16, i16, i16, i16, i16, i16, i16, i16 } %mrv_33, i16 %res_35_V_write_assign_cast, 35" [firmware/nnet_utils/nnet_activation.h:50]   --->   Operation 288 'insertvalue' 'mrv_34' <Predicate = true> <Delay = 0.00>
ST_1 : Operation 289 [1/1] (0.00ns)   --->   "%mrv_35 = insertvalue { i16, i16, i16, i16, i16, i16, i16, i16, i16, i16, i16, i16, i16, i16, i16, i16, i16, i16, i16, i16, i16, i16, i16, i16, i16, i16, i16, i16, i16, i16, i16, i16, i16, i16, i16, i16, i16, i16, i16, i16, i16, i16, i16, i16, i16, i16, i16, i16, i16, i16 } %mrv_34, i16 %res_36_V_write_assign_cast, 36" [firmware/nnet_utils/nnet_activation.h:50]   --->   Operation 289 'insertvalue' 'mrv_35' <Predicate = true> <Delay = 0.00>
ST_1 : Operation 290 [1/1] (0.00ns)   --->   "%mrv_36 = insertvalue { i16, i16, i16, i16, i16, i16, i16, i16, i16, i16, i16, i16, i16, i16, i16, i16, i16, i16, i16, i16, i16, i16, i16, i16, i16, i16, i16, i16, i16, i16, i16, i16, i16, i16, i16, i16, i16, i16, i16, i16, i16, i16, i16, i16, i16, i16, i16, i16, i16, i16 } %mrv_35, i16 %res_37_V_write_assign_cast, 37" [firmware/nnet_utils/nnet_activation.h:50]   --->   Operation 290 'insertvalue' 'mrv_36' <Predicate = true> <Delay = 0.00>
ST_1 : Operation 291 [1/1] (0.00ns)   --->   "%mrv_37 = insertvalue { i16, i16, i16, i16, i16, i16, i16, i16, i16, i16, i16, i16, i16, i16, i16, i16, i16, i16, i16, i16, i16, i16, i16, i16, i16, i16, i16, i16, i16, i16, i16, i16, i16, i16, i16, i16, i16, i16, i16, i16, i16, i16, i16, i16, i16, i16, i16, i16, i16, i16 } %mrv_36, i16 %res_38_V_write_assign_cast, 38" [firmware/nnet_utils/nnet_activation.h:50]   --->   Operation 291 'insertvalue' 'mrv_37' <Predicate = true> <Delay = 0.00>
ST_1 : Operation 292 [1/1] (0.00ns)   --->   "%mrv_38 = insertvalue { i16, i16, i16, i16, i16, i16, i16, i16, i16, i16, i16, i16, i16, i16, i16, i16, i16, i16, i16, i16, i16, i16, i16, i16, i16, i16, i16, i16, i16, i16, i16, i16, i16, i16, i16, i16, i16, i16, i16, i16, i16, i16, i16, i16, i16, i16, i16, i16, i16, i16 } %mrv_37, i16 %res_39_V_write_assign_cast, 39" [firmware/nnet_utils/nnet_activation.h:50]   --->   Operation 292 'insertvalue' 'mrv_38' <Predicate = true> <Delay = 0.00>
ST_1 : Operation 293 [1/1] (0.00ns)   --->   "%mrv_39 = insertvalue { i16, i16, i16, i16, i16, i16, i16, i16, i16, i16, i16, i16, i16, i16, i16, i16, i16, i16, i16, i16, i16, i16, i16, i16, i16, i16, i16, i16, i16, i16, i16, i16, i16, i16, i16, i16, i16, i16, i16, i16, i16, i16, i16, i16, i16, i16, i16, i16, i16, i16 } %mrv_38, i16 %res_40_V_write_assign_cast, 40" [firmware/nnet_utils/nnet_activation.h:50]   --->   Operation 293 'insertvalue' 'mrv_39' <Predicate = true> <Delay = 0.00>
ST_1 : Operation 294 [1/1] (0.00ns)   --->   "%mrv_40 = insertvalue { i16, i16, i16, i16, i16, i16, i16, i16, i16, i16, i16, i16, i16, i16, i16, i16, i16, i16, i16, i16, i16, i16, i16, i16, i16, i16, i16, i16, i16, i16, i16, i16, i16, i16, i16, i16, i16, i16, i16, i16, i16, i16, i16, i16, i16, i16, i16, i16, i16, i16 } %mrv_39, i16 %res_41_V_write_assign_cast, 41" [firmware/nnet_utils/nnet_activation.h:50]   --->   Operation 294 'insertvalue' 'mrv_40' <Predicate = true> <Delay = 0.00>
ST_1 : Operation 295 [1/1] (0.00ns)   --->   "%mrv_41 = insertvalue { i16, i16, i16, i16, i16, i16, i16, i16, i16, i16, i16, i16, i16, i16, i16, i16, i16, i16, i16, i16, i16, i16, i16, i16, i16, i16, i16, i16, i16, i16, i16, i16, i16, i16, i16, i16, i16, i16, i16, i16, i16, i16, i16, i16, i16, i16, i16, i16, i16, i16 } %mrv_40, i16 %res_42_V_write_assign_cast, 42" [firmware/nnet_utils/nnet_activation.h:50]   --->   Operation 295 'insertvalue' 'mrv_41' <Predicate = true> <Delay = 0.00>
ST_1 : Operation 296 [1/1] (0.00ns)   --->   "%mrv_42 = insertvalue { i16, i16, i16, i16, i16, i16, i16, i16, i16, i16, i16, i16, i16, i16, i16, i16, i16, i16, i16, i16, i16, i16, i16, i16, i16, i16, i16, i16, i16, i16, i16, i16, i16, i16, i16, i16, i16, i16, i16, i16, i16, i16, i16, i16, i16, i16, i16, i16, i16, i16 } %mrv_41, i16 %res_43_V_write_assign_cast, 43" [firmware/nnet_utils/nnet_activation.h:50]   --->   Operation 296 'insertvalue' 'mrv_42' <Predicate = true> <Delay = 0.00>
ST_1 : Operation 297 [1/1] (0.00ns)   --->   "%mrv_43 = insertvalue { i16, i16, i16, i16, i16, i16, i16, i16, i16, i16, i16, i16, i16, i16, i16, i16, i16, i16, i16, i16, i16, i16, i16, i16, i16, i16, i16, i16, i16, i16, i16, i16, i16, i16, i16, i16, i16, i16, i16, i16, i16, i16, i16, i16, i16, i16, i16, i16, i16, i16 } %mrv_42, i16 %res_44_V_write_assign_cast, 44" [firmware/nnet_utils/nnet_activation.h:50]   --->   Operation 297 'insertvalue' 'mrv_43' <Predicate = true> <Delay = 0.00>
ST_1 : Operation 298 [1/1] (0.00ns)   --->   "%mrv_44 = insertvalue { i16, i16, i16, i16, i16, i16, i16, i16, i16, i16, i16, i16, i16, i16, i16, i16, i16, i16, i16, i16, i16, i16, i16, i16, i16, i16, i16, i16, i16, i16, i16, i16, i16, i16, i16, i16, i16, i16, i16, i16, i16, i16, i16, i16, i16, i16, i16, i16, i16, i16 } %mrv_43, i16 %res_45_V_write_assign_cast, 45" [firmware/nnet_utils/nnet_activation.h:50]   --->   Operation 298 'insertvalue' 'mrv_44' <Predicate = true> <Delay = 0.00>
ST_1 : Operation 299 [1/1] (0.00ns)   --->   "%mrv_45 = insertvalue { i16, i16, i16, i16, i16, i16, i16, i16, i16, i16, i16, i16, i16, i16, i16, i16, i16, i16, i16, i16, i16, i16, i16, i16, i16, i16, i16, i16, i16, i16, i16, i16, i16, i16, i16, i16, i16, i16, i16, i16, i16, i16, i16, i16, i16, i16, i16, i16, i16, i16 } %mrv_44, i16 %res_46_V_write_assign_cast, 46" [firmware/nnet_utils/nnet_activation.h:50]   --->   Operation 299 'insertvalue' 'mrv_45' <Predicate = true> <Delay = 0.00>
ST_1 : Operation 300 [1/1] (0.00ns)   --->   "%mrv_46 = insertvalue { i16, i16, i16, i16, i16, i16, i16, i16, i16, i16, i16, i16, i16, i16, i16, i16, i16, i16, i16, i16, i16, i16, i16, i16, i16, i16, i16, i16, i16, i16, i16, i16, i16, i16, i16, i16, i16, i16, i16, i16, i16, i16, i16, i16, i16, i16, i16, i16, i16, i16 } %mrv_45, i16 %res_47_V_write_assign_cast, 47" [firmware/nnet_utils/nnet_activation.h:50]   --->   Operation 300 'insertvalue' 'mrv_46' <Predicate = true> <Delay = 0.00>
ST_1 : Operation 301 [1/1] (0.00ns)   --->   "%mrv_47 = insertvalue { i16, i16, i16, i16, i16, i16, i16, i16, i16, i16, i16, i16, i16, i16, i16, i16, i16, i16, i16, i16, i16, i16, i16, i16, i16, i16, i16, i16, i16, i16, i16, i16, i16, i16, i16, i16, i16, i16, i16, i16, i16, i16, i16, i16, i16, i16, i16, i16, i16, i16 } %mrv_46, i16 %res_48_V_write_assign_cast, 48" [firmware/nnet_utils/nnet_activation.h:50]   --->   Operation 301 'insertvalue' 'mrv_47' <Predicate = true> <Delay = 0.00>
ST_1 : Operation 302 [1/1] (0.00ns)   --->   "%mrv_48 = insertvalue { i16, i16, i16, i16, i16, i16, i16, i16, i16, i16, i16, i16, i16, i16, i16, i16, i16, i16, i16, i16, i16, i16, i16, i16, i16, i16, i16, i16, i16, i16, i16, i16, i16, i16, i16, i16, i16, i16, i16, i16, i16, i16, i16, i16, i16, i16, i16, i16, i16, i16 } %mrv_47, i16 %res_49_V_write_assign_cast, 49" [firmware/nnet_utils/nnet_activation.h:50]   --->   Operation 302 'insertvalue' 'mrv_48' <Predicate = true> <Delay = 0.00>
ST_1 : Operation 303 [1/1] (0.00ns)   --->   "ret { i16, i16, i16, i16, i16, i16, i16, i16, i16, i16, i16, i16, i16, i16, i16, i16, i16, i16, i16, i16, i16, i16, i16, i16, i16, i16, i16, i16, i16, i16, i16, i16, i16, i16, i16, i16, i16, i16, i16, i16, i16, i16, i16, i16, i16, i16, i16, i16, i16, i16 } %mrv_48" [firmware/nnet_utils/nnet_activation.h:50]   --->   Operation 303 'ret' <Predicate = true> <Delay = 0.00>


============================================================
+ Verbose Summary: Timing violations
============================================================
Target clock period: 10ns, clock uncertainty: 1.25ns.

 <State 1>: 2.82ns
The critical path consists of the following:
	wire read on port 'data_49_V_read' [51]  (0 ns)
	'icmp' operation ('tmp_17_48', firmware/nnet_utils/nnet_activation.h:45) [298]  (1.98 ns)
	'select' operation ('res[49].V', firmware/nnet_utils/nnet_activation.h:45) [300]  (0.84 ns)
	'insertvalue' operation ('mrv_48', firmware/nnet_utils/nnet_activation.h:50) [351]  (0 ns)


============================================================
+ Verbose Summary: Binding
============================================================
N/A
* FSMD analyzer results:
  - Output states:
 - Input state : 
  - Chain level:
	State 1


============================================================
+ Verbose Summary: Datapath Resource usage 
============================================================
N/A
