

================================================================
== Vivado HLS Report for 'k2c_affine_matmul_1'
================================================================
* Date:           Thu Apr 18 00:48:35 2024

* Version:        2018.2 (Build 2258646 on Thu Jun 14 20:25:20 MDT 2018)
* Project:        vlsiModel
* Solution:       solution1
* Product family: artix7
* Target device:  xc7a200tfbg676-2


================================================================
== Performance Estimates
================================================================
+ Timing (ns): 
    * Summary: 
    +--------+-------+----------+------------+
    |  Clock | Target| Estimated| Uncertainty|
    +--------+-------+----------+------------+
    |ap_clk  |  10.00|     9.122|        1.25|
    +--------+-------+----------+------------+

+ Latency (clock cycles): 
    * Summary: 
    +-----+-----+-----+-----+---------+
    |  Latency  |  Interval | Pipeline|
    | min | max | min | max |   Type  |
    +-----+-----+-----+-----+---------+
    |    ?|    ?|    ?|    ?|   none  |
    +-----+-----+-----+-----+---------+

    + Detail: 
        * Instance: 
        N/A

        * Loop: 
        +-----------------+-----+-----+----------+-----------+-----------+------+----------+
        |                 |  Latency  | Iteration|  Initiation Interval  | Trip |          |
        |    Loop Name    | min | max |  Latency |  achieved |   target  | Count| Pipelined|
        +-----------------+-----+-----+----------+-----------+-----------+------+----------+
        |- Loop 1         |    ?|    ?|         1|          -|          -|     ?|    no    |
        |- Loop 2         |    ?|    ?|         ?|          -|          -|     ?|    no    |
        | + Loop 2.1      |    ?|    ?|         ?|          -|          -|     ?|    no    |
        |  ++ Loop 2.1.1  |    ?|    ?|        10|          -|          -|     ?|    no    |
        +-----------------+-----+-----+----------+-----------+-----------+------+----------+

============================================================
+ Verbose Summary: Synthesis Manager
============================================================
InlineROM: 1
ExposeGlobal: 0
============================================================
+ Verbose Summary: CDFG Model
============================================================
IsTopModel: 0
ResetActiveHigh: 1
IsCombinational: 0
IsDatapathOnly: 0
HasWiredReturn: 1
HasMFsm: 0
HasVarLatency: 1
IsPipeline: 0
IsRtlPipelined: 0
IsInstanceOverlapped: 0
IsDontTouch: 0
HasImplIP: 0
IsGatedGlobalClock: 0


============================================================
+ Verbose Summary: Schedule
============================================================
* Number of FSM states : 20
* Pipeline : 0
* Dataflow Pipeline: 0

* FSM state transitions: 
1 --> 
	2  / true
2 --> 
	3  / true
3 --> 
	3  / (!exitcond3)
	4  / (exitcond3)
4 --> 
	5  / (!exitcond2)
5 --> 
	6  / (!exitcond1)
	4  / (exitcond1)
6 --> 
	7  / (!exitcond)
	16  / (exitcond)
7 --> 
	8  / true
8 --> 
	9  / true
9 --> 
	10  / true
10 --> 
	11  / true
11 --> 
	12  / true
12 --> 
	13  / true
13 --> 
	14  / true
14 --> 
	15  / true
15 --> 
	6  / true
16 --> 
	17  / true
17 --> 
	18  / true
18 --> 
	19  / true
19 --> 
	20  / true
20 --> 
	5  / true

* FSM state operations: 

State 1 <SV = 0> <Delay = 8.60>
ST_1 : Operation 21 [1/1] (0.00ns)   --->   "%outcols_read = call i64 @_ssdm_op_Read.ap_auto.i64(i64 %outcols)"   --->   Operation 21 'read' 'outcols_read' <Predicate = true> <Delay = 0.00>
ST_1 : Operation 22 [1/1] (0.00ns)   --->   "%outrows_read = call i64 @_ssdm_op_Read.ap_auto.i64(i64 %outrows)"   --->   Operation 22 'read' 'outrows_read' <Predicate = true> <Delay = 0.00>
ST_1 : Operation 23 [2/2] (8.60ns)   --->   "%tmp = mul i64 %outcols_read, %outrows_read" [vlsiModel.c:50]   --->   Operation 23 'mul' 'tmp' <Predicate = true> <Delay = 8.60> <Core = "MulnS">   --->   Core 17 'MulnS' <Latency = 1> <II = 1> <Delay = 8.60> <FuncUnit> <Opcode : 'mul'> <InPorts = 2> <OutPorts = 1>

State 2 <SV = 1> <Delay = 8.60>
ST_2 : Operation 24 [1/1] (0.00ns)   --->   "%innerdim_read = call i64 @_ssdm_op_Read.ap_auto.i64(i64 %innerdim)"   --->   Operation 24 'read' 'innerdim_read' <Predicate = true> <Delay = 0.00>
ST_2 : Operation 25 [1/2] (8.60ns)   --->   "%tmp = mul i64 %outcols_read, %outrows_read" [vlsiModel.c:50]   --->   Operation 25 'mul' 'tmp' <Predicate = true> <Delay = 8.60> <Core = "MulnS">   --->   Core 17 'MulnS' <Latency = 1> <II = 1> <Delay = 8.60> <FuncUnit> <Opcode : 'mul'> <InPorts = 2> <OutPorts = 1>
ST_2 : Operation 26 [1/1] (1.35ns)   --->   "br label %1" [vlsiModel.c:50]   --->   Operation 26 'br' <Predicate = true> <Delay = 1.35>

State 3 <SV = 2> <Delay = 2.34>
ST_3 : Operation 27 [1/1] (0.00ns)   --->   "%p = phi i5 [ 0, %0 ], [ %p_1, %2 ]"   --->   Operation 27 'phi' 'p' <Predicate = true> <Delay = 0.00>
ST_3 : Operation 28 [1/1] (0.00ns)   --->   "%p_cast = zext i5 %p to i64" [vlsiModel.c:50]   --->   Operation 28 'zext' 'p_cast' <Predicate = true> <Delay = 0.00>
ST_3 : Operation 29 [1/1] (2.34ns)   --->   "%exitcond3 = icmp eq i64 %p_cast, %tmp" [vlsiModel.c:50]   --->   Operation 29 'icmp' 'exitcond3' <Predicate = true> <Delay = 2.34> <Core = "Cmp">   --->   Core 25 'Cmp' <Latency = 0> <II = 1> <Delay = 2.34> <FuncUnit> <Opcode : 'icmp'> <InPorts = 2> <OutPorts = 1>
ST_3 : Operation 30 [1/1] (1.54ns)   --->   "%p_1 = add i5 %p, 1" [vlsiModel.c:50]   --->   Operation 30 'add' 'p_1' <Predicate = true> <Delay = 1.54> <Core = "AddSub">   --->   Core 14 'AddSub' <Latency = 0> <II = 1> <Delay = 1.66> <FuncUnit> <Opcode : 'add' 'sub'> <InPorts = 2> <OutPorts = 1>
ST_3 : Operation 31 [1/1] (0.00ns)   --->   "br i1 %exitcond3, label %.preheader4.preheader, label %2" [vlsiModel.c:50]   --->   Operation 31 'br' <Predicate = true> <Delay = 0.00>
ST_3 : Operation 32 [1/1] (0.00ns)   --->   "%C_addr = getelementptr [25 x float]* %C, i64 0, i64 %p_cast" [vlsiModel.c:52]   --->   Operation 32 'getelementptr' 'C_addr' <Predicate = (!exitcond3)> <Delay = 0.00>
ST_3 : Operation 33 [1/1] (1.75ns)   --->   "store float 0.000000e+00, float* %C_addr, align 4" [vlsiModel.c:52]   --->   Operation 33 'store' <Predicate = (!exitcond3)> <Delay = 1.75> <Core = "RAM">   --->   Core 37 'RAM' <Latency = 1> <II = 1> <Delay = 1.75> <Storage> <Opcode : 'load' 'store'> <Ports = 2> <Width = 32> <Depth = 25> <RAM>
ST_3 : Operation 34 [1/1] (0.00ns)   --->   "br label %1" [vlsiModel.c:50]   --->   Operation 34 'br' <Predicate = (!exitcond3)> <Delay = 0.00>
ST_3 : Operation 35 [1/1] (0.00ns)   --->   "%tmp_112 = trunc i64 %outcols_read to i6" [vlsiModel.c:56]   --->   Operation 35 'trunc' 'tmp_112' <Predicate = (exitcond3)> <Delay = 0.00>
ST_3 : Operation 36 [1/1] (0.00ns)   --->   "%tmp_113 = trunc i64 %innerdim_read to i7" [vlsiModel.c:57]   --->   Operation 36 'trunc' 'tmp_113' <Predicate = (exitcond3)> <Delay = 0.00>
ST_3 : Operation 37 [1/1] (0.00ns)   --->   "%tmp_114 = trunc i64 %outcols_read to i12" [vlsiModel.c:62]   --->   Operation 37 'trunc' 'tmp_114' <Predicate = (exitcond3)> <Delay = 0.00>
ST_3 : Operation 38 [1/1] (1.35ns)   --->   "br label %.preheader4" [vlsiModel.c:54]   --->   Operation 38 'br' <Predicate = (exitcond3)> <Delay = 1.35>

State 4 <SV = 3> <Delay = 3.29>
ST_4 : Operation 39 [1/1] (0.00ns)   --->   "%i = phi i64 [ 0, %.preheader4.preheader ], [ %i_66, %.preheader4.loopexit ]"   --->   Operation 39 'phi' 'i' <Predicate = true> <Delay = 0.00>
ST_4 : Operation 40 [1/1] (0.00ns)   --->   "%tmp_115 = trunc i64 %i to i7" [vlsiModel.c:54]   --->   Operation 40 'trunc' 'tmp_115' <Predicate = true> <Delay = 0.00>
ST_4 : Operation 41 [1/1] (0.00ns)   --->   "%tmp_116 = trunc i64 %i to i6" [vlsiModel.c:54]   --->   Operation 41 'trunc' 'tmp_116' <Predicate = true> <Delay = 0.00>
ST_4 : Operation 42 [1/1] (2.34ns)   --->   "%exitcond2 = icmp eq i64 %i, %outrows_read" [vlsiModel.c:54]   --->   Operation 42 'icmp' 'exitcond2' <Predicate = true> <Delay = 2.34> <Core = "Cmp">   --->   Core 25 'Cmp' <Latency = 0> <II = 1> <Delay = 2.34> <FuncUnit> <Opcode : 'icmp'> <InPorts = 2> <OutPorts = 1>
ST_4 : Operation 43 [1/1] (2.99ns)   --->   "%i_66 = add i64 1, %i" [vlsiModel.c:54]   --->   Operation 43 'add' 'i_66' <Predicate = true> <Delay = 2.99> <Core = "AddSub">   --->   Core 14 'AddSub' <Latency = 0> <II = 1> <Delay = 1.66> <FuncUnit> <Opcode : 'add' 'sub'> <InPorts = 2> <OutPorts = 1>
ST_4 : Operation 44 [1/1] (0.00ns)   --->   "br i1 %exitcond2, label %7, label %3" [vlsiModel.c:54]   --->   Operation 44 'br' <Predicate = true> <Delay = 0.00>
ST_4 : Operation 45 [1/1] (3.21ns)   --->   "%outrowidx = mul i6 %tmp_116, %tmp_112" [vlsiModel.c:56]   --->   Operation 45 'mul' 'outrowidx' <Predicate = (!exitcond2)> <Delay = 3.21> <Core = "Mul">   --->   Core 16 'Mul' <Latency = 0> <II = 1> <Delay = 3.29> <FuncUnit> <Opcode : 'mul'> <InPorts = 2> <OutPorts = 1>
ST_4 : Operation 46 [1/1] (3.29ns)   --->   "%inneridx = mul i7 %tmp_115, %tmp_113" [vlsiModel.c:57]   --->   Operation 46 'mul' 'inneridx' <Predicate = (!exitcond2)> <Delay = 3.29> <Core = "Mul">   --->   Core 16 'Mul' <Latency = 0> <II = 1> <Delay = 3.29> <FuncUnit> <Opcode : 'mul'> <InPorts = 2> <OutPorts = 1>
ST_4 : Operation 47 [1/1] (1.35ns)   --->   "br label %4" [vlsiModel.c:58]   --->   Operation 47 'br' <Predicate = (!exitcond2)> <Delay = 1.35>
ST_4 : Operation 48 [1/1] (0.00ns)   --->   "ret void" [vlsiModel.c:67]   --->   Operation 48 'ret' <Predicate = (exitcond2)> <Delay = 0.00>

State 5 <SV = 4> <Delay = 2.99>
ST_5 : Operation 49 [1/1] (0.00ns)   --->   "%j = phi i64 [ 0, %3 ], [ %j_14, %6 ]"   --->   Operation 49 'phi' 'j' <Predicate = true> <Delay = 0.00>
ST_5 : Operation 50 [1/1] (0.00ns)   --->   "%tmp_117 = trunc i64 %j to i12" [vlsiModel.c:58]   --->   Operation 50 'trunc' 'tmp_117' <Predicate = true> <Delay = 0.00>
ST_5 : Operation 51 [1/1] (0.00ns)   --->   "%tmp_118 = trunc i64 %j to i6" [vlsiModel.c:58]   --->   Operation 51 'trunc' 'tmp_118' <Predicate = true> <Delay = 0.00>
ST_5 : Operation 52 [1/1] (2.34ns)   --->   "%exitcond1 = icmp eq i64 %j, %outcols_read" [vlsiModel.c:58]   --->   Operation 52 'icmp' 'exitcond1' <Predicate = true> <Delay = 2.34> <Core = "Cmp">   --->   Core 25 'Cmp' <Latency = 0> <II = 1> <Delay = 2.34> <FuncUnit> <Opcode : 'icmp'> <InPorts = 2> <OutPorts = 1>
ST_5 : Operation 53 [1/1] (2.99ns)   --->   "%j_14 = add i64 1, %j" [vlsiModel.c:58]   --->   Operation 53 'add' 'j_14' <Predicate = true> <Delay = 2.99> <Core = "AddSub">   --->   Core 14 'AddSub' <Latency = 0> <II = 1> <Delay = 1.66> <FuncUnit> <Opcode : 'add' 'sub'> <InPorts = 2> <OutPorts = 1>
ST_5 : Operation 54 [1/1] (0.00ns)   --->   "br i1 %exitcond1, label %.preheader4.loopexit, label %.preheader.preheader" [vlsiModel.c:58]   --->   Operation 54 'br' <Predicate = true> <Delay = 0.00>
ST_5 : Operation 55 [1/1] (1.60ns)   --->   "%sum2 = add i6 %tmp_118, %outrowidx" [vlsiModel.c:58]   --->   Operation 55 'add' 'sum2' <Predicate = (!exitcond1)> <Delay = 1.60> <Core = "AddSub">   --->   Core 14 'AddSub' <Latency = 0> <II = 1> <Delay = 1.66> <FuncUnit> <Opcode : 'add' 'sub'> <InPorts = 2> <OutPorts = 1>
ST_5 : Operation 56 [1/1] (0.00ns)   --->   "%sum2_cast = zext i6 %sum2 to i64" [vlsiModel.c:58]   --->   Operation 56 'zext' 'sum2_cast' <Predicate = (!exitcond1)> <Delay = 0.00>
ST_5 : Operation 57 [1/1] (0.00ns)   --->   "%C_addr_7 = getelementptr [25 x float]* %C, i64 0, i64 %sum2_cast" [vlsiModel.c:62]   --->   Operation 57 'getelementptr' 'C_addr_7' <Predicate = (!exitcond1)> <Delay = 0.00>
ST_5 : Operation 58 [1/1] (1.35ns)   --->   "br label %.preheader" [vlsiModel.c:60]   --->   Operation 58 'br' <Predicate = (!exitcond1)> <Delay = 1.35>
ST_5 : Operation 59 [1/1] (0.00ns)   --->   "br label %.preheader4"   --->   Operation 59 'br' <Predicate = (exitcond1)> <Delay = 0.00>

State 6 <SV = 5> <Delay = 9.12>
ST_6 : Operation 60 [1/1] (0.00ns)   --->   "%k = phi i64 [ %k_3, %5 ], [ 0, %.preheader.preheader ]"   --->   Operation 60 'phi' 'k' <Predicate = true> <Delay = 0.00>
ST_6 : Operation 61 [1/1] (0.00ns)   --->   "%tmp_119 = trunc i64 %k to i12" [vlsiModel.c:60]   --->   Operation 61 'trunc' 'tmp_119' <Predicate = true> <Delay = 0.00>
ST_6 : Operation 62 [1/1] (0.00ns)   --->   "%tmp_120 = trunc i64 %k to i7" [vlsiModel.c:60]   --->   Operation 62 'trunc' 'tmp_120' <Predicate = true> <Delay = 0.00>
ST_6 : Operation 63 [1/1] (2.34ns)   --->   "%exitcond = icmp eq i64 %k, %innerdim_read" [vlsiModel.c:60]   --->   Operation 63 'icmp' 'exitcond' <Predicate = true> <Delay = 2.34> <Core = "Cmp">   --->   Core 25 'Cmp' <Latency = 0> <II = 1> <Delay = 2.34> <FuncUnit> <Opcode : 'icmp'> <InPorts = 2> <OutPorts = 1>
ST_6 : Operation 64 [1/1] (2.99ns)   --->   "%k_3 = add i64 1, %k" [vlsiModel.c:60]   --->   Operation 64 'add' 'k_3' <Predicate = true> <Delay = 2.99> <Core = "AddSub">   --->   Core 14 'AddSub' <Latency = 0> <II = 1> <Delay = 1.66> <FuncUnit> <Opcode : 'add' 'sub'> <InPorts = 2> <OutPorts = 1>
ST_6 : Operation 65 [1/1] (0.00ns)   --->   "br i1 %exitcond, label %6, label %5" [vlsiModel.c:60]   --->   Operation 65 'br' <Predicate = true> <Delay = 0.00>
ST_6 : Operation 66 [1/1] (1.66ns)   --->   "%sum5 = add i7 %tmp_120, %inneridx" [vlsiModel.c:60]   --->   Operation 66 'add' 'sum5' <Predicate = (!exitcond)> <Delay = 1.66> <Core = "AddSub">   --->   Core 14 'AddSub' <Latency = 0> <II = 1> <Delay = 1.66> <FuncUnit> <Opcode : 'add' 'sub'> <InPorts = 2> <OutPorts = 1>
ST_6 : Operation 67 [1/1] (0.00ns)   --->   "%sum5_cast = zext i7 %sum5 to i64" [vlsiModel.c:60]   --->   Operation 67 'zext' 'sum5_cast' <Predicate = (!exitcond)> <Delay = 0.00>
ST_6 : Operation 68 [1/1] (0.00ns)   --->   "%A_addr = getelementptr [50 x float]* %A, i64 0, i64 %sum5_cast" [vlsiModel.c:62]   --->   Operation 68 'getelementptr' 'A_addr' <Predicate = (!exitcond)> <Delay = 0.00>
ST_6 : Operation 69 [2/2] (2.77ns)   --->   "%A_load = load float* %A_addr, align 4" [vlsiModel.c:62]   --->   Operation 69 'load' 'A_load' <Predicate = (!exitcond)> <Delay = 2.77> <Core = "RAM">   --->   Core 37 'RAM' <Latency = 1> <II = 1> <Delay = 1.75> <Storage> <Opcode : 'load' 'store'> <Ports = 2> <Width = 32> <Depth = 25> <RAM>
ST_6 : Operation 70 [1/1] (2.82ns)   --->   "%tmp_6 = mul i12 %tmp_119, %tmp_114" [vlsiModel.c:62]   --->   Operation 70 'mul' 'tmp_6' <Predicate = (!exitcond)> <Delay = 2.82> <Core = "DSP48">   --->   Core 61 'DSP48' <Latency = 0> <II = 1> <Delay = 6.35> <IPBlock> <Opcode : 'mul' 'add' 'sub' 'select'> <InPorts = 0> <OutPorts = 1> <Sync> <CReg>
ST_6 : Operation 71 [1/1] (3.53ns)   --->   "%sum8 = add i12 %tmp_6, %tmp_117" [vlsiModel.c:62]   --->   Operation 71 'add' 'sum8' <Predicate = (!exitcond)> <Delay = 3.53> <Core = "DSP48">   --->   Core 61 'DSP48' <Latency = 0> <II = 1> <Delay = 6.35> <IPBlock> <Opcode : 'mul' 'add' 'sub' 'select'> <InPorts = 0> <OutPorts = 1> <Sync> <CReg>
ST_6 : Operation 72 [1/1] (0.00ns)   --->   "%sum8_cast = zext i12 %sum8 to i64" [vlsiModel.c:62]   --->   Operation 72 'zext' 'sum8_cast' <Predicate = (!exitcond)> <Delay = 0.00>
ST_6 : Operation 73 [1/1] (0.00ns)   --->   "%B_addr = getelementptr [1250 x float]* %B, i64 0, i64 %sum8_cast" [vlsiModel.c:62]   --->   Operation 73 'getelementptr' 'B_addr' <Predicate = (!exitcond)> <Delay = 0.00>
ST_6 : Operation 74 [2/2] (2.77ns)   --->   "%B_load = load float* %B_addr, align 4" [vlsiModel.c:62]   --->   Operation 74 'load' 'B_load' <Predicate = (!exitcond)> <Delay = 2.77> <Core = "RAM">   --->   Core 37 'RAM' <Latency = 1> <II = 1> <Delay = 1.75> <Storage> <Opcode : 'load' 'store'> <Ports = 2> <Width = 32> <Depth = 25> <RAM>
ST_6 : Operation 75 [1/1] (0.00ns)   --->   "%d_addr = getelementptr [25 x float]* %d, i64 0, i64 %j" [vlsiModel.c:64]   --->   Operation 75 'getelementptr' 'd_addr' <Predicate = (exitcond)> <Delay = 0.00>
ST_6 : Operation 76 [2/2] (1.75ns)   --->   "%d_load = load float* %d_addr, align 4" [vlsiModel.c:64]   --->   Operation 76 'load' 'd_load' <Predicate = (exitcond)> <Delay = 1.75> <Core = "RAM">   --->   Core 37 'RAM' <Latency = 1> <II = 1> <Delay = 1.75> <Storage> <Opcode : 'load' 'store'> <Ports = 2> <Width = 32> <Depth = 25> <RAM>
ST_6 : Operation 77 [2/2] (1.75ns)   --->   "%C_load = load float* %C_addr_7, align 4" [vlsiModel.c:64]   --->   Operation 77 'load' 'C_load' <Predicate = (exitcond)> <Delay = 1.75> <Core = "RAM">   --->   Core 37 'RAM' <Latency = 1> <II = 1> <Delay = 1.75> <Storage> <Opcode : 'load' 'store'> <Ports = 2> <Width = 32> <Depth = 25> <RAM>

State 7 <SV = 6> <Delay = 2.77>
ST_7 : Operation 78 [1/2] (2.77ns)   --->   "%A_load = load float* %A_addr, align 4" [vlsiModel.c:62]   --->   Operation 78 'load' 'A_load' <Predicate = true> <Delay = 2.77> <Core = "RAM">   --->   Core 37 'RAM' <Latency = 1> <II = 1> <Delay = 1.75> <Storage> <Opcode : 'load' 'store'> <Ports = 2> <Width = 32> <Depth = 25> <RAM>
ST_7 : Operation 79 [1/2] (2.77ns)   --->   "%B_load = load float* %B_addr, align 4" [vlsiModel.c:62]   --->   Operation 79 'load' 'B_load' <Predicate = true> <Delay = 2.77> <Core = "RAM">   --->   Core 37 'RAM' <Latency = 1> <II = 1> <Delay = 1.75> <Storage> <Opcode : 'load' 'store'> <Ports = 2> <Width = 32> <Depth = 25> <RAM>

State 8 <SV = 7> <Delay = 8.54>
ST_8 : Operation 80 [3/3] (8.54ns)   --->   "%tmp_7 = fmul float %A_load, %B_load" [vlsiModel.c:62]   --->   Operation 80 'fmul' 'tmp_7' <Predicate = true> <Delay = 8.54> <Core = "FMul">   --->   Core 100 'FMul' <Latency = 2> <II = 1> <Delay = 8.54> <FuncUnit> <Opcode : 'fmul'> <InPorts = 2> <OutPorts = 1>

State 9 <SV = 8> <Delay = 8.54>
ST_9 : Operation 81 [2/3] (8.54ns)   --->   "%tmp_7 = fmul float %A_load, %B_load" [vlsiModel.c:62]   --->   Operation 81 'fmul' 'tmp_7' <Predicate = true> <Delay = 8.54> <Core = "FMul">   --->   Core 100 'FMul' <Latency = 2> <II = 1> <Delay = 8.54> <FuncUnit> <Opcode : 'fmul'> <InPorts = 2> <OutPorts = 1>

State 10 <SV = 9> <Delay = 8.54>
ST_10 : Operation 82 [1/3] (8.54ns)   --->   "%tmp_7 = fmul float %A_load, %B_load" [vlsiModel.c:62]   --->   Operation 82 'fmul' 'tmp_7' <Predicate = true> <Delay = 8.54> <Core = "FMul">   --->   Core 100 'FMul' <Latency = 2> <II = 1> <Delay = 8.54> <FuncUnit> <Opcode : 'fmul'> <InPorts = 2> <OutPorts = 1>
ST_10 : Operation 83 [2/2] (1.75ns)   --->   "%C_load_1 = load float* %C_addr_7, align 4" [vlsiModel.c:62]   --->   Operation 83 'load' 'C_load_1' <Predicate = true> <Delay = 1.75> <Core = "RAM">   --->   Core 37 'RAM' <Latency = 1> <II = 1> <Delay = 1.75> <Storage> <Opcode : 'load' 'store'> <Ports = 2> <Width = 32> <Depth = 25> <RAM>

State 11 <SV = 10> <Delay = 8.26>
ST_11 : Operation 84 [1/2] (1.75ns)   --->   "%C_load_1 = load float* %C_addr_7, align 4" [vlsiModel.c:62]   --->   Operation 84 'load' 'C_load_1' <Predicate = true> <Delay = 1.75> <Core = "RAM">   --->   Core 37 'RAM' <Latency = 1> <II = 1> <Delay = 1.75> <Storage> <Opcode : 'load' 'store'> <Ports = 2> <Width = 32> <Depth = 25> <RAM>
ST_11 : Operation 85 [5/5] (6.51ns)   --->   "%tmp_8 = fadd float %C_load_1, %tmp_7" [vlsiModel.c:62]   --->   Operation 85 'fadd' 'tmp_8' <Predicate = true> <Delay = 6.51> <Core = "FAddSub">   --->   Core 99 'FAddSub' <Latency = 4> <II = 1> <Delay = 6.51> <FuncUnit> <Opcode : 'fadd' 'fsub'> <InPorts = 2> <OutPorts = 1>

State 12 <SV = 11> <Delay = 6.51>
ST_12 : Operation 86 [4/5] (6.51ns)   --->   "%tmp_8 = fadd float %C_load_1, %tmp_7" [vlsiModel.c:62]   --->   Operation 86 'fadd' 'tmp_8' <Predicate = true> <Delay = 6.51> <Core = "FAddSub">   --->   Core 99 'FAddSub' <Latency = 4> <II = 1> <Delay = 6.51> <FuncUnit> <Opcode : 'fadd' 'fsub'> <InPorts = 2> <OutPorts = 1>

State 13 <SV = 12> <Delay = 6.51>
ST_13 : Operation 87 [3/5] (6.51ns)   --->   "%tmp_8 = fadd float %C_load_1, %tmp_7" [vlsiModel.c:62]   --->   Operation 87 'fadd' 'tmp_8' <Predicate = true> <Delay = 6.51> <Core = "FAddSub">   --->   Core 99 'FAddSub' <Latency = 4> <II = 1> <Delay = 6.51> <FuncUnit> <Opcode : 'fadd' 'fsub'> <InPorts = 2> <OutPorts = 1>

State 14 <SV = 13> <Delay = 6.51>
ST_14 : Operation 88 [2/5] (6.51ns)   --->   "%tmp_8 = fadd float %C_load_1, %tmp_7" [vlsiModel.c:62]   --->   Operation 88 'fadd' 'tmp_8' <Predicate = true> <Delay = 6.51> <Core = "FAddSub">   --->   Core 99 'FAddSub' <Latency = 4> <II = 1> <Delay = 6.51> <FuncUnit> <Opcode : 'fadd' 'fsub'> <InPorts = 2> <OutPorts = 1>

State 15 <SV = 14> <Delay = 8.26>
ST_15 : Operation 89 [1/5] (6.51ns)   --->   "%tmp_8 = fadd float %C_load_1, %tmp_7" [vlsiModel.c:62]   --->   Operation 89 'fadd' 'tmp_8' <Predicate = true> <Delay = 6.51> <Core = "FAddSub">   --->   Core 99 'FAddSub' <Latency = 4> <II = 1> <Delay = 6.51> <FuncUnit> <Opcode : 'fadd' 'fsub'> <InPorts = 2> <OutPorts = 1>
ST_15 : Operation 90 [1/1] (1.75ns)   --->   "store float %tmp_8, float* %C_addr_7, align 4" [vlsiModel.c:62]   --->   Operation 90 'store' <Predicate = true> <Delay = 1.75> <Core = "RAM">   --->   Core 37 'RAM' <Latency = 1> <II = 1> <Delay = 1.75> <Storage> <Opcode : 'load' 'store'> <Ports = 2> <Width = 32> <Depth = 25> <RAM>
ST_15 : Operation 91 [1/1] (0.00ns)   --->   "br label %.preheader" [vlsiModel.c:60]   --->   Operation 91 'br' <Predicate = true> <Delay = 0.00>

State 16 <SV = 6> <Delay = 8.26>
ST_16 : Operation 92 [1/2] (1.75ns)   --->   "%d_load = load float* %d_addr, align 4" [vlsiModel.c:64]   --->   Operation 92 'load' 'd_load' <Predicate = true> <Delay = 1.75> <Core = "RAM">   --->   Core 37 'RAM' <Latency = 1> <II = 1> <Delay = 1.75> <Storage> <Opcode : 'load' 'store'> <Ports = 2> <Width = 32> <Depth = 25> <RAM>
ST_16 : Operation 93 [1/2] (1.75ns)   --->   "%C_load = load float* %C_addr_7, align 4" [vlsiModel.c:64]   --->   Operation 93 'load' 'C_load' <Predicate = true> <Delay = 1.75> <Core = "RAM">   --->   Core 37 'RAM' <Latency = 1> <II = 1> <Delay = 1.75> <Storage> <Opcode : 'load' 'store'> <Ports = 2> <Width = 32> <Depth = 25> <RAM>
ST_16 : Operation 94 [5/5] (6.51ns)   --->   "%tmp_s = fadd float %C_load, %d_load" [vlsiModel.c:64]   --->   Operation 94 'fadd' 'tmp_s' <Predicate = true> <Delay = 6.51> <Core = "FAddSub">   --->   Core 99 'FAddSub' <Latency = 4> <II = 1> <Delay = 6.51> <FuncUnit> <Opcode : 'fadd' 'fsub'> <InPorts = 2> <OutPorts = 1>

State 17 <SV = 7> <Delay = 6.51>
ST_17 : Operation 95 [4/5] (6.51ns)   --->   "%tmp_s = fadd float %C_load, %d_load" [vlsiModel.c:64]   --->   Operation 95 'fadd' 'tmp_s' <Predicate = true> <Delay = 6.51> <Core = "FAddSub">   --->   Core 99 'FAddSub' <Latency = 4> <II = 1> <Delay = 6.51> <FuncUnit> <Opcode : 'fadd' 'fsub'> <InPorts = 2> <OutPorts = 1>

State 18 <SV = 8> <Delay = 6.51>
ST_18 : Operation 96 [3/5] (6.51ns)   --->   "%tmp_s = fadd float %C_load, %d_load" [vlsiModel.c:64]   --->   Operation 96 'fadd' 'tmp_s' <Predicate = true> <Delay = 6.51> <Core = "FAddSub">   --->   Core 99 'FAddSub' <Latency = 4> <II = 1> <Delay = 6.51> <FuncUnit> <Opcode : 'fadd' 'fsub'> <InPorts = 2> <OutPorts = 1>

State 19 <SV = 9> <Delay = 6.51>
ST_19 : Operation 97 [2/5] (6.51ns)   --->   "%tmp_s = fadd float %C_load, %d_load" [vlsiModel.c:64]   --->   Operation 97 'fadd' 'tmp_s' <Predicate = true> <Delay = 6.51> <Core = "FAddSub">   --->   Core 99 'FAddSub' <Latency = 4> <II = 1> <Delay = 6.51> <FuncUnit> <Opcode : 'fadd' 'fsub'> <InPorts = 2> <OutPorts = 1>

State 20 <SV = 10> <Delay = 8.26>
ST_20 : Operation 98 [1/5] (6.51ns)   --->   "%tmp_s = fadd float %C_load, %d_load" [vlsiModel.c:64]   --->   Operation 98 'fadd' 'tmp_s' <Predicate = true> <Delay = 6.51> <Core = "FAddSub">   --->   Core 99 'FAddSub' <Latency = 4> <II = 1> <Delay = 6.51> <FuncUnit> <Opcode : 'fadd' 'fsub'> <InPorts = 2> <OutPorts = 1>
ST_20 : Operation 99 [1/1] (1.75ns)   --->   "store float %tmp_s, float* %C_addr_7, align 4" [vlsiModel.c:64]   --->   Operation 99 'store' <Predicate = true> <Delay = 1.75> <Core = "RAM">   --->   Core 37 'RAM' <Latency = 1> <II = 1> <Delay = 1.75> <Storage> <Opcode : 'load' 'store'> <Ports = 2> <Width = 32> <Depth = 25> <RAM>
ST_20 : Operation 100 [1/1] (0.00ns)   --->   "br label %4" [vlsiModel.c:58]   --->   Operation 100 'br' <Predicate = true> <Delay = 0.00>


============================================================
+ Verbose Summary: Binding
============================================================
STG Binding: 
---------------- STG Properties BEGIN ----------------
- Is combinational: 0
- Is one-state seq: 0
- Is datapath-only: 0
- Is pipelined: 0
- Is top level: 0
Port [ Return ] is wired: 1; IO mode=ap_ctrl_hs:ce=0
Port [ C]:  wired=1; compound=1; hidden=0; nouse=0; global=0; static=0; extern=0; dir=2; type=1; pingpong=0; private_global=0; MemPort=[23]; IO mode=ap_memory:ce=0
Port [ A]:  wired=1; compound=1; hidden=0; nouse=0; global=0; static=0; extern=0; dir=0; type=1; pingpong=0; private_global=0; MemPort=[13]; IO mode=ap_memory:ce=0
Port [ B]:  wired=1; compound=1; hidden=0; nouse=0; global=0; static=0; extern=0; dir=0; type=1; pingpong=0; private_global=0; MemPort=[13]; IO mode=ap_memory:ce=0
Port [ d]:  wired=1; compound=1; hidden=0; nouse=0; global=0; static=0; extern=0; dir=0; type=1; pingpong=0; private_global=0; MemPort=[13]; IO mode=ap_memory:ce=0
Port [ outrows]:  wired=1; compound=0; hidden=0; nouse=0; global=0; static=0; extern=0; dir=0; type=0; pingpong=0; private_global=0; IO mode=ap_none:ce=0
Port [ outcols]:  wired=1; compound=0; hidden=0; nouse=0; global=0; static=0; extern=0; dir=0; type=0; pingpong=0; private_global=0; IO mode=ap_none:ce=0
Port [ innerdim]:  wired=1; compound=0; hidden=0; nouse=0; global=0; static=0; extern=0; dir=0; type=0; pingpong=0; private_global=0; IO mode=ap_none:ce=0
---------------- STG Properties END ------------------

---------------- Datapath Model BEGIN ----------------

<LifeTime>
<method=bitvector/>
outcols_read  (read         ) [ 001111111111111111111]
outrows_read  (read         ) [ 001111111111111111111]
innerdim_read (read         ) [ 000111111111111111111]
tmp           (mul          ) [ 000100000000000000000]
StgValue_26   (br           ) [ 001100000000000000000]
p             (phi          ) [ 000100000000000000000]
p_cast        (zext         ) [ 000000000000000000000]
exitcond3     (icmp         ) [ 000100000000000000000]
p_1           (add          ) [ 001100000000000000000]
StgValue_31   (br           ) [ 000000000000000000000]
C_addr        (getelementptr) [ 000000000000000000000]
StgValue_33   (store        ) [ 000000000000000000000]
StgValue_34   (br           ) [ 001100000000000000000]
tmp_112       (trunc        ) [ 000011111111111111111]
tmp_113       (trunc        ) [ 000011111111111111111]
tmp_114       (trunc        ) [ 000011111111111111111]
StgValue_38   (br           ) [ 000111111111111111111]
i             (phi          ) [ 000010000000000000000]
tmp_115       (trunc        ) [ 000000000000000000000]
tmp_116       (trunc        ) [ 000000000000000000000]
exitcond2     (icmp         ) [ 000011111111111111111]
i_66          (add          ) [ 000111111111111111111]
StgValue_44   (br           ) [ 000000000000000000000]
outrowidx     (mul          ) [ 000001111111111111111]
inneridx      (mul          ) [ 000001111111111111111]
StgValue_47   (br           ) [ 000011111111111111111]
StgValue_48   (ret          ) [ 000000000000000000000]
j             (phi          ) [ 000001111111111100000]
tmp_117       (trunc        ) [ 000000111111111100000]
tmp_118       (trunc        ) [ 000000000000000000000]
exitcond1     (icmp         ) [ 000011111111111111111]
j_14          (add          ) [ 000011111111111111111]
StgValue_54   (br           ) [ 000000000000000000000]
sum2          (add          ) [ 000000000000000000000]
sum2_cast     (zext         ) [ 000000000000000000000]
C_addr_7      (getelementptr) [ 000000111111111111111]
StgValue_58   (br           ) [ 000011111111111111111]
StgValue_59   (br           ) [ 000111111111111111111]
k             (phi          ) [ 000000100000000000000]
tmp_119       (trunc        ) [ 000000000000000000000]
tmp_120       (trunc        ) [ 000000000000000000000]
exitcond      (icmp         ) [ 000011111111111111111]
k_3           (add          ) [ 000011111111111111111]
StgValue_65   (br           ) [ 000000000000000000000]
sum5          (add          ) [ 000000000000000000000]
sum5_cast     (zext         ) [ 000000000000000000000]
A_addr        (getelementptr) [ 000000010000000000000]
tmp_6         (mul          ) [ 000000000000000000000]
sum8          (add          ) [ 000000000000000000000]
sum8_cast     (zext         ) [ 000000000000000000000]
B_addr        (getelementptr) [ 000000010000000000000]
d_addr        (getelementptr) [ 000000000000000010000]
A_load        (load         ) [ 000000001110000000000]
B_load        (load         ) [ 000000001110000000000]
tmp_7         (fmul         ) [ 000000000001111100000]
C_load_1      (load         ) [ 000000000000111100000]
tmp_8         (fadd         ) [ 000000000000000000000]
StgValue_90   (store        ) [ 000000000000000000000]
StgValue_91   (br           ) [ 000011111111111111111]
d_load        (load         ) [ 000000000000000001111]
C_load        (load         ) [ 000000000000000001111]
tmp_s         (fadd         ) [ 000000000000000000000]
StgValue_99   (store        ) [ 000000000000000000000]
StgValue_100  (br           ) [ 000011111111111111111]
</LifeTime>

<model>

<comp_list>
<comp id="0" class="1000" name="C">
<pin_list>
<pin id="1" dir="1" index="0" bw="1" slack="0"/>
</pin_list>
<bind>
<StgValue><ssdm name="C"/><MemPortTyVec>2 3 </MemPortTyVec>
</StgValue>
</bind>
</comp>

<comp id="2" class="1000" name="A">
<pin_list>
<pin id="3" dir="1" index="0" bw="1" slack="0"/>
</pin_list>
<bind>
<StgValue><ssdm name="A"/><MemPortTyVec>1 3 </MemPortTyVec>
</StgValue>
</bind>
</comp>

<comp id="4" class="1000" name="B">
<pin_list>
<pin id="5" dir="1" index="0" bw="1" slack="0"/>
</pin_list>
<bind>
<StgValue><ssdm name="B"/><MemPortTyVec>1 3 </MemPortTyVec>
</StgValue>
</bind>
</comp>

<comp id="6" class="1000" name="d">
<pin_list>
<pin id="7" dir="1" index="0" bw="1" slack="0"/>
</pin_list>
<bind>
<StgValue><ssdm name="d"/><MemPortTyVec>1 3 </MemPortTyVec>
</StgValue>
</bind>
</comp>

<comp id="8" class="1000" name="outrows">
<pin_list>
<pin id="9" dir="1" index="0" bw="1" slack="0"/>
</pin_list>
<bind>
<StgValue><ssdm name="outrows"/></StgValue>
</bind>
</comp>

<comp id="10" class="1000" name="outcols">
<pin_list>
<pin id="11" dir="1" index="0" bw="1" slack="0"/>
</pin_list>
<bind>
<StgValue><ssdm name="outcols"/></StgValue>
</bind>
</comp>

<comp id="12" class="1000" name="innerdim">
<pin_list>
<pin id="13" dir="1" index="0" bw="1" slack="0"/>
</pin_list>
<bind>
<StgValue><ssdm name="innerdim"/></StgValue>
</bind>
</comp>

<comp id="14" class="1001" name="const_14">
<pin_list>
<pin id="15" dir="1" index="0" bw="1" slack="0"/>
</pin_list>
<bind>
<StgValue><ssdm name="_ssdm_op_Read.ap_auto.i64"/></StgValue>
</bind>
</comp>

<comp id="16" class="1001" name="const_16">
<pin_list>
<pin id="17" dir="1" index="0" bw="1" slack="1"/>
</pin_list>
<bind>
<StgValue><ssdm name=""/></StgValue>
</bind>
</comp>

<comp id="18" class="1001" name="const_18">
<pin_list>
<pin id="19" dir="1" index="0" bw="1" slack="0"/>
</pin_list>
<bind>
<StgValue><ssdm name=""/></StgValue>
</bind>
</comp>

<comp id="20" class="1001" name="const_20">
<pin_list>
<pin id="21" dir="1" index="0" bw="1" slack="0"/>
</pin_list>
<bind>
<StgValue><ssdm name=""/></StgValue>
</bind>
</comp>

<comp id="22" class="1001" name="const_22">
<pin_list>
<pin id="23" dir="1" index="0" bw="1" slack="0"/>
</pin_list>
<bind>
<StgValue><ssdm name=""/></StgValue>
</bind>
</comp>

<comp id="24" class="1001" name="const_24">
<pin_list>
<pin id="25" dir="1" index="0" bw="1" slack="0"/>
</pin_list>
<bind>
<StgValue><ssdm name=""/></StgValue>
</bind>
</comp>

<comp id="26" class="1004" name="outcols_read_read_fu_26">
<pin_list>
<pin id="27" dir="0" index="0" bw="64" slack="0"/>
<pin id="28" dir="0" index="1" bw="64" slack="0"/>
<pin id="29" dir="1" index="2" bw="64" slack="0"/>
</pin_list>
<bind>
<opcode="read(1150) " fcode="read"/>
<opset="outcols_read/1 "/>
</bind>
</comp>

<comp id="32" class="1004" name="outrows_read_read_fu_32">
<pin_list>
<pin id="33" dir="0" index="0" bw="64" slack="0"/>
<pin id="34" dir="0" index="1" bw="64" slack="0"/>
<pin id="35" dir="1" index="2" bw="64" slack="0"/>
</pin_list>
<bind>
<opcode="read(1150) " fcode="read"/>
<opset="outrows_read/1 "/>
</bind>
</comp>

<comp id="38" class="1004" name="innerdim_read_read_fu_38">
<pin_list>
<pin id="39" dir="0" index="0" bw="64" slack="0"/>
<pin id="40" dir="0" index="1" bw="64" slack="0"/>
<pin id="41" dir="1" index="2" bw="64" slack="1"/>
</pin_list>
<bind>
<opcode="read(1150) " fcode="read"/>
<opset="innerdim_read/2 "/>
</bind>
</comp>

<comp id="44" class="1004" name="C_addr_gep_fu_44">
<pin_list>
<pin id="45" dir="0" index="0" bw="32" slack="0"/>
<pin id="46" dir="0" index="1" bw="1" slack="0"/>
<pin id="47" dir="0" index="2" bw="5" slack="0"/>
<pin id="48" dir="1" index="3" bw="5" slack="0"/>
</pin_list>
<bind>
<opcode="getelementptr(29) " fcode="getelementptr"/>
<opset="C_addr/3 "/>
</bind>
</comp>

<comp id="51" class="1004" name="grp_access_fu_51">
<pin_list>
<pin id="52" dir="0" index="0" bw="5" slack="0"/>
<pin id="53" dir="0" index="1" bw="32" slack="0"/>
<pin id="54" dir="0" index="2" bw="0" slack="2147483647"/>
<pin id="55" dir="1" index="3" bw="32" slack="0"/>
</pin_list>
<bind>
<opcode="load(27) store(28) " fcode="store"/>
<opset="StgValue_33/3 C_load/6 C_load_1/10 StgValue_90/15 StgValue_99/20 "/>
</bind>
</comp>

<comp id="58" class="1004" name="C_addr_7_gep_fu_58">
<pin_list>
<pin id="59" dir="0" index="0" bw="32" slack="0"/>
<pin id="60" dir="0" index="1" bw="1" slack="0"/>
<pin id="61" dir="0" index="2" bw="6" slack="0"/>
<pin id="62" dir="1" index="3" bw="5" slack="1"/>
</pin_list>
<bind>
<opcode="getelementptr(29) " fcode="getelementptr"/>
<opset="C_addr_7/5 "/>
</bind>
</comp>

<comp id="65" class="1004" name="A_addr_gep_fu_65">
<pin_list>
<pin id="66" dir="0" index="0" bw="32" slack="0"/>
<pin id="67" dir="0" index="1" bw="1" slack="0"/>
<pin id="68" dir="0" index="2" bw="7" slack="0"/>
<pin id="69" dir="1" index="3" bw="6" slack="0"/>
</pin_list>
<bind>
<opcode="getelementptr(29) " fcode="getelementptr"/>
<opset="A_addr/6 "/>
</bind>
</comp>

<comp id="72" class="1004" name="grp_access_fu_72">
<pin_list>
<pin id="73" dir="0" index="0" bw="6" slack="0"/>
<pin id="74" dir="0" index="1" bw="32" slack="2147483647"/>
<pin id="75" dir="0" index="2" bw="0" slack="2147483647"/>
<pin id="76" dir="1" index="3" bw="32" slack="1"/>
</pin_list>
<bind>
<opcode="load(27) " fcode="load"/>
<opset="A_load/6 "/>
</bind>
</comp>

<comp id="78" class="1004" name="B_addr_gep_fu_78">
<pin_list>
<pin id="79" dir="0" index="0" bw="32" slack="0"/>
<pin id="80" dir="0" index="1" bw="1" slack="0"/>
<pin id="81" dir="0" index="2" bw="12" slack="0"/>
<pin id="82" dir="1" index="3" bw="11" slack="0"/>
</pin_list>
<bind>
<opcode="getelementptr(29) " fcode="getelementptr"/>
<opset="B_addr/6 "/>
</bind>
</comp>

<comp id="85" class="1004" name="grp_access_fu_85">
<pin_list>
<pin id="86" dir="0" index="0" bw="11" slack="0"/>
<pin id="87" dir="0" index="1" bw="32" slack="2147483647"/>
<pin id="88" dir="0" index="2" bw="0" slack="2147483647"/>
<pin id="89" dir="1" index="3" bw="32" slack="1"/>
</pin_list>
<bind>
<opcode="load(27) " fcode="load"/>
<opset="B_load/6 "/>
</bind>
</comp>

<comp id="91" class="1004" name="d_addr_gep_fu_91">
<pin_list>
<pin id="92" dir="0" index="0" bw="32" slack="0"/>
<pin id="93" dir="0" index="1" bw="1" slack="0"/>
<pin id="94" dir="0" index="2" bw="64" slack="1"/>
<pin id="95" dir="1" index="3" bw="5" slack="0"/>
</pin_list>
<bind>
<opcode="getelementptr(29) " fcode="getelementptr"/>
<opset="d_addr/6 "/>
</bind>
</comp>

<comp id="98" class="1004" name="grp_access_fu_98">
<pin_list>
<pin id="99" dir="0" index="0" bw="5" slack="0"/>
<pin id="100" dir="0" index="1" bw="32" slack="2147483647"/>
<pin id="101" dir="0" index="2" bw="0" slack="2147483647"/>
<pin id="102" dir="1" index="3" bw="32" slack="0"/>
</pin_list>
<bind>
<opcode="load(27) " fcode="load"/>
<opset="d_load/6 "/>
</bind>
</comp>

<comp id="104" class="1005" name="p_reg_104">
<pin_list>
<pin id="105" dir="0" index="0" bw="5" slack="1"/>
<pin id="106" dir="1" index="1" bw="5" slack="1"/>
</pin_list>
<bind>
<opset="p (phireg) "/>
</bind>
</comp>

<comp id="108" class="1004" name="p_phi_fu_108">
<pin_list>
<pin id="109" dir="0" index="0" bw="1" slack="1"/>
<pin id="110" dir="0" index="1" bw="0" slack="2147483647"/>
<pin id="111" dir="0" index="2" bw="5" slack="0"/>
<pin id="112" dir="0" index="3" bw="0" slack="2147483647"/>
<pin id="113" dir="1" index="4" bw="5" slack="0"/>
</pin_list>
<bind>
<opcode="phi(47) " fcode="phi"/>
<opset="p/3 "/>
</bind>
</comp>

<comp id="115" class="1005" name="i_reg_115">
<pin_list>
<pin id="116" dir="0" index="0" bw="64" slack="1"/>
<pin id="117" dir="1" index="1" bw="64" slack="1"/>
</pin_list>
<bind>
<opset="i (phireg) "/>
</bind>
</comp>

<comp id="119" class="1004" name="i_phi_fu_119">
<pin_list>
<pin id="120" dir="0" index="0" bw="1" slack="1"/>
<pin id="121" dir="0" index="1" bw="0" slack="2147483647"/>
<pin id="122" dir="0" index="2" bw="64" slack="0"/>
<pin id="123" dir="0" index="3" bw="0" slack="2147483647"/>
<pin id="124" dir="1" index="4" bw="64" slack="0"/>
</pin_list>
<bind>
<opcode="phi(47) " fcode="phi"/>
<opset="i/4 "/>
</bind>
</comp>

<comp id="126" class="1005" name="j_reg_126">
<pin_list>
<pin id="127" dir="0" index="0" bw="64" slack="1"/>
<pin id="128" dir="1" index="1" bw="64" slack="1"/>
</pin_list>
<bind>
<opset="j (phireg) "/>
</bind>
</comp>

<comp id="131" class="1004" name="j_phi_fu_131">
<pin_list>
<pin id="132" dir="0" index="0" bw="1" slack="1"/>
<pin id="133" dir="0" index="1" bw="0" slack="2147483647"/>
<pin id="134" dir="0" index="2" bw="64" slack="0"/>
<pin id="135" dir="0" index="3" bw="0" slack="2147483647"/>
<pin id="136" dir="1" index="4" bw="64" slack="0"/>
</pin_list>
<bind>
<opcode="phi(47) " fcode="phi"/>
<opset="j/5 "/>
</bind>
</comp>

<comp id="139" class="1005" name="k_reg_139">
<pin_list>
<pin id="140" dir="0" index="0" bw="64" slack="1"/>
<pin id="141" dir="1" index="1" bw="64" slack="1"/>
</pin_list>
<bind>
<opset="k (phireg) "/>
</bind>
</comp>

<comp id="143" class="1004" name="k_phi_fu_143">
<pin_list>
<pin id="144" dir="0" index="0" bw="64" slack="0"/>
<pin id="145" dir="0" index="1" bw="0" slack="2147483647"/>
<pin id="146" dir="0" index="2" bw="1" slack="1"/>
<pin id="147" dir="0" index="3" bw="0" slack="2147483647"/>
<pin id="148" dir="1" index="4" bw="64" slack="0"/>
</pin_list>
<bind>
<opcode="phi(47) " fcode="phi"/>
<opset="k/6 "/>
</bind>
</comp>

<comp id="150" class="1004" name="grp_fu_150">
<pin_list>
<pin id="151" dir="0" index="0" bw="32" slack="0"/>
<pin id="152" dir="0" index="1" bw="32" slack="0"/>
<pin id="153" dir="1" index="2" bw="32" slack="0"/>
</pin_list>
<bind>
<opcode="fadd(9) " fcode="fadd"/>
<opset="tmp_8/11 tmp_s/16 "/>
</bind>
</comp>

<comp id="157" class="1004" name="grp_fu_157">
<pin_list>
<pin id="158" dir="0" index="0" bw="32" slack="1"/>
<pin id="159" dir="0" index="1" bw="32" slack="1"/>
<pin id="160" dir="1" index="2" bw="32" slack="1"/>
</pin_list>
<bind>
<opcode="fmul(13) " fcode="fmul"/>
<opset="tmp_7/8 "/>
</bind>
</comp>

<comp id="161" class="1005" name="reg_161">
<pin_list>
<pin id="162" dir="0" index="0" bw="32" slack="1"/>
<pin id="163" dir="1" index="1" bw="32" slack="1"/>
</pin_list>
<bind>
<opset="C_load_1 C_load "/>
</bind>
</comp>

<comp id="166" class="1004" name="grp_fu_166">
<pin_list>
<pin id="167" dir="0" index="0" bw="64" slack="0"/>
<pin id="168" dir="0" index="1" bw="64" slack="0"/>
<pin id="169" dir="1" index="2" bw="64" slack="1"/>
</pin_list>
<bind>
<opcode="mul(12) " fcode="mul"/>
<opset="tmp/1 "/>
</bind>
</comp>

<comp id="172" class="1004" name="p_cast_fu_172">
<pin_list>
<pin id="173" dir="0" index="0" bw="5" slack="0"/>
<pin id="174" dir="1" index="1" bw="64" slack="0"/>
</pin_list>
<bind>
<opcode="zext(34) " fcode="zext"/>
<opset="p_cast/3 "/>
</bind>
</comp>

<comp id="177" class="1004" name="exitcond3_fu_177">
<pin_list>
<pin id="178" dir="0" index="0" bw="5" slack="0"/>
<pin id="179" dir="0" index="1" bw="64" slack="1"/>
<pin id="180" dir="1" index="2" bw="1" slack="2147483647"/>
</pin_list>
<bind>
<opcode="icmp(45) " fcode="icmp"/>
<opset="exitcond3/3 "/>
</bind>
</comp>

<comp id="182" class="1004" name="p_1_fu_182">
<pin_list>
<pin id="183" dir="0" index="0" bw="5" slack="0"/>
<pin id="184" dir="0" index="1" bw="1" slack="0"/>
<pin id="185" dir="1" index="2" bw="5" slack="0"/>
</pin_list>
<bind>
<opcode="add(8) " fcode="add"/>
<opset="p_1/3 "/>
</bind>
</comp>

<comp id="188" class="1004" name="tmp_112_fu_188">
<pin_list>
<pin id="189" dir="0" index="0" bw="64" slack="2"/>
<pin id="190" dir="1" index="1" bw="6" slack="1"/>
</pin_list>
<bind>
<opcode="trunc(33) " fcode="trunc"/>
<opset="tmp_112/3 "/>
</bind>
</comp>

<comp id="191" class="1004" name="tmp_113_fu_191">
<pin_list>
<pin id="192" dir="0" index="0" bw="64" slack="1"/>
<pin id="193" dir="1" index="1" bw="7" slack="1"/>
</pin_list>
<bind>
<opcode="trunc(33) " fcode="trunc"/>
<opset="tmp_113/3 "/>
</bind>
</comp>

<comp id="194" class="1004" name="tmp_114_fu_194">
<pin_list>
<pin id="195" dir="0" index="0" bw="64" slack="2"/>
<pin id="196" dir="1" index="1" bw="12" slack="3"/>
</pin_list>
<bind>
<opcode="trunc(33) " fcode="trunc"/>
<opset="tmp_114/3 "/>
</bind>
</comp>

<comp id="197" class="1004" name="tmp_115_fu_197">
<pin_list>
<pin id="198" dir="0" index="0" bw="64" slack="0"/>
<pin id="199" dir="1" index="1" bw="7" slack="0"/>
</pin_list>
<bind>
<opcode="trunc(33) " fcode="trunc"/>
<opset="tmp_115/4 "/>
</bind>
</comp>

<comp id="201" class="1004" name="tmp_116_fu_201">
<pin_list>
<pin id="202" dir="0" index="0" bw="64" slack="0"/>
<pin id="203" dir="1" index="1" bw="6" slack="0"/>
</pin_list>
<bind>
<opcode="trunc(33) " fcode="trunc"/>
<opset="tmp_116/4 "/>
</bind>
</comp>

<comp id="205" class="1004" name="exitcond2_fu_205">
<pin_list>
<pin id="206" dir="0" index="0" bw="64" slack="0"/>
<pin id="207" dir="0" index="1" bw="64" slack="3"/>
<pin id="208" dir="1" index="2" bw="1" slack="2147483647"/>
</pin_list>
<bind>
<opcode="icmp(45) " fcode="icmp"/>
<opset="exitcond2/4 "/>
</bind>
</comp>

<comp id="210" class="1004" name="i_66_fu_210">
<pin_list>
<pin id="211" dir="0" index="0" bw="1" slack="0"/>
<pin id="212" dir="0" index="1" bw="64" slack="0"/>
<pin id="213" dir="1" index="2" bw="64" slack="0"/>
</pin_list>
<bind>
<opcode="add(8) " fcode="add"/>
<opset="i_66/4 "/>
</bind>
</comp>

<comp id="216" class="1004" name="outrowidx_fu_216">
<pin_list>
<pin id="217" dir="0" index="0" bw="6" slack="0"/>
<pin id="218" dir="0" index="1" bw="6" slack="1"/>
<pin id="219" dir="1" index="2" bw="6" slack="1"/>
</pin_list>
<bind>
<opcode="mul(12) " fcode="mul"/>
<opset="outrowidx/4 "/>
</bind>
</comp>

<comp id="221" class="1004" name="inneridx_fu_221">
<pin_list>
<pin id="222" dir="0" index="0" bw="7" slack="0"/>
<pin id="223" dir="0" index="1" bw="7" slack="1"/>
<pin id="224" dir="1" index="2" bw="7" slack="2"/>
</pin_list>
<bind>
<opcode="mul(12) " fcode="mul"/>
<opset="inneridx/4 "/>
</bind>
</comp>

<comp id="226" class="1004" name="tmp_117_fu_226">
<pin_list>
<pin id="227" dir="0" index="0" bw="64" slack="0"/>
<pin id="228" dir="1" index="1" bw="12" slack="1"/>
</pin_list>
<bind>
<opcode="trunc(33) " fcode="trunc"/>
<opset="tmp_117/5 "/>
</bind>
</comp>

<comp id="230" class="1004" name="tmp_118_fu_230">
<pin_list>
<pin id="231" dir="0" index="0" bw="64" slack="0"/>
<pin id="232" dir="1" index="1" bw="6" slack="0"/>
</pin_list>
<bind>
<opcode="trunc(33) " fcode="trunc"/>
<opset="tmp_118/5 "/>
</bind>
</comp>

<comp id="234" class="1004" name="exitcond1_fu_234">
<pin_list>
<pin id="235" dir="0" index="0" bw="64" slack="0"/>
<pin id="236" dir="0" index="1" bw="64" slack="4"/>
<pin id="237" dir="1" index="2" bw="1" slack="2147483647"/>
</pin_list>
<bind>
<opcode="icmp(45) " fcode="icmp"/>
<opset="exitcond1/5 "/>
</bind>
</comp>

<comp id="239" class="1004" name="j_14_fu_239">
<pin_list>
<pin id="240" dir="0" index="0" bw="1" slack="0"/>
<pin id="241" dir="0" index="1" bw="64" slack="0"/>
<pin id="242" dir="1" index="2" bw="64" slack="0"/>
</pin_list>
<bind>
<opcode="add(8) " fcode="add"/>
<opset="j_14/5 "/>
</bind>
</comp>

<comp id="245" class="1004" name="sum2_fu_245">
<pin_list>
<pin id="246" dir="0" index="0" bw="6" slack="0"/>
<pin id="247" dir="0" index="1" bw="6" slack="1"/>
<pin id="248" dir="1" index="2" bw="6" slack="0"/>
</pin_list>
<bind>
<opcode="add(8) " fcode="add"/>
<opset="sum2/5 "/>
</bind>
</comp>

<comp id="250" class="1004" name="sum2_cast_fu_250">
<pin_list>
<pin id="251" dir="0" index="0" bw="6" slack="0"/>
<pin id="252" dir="1" index="1" bw="64" slack="0"/>
</pin_list>
<bind>
<opcode="zext(34) " fcode="zext"/>
<opset="sum2_cast/5 "/>
</bind>
</comp>

<comp id="255" class="1004" name="tmp_119_fu_255">
<pin_list>
<pin id="256" dir="0" index="0" bw="64" slack="0"/>
<pin id="257" dir="1" index="1" bw="12" slack="0"/>
</pin_list>
<bind>
<opcode="trunc(33) " fcode="trunc"/>
<opset="tmp_119/6 "/>
</bind>
</comp>

<comp id="259" class="1004" name="tmp_120_fu_259">
<pin_list>
<pin id="260" dir="0" index="0" bw="64" slack="0"/>
<pin id="261" dir="1" index="1" bw="7" slack="0"/>
</pin_list>
<bind>
<opcode="trunc(33) " fcode="trunc"/>
<opset="tmp_120/6 "/>
</bind>
</comp>

<comp id="263" class="1004" name="exitcond_fu_263">
<pin_list>
<pin id="264" dir="0" index="0" bw="64" slack="0"/>
<pin id="265" dir="0" index="1" bw="64" slack="4"/>
<pin id="266" dir="1" index="2" bw="1" slack="2147483647"/>
</pin_list>
<bind>
<opcode="icmp(45) " fcode="icmp"/>
<opset="exitcond/6 "/>
</bind>
</comp>

<comp id="268" class="1004" name="k_3_fu_268">
<pin_list>
<pin id="269" dir="0" index="0" bw="1" slack="0"/>
<pin id="270" dir="0" index="1" bw="64" slack="0"/>
<pin id="271" dir="1" index="2" bw="64" slack="0"/>
</pin_list>
<bind>
<opcode="add(8) " fcode="add"/>
<opset="k_3/6 "/>
</bind>
</comp>

<comp id="274" class="1004" name="sum5_fu_274">
<pin_list>
<pin id="275" dir="0" index="0" bw="7" slack="0"/>
<pin id="276" dir="0" index="1" bw="7" slack="2"/>
<pin id="277" dir="1" index="2" bw="7" slack="0"/>
</pin_list>
<bind>
<opcode="add(8) " fcode="add"/>
<opset="sum5/6 "/>
</bind>
</comp>

<comp id="279" class="1004" name="sum5_cast_fu_279">
<pin_list>
<pin id="280" dir="0" index="0" bw="7" slack="0"/>
<pin id="281" dir="1" index="1" bw="64" slack="0"/>
</pin_list>
<bind>
<opcode="zext(34) " fcode="zext"/>
<opset="sum5_cast/6 "/>
</bind>
</comp>

<comp id="284" class="1004" name="sum8_cast_fu_284">
<pin_list>
<pin id="285" dir="0" index="0" bw="12" slack="0"/>
<pin id="286" dir="1" index="1" bw="64" slack="0"/>
</pin_list>
<bind>
<opcode="zext(34) " fcode="zext"/>
<opset="sum8_cast/6 "/>
</bind>
</comp>

<comp id="288" class="1007" name="grp_fu_288">
<pin_list>
<pin id="289" dir="0" index="0" bw="12" slack="0"/>
<pin id="290" dir="0" index="1" bw="12" slack="1"/>
<pin id="291" dir="0" index="2" bw="12" slack="2147483647"/>
<pin id="292" dir="1" index="3" bw="12" slack="0"/>
</pin_list>
<bind>
<opcode="muladd(1172) " fcode="muladd"/>
<opset="tmp_6/6 sum8/6 "/>
</bind>
</comp>

<comp id="295" class="1005" name="outcols_read_reg_295">
<pin_list>
<pin id="296" dir="0" index="0" bw="64" slack="1"/>
<pin id="297" dir="1" index="1" bw="64" slack="1"/>
</pin_list>
<bind>
<opset="outcols_read "/>
</bind>
</comp>

<comp id="303" class="1005" name="outrows_read_reg_303">
<pin_list>
<pin id="304" dir="0" index="0" bw="64" slack="1"/>
<pin id="305" dir="1" index="1" bw="64" slack="1"/>
</pin_list>
<bind>
<opset="outrows_read "/>
</bind>
</comp>

<comp id="309" class="1005" name="innerdim_read_reg_309">
<pin_list>
<pin id="310" dir="0" index="0" bw="64" slack="1"/>
<pin id="311" dir="1" index="1" bw="64" slack="1"/>
</pin_list>
<bind>
<opset="innerdim_read "/>
</bind>
</comp>

<comp id="315" class="1005" name="tmp_reg_315">
<pin_list>
<pin id="316" dir="0" index="0" bw="64" slack="1"/>
<pin id="317" dir="1" index="1" bw="64" slack="1"/>
</pin_list>
<bind>
<opset="tmp "/>
</bind>
</comp>

<comp id="323" class="1005" name="p_1_reg_323">
<pin_list>
<pin id="324" dir="0" index="0" bw="5" slack="0"/>
<pin id="325" dir="1" index="1" bw="5" slack="0"/>
</pin_list>
<bind>
<opset="p_1 "/>
</bind>
</comp>

<comp id="328" class="1005" name="tmp_112_reg_328">
<pin_list>
<pin id="329" dir="0" index="0" bw="6" slack="1"/>
<pin id="330" dir="1" index="1" bw="6" slack="1"/>
</pin_list>
<bind>
<opset="tmp_112 "/>
</bind>
</comp>

<comp id="333" class="1005" name="tmp_113_reg_333">
<pin_list>
<pin id="334" dir="0" index="0" bw="7" slack="1"/>
<pin id="335" dir="1" index="1" bw="7" slack="1"/>
</pin_list>
<bind>
<opset="tmp_113 "/>
</bind>
</comp>

<comp id="338" class="1005" name="tmp_114_reg_338">
<pin_list>
<pin id="339" dir="0" index="0" bw="12" slack="3"/>
<pin id="340" dir="1" index="1" bw="12" slack="3"/>
</pin_list>
<bind>
<opset="tmp_114 "/>
</bind>
</comp>

<comp id="346" class="1005" name="i_66_reg_346">
<pin_list>
<pin id="347" dir="0" index="0" bw="64" slack="0"/>
<pin id="348" dir="1" index="1" bw="64" slack="0"/>
</pin_list>
<bind>
<opset="i_66 "/>
</bind>
</comp>

<comp id="351" class="1005" name="outrowidx_reg_351">
<pin_list>
<pin id="352" dir="0" index="0" bw="6" slack="1"/>
<pin id="353" dir="1" index="1" bw="6" slack="1"/>
</pin_list>
<bind>
<opset="outrowidx "/>
</bind>
</comp>

<comp id="356" class="1005" name="inneridx_reg_356">
<pin_list>
<pin id="357" dir="0" index="0" bw="7" slack="2"/>
<pin id="358" dir="1" index="1" bw="7" slack="2"/>
</pin_list>
<bind>
<opset="inneridx "/>
</bind>
</comp>

<comp id="361" class="1005" name="tmp_117_reg_361">
<pin_list>
<pin id="362" dir="0" index="0" bw="12" slack="1"/>
<pin id="363" dir="1" index="1" bw="12" slack="1"/>
</pin_list>
<bind>
<opset="tmp_117 "/>
</bind>
</comp>

<comp id="369" class="1005" name="j_14_reg_369">
<pin_list>
<pin id="370" dir="0" index="0" bw="64" slack="0"/>
<pin id="371" dir="1" index="1" bw="64" slack="0"/>
</pin_list>
<bind>
<opset="j_14 "/>
</bind>
</comp>

<comp id="374" class="1005" name="C_addr_7_reg_374">
<pin_list>
<pin id="375" dir="0" index="0" bw="5" slack="1"/>
<pin id="376" dir="1" index="1" bw="5" slack="1"/>
</pin_list>
<bind>
<opset="C_addr_7 "/>
</bind>
</comp>

<comp id="382" class="1005" name="k_3_reg_382">
<pin_list>
<pin id="383" dir="0" index="0" bw="64" slack="0"/>
<pin id="384" dir="1" index="1" bw="64" slack="0"/>
</pin_list>
<bind>
<opset="k_3 "/>
</bind>
</comp>

<comp id="387" class="1005" name="A_addr_reg_387">
<pin_list>
<pin id="388" dir="0" index="0" bw="6" slack="1"/>
<pin id="389" dir="1" index="1" bw="6" slack="1"/>
</pin_list>
<bind>
<opset="A_addr "/>
</bind>
</comp>

<comp id="392" class="1005" name="B_addr_reg_392">
<pin_list>
<pin id="393" dir="0" index="0" bw="11" slack="1"/>
<pin id="394" dir="1" index="1" bw="11" slack="1"/>
</pin_list>
<bind>
<opset="B_addr "/>
</bind>
</comp>

<comp id="397" class="1005" name="d_addr_reg_397">
<pin_list>
<pin id="398" dir="0" index="0" bw="5" slack="1"/>
<pin id="399" dir="1" index="1" bw="5" slack="1"/>
</pin_list>
<bind>
<opset="d_addr "/>
</bind>
</comp>

<comp id="402" class="1005" name="A_load_reg_402">
<pin_list>
<pin id="403" dir="0" index="0" bw="32" slack="1"/>
<pin id="404" dir="1" index="1" bw="32" slack="1"/>
</pin_list>
<bind>
<opset="A_load "/>
</bind>
</comp>

<comp id="407" class="1005" name="B_load_reg_407">
<pin_list>
<pin id="408" dir="0" index="0" bw="32" slack="1"/>
<pin id="409" dir="1" index="1" bw="32" slack="1"/>
</pin_list>
<bind>
<opset="B_load "/>
</bind>
</comp>

<comp id="412" class="1005" name="tmp_7_reg_412">
<pin_list>
<pin id="413" dir="0" index="0" bw="32" slack="1"/>
<pin id="414" dir="1" index="1" bw="32" slack="1"/>
</pin_list>
<bind>
<opset="tmp_7 "/>
</bind>
</comp>

<comp id="417" class="1005" name="d_load_reg_417">
<pin_list>
<pin id="418" dir="0" index="0" bw="32" slack="1"/>
<pin id="419" dir="1" index="1" bw="32" slack="1"/>
</pin_list>
<bind>
<opset="d_load "/>
</bind>
</comp>

</comp_list>

<net_list>
<net id="30"><net_src comp="14" pin="0"/><net_sink comp="26" pin=0"/></net>

<net id="31"><net_src comp="10" pin="0"/><net_sink comp="26" pin=1"/></net>

<net id="36"><net_src comp="14" pin="0"/><net_sink comp="32" pin=0"/></net>

<net id="37"><net_src comp="8" pin="0"/><net_sink comp="32" pin=1"/></net>

<net id="42"><net_src comp="14" pin="0"/><net_sink comp="38" pin=0"/></net>

<net id="43"><net_src comp="12" pin="0"/><net_sink comp="38" pin=1"/></net>

<net id="49"><net_src comp="0" pin="0"/><net_sink comp="44" pin=0"/></net>

<net id="50"><net_src comp="20" pin="0"/><net_sink comp="44" pin=1"/></net>

<net id="56"><net_src comp="22" pin="0"/><net_sink comp="51" pin=1"/></net>

<net id="57"><net_src comp="44" pin="3"/><net_sink comp="51" pin=0"/></net>

<net id="63"><net_src comp="0" pin="0"/><net_sink comp="58" pin=0"/></net>

<net id="64"><net_src comp="20" pin="0"/><net_sink comp="58" pin=1"/></net>

<net id="70"><net_src comp="2" pin="0"/><net_sink comp="65" pin=0"/></net>

<net id="71"><net_src comp="20" pin="0"/><net_sink comp="65" pin=1"/></net>

<net id="77"><net_src comp="65" pin="3"/><net_sink comp="72" pin=0"/></net>

<net id="83"><net_src comp="4" pin="0"/><net_sink comp="78" pin=0"/></net>

<net id="84"><net_src comp="20" pin="0"/><net_sink comp="78" pin=1"/></net>

<net id="90"><net_src comp="78" pin="3"/><net_sink comp="85" pin=0"/></net>

<net id="96"><net_src comp="6" pin="0"/><net_sink comp="91" pin=0"/></net>

<net id="97"><net_src comp="20" pin="0"/><net_sink comp="91" pin=1"/></net>

<net id="103"><net_src comp="91" pin="3"/><net_sink comp="98" pin=0"/></net>

<net id="107"><net_src comp="16" pin="0"/><net_sink comp="104" pin=0"/></net>

<net id="114"><net_src comp="104" pin="1"/><net_sink comp="108" pin=0"/></net>

<net id="118"><net_src comp="20" pin="0"/><net_sink comp="115" pin=0"/></net>

<net id="125"><net_src comp="115" pin="1"/><net_sink comp="119" pin=0"/></net>

<net id="129"><net_src comp="20" pin="0"/><net_sink comp="126" pin=0"/></net>

<net id="130"><net_src comp="126" pin="1"/><net_sink comp="91" pin=2"/></net>

<net id="137"><net_src comp="126" pin="1"/><net_sink comp="131" pin=0"/></net>

<net id="138"><net_src comp="131" pin="4"/><net_sink comp="126" pin=0"/></net>

<net id="142"><net_src comp="20" pin="0"/><net_sink comp="139" pin=0"/></net>

<net id="149"><net_src comp="139" pin="1"/><net_sink comp="143" pin=2"/></net>

<net id="154"><net_src comp="150" pin="2"/><net_sink comp="51" pin=1"/></net>

<net id="155"><net_src comp="51" pin="3"/><net_sink comp="150" pin=0"/></net>

<net id="156"><net_src comp="98" pin="3"/><net_sink comp="150" pin=1"/></net>

<net id="164"><net_src comp="51" pin="3"/><net_sink comp="161" pin=0"/></net>

<net id="165"><net_src comp="161" pin="1"/><net_sink comp="150" pin=0"/></net>

<net id="170"><net_src comp="26" pin="2"/><net_sink comp="166" pin=0"/></net>

<net id="171"><net_src comp="32" pin="2"/><net_sink comp="166" pin=1"/></net>

<net id="175"><net_src comp="108" pin="4"/><net_sink comp="172" pin=0"/></net>

<net id="176"><net_src comp="172" pin="1"/><net_sink comp="44" pin=2"/></net>

<net id="181"><net_src comp="172" pin="1"/><net_sink comp="177" pin=0"/></net>

<net id="186"><net_src comp="108" pin="4"/><net_sink comp="182" pin=0"/></net>

<net id="187"><net_src comp="18" pin="0"/><net_sink comp="182" pin=1"/></net>

<net id="200"><net_src comp="119" pin="4"/><net_sink comp="197" pin=0"/></net>

<net id="204"><net_src comp="119" pin="4"/><net_sink comp="201" pin=0"/></net>

<net id="209"><net_src comp="119" pin="4"/><net_sink comp="205" pin=0"/></net>

<net id="214"><net_src comp="24" pin="0"/><net_sink comp="210" pin=0"/></net>

<net id="215"><net_src comp="119" pin="4"/><net_sink comp="210" pin=1"/></net>

<net id="220"><net_src comp="201" pin="1"/><net_sink comp="216" pin=0"/></net>

<net id="225"><net_src comp="197" pin="1"/><net_sink comp="221" pin=0"/></net>

<net id="229"><net_src comp="131" pin="4"/><net_sink comp="226" pin=0"/></net>

<net id="233"><net_src comp="131" pin="4"/><net_sink comp="230" pin=0"/></net>

<net id="238"><net_src comp="131" pin="4"/><net_sink comp="234" pin=0"/></net>

<net id="243"><net_src comp="24" pin="0"/><net_sink comp="239" pin=0"/></net>

<net id="244"><net_src comp="131" pin="4"/><net_sink comp="239" pin=1"/></net>

<net id="249"><net_src comp="230" pin="1"/><net_sink comp="245" pin=0"/></net>

<net id="253"><net_src comp="245" pin="2"/><net_sink comp="250" pin=0"/></net>

<net id="254"><net_src comp="250" pin="1"/><net_sink comp="58" pin=2"/></net>

<net id="258"><net_src comp="143" pin="4"/><net_sink comp="255" pin=0"/></net>

<net id="262"><net_src comp="143" pin="4"/><net_sink comp="259" pin=0"/></net>

<net id="267"><net_src comp="143" pin="4"/><net_sink comp="263" pin=0"/></net>

<net id="272"><net_src comp="24" pin="0"/><net_sink comp="268" pin=0"/></net>

<net id="273"><net_src comp="143" pin="4"/><net_sink comp="268" pin=1"/></net>

<net id="278"><net_src comp="259" pin="1"/><net_sink comp="274" pin=0"/></net>

<net id="282"><net_src comp="274" pin="2"/><net_sink comp="279" pin=0"/></net>

<net id="283"><net_src comp="279" pin="1"/><net_sink comp="65" pin=2"/></net>

<net id="287"><net_src comp="284" pin="1"/><net_sink comp="78" pin=2"/></net>

<net id="293"><net_src comp="255" pin="1"/><net_sink comp="288" pin=0"/></net>

<net id="294"><net_src comp="288" pin="3"/><net_sink comp="284" pin=0"/></net>

<net id="298"><net_src comp="26" pin="2"/><net_sink comp="295" pin=0"/></net>

<net id="299"><net_src comp="295" pin="1"/><net_sink comp="166" pin=0"/></net>

<net id="300"><net_src comp="295" pin="1"/><net_sink comp="188" pin=0"/></net>

<net id="301"><net_src comp="295" pin="1"/><net_sink comp="194" pin=0"/></net>

<net id="302"><net_src comp="295" pin="1"/><net_sink comp="234" pin=1"/></net>

<net id="306"><net_src comp="32" pin="2"/><net_sink comp="303" pin=0"/></net>

<net id="307"><net_src comp="303" pin="1"/><net_sink comp="166" pin=1"/></net>

<net id="308"><net_src comp="303" pin="1"/><net_sink comp="205" pin=1"/></net>

<net id="312"><net_src comp="38" pin="2"/><net_sink comp="309" pin=0"/></net>

<net id="313"><net_src comp="309" pin="1"/><net_sink comp="191" pin=0"/></net>

<net id="314"><net_src comp="309" pin="1"/><net_sink comp="263" pin=1"/></net>

<net id="318"><net_src comp="166" pin="2"/><net_sink comp="315" pin=0"/></net>

<net id="319"><net_src comp="315" pin="1"/><net_sink comp="177" pin=1"/></net>

<net id="326"><net_src comp="182" pin="2"/><net_sink comp="323" pin=0"/></net>

<net id="327"><net_src comp="323" pin="1"/><net_sink comp="108" pin=2"/></net>

<net id="331"><net_src comp="188" pin="1"/><net_sink comp="328" pin=0"/></net>

<net id="332"><net_src comp="328" pin="1"/><net_sink comp="216" pin=1"/></net>

<net id="336"><net_src comp="191" pin="1"/><net_sink comp="333" pin=0"/></net>

<net id="337"><net_src comp="333" pin="1"/><net_sink comp="221" pin=1"/></net>

<net id="341"><net_src comp="194" pin="1"/><net_sink comp="338" pin=0"/></net>

<net id="342"><net_src comp="338" pin="1"/><net_sink comp="288" pin=1"/></net>

<net id="349"><net_src comp="210" pin="2"/><net_sink comp="346" pin=0"/></net>

<net id="350"><net_src comp="346" pin="1"/><net_sink comp="119" pin=2"/></net>

<net id="354"><net_src comp="216" pin="2"/><net_sink comp="351" pin=0"/></net>

<net id="355"><net_src comp="351" pin="1"/><net_sink comp="245" pin=1"/></net>

<net id="359"><net_src comp="221" pin="2"/><net_sink comp="356" pin=0"/></net>

<net id="360"><net_src comp="356" pin="1"/><net_sink comp="274" pin=1"/></net>

<net id="364"><net_src comp="226" pin="1"/><net_sink comp="361" pin=0"/></net>

<net id="365"><net_src comp="361" pin="1"/><net_sink comp="288" pin=1"/></net>

<net id="372"><net_src comp="239" pin="2"/><net_sink comp="369" pin=0"/></net>

<net id="373"><net_src comp="369" pin="1"/><net_sink comp="131" pin=2"/></net>

<net id="377"><net_src comp="58" pin="3"/><net_sink comp="374" pin=0"/></net>

<net id="378"><net_src comp="374" pin="1"/><net_sink comp="51" pin=0"/></net>

<net id="385"><net_src comp="268" pin="2"/><net_sink comp="382" pin=0"/></net>

<net id="386"><net_src comp="382" pin="1"/><net_sink comp="143" pin=0"/></net>

<net id="390"><net_src comp="65" pin="3"/><net_sink comp="387" pin=0"/></net>

<net id="391"><net_src comp="387" pin="1"/><net_sink comp="72" pin=0"/></net>

<net id="395"><net_src comp="78" pin="3"/><net_sink comp="392" pin=0"/></net>

<net id="396"><net_src comp="392" pin="1"/><net_sink comp="85" pin=0"/></net>

<net id="400"><net_src comp="91" pin="3"/><net_sink comp="397" pin=0"/></net>

<net id="401"><net_src comp="397" pin="1"/><net_sink comp="98" pin=0"/></net>

<net id="405"><net_src comp="72" pin="3"/><net_sink comp="402" pin=0"/></net>

<net id="406"><net_src comp="402" pin="1"/><net_sink comp="157" pin=0"/></net>

<net id="410"><net_src comp="85" pin="3"/><net_sink comp="407" pin=0"/></net>

<net id="411"><net_src comp="407" pin="1"/><net_sink comp="157" pin=1"/></net>

<net id="415"><net_src comp="157" pin="2"/><net_sink comp="412" pin=0"/></net>

<net id="416"><net_src comp="412" pin="1"/><net_sink comp="150" pin=1"/></net>

<net id="420"><net_src comp="98" pin="3"/><net_sink comp="417" pin=0"/></net>

<net id="421"><net_src comp="417" pin="1"/><net_sink comp="150" pin=1"/></net>

</net_list>

</model> 
---------------- Datapath Model END ------------------

* FSMD analyzer results:
  - Output states:
	Port: C | {3 15 20 }
 - Input state : 
	Port: k2c_affine_matmul.1 : C | {6 10 11 16 }
	Port: k2c_affine_matmul.1 : A | {6 7 }
	Port: k2c_affine_matmul.1 : B | {6 7 }
	Port: k2c_affine_matmul.1 : d | {6 16 }
	Port: k2c_affine_matmul.1 : outrows | {1 }
	Port: k2c_affine_matmul.1 : outcols | {1 }
	Port: k2c_affine_matmul.1 : innerdim | {2 }
  - Chain level:
	State 1
	State 2
	State 3
		p_cast : 1
		exitcond3 : 2
		p_1 : 1
		StgValue_31 : 3
		C_addr : 2
		StgValue_33 : 3
	State 4
		tmp_115 : 1
		tmp_116 : 1
		exitcond2 : 1
		i_66 : 1
		StgValue_44 : 2
		outrowidx : 2
		inneridx : 2
	State 5
		tmp_117 : 1
		tmp_118 : 1
		exitcond1 : 1
		j_14 : 1
		StgValue_54 : 2
		sum2 : 2
		sum2_cast : 3
		C_addr_7 : 4
	State 6
		tmp_119 : 1
		tmp_120 : 1
		exitcond : 1
		k_3 : 1
		StgValue_65 : 2
		sum5 : 2
		sum5_cast : 3
		A_addr : 4
		A_load : 5
		tmp_6 : 2
		sum8 : 3
		sum8_cast : 4
		B_addr : 5
		B_load : 6
		d_load : 1
	State 7
	State 8
	State 9
	State 10
	State 11
		tmp_8 : 1
	State 12
	State 13
	State 14
	State 15
		StgValue_90 : 1
	State 16
		tmp_s : 1
	State 17
	State 18
	State 19
	State 20
		StgValue_99 : 1


============================================================
+ Verbose Summary: Datapath Resource usage 
============================================================

* Functional unit list:
|----------|--------------------------|---------|---------|---------|
| Operation|      Functional Unit     |  DSP48E |    FF   |   LUT   |
|----------|--------------------------|---------|---------|---------|
|          |        grp_fu_166        |    16   |   361   |   195   |
|    mul   |     outrowidx_fu_216     |    0    |    0    |    25   |
|          |      inneridx_fu_221     |    0    |    0    |    33   |
|----------|--------------------------|---------|---------|---------|
|   fadd   |        grp_fu_150        |    2    |   205   |   203   |
|----------|--------------------------|---------|---------|---------|
|   fmul   |        grp_fu_157        |    3    |   128   |   129   |
|----------|--------------------------|---------|---------|---------|
|          |        p_1_fu_182        |    0    |    0    |    15   |
|          |        i_66_fu_210       |    0    |    0    |    71   |
|    add   |        j_14_fu_239       |    0    |    0    |    71   |
|          |        sum2_fu_245       |    0    |    0    |    15   |
|          |        k_3_fu_268        |    0    |    0    |    71   |
|          |        sum5_fu_274       |    0    |    0    |    15   |
|----------|--------------------------|---------|---------|---------|
|          |     exitcond3_fu_177     |    0    |    0    |    29   |
|   icmp   |     exitcond2_fu_205     |    0    |    0    |    29   |
|          |     exitcond1_fu_234     |    0    |    0    |    29   |
|          |      exitcond_fu_263     |    0    |    0    |    29   |
|----------|--------------------------|---------|---------|---------|
|  muladd  |        grp_fu_288        |    1    |    0    |    0    |
|----------|--------------------------|---------|---------|---------|
|          |  outcols_read_read_fu_26 |    0    |    0    |    0    |
|   read   |  outrows_read_read_fu_32 |    0    |    0    |    0    |
|          | innerdim_read_read_fu_38 |    0    |    0    |    0    |
|----------|--------------------------|---------|---------|---------|
|          |       p_cast_fu_172      |    0    |    0    |    0    |
|   zext   |     sum2_cast_fu_250     |    0    |    0    |    0    |
|          |     sum5_cast_fu_279     |    0    |    0    |    0    |
|          |     sum8_cast_fu_284     |    0    |    0    |    0    |
|----------|--------------------------|---------|---------|---------|
|          |      tmp_112_fu_188      |    0    |    0    |    0    |
|          |      tmp_113_fu_191      |    0    |    0    |    0    |
|          |      tmp_114_fu_194      |    0    |    0    |    0    |
|          |      tmp_115_fu_197      |    0    |    0    |    0    |
|   trunc  |      tmp_116_fu_201      |    0    |    0    |    0    |
|          |      tmp_117_fu_226      |    0    |    0    |    0    |
|          |      tmp_118_fu_230      |    0    |    0    |    0    |
|          |      tmp_119_fu_255      |    0    |    0    |    0    |
|          |      tmp_120_fu_259      |    0    |    0    |    0    |
|----------|--------------------------|---------|---------|---------|
|   Total  |                          |    22   |   694   |   959   |
|----------|--------------------------|---------|---------|---------|

Memories:
N/A

* Register list:
+---------------------+--------+
|                     |   FF   |
+---------------------+--------+
|    A_addr_reg_387   |    6   |
|    A_load_reg_402   |   32   |
|    B_addr_reg_392   |   11   |
|    B_load_reg_407   |   32   |
|   C_addr_7_reg_374  |    5   |
|    d_addr_reg_397   |    5   |
|    d_load_reg_417   |   32   |
|     i_66_reg_346    |   64   |
|      i_reg_115      |   64   |
|innerdim_read_reg_309|   64   |
|   inneridx_reg_356  |    7   |
|     j_14_reg_369    |   64   |
|      j_reg_126      |   64   |
|     k_3_reg_382     |   64   |
|      k_reg_139      |   64   |
| outcols_read_reg_295|   64   |
|  outrowidx_reg_351  |    6   |
| outrows_read_reg_303|   64   |
|     p_1_reg_323     |    5   |
|      p_reg_104      |    5   |
|       reg_161       |   32   |
|   tmp_112_reg_328   |    6   |
|   tmp_113_reg_333   |    7   |
|   tmp_114_reg_338   |   12   |
|   tmp_117_reg_361   |   12   |
|    tmp_7_reg_412    |   32   |
|     tmp_reg_315     |   64   |
+---------------------+--------+
|        Total        |   887  |
+---------------------+--------+

* Multiplexer (MUX) list: 
|------------------|------|------|------|--------||---------||---------|
|       Comp       |  Pin | Size |  BW  | S x BW ||  Delay  ||   LUT   |
|------------------|------|------|------|--------||---------||---------|
| grp_access_fu_51 |  p0  |   2  |   5  |   10   ||    9    |
| grp_access_fu_51 |  p1  |   2  |  32  |   64   ||    9    |
| grp_access_fu_72 |  p0  |   2  |   6  |   12   ||    9    |
| grp_access_fu_85 |  p0  |   2  |  11  |   22   ||    9    |
| grp_access_fu_98 |  p0  |   2  |   5  |   10   ||    9    |
|     j_reg_126    |  p0  |   2  |  64  |   128  ||    9    |
|    grp_fu_150    |  p0  |   2  |  32  |   64   ||    9    |
|    grp_fu_150    |  p1  |   3  |  32  |   96   ||    15   |
|    grp_fu_166    |  p0  |   2  |  64  |   128  ||    9    |
|    grp_fu_166    |  p1  |   2  |  64  |   128  ||    9    |
|    grp_fu_288    |  p1  |   2  |  12  |   24   ||    9    |
|------------------|------|------|------|--------||---------||---------|
|       Total      |      |      |      |   686  || 14.9517 ||   105   |
|------------------|------|------|------|--------||---------||---------|



* Summary:
+-----------+--------+--------+--------+--------+
|           | DSP48E |  Delay |   FF   |   LUT  |
+-----------+--------+--------+--------+--------+
|  Function |   22   |    -   |   694  |   959  |
|   Memory  |    -   |    -   |    -   |    -   |
|Multiplexer|    -   |   14   |    -   |   105  |
|  Register |    -   |    -   |   887  |    -   |
+-----------+--------+--------+--------+--------+
|   Total   |   22   |   14   |  1581  |  1064  |
+-----------+--------+--------+--------+--------+
