

================================================================
== Vivado HLS Report for 'k2c_dense_1'
================================================================
* Date:           Thu Apr 18 00:48:51 2024

* Version:        2018.2 (Build 2258646 on Thu Jun 14 20:25:20 MDT 2018)
* Project:        vlsiModel
* Solution:       solution1
* Product family: artix7
* Target device:  xc7a200tfbg676-2


================================================================
== Performance Estimates
================================================================
+ Timing (ns): 
    * Summary: 
    +--------+-------+----------+------------+
    |  Clock | Target| Estimated| Uncertainty|
    +--------+-------+----------+------------+
    |ap_clk  |  10.00|     9.122|        1.25|
    +--------+-------+----------+------------+

+ Latency (clock cycles): 
    * Summary: 
    +-----+-----+-----+-----+---------+
    |  Latency  |  Interval | Pipeline|
    | min | max | min | max |   Type  |
    +-----+-----+-----+-----+---------+
    |    ?|    ?|    ?|    ?|   none  |
    +-----+-----+-----+-----+---------+

    + Detail: 
        * Instance: 
        +--------------------------------+---------------------+-----+-----+-----+-----+---------+
        |                                |                     |  Latency  |  Interval | Pipeline|
        |            Instance            |        Module       | min | max | min | max |   Type  |
        +--------------------------------+---------------------+-----+-----+-----+-----+---------+
        |grp_k2c_dot_2_fu_166            |k2c_dot_2            |    ?|    ?|    ?|    ?|   none  |
        |grp_k2c_softmax_func_2_fu_191   |k2c_softmax_func_2   |    ?|    ?|    ?|    ?|   none  |
        |grp_k2c_affine_matmul_2_fu_198  |k2c_affine_matmul_2  |    ?|    ?|    ?|    ?|   none  |
        +--------------------------------+---------------------+-----+-----+-----+-----+---------+

        * Loop: 
        +-------------+-----+-----+----------+-----------+-----------+------+----------+
        |             |  Latency  | Iteration|  Initiation Interval  | Trip |          |
        |  Loop Name  | min | max |  Latency |  achieved |   target  | Count| Pipelined|
        +-------------+-----+-----+----------+-----------+-----------+------+----------+
        |- Loop 1     |    ?|    ?|         ?|          -|          -|     ?|    no    |
        | + Loop 1.1  |    ?|    ?|         7|          -|          -|     ?|    no    |
        +-------------+-----+-----+----------+-----------+-----------+------+----------+



================================================================
== Utilization Estimates
================================================================
* Summary: 
+-----------------+---------+-------+--------+--------+
|       Name      | BRAM_18K| DSP48E|   FF   |   LUT  |
+-----------------+---------+-------+--------+--------+
|DSP              |        -|      -|       -|       -|
|Expression       |        -|      -|       0|     410|
|FIFO             |        -|      -|       -|       -|
|Instance         |        3|     91|   12961|   11409|
|Memory           |        1|      -|      64|       5|
|Multiplexer      |        -|      -|       -|     376|
|Register         |        -|      -|     569|       -|
+-----------------+---------+-------+--------+--------+
|Total            |        4|     91|   13594|   12200|
+-----------------+---------+-------+--------+--------+
|Available        |      730|    740|  269200|  129000|
+-----------------+---------+-------+--------+--------+
|Utilization (%)  |    ~0   |     12|       5|       9|
+-----------------+---------+-------+--------+--------+

+ Detail: 
    * Instance: 
    +--------------------------------+----------------------+---------+-------+------+------+
    |            Instance            |        Module        | BRAM_18K| DSP48E|  FF  |  LUT |
    +--------------------------------+----------------------+---------+-------+------+------+
    |grp_k2c_affine_matmul_2_fu_198  |k2c_affine_matmul_2   |        0|     22|  1306|  1123|
    |grp_k2c_dot_2_fu_166            |k2c_dot_2             |        3|     39|  9376|  7119|
    |grp_k2c_softmax_func_2_fu_191   |k2c_softmax_func_2    |        0|     12|  1713|  2769|
    |vlsiModel_fadd_32cud_U236       |vlsiModel_fadd_32cud  |        0|      2|   205|   203|
    |vlsiModel_mul_64sbkb_U237       |vlsiModel_mul_64sbkb  |        0|     16|   361|   195|
    +--------------------------------+----------------------+---------+-------+------+------+
    |Total                           |                      |        3|     91| 12961| 11409|
    +--------------------------------+----------------------+---------+-------+------+------+

    * DSP48: 
    N/A

    * Memory: 
    +------------------------+----------------------+---------+----+----+------+-----+------+-------------+
    |         Memory         |        Module        | BRAM_18K| FF | LUT| Words| Bits| Banks| W*Bits*Banks|
    +------------------------+----------------------+---------+----+----+------+-----+------+-------------+
    |dense_3_kernel_array_U  |k2c_dense_1_denseJfO  |        1|   0|   0|   250|   32|     1|         8000|
    |dense_3_bias_array_U    |k2c_dense_1_denseKfY  |        0|  64|   5|    10|   32|     1|          320|
    +------------------------+----------------------+---------+----+----+------+-----+------+-------------+
    |Total                   |                      |        1|  64|   5|   260|   64|     2|         8320|
    +------------------------+----------------------+---------+----+----+------+-----+------+-------------+

    * FIFO: 
    N/A

    * Expression: 
    +----------------------------------+----------+-------+---+----+------------+------------+
    |           Variable Name          | Operation| DSP48E| FF| LUT| Bitwidth P0| Bitwidth P1|
    +----------------------------------+----------+-------+---+----+------------+------------+
    |i_fu_288_p2                       |     +    |      0|  0|  71|          64|          64|
    |j_fu_267_p2                       |     +    |      0|  0|  71|           1|          64|
    |sum_i_fu_277_p2                   |     +    |      0|  0|  15|           5|           5|
    |tmp_7_fu_226_p2                   |     +    |      0|  0|  71|          64|           2|
    |ap_block_state16_on_subcall_done  |    and   |      0|  0|   2|           1|           1|
    |exitcond_i_fu_262_p2              |   icmp   |      0|  0|  29|          64|          64|
    |icmp_fu_243_p2                    |   icmp   |      0|  0|  29|          63|           1|
    |tmp_fu_220_p2                     |   icmp   |      0|  0|  29|          64|           2|
    |tmp_i_fu_253_p2                   |   icmp   |      0|  0|  29|          64|           1|
    |outrows1_fu_293_p3                |  select  |      0|  0|  64|           1|          64|
    +----------------------------------+----------+-------+---+----+------------+------------+
    |Total                             |          |      0|  0| 410|         391|         268|
    +----------------------------------+----------+-------+---+----+------------+------------+

    * Multiplexer: 
    +------------------------------------+----+-----------+-----+-----------+
    |                Name                | LUT| Input Size| Bits| Total Bits|
    +------------------------------------+----+-----------+-----+-----------+
    |ap_NS_fsm                           |  85|         17|    1|         17|
    |dense_2_output_array_address0       |  15|          3|    5|         15|
    |dense_2_output_array_ce0            |  15|          3|    1|          3|
    |dense_3_bias_array_address0         |  15|          3|    4|         12|
    |dense_3_bias_array_ce0              |  15|          3|    1|          3|
    |dense_3_kernel_array_address0       |  15|          3|    8|         24|
    |dense_3_kernel_array_ce0            |   9|          2|    1|          2|
    |grp_k2c_softmax_func_2_fu_191_size  |  15|          3|   64|        192|
    |i_i_reg_142                         |   9|          2|   64|        128|
    |input_shape_address0                |  15|          3|    3|          9|
    |input_shape_ce0                     |  15|          3|    1|          3|
    |j_i_reg_154                         |   9|          2|   64|        128|
    |kernel_shape_address0               |  21|          4|    3|         12|
    |kernel_shape_ce0                    |  15|          3|    1|          3|
    |output_array_address0               |  27|          5|    4|         20|
    |output_array_ce0                    |  27|          5|    1|          5|
    |output_array_d0                     |  27|          5|   32|        160|
    |output_array_we0                    |  27|          5|    1|          5|
    +------------------------------------+----+-----------+-----+-----------+
    |Total                               | 376|         74|  259|        741|
    +------------------------------------+----+-----------+-----+-----------+

    * Register: 
    +---------------------------------------------+----+----+-----+-----------+
    |                     Name                    | FF | LUT| Bits| Const Bits|
    +---------------------------------------------+----+----+-----+-----------+
    |ap_CS_fsm                                    |  16|   0|   16|          0|
    |dense_3_bias_array_l_reg_386                 |  32|   0|   32|          0|
    |dense_3_output_numel_r                       |   0|   0|   64|         64|
    |grp_k2c_affine_matmul_2_fu_198_ap_start_reg  |   1|   0|    1|          0|
    |grp_k2c_dot_2_fu_166_ap_start_reg            |   1|   0|    1|          0|
    |grp_k2c_softmax_func_2_fu_191_ap_start_reg   |   1|   0|    1|          0|
    |i_i_reg_142                                  |  64|   0|   64|          0|
    |icmp_reg_339                                 |   1|   0|    1|          0|
    |innerdim_reg_413                             |  64|   0|   64|          0|
    |j_i_reg_154                                  |  64|   0|   64|          0|
    |j_reg_366                                    |  64|   0|   64|          0|
    |outcols_reg_402                              |  64|   0|   64|          0|
    |output_array_addr_reg_376                    |   4|   0|    4|          0|
    |outrows1_reg_396                             |  64|   0|   64|          0|
    |outsize_reg_418                              |  64|   0|   64|          0|
    |tmp_7_reg_334                                |  64|   0|   64|          0|
    |tmp_reg_330                                  |   1|   0|    1|          0|
    +---------------------------------------------+----+----+-----+-----------+
    |Total                                        | 569|   0|  633|         64|
    +---------------------------------------------+----+----+-----+-----------+



================================================================
== Interface
================================================================
* Summary: 
+-------------------------------+-----+-----+------------+----------------------+--------------+
|           RTL Ports           | Dir | Bits|  Protocol  |     Source Object    |    C Type    |
+-------------------------------+-----+-----+------------+----------------------+--------------+
|ap_clk                         |  in |    1| ap_ctrl_hs |      k2c_dense.1     | return value |
|ap_rst                         |  in |    1| ap_ctrl_hs |      k2c_dense.1     | return value |
|ap_start                       |  in |    1| ap_ctrl_hs |      k2c_dense.1     | return value |
|ap_done                        | out |    1| ap_ctrl_hs |      k2c_dense.1     | return value |
|ap_idle                        | out |    1| ap_ctrl_hs |      k2c_dense.1     | return value |
|ap_ready                       | out |    1| ap_ctrl_hs |      k2c_dense.1     | return value |
|input_ndim_read                |  in |   64|   ap_none  |    input_ndim_read   |    scalar    |
|input_numel_read               |  in |   64|   ap_none  |   input_numel_read   |    scalar    |
|input_shape_address0           | out |    3|  ap_memory |      input_shape     |     array    |
|input_shape_ce0                | out |    1|  ap_memory |      input_shape     |     array    |
|input_shape_q0                 |  in |   64|  ap_memory |      input_shape     |     array    |
|kernel_ndim_read               |  in |   64|   ap_none  |   kernel_ndim_read   |    scalar    |
|kernel_numel_read              |  in |   64|   ap_none  |   kernel_numel_read  |    scalar    |
|kernel_shape_address0          | out |    3|  ap_memory |     kernel_shape     |     array    |
|kernel_shape_ce0               | out |    1|  ap_memory |     kernel_shape     |     array    |
|kernel_shape_q0                |  in |   64|  ap_memory |     kernel_shape     |     array    |
|bias_numel_read                |  in |   64|   ap_none  |    bias_numel_read   |    scalar    |
|output_array_address0          | out |    4|  ap_memory |     output_array     |     array    |
|output_array_ce0               | out |    1|  ap_memory |     output_array     |     array    |
|output_array_we0               | out |    1|  ap_memory |     output_array     |     array    |
|output_array_d0                | out |   32|  ap_memory |     output_array     |     array    |
|output_array_q0                |  in |   32|  ap_memory |     output_array     |     array    |
|dense_2_output_array_address0  | out |    5|  ap_memory | dense_2_output_array |     array    |
|dense_2_output_array_ce0       | out |    1|  ap_memory | dense_2_output_array |     array    |
|dense_2_output_array_q0        |  in |   32|  ap_memory | dense_2_output_array |     array    |
+-------------------------------+-----+-----+------------+----------------------+--------------+

============================================================
+ Verbose Summary: Synthesis Manager
============================================================
InlineROM: 1
ExposeGlobal: 0
============================================================
+ Verbose Summary: CDFG Model
============================================================
IsTopModel: 0
ResetActiveHigh: 1
IsCombinational: 2
IsDatapathOnly: 2
HasWiredReturn: 1
HasMFsm: 0
HasVarLatency: 1
IsPipeline: 0
IsRtlPipelined: 0
IsInstanceOverlapped: 0
IsDontTouch: 0
HasImplIP: 0
IsGatedGlobalClock: 0


============================================================
+ Verbose Summary: Schedule
============================================================
* Number of FSM states : 16
* Pipeline : 0
* Dataflow Pipeline: 0

* FSM state transitions: 
1 --> 
	2  / (!tmp)
	12  / (tmp)
2 --> 
	3  / true
3 --> 
	11  / (!tmp_i)
	4  / (tmp_i)
4 --> 
	5  / (!exitcond_i)
	3  / (exitcond_i)
5 --> 
	6  / true
6 --> 
	7  / true
7 --> 
	8  / true
8 --> 
	9  / true
9 --> 
	10  / true
10 --> 
	4  / true
11 --> 
	16  / true
12 --> 
	13  / true
13 --> 
	14  / true
14 --> 
	15  / true
15 --> 
	16  / true
16 --> 

* FSM state operations: 

State 1 <SV = 0> <Delay = 2.99>
ST_1 : Operation 17 [1/1] (0.00ns)   --->   "%bias_numel_read_3 = call i64 @_ssdm_op_Read.ap_auto.i64(i64 %bias_numel_read)"   --->   Operation 17 'read' 'bias_numel_read_3' <Predicate = true> <Delay = 0.00>
ST_1 : Operation 18 [1/1] (0.00ns)   --->   "%kernel_numel_read_3 = call i64 @_ssdm_op_Read.ap_auto.i64(i64 %kernel_numel_read)"   --->   Operation 18 'read' 'kernel_numel_read_3' <Predicate = true> <Delay = 0.00>
ST_1 : Operation 19 [1/1] (0.00ns)   --->   "%kernel_ndim_read_3 = call i64 @_ssdm_op_Read.ap_auto.i64(i64 %kernel_ndim_read)"   --->   Operation 19 'read' 'kernel_ndim_read_3' <Predicate = true> <Delay = 0.00>
ST_1 : Operation 20 [1/1] (0.00ns)   --->   "%input_numel_read_3 = call i64 @_ssdm_op_Read.ap_auto.i64(i64 %input_numel_read)"   --->   Operation 20 'read' 'input_numel_read_3' <Predicate = true> <Delay = 0.00>
ST_1 : Operation 21 [1/1] (0.00ns)   --->   "%input_ndim_read_3 = call i64 @_ssdm_op_Read.ap_auto.i64(i64 %input_ndim_read)"   --->   Operation 21 'read' 'input_ndim_read_3' <Predicate = true> <Delay = 0.00>
ST_1 : Operation 22 [1/1] (2.34ns)   --->   "%tmp = icmp ult i64 %input_ndim_read_3, 3" [vlsiModel.c:118]   --->   Operation 22 'icmp' 'tmp' <Predicate = true> <Delay = 2.34> <Core = "Cmp">   --->   Core 25 'Cmp' <Latency = 0> <II = 1> <Delay = 2.34> <FuncUnit> <Opcode : 'icmp'> <InPorts = 2> <OutPorts = 1>
ST_1 : Operation 23 [1/1] (0.00ns)   --->   "br i1 %tmp, label %_ifconv, label %1" [vlsiModel.c:118]   --->   Operation 23 'br' <Predicate = true> <Delay = 0.00>
ST_1 : Operation 24 [1/1] (2.99ns)   --->   "%tmp_7 = add i64 %input_ndim_read_3, -1" [vlsiModel.c:138]   --->   Operation 24 'add' 'tmp_7' <Predicate = (!tmp)> <Delay = 2.99> <Core = "AddSub">   --->   Core 14 'AddSub' <Latency = 0> <II = 1> <Delay = 2.99> <FuncUnit> <Opcode : 'add' 'sub'> <InPorts = 2> <OutPorts = 1>
ST_1 : Operation 25 [2/2] (0.00ns)   --->   "call fastcc void @k2c_dot.2(i64 %input_ndim_read_3, i64 %input_numel_read_3, [5 x i64]* %input_shape, i64 %kernel_ndim_read_3, i64 %kernel_numel_read_3, [5 x i64]* %kernel_shape, i64 %tmp_7, [10 x float]* %output_array, [25 x float]* @dense_2_output_array)" [vlsiModel.c:143]   --->   Operation 25 'call' <Predicate = (!tmp)> <Delay = 0.00> <CoreType = "Generic">   --->   Core 0 '' <Latency = 0> <II = 1> <Delay = 1.00> <Generic> <Opcode : >
ST_1 : Operation 26 [1/1] (0.00ns)   --->   "%tmp_90 = call i63 @_ssdm_op_PartSelect.i63.i64.i32.i32(i64 %input_ndim_read_3, i32 1, i32 63)" [vlsiModel.c:121]   --->   Operation 26 'partselect' 'tmp_90' <Predicate = (tmp)> <Delay = 0.00>
ST_1 : Operation 27 [1/1] (2.34ns)   --->   "%icmp = icmp ne i63 %tmp_90, 0" [vlsiModel.c:121]   --->   Operation 27 'icmp' 'icmp' <Predicate = (tmp)> <Delay = 2.34> <Core = "Cmp">   --->   Core 25 'Cmp' <Latency = 0> <II = 1> <Delay = 2.34> <FuncUnit> <Opcode : 'icmp'> <InPorts = 2> <OutPorts = 1>
ST_1 : Operation 28 [1/1] (0.00ns)   --->   "%input_shape_addr = getelementptr [5 x i64]* %input_shape, i64 0, i64 0" [vlsiModel.c:122]   --->   Operation 28 'getelementptr' 'input_shape_addr' <Predicate = (tmp)> <Delay = 0.00>
ST_1 : Operation 29 [2/2] (1.75ns)   --->   "%outrows = load i64* %input_shape_addr, align 8" [vlsiModel.c:122]   --->   Operation 29 'load' 'outrows' <Predicate = (tmp)> <Delay = 1.75> <Core = "RAM">   --->   Core 37 'RAM' <Latency = 1> <II = 1> <Delay = 2.77> <Storage> <Opcode : 'load' 'store'> <Ports = 2> <Width = 32> <Depth = 250> <RAM>
ST_1 : Operation 30 [1/1] (0.00ns)   --->   "%kernel_shape_addr = getelementptr [5 x i64]* %kernel_shape, i64 0, i64 1" [vlsiModel.c:127]   --->   Operation 30 'getelementptr' 'kernel_shape_addr' <Predicate = (tmp)> <Delay = 0.00>
ST_1 : Operation 31 [2/2] (1.75ns)   --->   "%outcols = load i64* %kernel_shape_addr, align 8" [vlsiModel.c:127]   --->   Operation 31 'load' 'outcols' <Predicate = (tmp)> <Delay = 1.75> <Core = "RAM">   --->   Core 37 'RAM' <Latency = 1> <II = 1> <Delay = 2.77> <Storage> <Opcode : 'load' 'store'> <Ports = 2> <Width = 32> <Depth = 250> <RAM>

State 2 <SV = 1> <Delay = 1.35>
ST_2 : Operation 32 [1/2] (0.00ns)   --->   "call fastcc void @k2c_dot.2(i64 %input_ndim_read_3, i64 %input_numel_read_3, [5 x i64]* %input_shape, i64 %kernel_ndim_read_3, i64 %kernel_numel_read_3, [5 x i64]* %kernel_shape, i64 %tmp_7, [10 x float]* %output_array, [25 x float]* @dense_2_output_array)" [vlsiModel.c:143]   --->   Operation 32 'call' <Predicate = true> <Delay = 0.00> <CoreType = "Generic">   --->   Core 0 '' <Latency = 0> <II = 1> <Delay = 1.00> <Generic> <Opcode : >
ST_2 : Operation 33 [1/1] (0.00ns)   --->   "%dense_3_output_numel_1 = load i64* @dense_3_output_numel_r, align 8" [vlsiModel.c:144]   --->   Operation 33 'load' 'dense_3_output_numel_1' <Predicate = true> <Delay = 0.00>
ST_2 : Operation 34 [1/1] (1.35ns)   --->   "br label %2" [vlsiModel.c:283->vlsiModel.c:144]   --->   Operation 34 'br' <Predicate = true> <Delay = 1.35>

State 3 <SV = 2> <Delay = 2.34>
ST_3 : Operation 35 [1/1] (0.00ns)   --->   "%i_i = phi i64 [ 0, %1 ], [ %i, %4 ]"   --->   Operation 35 'phi' 'i_i' <Predicate = true> <Delay = 0.00>
ST_3 : Operation 36 [1/1] (2.34ns)   --->   "%tmp_i = icmp ult i64 %i_i, %dense_3_output_numel_1" [vlsiModel.c:283->vlsiModel.c:144]   --->   Operation 36 'icmp' 'tmp_i' <Predicate = true> <Delay = 2.34> <Core = "Cmp">   --->   Core 25 'Cmp' <Latency = 0> <II = 1> <Delay = 2.34> <FuncUnit> <Opcode : 'icmp'> <InPorts = 2> <OutPorts = 1>
ST_3 : Operation 37 [1/1] (0.00ns)   --->   "br i1 %tmp_i, label %.preheader.i.preheader, label %k2c_bias_add.2.exit" [vlsiModel.c:283->vlsiModel.c:144]   --->   Operation 37 'br' <Predicate = true> <Delay = 0.00>
ST_3 : Operation 38 [1/1] (1.35ns)   --->   "br label %.preheader.i" [vlsiModel.c:284->vlsiModel.c:144]   --->   Operation 38 'br' <Predicate = (tmp_i)> <Delay = 1.35>
ST_3 : Operation 39 [2/2] (1.35ns)   --->   "call fastcc void @k2c_softmax_func.2([10 x float]* %output_array, i64 %dense_3_output_numel_1)" [vlsiModel.c:148]   --->   Operation 39 'call' <Predicate = (!tmp_i)> <Delay = 1.35> <CoreType = "Generic">   --->   Core 0 '' <Latency = 0> <II = 1> <Delay = 1.00> <Generic> <Opcode : >

State 4 <SV = 3> <Delay = 2.99>
ST_4 : Operation 40 [1/1] (0.00ns)   --->   "%j_i = phi i64 [ %j, %3 ], [ 0, %.preheader.i.preheader ]"   --->   Operation 40 'phi' 'j_i' <Predicate = true> <Delay = 0.00>
ST_4 : Operation 41 [1/1] (0.00ns)   --->   "%tmp_91 = trunc i64 %j_i to i5" [vlsiModel.c:284->vlsiModel.c:144]   --->   Operation 41 'trunc' 'tmp_91' <Predicate = true> <Delay = 0.00>
ST_4 : Operation 42 [1/1] (2.34ns)   --->   "%exitcond_i = icmp eq i64 %j_i, %bias_numel_read_3" [vlsiModel.c:284->vlsiModel.c:144]   --->   Operation 42 'icmp' 'exitcond_i' <Predicate = true> <Delay = 2.34> <Core = "Cmp">   --->   Core 25 'Cmp' <Latency = 0> <II = 1> <Delay = 2.34> <FuncUnit> <Opcode : 'icmp'> <InPorts = 2> <OutPorts = 1>
ST_4 : Operation 43 [1/1] (2.99ns)   --->   "%j = add i64 1, %j_i" [vlsiModel.c:284->vlsiModel.c:144]   --->   Operation 43 'add' 'j' <Predicate = true> <Delay = 2.99> <Core = "AddSub">   --->   Core 14 'AddSub' <Latency = 0> <II = 1> <Delay = 2.99> <FuncUnit> <Opcode : 'add' 'sub'> <InPorts = 2> <OutPorts = 1>
ST_4 : Operation 44 [1/1] (0.00ns)   --->   "br i1 %exitcond_i, label %4, label %3" [vlsiModel.c:284->vlsiModel.c:144]   --->   Operation 44 'br' <Predicate = true> <Delay = 0.00>
ST_4 : Operation 45 [1/1] (0.00ns)   --->   "%dense_3_bias_array_a = getelementptr [10 x float]* @dense_3_bias_array, i64 0, i64 %j_i" [vlsiModel.c:285->vlsiModel.c:144]   --->   Operation 45 'getelementptr' 'dense_3_bias_array_a' <Predicate = (!exitcond_i)> <Delay = 0.00>
ST_4 : Operation 46 [2/2] (2.77ns)   --->   "%dense_3_bias_array_l = load float* %dense_3_bias_array_a, align 4" [vlsiModel.c:285->vlsiModel.c:144]   --->   Operation 46 'load' 'dense_3_bias_array_l' <Predicate = (!exitcond_i)> <Delay = 2.77> <Core = "ROM_nP">   --->   Core 48 'ROM_nP' <Latency = 1> <II = 1> <Delay = 2.77> <Storage> <Opcode : 'load'> <Ports = 0> <Width = 32> <Depth = 10> <ROM>
ST_4 : Operation 47 [1/1] (0.00ns)   --->   "%tmp_92 = trunc i64 %i_i to i5" [vlsiModel.c:283->vlsiModel.c:144]   --->   Operation 47 'trunc' 'tmp_92' <Predicate = (!exitcond_i)> <Delay = 0.00>
ST_4 : Operation 48 [1/1] (1.54ns)   --->   "%sum_i = add i5 %tmp_92, %tmp_91" [vlsiModel.c:283->vlsiModel.c:144]   --->   Operation 48 'add' 'sum_i' <Predicate = (!exitcond_i)> <Delay = 1.54> <Core = "AddSub">   --->   Core 14 'AddSub' <Latency = 0> <II = 1> <Delay = 2.99> <FuncUnit> <Opcode : 'add' 'sub'> <InPorts = 2> <OutPorts = 1>
ST_4 : Operation 49 [1/1] (0.00ns)   --->   "%sum_i_cast = zext i5 %sum_i to i64" [vlsiModel.c:283->vlsiModel.c:144]   --->   Operation 49 'zext' 'sum_i_cast' <Predicate = (!exitcond_i)> <Delay = 0.00>
ST_4 : Operation 50 [1/1] (0.00ns)   --->   "%output_array_addr = getelementptr [10 x float]* %output_array, i64 0, i64 %sum_i_cast" [vlsiModel.c:285->vlsiModel.c:144]   --->   Operation 50 'getelementptr' 'output_array_addr' <Predicate = (!exitcond_i)> <Delay = 0.00>
ST_4 : Operation 51 [1/1] (2.99ns)   --->   "%i = add i64 %i_i, %bias_numel_read_3" [vlsiModel.c:283->vlsiModel.c:144]   --->   Operation 51 'add' 'i' <Predicate = (exitcond_i)> <Delay = 2.99> <Core = "AddSub">   --->   Core 14 'AddSub' <Latency = 0> <II = 1> <Delay = 2.99> <FuncUnit> <Opcode : 'add' 'sub'> <InPorts = 2> <OutPorts = 1>
ST_4 : Operation 52 [1/1] (0.00ns)   --->   "br label %2" [vlsiModel.c:283->vlsiModel.c:144]   --->   Operation 52 'br' <Predicate = (exitcond_i)> <Delay = 0.00>

State 5 <SV = 4> <Delay = 2.77>
ST_5 : Operation 53 [1/2] (2.77ns)   --->   "%dense_3_bias_array_l = load float* %dense_3_bias_array_a, align 4" [vlsiModel.c:285->vlsiModel.c:144]   --->   Operation 53 'load' 'dense_3_bias_array_l' <Predicate = true> <Delay = 2.77> <Core = "ROM_nP">   --->   Core 48 'ROM_nP' <Latency = 1> <II = 1> <Delay = 2.77> <Storage> <Opcode : 'load'> <Ports = 0> <Width = 32> <Depth = 10> <ROM>
ST_5 : Operation 54 [2/2] (1.75ns)   --->   "%output_array_load = load float* %output_array_addr, align 4" [vlsiModel.c:285->vlsiModel.c:144]   --->   Operation 54 'load' 'output_array_load' <Predicate = true> <Delay = 1.75> <Core = "RAM">   --->   Core 37 'RAM' <Latency = 1> <II = 1> <Delay = 2.77> <Storage> <Opcode : 'load' 'store'> <Ports = 2> <Width = 32> <Depth = 250> <RAM>

State 6 <SV = 5> <Delay = 8.26>
ST_6 : Operation 55 [1/2] (1.75ns)   --->   "%output_array_load = load float* %output_array_addr, align 4" [vlsiModel.c:285->vlsiModel.c:144]   --->   Operation 55 'load' 'output_array_load' <Predicate = true> <Delay = 1.75> <Core = "RAM">   --->   Core 37 'RAM' <Latency = 1> <II = 1> <Delay = 2.77> <Storage> <Opcode : 'load' 'store'> <Ports = 2> <Width = 32> <Depth = 250> <RAM>
ST_6 : Operation 56 [5/5] (6.51ns)   --->   "%tmp_i_15 = fadd float %output_array_load, %dense_3_bias_array_l" [vlsiModel.c:285->vlsiModel.c:144]   --->   Operation 56 'fadd' 'tmp_i_15' <Predicate = true> <Delay = 6.51> <Core = "FAddSub">   --->   Core 99 'FAddSub' <Latency = 4> <II = 1> <Delay = 6.51> <FuncUnit> <Opcode : 'fadd' 'fsub'> <InPorts = 2> <OutPorts = 1>

State 7 <SV = 6> <Delay = 6.51>
ST_7 : Operation 57 [4/5] (6.51ns)   --->   "%tmp_i_15 = fadd float %output_array_load, %dense_3_bias_array_l" [vlsiModel.c:285->vlsiModel.c:144]   --->   Operation 57 'fadd' 'tmp_i_15' <Predicate = true> <Delay = 6.51> <Core = "FAddSub">   --->   Core 99 'FAddSub' <Latency = 4> <II = 1> <Delay = 6.51> <FuncUnit> <Opcode : 'fadd' 'fsub'> <InPorts = 2> <OutPorts = 1>

State 8 <SV = 7> <Delay = 6.51>
ST_8 : Operation 58 [3/5] (6.51ns)   --->   "%tmp_i_15 = fadd float %output_array_load, %dense_3_bias_array_l" [vlsiModel.c:285->vlsiModel.c:144]   --->   Operation 58 'fadd' 'tmp_i_15' <Predicate = true> <Delay = 6.51> <Core = "FAddSub">   --->   Core 99 'FAddSub' <Latency = 4> <II = 1> <Delay = 6.51> <FuncUnit> <Opcode : 'fadd' 'fsub'> <InPorts = 2> <OutPorts = 1>

State 9 <SV = 8> <Delay = 6.51>
ST_9 : Operation 59 [2/5] (6.51ns)   --->   "%tmp_i_15 = fadd float %output_array_load, %dense_3_bias_array_l" [vlsiModel.c:285->vlsiModel.c:144]   --->   Operation 59 'fadd' 'tmp_i_15' <Predicate = true> <Delay = 6.51> <Core = "FAddSub">   --->   Core 99 'FAddSub' <Latency = 4> <II = 1> <Delay = 6.51> <FuncUnit> <Opcode : 'fadd' 'fsub'> <InPorts = 2> <OutPorts = 1>

State 10 <SV = 9> <Delay = 8.26>
ST_10 : Operation 60 [1/5] (6.51ns)   --->   "%tmp_i_15 = fadd float %output_array_load, %dense_3_bias_array_l" [vlsiModel.c:285->vlsiModel.c:144]   --->   Operation 60 'fadd' 'tmp_i_15' <Predicate = true> <Delay = 6.51> <Core = "FAddSub">   --->   Core 99 'FAddSub' <Latency = 4> <II = 1> <Delay = 6.51> <FuncUnit> <Opcode : 'fadd' 'fsub'> <InPorts = 2> <OutPorts = 1>
ST_10 : Operation 61 [1/1] (1.75ns)   --->   "store float %tmp_i_15, float* %output_array_addr, align 4" [vlsiModel.c:285->vlsiModel.c:144]   --->   Operation 61 'store' <Predicate = true> <Delay = 1.75> <Core = "RAM">   --->   Core 37 'RAM' <Latency = 1> <II = 1> <Delay = 2.77> <Storage> <Opcode : 'load' 'store'> <Ports = 2> <Width = 32> <Depth = 250> <RAM>
ST_10 : Operation 62 [1/1] (0.00ns)   --->   "br label %.preheader.i" [vlsiModel.c:284->vlsiModel.c:144]   --->   Operation 62 'br' <Predicate = true> <Delay = 0.00>

State 11 <SV = 3> <Delay = 0.00>
ST_11 : Operation 63 [1/2] (0.00ns)   --->   "call fastcc void @k2c_softmax_func.2([10 x float]* %output_array, i64 %dense_3_output_numel_1)" [vlsiModel.c:148]   --->   Operation 63 'call' <Predicate = true> <Delay = 0.00> <CoreType = "Generic">   --->   Core 0 '' <Latency = 0> <II = 1> <Delay = 1.00> <Generic> <Opcode : >
ST_11 : Operation 64 [1/1] (0.00ns)   --->   "br label %5"   --->   Operation 64 'br' <Predicate = true> <Delay = 0.00>

State 12 <SV = 1> <Delay = 2.58>
ST_12 : Operation 65 [1/2] (1.75ns)   --->   "%outrows = load i64* %input_shape_addr, align 8" [vlsiModel.c:122]   --->   Operation 65 'load' 'outrows' <Predicate = true> <Delay = 1.75> <Core = "RAM">   --->   Core 37 'RAM' <Latency = 1> <II = 1> <Delay = 2.77> <Storage> <Opcode : 'load' 'store'> <Ports = 2> <Width = 32> <Depth = 250> <RAM>
ST_12 : Operation 66 [1/1] (0.83ns)   --->   "%outrows1 = select i1 %icmp, i64 %outrows, i64 1" [vlsiModel.c:121]   --->   Operation 66 'select' 'outrows1' <Predicate = true> <Delay = 0.83> <Core = "Sel">   --->   Core 26 'Sel' <Latency = 0> <II = 1> <Delay = 0.83> <FuncUnit> <Opcode : 'select'> <InPorts = 3> <OutPorts = 1>
ST_12 : Operation 67 [1/2] (1.75ns)   --->   "%outcols = load i64* %kernel_shape_addr, align 8" [vlsiModel.c:127]   --->   Operation 67 'load' 'outcols' <Predicate = true> <Delay = 1.75> <Core = "RAM">   --->   Core 37 'RAM' <Latency = 1> <II = 1> <Delay = 2.77> <Storage> <Opcode : 'load' 'store'> <Ports = 2> <Width = 32> <Depth = 250> <RAM>
ST_12 : Operation 68 [1/1] (0.00ns)   --->   "%kernel_shape_addr_1 = getelementptr [5 x i64]* %kernel_shape, i64 0, i64 0" [vlsiModel.c:128]   --->   Operation 68 'getelementptr' 'kernel_shape_addr_1' <Predicate = true> <Delay = 0.00>
ST_12 : Operation 69 [2/2] (1.75ns)   --->   "%innerdim = load i64* %kernel_shape_addr_1, align 8" [vlsiModel.c:128]   --->   Operation 69 'load' 'innerdim' <Predicate = true> <Delay = 1.75> <Core = "RAM">   --->   Core 37 'RAM' <Latency = 1> <II = 1> <Delay = 2.77> <Storage> <Opcode : 'load' 'store'> <Ports = 2> <Width = 32> <Depth = 250> <RAM>

State 13 <SV = 2> <Delay = 8.60>
ST_13 : Operation 70 [1/2] (1.75ns)   --->   "%innerdim = load i64* %kernel_shape_addr_1, align 8" [vlsiModel.c:128]   --->   Operation 70 'load' 'innerdim' <Predicate = true> <Delay = 1.75> <Core = "RAM">   --->   Core 37 'RAM' <Latency = 1> <II = 1> <Delay = 2.77> <Storage> <Opcode : 'load' 'store'> <Ports = 2> <Width = 32> <Depth = 250> <RAM>
ST_13 : Operation 71 [2/2] (8.60ns)   --->   "%outsize = mul i64 %outcols, %outrows1" [vlsiModel.c:129]   --->   Operation 71 'mul' 'outsize' <Predicate = true> <Delay = 8.60> <Core = "MulnS">   --->   Core 17 'MulnS' <Latency = 1> <II = 1> <Delay = 8.60> <FuncUnit> <Opcode : 'mul'> <InPorts = 2> <OutPorts = 1>
ST_13 : Operation 72 [2/2] (0.00ns)   --->   "call fastcc void @k2c_affine_matmul.2([10 x float]* %output_array, [25 x float]* @dense_2_output_array, [250 x float]* @dense_3_kernel_array, [10 x float]* @dense_3_bias_array, i64 %outrows1, i64 %outcols, i64 %innerdim)" [vlsiModel.c:130]   --->   Operation 72 'call' <Predicate = true> <Delay = 0.00> <CoreType = "Generic">   --->   Core 0 '' <Latency = 0> <II = 1> <Delay = 1.00> <Generic> <Opcode : >

State 14 <SV = 3> <Delay = 8.60>
ST_14 : Operation 73 [1/2] (8.60ns)   --->   "%outsize = mul i64 %outcols, %outrows1" [vlsiModel.c:129]   --->   Operation 73 'mul' 'outsize' <Predicate = true> <Delay = 8.60> <Core = "MulnS">   --->   Core 17 'MulnS' <Latency = 1> <II = 1> <Delay = 8.60> <FuncUnit> <Opcode : 'mul'> <InPorts = 2> <OutPorts = 1>
ST_14 : Operation 74 [1/2] (0.00ns)   --->   "call fastcc void @k2c_affine_matmul.2([10 x float]* %output_array, [25 x float]* @dense_2_output_array, [250 x float]* @dense_3_kernel_array, [10 x float]* @dense_3_bias_array, i64 %outrows1, i64 %outcols, i64 %innerdim)" [vlsiModel.c:130]   --->   Operation 74 'call' <Predicate = true> <Delay = 0.00> <CoreType = "Generic">   --->   Core 0 '' <Latency = 0> <II = 1> <Delay = 1.00> <Generic> <Opcode : >

State 15 <SV = 4> <Delay = 1.35>
ST_15 : Operation 75 [2/2] (1.35ns)   --->   "call fastcc void @k2c_softmax_func.2([10 x float]* %output_array, i64 %outsize)" [vlsiModel.c:135]   --->   Operation 75 'call' <Predicate = true> <Delay = 1.35> <CoreType = "Generic">   --->   Core 0 '' <Latency = 0> <II = 1> <Delay = 1.00> <Generic> <Opcode : >

State 16 <SV = 5> <Delay = 0.00>
ST_16 : Operation 76 [1/2] (0.00ns)   --->   "call fastcc void @k2c_softmax_func.2([10 x float]* %output_array, i64 %outsize)" [vlsiModel.c:135]   --->   Operation 76 'call' <Predicate = (tmp)> <Delay = 0.00> <CoreType = "Generic">   --->   Core 0 '' <Latency = 0> <II = 1> <Delay = 1.00> <Generic> <Opcode : >
ST_16 : Operation 77 [1/1] (0.00ns)   --->   "br label %5" [vlsiModel.c:136]   --->   Operation 77 'br' <Predicate = (tmp)> <Delay = 0.00>
ST_16 : Operation 78 [1/1] (0.00ns)   --->   "ret void" [vlsiModel.c:150]   --->   Operation 78 'ret' <Predicate = true> <Delay = 0.00>


============================================================
+ Verbose Summary: Binding
============================================================
STG Binding: 
---------------- STG Properties BEGIN ----------------
- Is combinational: 0
- Is one-state seq: 0
- Is datapath-only: 0
- Is pipelined: 0
- Is top level: 0
Port [ Return ] is wired: 1; IO mode=ap_ctrl_hs:ce=0
Port [ input_ndim_read]:  wired=1; compound=0; hidden=0; nouse=0; global=0; static=0; extern=0; dir=0; type=0; pingpong=0; private_global=0; IO mode=ap_none:ce=0
Port [ input_numel_read]:  wired=1; compound=0; hidden=0; nouse=0; global=0; static=0; extern=0; dir=0; type=0; pingpong=0; private_global=0; IO mode=ap_none:ce=0
Port [ input_shape]:  wired=1; compound=1; hidden=0; nouse=0; global=0; static=0; extern=0; dir=0; type=1; pingpong=0; private_global=0; MemPort=[13]; IO mode=ap_memory:ce=0
Port [ kernel_ndim_read]:  wired=1; compound=0; hidden=0; nouse=0; global=0; static=0; extern=0; dir=0; type=0; pingpong=0; private_global=0; IO mode=ap_none:ce=0
Port [ kernel_numel_read]:  wired=1; compound=0; hidden=0; nouse=0; global=0; static=0; extern=0; dir=0; type=0; pingpong=0; private_global=0; IO mode=ap_none:ce=0
Port [ kernel_shape]:  wired=1; compound=1; hidden=0; nouse=0; global=0; static=0; extern=0; dir=0; type=1; pingpong=0; private_global=0; MemPort=[13]; IO mode=ap_memory:ce=0
Port [ bias_numel_read]:  wired=1; compound=0; hidden=0; nouse=0; global=0; static=0; extern=0; dir=0; type=0; pingpong=0; private_global=0; IO mode=ap_none:ce=0
Port [ output_array]:  wired=1; compound=1; hidden=0; nouse=0; global=0; static=0; extern=0; dir=2; type=1; pingpong=0; private_global=0; MemPort=[23]; IO mode=ap_memory:ce=0
Port [ dense_2_output_array]:  wired=1; compound=1; hidden=0; nouse=0; global=1; static=0; extern=0; dir=0; type=1; pingpong=0; private_global=0; linkage=0; visibility=0; MemPort=[13]; IO mode=ap_memory:ce=0
Port [ dense_3_kernel_array]:  wired=0; compound=1; hidden=1; nouse=0; global=1; static=0; extern=0; dir=0; type=1; pingpong=0; private_global=1; linkage=0; visibility=0; MemPort=[13]; IO mode=ap_memory:ce=0
Port [ dense_3_bias_array]:  wired=0; compound=1; hidden=1; nouse=0; global=1; static=0; extern=0; dir=0; type=1; pingpong=0; private_global=1; linkage=0; visibility=0; MemPort=[13]; IO mode=ap_memory:ce=0
Port [ dense_3_fwork]:  wired=0; compound=1; hidden=1; nouse=1; global=1; static=0; extern=0; dir=2; type=1; pingpong=0; private_global=0; linkage=0; visibility=0; MemPort=[21]; IO mode=ap_memory:ce=0
Port [ dense_3_output_numel_r]:  wired=0; compound=0; hidden=1; nouse=0; global=1; static=0; extern=0; dir=0; type=0; pingpong=0; private_global=1; linkage=15; visibility=0; IO mode=ap_none:ce=0
---------------- STG Properties END ------------------

---------------- Datapath Model BEGIN ----------------

<LifeTime>
<method=bitvector/>
bias_numel_read_3      (read         ) [ 00111111111000000]
kernel_numel_read_3    (read         ) [ 00100000000000000]
kernel_ndim_read_3     (read         ) [ 00100000000000000]
input_numel_read_3     (read         ) [ 00100000000000000]
input_ndim_read_3      (read         ) [ 00100000000000000]
tmp                    (icmp         ) [ 01111111111111111]
StgValue_23            (br           ) [ 00000000000000000]
tmp_7                  (add          ) [ 00100000000000000]
tmp_90                 (partselect   ) [ 00000000000000000]
icmp                   (icmp         ) [ 00000000000010000]
input_shape_addr       (getelementptr) [ 00000000000010000]
kernel_shape_addr      (getelementptr) [ 00000000000010000]
StgValue_32            (call         ) [ 00000000000000000]
dense_3_output_numel_1 (load         ) [ 00011111111100000]
StgValue_34            (br           ) [ 00111111111000000]
i_i                    (phi          ) [ 00011111111000000]
tmp_i                  (icmp         ) [ 00011111111000000]
StgValue_37            (br           ) [ 00000000000000000]
StgValue_38            (br           ) [ 00011111111000000]
j_i                    (phi          ) [ 00001000000000000]
tmp_91                 (trunc        ) [ 00000000000000000]
exitcond_i             (icmp         ) [ 00011111111000000]
j                      (add          ) [ 00011111111000000]
StgValue_44            (br           ) [ 00000000000000000]
dense_3_bias_array_a   (getelementptr) [ 00000100000000000]
tmp_92                 (trunc        ) [ 00000000000000000]
sum_i                  (add          ) [ 00000000000000000]
sum_i_cast             (zext         ) [ 00000000000000000]
output_array_addr      (getelementptr) [ 00000111111000000]
i                      (add          ) [ 00111111111000000]
StgValue_52            (br           ) [ 00111111111000000]
dense_3_bias_array_l   (load         ) [ 00000011111000000]
output_array_load      (load         ) [ 00000001111000000]
tmp_i_15               (fadd         ) [ 00000000000000000]
StgValue_61            (store        ) [ 00000000000000000]
StgValue_62            (br           ) [ 00011111111000000]
StgValue_63            (call         ) [ 00000000000000000]
StgValue_64            (br           ) [ 00000000000000000]
outrows                (load         ) [ 00000000000000000]
outrows1               (select       ) [ 00000000000001100]
outcols                (load         ) [ 00000000000001100]
kernel_shape_addr_1    (getelementptr) [ 00000000000001000]
innerdim               (load         ) [ 00000000000000100]
outsize                (mul          ) [ 00000000000000011]
StgValue_74            (call         ) [ 00000000000000000]
StgValue_76            (call         ) [ 00000000000000000]
StgValue_77            (br           ) [ 00000000000000000]
StgValue_78            (ret          ) [ 00000000000000000]
</LifeTime>

<model>

<comp_list>
<comp id="0" class="1000" name="input_ndim_read">
<pin_list>
<pin id="1" dir="1" index="0" bw="1" slack="0"/>
</pin_list>
<bind>
<StgValue><ssdm name="input_ndim_read"/></StgValue>
</bind>
</comp>

<comp id="2" class="1000" name="input_numel_read">
<pin_list>
<pin id="3" dir="1" index="0" bw="1" slack="0"/>
</pin_list>
<bind>
<StgValue><ssdm name="input_numel_read"/></StgValue>
</bind>
</comp>

<comp id="4" class="1000" name="input_shape">
<pin_list>
<pin id="5" dir="1" index="0" bw="1" slack="0"/>
</pin_list>
<bind>
<StgValue><ssdm name="input_shape"/><MemPortTyVec>1 3 </MemPortTyVec>
</StgValue>
</bind>
</comp>

<comp id="6" class="1000" name="kernel_ndim_read">
<pin_list>
<pin id="7" dir="1" index="0" bw="1" slack="0"/>
</pin_list>
<bind>
<StgValue><ssdm name="kernel_ndim_read"/></StgValue>
</bind>
</comp>

<comp id="8" class="1000" name="kernel_numel_read">
<pin_list>
<pin id="9" dir="1" index="0" bw="1" slack="0"/>
</pin_list>
<bind>
<StgValue><ssdm name="kernel_numel_read"/></StgValue>
</bind>
</comp>

<comp id="10" class="1000" name="kernel_shape">
<pin_list>
<pin id="11" dir="1" index="0" bw="1" slack="0"/>
</pin_list>
<bind>
<StgValue><ssdm name="kernel_shape"/><MemPortTyVec>1 3 </MemPortTyVec>
</StgValue>
</bind>
</comp>

<comp id="12" class="1000" name="bias_numel_read">
<pin_list>
<pin id="13" dir="1" index="0" bw="1" slack="0"/>
</pin_list>
<bind>
<StgValue><ssdm name="bias_numel_read"/></StgValue>
</bind>
</comp>

<comp id="14" class="1000" name="output_array">
<pin_list>
<pin id="15" dir="1" index="0" bw="1" slack="0"/>
</pin_list>
<bind>
<StgValue><ssdm name="output_array"/><MemPortTyVec>2 3 </MemPortTyVec>
</StgValue>
</bind>
</comp>

<comp id="16" class="1000" name="dense_2_output_array">
<pin_list>
<pin id="17" dir="1" index="0" bw="1" slack="0"/>
</pin_list>
<bind>
<StgValue><ssdm name="dense_2_output_array"/><MemPortTyVec>1 3 </MemPortTyVec>
</StgValue>
</bind>
</comp>

<comp id="18" class="1000" name="dense_3_kernel_array">
<pin_list>
<pin id="19" dir="1" index="0" bw="1" slack="0"/>
</pin_list>
<bind>
<StgValue><ssdm name="dense_3_kernel_array"/><MemPortTyVec>1 3 </MemPortTyVec>
</StgValue>
</bind>
</comp>

<comp id="20" class="1000" name="dense_3_bias_array">
<pin_list>
<pin id="21" dir="1" index="0" bw="1" slack="0"/>
</pin_list>
<bind>
<StgValue><ssdm name="dense_3_bias_array"/><MemPortTyVec>1 3 </MemPortTyVec>
</StgValue>
</bind>
</comp>

<comp id="22" class="1000" name="dense_3_fwork">
<pin_list>
<pin id="23" dir="1" index="0" bw="1" slack="0"/>
</pin_list>
<bind>
<StgValue><ssdm name="dense_3_fwork"/><MemPortTyVec>2 1 </MemPortTyVec>
</StgValue>
</bind>
</comp>

<comp id="24" class="1000" name="dense_3_output_numel_r">
<pin_list>
<pin id="25" dir="1" index="0" bw="1" slack="0"/>
</pin_list>
<bind>
<StgValue><ssdm name="dense_3_output_numel_r"/></StgValue>
</bind>
</comp>

<comp id="26" class="1001" name="const_26">
<pin_list>
<pin id="27" dir="1" index="0" bw="1" slack="0"/>
</pin_list>
<bind>
<StgValue><ssdm name="_ssdm_op_Read.ap_auto.i64"/></StgValue>
</bind>
</comp>

<comp id="28" class="1001" name="const_28">
<pin_list>
<pin id="29" dir="1" index="0" bw="1" slack="0"/>
</pin_list>
<bind>
<StgValue><ssdm name=""/></StgValue>
</bind>
</comp>

<comp id="30" class="1001" name="const_30">
<pin_list>
<pin id="31" dir="1" index="0" bw="1" slack="0"/>
</pin_list>
<bind>
<StgValue><ssdm name=""/></StgValue>
</bind>
</comp>

<comp id="32" class="1001" name="const_32">
<pin_list>
<pin id="33" dir="1" index="0" bw="1" slack="0"/>
</pin_list>
<bind>
<StgValue><ssdm name="k2c_dot.2"/></StgValue>
</bind>
</comp>

<comp id="34" class="1001" name="const_34">
<pin_list>
<pin id="35" dir="1" index="0" bw="1" slack="0"/>
</pin_list>
<bind>
<StgValue><ssdm name="_ssdm_op_PartSelect.i63.i64.i32.i32"/></StgValue>
</bind>
</comp>

<comp id="36" class="1001" name="const_36">
<pin_list>
<pin id="37" dir="1" index="0" bw="1" slack="0"/>
</pin_list>
<bind>
<StgValue><ssdm name=""/></StgValue>
</bind>
</comp>

<comp id="38" class="1001" name="const_38">
<pin_list>
<pin id="39" dir="1" index="0" bw="1" slack="0"/>
</pin_list>
<bind>
<StgValue><ssdm name=""/></StgValue>
</bind>
</comp>

<comp id="40" class="1001" name="const_40">
<pin_list>
<pin id="41" dir="1" index="0" bw="1" slack="0"/>
</pin_list>
<bind>
<StgValue><ssdm name=""/></StgValue>
</bind>
</comp>

<comp id="42" class="1001" name="const_42">
<pin_list>
<pin id="43" dir="1" index="0" bw="1" slack="0"/>
</pin_list>
<bind>
<StgValue><ssdm name=""/></StgValue>
</bind>
</comp>

<comp id="44" class="1001" name="const_44">
<pin_list>
<pin id="45" dir="1" index="0" bw="1" slack="0"/>
</pin_list>
<bind>
<StgValue><ssdm name=""/></StgValue>
</bind>
</comp>

<comp id="46" class="1001" name="const_46">
<pin_list>
<pin id="47" dir="1" index="0" bw="1" slack="0"/>
</pin_list>
<bind>
<StgValue><ssdm name="k2c_softmax_func.2"/></StgValue>
</bind>
</comp>

<comp id="48" class="1001" name="const_48">
<pin_list>
<pin id="49" dir="1" index="0" bw="1" slack="0"/>
</pin_list>
<bind>
<StgValue><ssdm name="k2c_affine_matmul.2"/></StgValue>
</bind>
</comp>

<comp id="50" class="1004" name="bias_numel_read_3_read_fu_50">
<pin_list>
<pin id="51" dir="0" index="0" bw="64" slack="0"/>
<pin id="52" dir="0" index="1" bw="64" slack="0"/>
<pin id="53" dir="1" index="2" bw="64" slack="3"/>
</pin_list>
<bind>
<opcode="read(1150) " fcode="read"/>
<opset="bias_numel_read_3/1 "/>
</bind>
</comp>

<comp id="56" class="1004" name="kernel_numel_read_3_read_fu_56">
<pin_list>
<pin id="57" dir="0" index="0" bw="64" slack="0"/>
<pin id="58" dir="0" index="1" bw="64" slack="0"/>
<pin id="59" dir="1" index="2" bw="64" slack="0"/>
</pin_list>
<bind>
<opcode="read(1150) " fcode="read"/>
<opset="kernel_numel_read_3/1 "/>
</bind>
</comp>

<comp id="62" class="1004" name="kernel_ndim_read_3_read_fu_62">
<pin_list>
<pin id="63" dir="0" index="0" bw="64" slack="0"/>
<pin id="64" dir="0" index="1" bw="64" slack="0"/>
<pin id="65" dir="1" index="2" bw="64" slack="0"/>
</pin_list>
<bind>
<opcode="read(1150) " fcode="read"/>
<opset="kernel_ndim_read_3/1 "/>
</bind>
</comp>

<comp id="68" class="1004" name="input_numel_read_3_read_fu_68">
<pin_list>
<pin id="69" dir="0" index="0" bw="64" slack="0"/>
<pin id="70" dir="0" index="1" bw="64" slack="0"/>
<pin id="71" dir="1" index="2" bw="64" slack="0"/>
</pin_list>
<bind>
<opcode="read(1150) " fcode="read"/>
<opset="input_numel_read_3/1 "/>
</bind>
</comp>

<comp id="74" class="1004" name="input_ndim_read_3_read_fu_74">
<pin_list>
<pin id="75" dir="0" index="0" bw="64" slack="0"/>
<pin id="76" dir="0" index="1" bw="64" slack="0"/>
<pin id="77" dir="1" index="2" bw="64" slack="0"/>
</pin_list>
<bind>
<opcode="read(1150) " fcode="read"/>
<opset="input_ndim_read_3/1 "/>
</bind>
</comp>

<comp id="80" class="1004" name="input_shape_addr_gep_fu_80">
<pin_list>
<pin id="81" dir="0" index="0" bw="64" slack="0"/>
<pin id="82" dir="0" index="1" bw="1" slack="0"/>
<pin id="83" dir="0" index="2" bw="1" slack="0"/>
<pin id="84" dir="1" index="3" bw="3" slack="0"/>
</pin_list>
<bind>
<opcode="getelementptr(29) " fcode="getelementptr"/>
<opset="input_shape_addr/1 "/>
</bind>
</comp>

<comp id="88" class="1004" name="grp_access_fu_88">
<pin_list>
<pin id="89" dir="0" index="0" bw="3" slack="0"/>
<pin id="90" dir="0" index="1" bw="64" slack="2147483647"/>
<pin id="91" dir="0" index="2" bw="0" slack="2147483647"/>
<pin id="92" dir="1" index="3" bw="64" slack="0"/>
</pin_list>
<bind>
<opcode="load(27) " fcode="load"/>
<opset="outrows/1 "/>
</bind>
</comp>

<comp id="94" class="1004" name="kernel_shape_addr_gep_fu_94">
<pin_list>
<pin id="95" dir="0" index="0" bw="64" slack="0"/>
<pin id="96" dir="0" index="1" bw="1" slack="0"/>
<pin id="97" dir="0" index="2" bw="1" slack="0"/>
<pin id="98" dir="1" index="3" bw="3" slack="0"/>
</pin_list>
<bind>
<opcode="getelementptr(29) " fcode="getelementptr"/>
<opset="kernel_shape_addr/1 "/>
</bind>
</comp>

<comp id="102" class="1004" name="grp_access_fu_102">
<pin_list>
<pin id="103" dir="0" index="0" bw="3" slack="0"/>
<pin id="104" dir="0" index="1" bw="64" slack="2147483647"/>
<pin id="105" dir="0" index="2" bw="0" slack="2147483647"/>
<pin id="106" dir="1" index="3" bw="64" slack="0"/>
</pin_list>
<bind>
<opcode="load(27) " fcode="load"/>
<opset="outcols/1 innerdim/12 "/>
</bind>
</comp>

<comp id="108" class="1004" name="dense_3_bias_array_a_gep_fu_108">
<pin_list>
<pin id="109" dir="0" index="0" bw="32" slack="0"/>
<pin id="110" dir="0" index="1" bw="1" slack="0"/>
<pin id="111" dir="0" index="2" bw="64" slack="0"/>
<pin id="112" dir="1" index="3" bw="4" slack="0"/>
</pin_list>
<bind>
<opcode="getelementptr(29) " fcode="getelementptr"/>
<opset="dense_3_bias_array_a/4 "/>
</bind>
</comp>

<comp id="115" class="1004" name="grp_access_fu_115">
<pin_list>
<pin id="116" dir="0" index="0" bw="4" slack="0"/>
<pin id="117" dir="0" index="1" bw="32" slack="2147483647"/>
<pin id="118" dir="0" index="2" bw="0" slack="2147483647"/>
<pin id="119" dir="1" index="3" bw="32" slack="1"/>
</pin_list>
<bind>
<opcode="load(27) " fcode="load"/>
<opset="dense_3_bias_array_l/4 "/>
</bind>
</comp>

<comp id="121" class="1004" name="output_array_addr_gep_fu_121">
<pin_list>
<pin id="122" dir="0" index="0" bw="32" slack="0"/>
<pin id="123" dir="0" index="1" bw="1" slack="0"/>
<pin id="124" dir="0" index="2" bw="5" slack="0"/>
<pin id="125" dir="1" index="3" bw="4" slack="1"/>
</pin_list>
<bind>
<opcode="getelementptr(29) " fcode="getelementptr"/>
<opset="output_array_addr/4 "/>
</bind>
</comp>

<comp id="128" class="1004" name="grp_access_fu_128">
<pin_list>
<pin id="129" dir="0" index="0" bw="4" slack="1"/>
<pin id="130" dir="0" index="1" bw="32" slack="0"/>
<pin id="131" dir="0" index="2" bw="0" slack="2147483647"/>
<pin id="132" dir="1" index="3" bw="32" slack="0"/>
</pin_list>
<bind>
<opcode="load(27) store(28) " fcode="store"/>
<opset="output_array_load/5 StgValue_61/10 "/>
</bind>
</comp>

<comp id="133" class="1004" name="kernel_shape_addr_1_gep_fu_133">
<pin_list>
<pin id="134" dir="0" index="0" bw="64" slack="0"/>
<pin id="135" dir="0" index="1" bw="1" slack="0"/>
<pin id="136" dir="0" index="2" bw="1" slack="0"/>
<pin id="137" dir="1" index="3" bw="3" slack="0"/>
</pin_list>
<bind>
<opcode="getelementptr(29) " fcode="getelementptr"/>
<opset="kernel_shape_addr_1/12 "/>
</bind>
</comp>

<comp id="142" class="1005" name="i_i_reg_142">
<pin_list>
<pin id="143" dir="0" index="0" bw="64" slack="1"/>
<pin id="144" dir="1" index="1" bw="64" slack="1"/>
</pin_list>
<bind>
<opset="i_i (phireg) "/>
</bind>
</comp>

<comp id="146" class="1004" name="i_i_phi_fu_146">
<pin_list>
<pin id="147" dir="0" index="0" bw="1" slack="1"/>
<pin id="148" dir="0" index="1" bw="0" slack="2147483647"/>
<pin id="149" dir="0" index="2" bw="64" slack="1"/>
<pin id="150" dir="0" index="3" bw="0" slack="2147483647"/>
<pin id="151" dir="1" index="4" bw="64" slack="0"/>
</pin_list>
<bind>
<opcode="phi(47) " fcode="phi"/>
<opset="i_i/3 "/>
</bind>
</comp>

<comp id="154" class="1005" name="j_i_reg_154">
<pin_list>
<pin id="155" dir="0" index="0" bw="64" slack="1"/>
<pin id="156" dir="1" index="1" bw="64" slack="1"/>
</pin_list>
<bind>
<opset="j_i (phireg) "/>
</bind>
</comp>

<comp id="158" class="1004" name="j_i_phi_fu_158">
<pin_list>
<pin id="159" dir="0" index="0" bw="64" slack="0"/>
<pin id="160" dir="0" index="1" bw="0" slack="2147483647"/>
<pin id="161" dir="0" index="2" bw="1" slack="1"/>
<pin id="162" dir="0" index="3" bw="0" slack="2147483647"/>
<pin id="163" dir="1" index="4" bw="64" slack="0"/>
</pin_list>
<bind>
<opcode="phi(47) " fcode="phi"/>
<opset="j_i/4 "/>
</bind>
</comp>

<comp id="166" class="1004" name="grp_k2c_dot_2_fu_166">
<pin_list>
<pin id="167" dir="0" index="0" bw="0" slack="0"/>
<pin id="168" dir="0" index="1" bw="64" slack="0"/>
<pin id="169" dir="0" index="2" bw="64" slack="0"/>
<pin id="170" dir="0" index="3" bw="64" slack="0"/>
<pin id="171" dir="0" index="4" bw="64" slack="0"/>
<pin id="172" dir="0" index="5" bw="64" slack="0"/>
<pin id="173" dir="0" index="6" bw="64" slack="0"/>
<pin id="174" dir="0" index="7" bw="64" slack="0"/>
<pin id="175" dir="0" index="8" bw="32" slack="0"/>
<pin id="176" dir="0" index="9" bw="32" slack="0"/>
<pin id="177" dir="0" index="10" bw="32" slack="0"/>
<pin id="178" dir="0" index="11" bw="32" slack="0"/>
<pin id="179" dir="1" index="12" bw="0" slack="2147483647"/>
</pin_list>
<bind>
<opcode="call(48) " fcode="call"/>
<opset="StgValue_25/1 "/>
</bind>
</comp>

<comp id="191" class="1004" name="grp_k2c_softmax_func_2_fu_191">
<pin_list>
<pin id="192" dir="0" index="0" bw="0" slack="0"/>
<pin id="193" dir="0" index="1" bw="32" slack="0"/>
<pin id="194" dir="0" index="2" bw="64" slack="1"/>
<pin id="195" dir="1" index="3" bw="0" slack="2147483647"/>
</pin_list>
<bind>
<opcode="call(48) " fcode="call"/>
<opset="StgValue_39/3 StgValue_75/15 "/>
</bind>
</comp>

<comp id="198" class="1004" name="grp_k2c_affine_matmul_2_fu_198">
<pin_list>
<pin id="199" dir="0" index="0" bw="0" slack="0"/>
<pin id="200" dir="0" index="1" bw="32" slack="0"/>
<pin id="201" dir="0" index="2" bw="32" slack="0"/>
<pin id="202" dir="0" index="3" bw="32" slack="0"/>
<pin id="203" dir="0" index="4" bw="32" slack="0"/>
<pin id="204" dir="0" index="5" bw="64" slack="1"/>
<pin id="205" dir="0" index="6" bw="64" slack="1"/>
<pin id="206" dir="0" index="7" bw="64" slack="0"/>
<pin id="207" dir="1" index="8" bw="0" slack="2147483647"/>
</pin_list>
<bind>
<opcode="call(48) " fcode="call"/>
<opset="StgValue_72/13 "/>
</bind>
</comp>

<comp id="214" class="1004" name="grp_fu_214">
<pin_list>
<pin id="215" dir="0" index="0" bw="32" slack="0"/>
<pin id="216" dir="0" index="1" bw="32" slack="1"/>
<pin id="217" dir="1" index="2" bw="32" slack="0"/>
</pin_list>
<bind>
<opcode="fadd(9) " fcode="fadd"/>
<opset="tmp_i_15/6 "/>
</bind>
</comp>

<comp id="220" class="1004" name="tmp_fu_220">
<pin_list>
<pin id="221" dir="0" index="0" bw="64" slack="0"/>
<pin id="222" dir="0" index="1" bw="64" slack="0"/>
<pin id="223" dir="1" index="2" bw="1" slack="5"/>
</pin_list>
<bind>
<opcode="icmp(45) " fcode="icmp"/>
<opset="tmp/1 "/>
</bind>
</comp>

<comp id="226" class="1004" name="tmp_7_fu_226">
<pin_list>
<pin id="227" dir="0" index="0" bw="64" slack="0"/>
<pin id="228" dir="0" index="1" bw="1" slack="0"/>
<pin id="229" dir="1" index="2" bw="64" slack="0"/>
</pin_list>
<bind>
<opcode="add(8) " fcode="add"/>
<opset="tmp_7/1 "/>
</bind>
</comp>

<comp id="233" class="1004" name="tmp_90_fu_233">
<pin_list>
<pin id="234" dir="0" index="0" bw="63" slack="0"/>
<pin id="235" dir="0" index="1" bw="64" slack="0"/>
<pin id="236" dir="0" index="2" bw="1" slack="0"/>
<pin id="237" dir="0" index="3" bw="7" slack="0"/>
<pin id="238" dir="1" index="4" bw="63" slack="0"/>
</pin_list>
<bind>
<opcode="partselect(1002) " fcode="partselect"/>
<opset="tmp_90/1 "/>
</bind>
</comp>

<comp id="243" class="1004" name="icmp_fu_243">
<pin_list>
<pin id="244" dir="0" index="0" bw="63" slack="0"/>
<pin id="245" dir="0" index="1" bw="63" slack="0"/>
<pin id="246" dir="1" index="2" bw="1" slack="1"/>
</pin_list>
<bind>
<opcode="icmp(45) " fcode="icmp"/>
<opset="icmp/1 "/>
</bind>
</comp>

<comp id="249" class="1004" name="dense_3_output_numel_1_load_fu_249">
<pin_list>
<pin id="250" dir="0" index="0" bw="64" slack="0"/>
<pin id="251" dir="1" index="1" bw="64" slack="1"/>
</pin_list>
<bind>
<opcode="load(27) " fcode="load"/>
<opset="dense_3_output_numel_1/2 "/>
</bind>
</comp>

<comp id="253" class="1004" name="tmp_i_fu_253">
<pin_list>
<pin id="254" dir="0" index="0" bw="64" slack="0"/>
<pin id="255" dir="0" index="1" bw="64" slack="1"/>
<pin id="256" dir="1" index="2" bw="1" slack="2147483647"/>
</pin_list>
<bind>
<opcode="icmp(45) " fcode="icmp"/>
<opset="tmp_i/3 "/>
</bind>
</comp>

<comp id="258" class="1004" name="tmp_91_fu_258">
<pin_list>
<pin id="259" dir="0" index="0" bw="64" slack="0"/>
<pin id="260" dir="1" index="1" bw="5" slack="0"/>
</pin_list>
<bind>
<opcode="trunc(33) " fcode="trunc"/>
<opset="tmp_91/4 "/>
</bind>
</comp>

<comp id="262" class="1004" name="exitcond_i_fu_262">
<pin_list>
<pin id="263" dir="0" index="0" bw="64" slack="0"/>
<pin id="264" dir="0" index="1" bw="64" slack="3"/>
<pin id="265" dir="1" index="2" bw="1" slack="2147483647"/>
</pin_list>
<bind>
<opcode="icmp(45) " fcode="icmp"/>
<opset="exitcond_i/4 "/>
</bind>
</comp>

<comp id="267" class="1004" name="j_fu_267">
<pin_list>
<pin id="268" dir="0" index="0" bw="1" slack="0"/>
<pin id="269" dir="0" index="1" bw="64" slack="0"/>
<pin id="270" dir="1" index="2" bw="64" slack="0"/>
</pin_list>
<bind>
<opcode="add(8) " fcode="add"/>
<opset="j/4 "/>
</bind>
</comp>

<comp id="273" class="1004" name="tmp_92_fu_273">
<pin_list>
<pin id="274" dir="0" index="0" bw="64" slack="1"/>
<pin id="275" dir="1" index="1" bw="5" slack="0"/>
</pin_list>
<bind>
<opcode="trunc(33) " fcode="trunc"/>
<opset="tmp_92/4 "/>
</bind>
</comp>

<comp id="277" class="1004" name="sum_i_fu_277">
<pin_list>
<pin id="278" dir="0" index="0" bw="5" slack="0"/>
<pin id="279" dir="0" index="1" bw="5" slack="0"/>
<pin id="280" dir="1" index="2" bw="5" slack="0"/>
</pin_list>
<bind>
<opcode="add(8) " fcode="add"/>
<opset="sum_i/4 "/>
</bind>
</comp>

<comp id="283" class="1004" name="sum_i_cast_fu_283">
<pin_list>
<pin id="284" dir="0" index="0" bw="5" slack="0"/>
<pin id="285" dir="1" index="1" bw="64" slack="0"/>
</pin_list>
<bind>
<opcode="zext(34) " fcode="zext"/>
<opset="sum_i_cast/4 "/>
</bind>
</comp>

<comp id="288" class="1004" name="i_fu_288">
<pin_list>
<pin id="289" dir="0" index="0" bw="64" slack="1"/>
<pin id="290" dir="0" index="1" bw="64" slack="3"/>
<pin id="291" dir="1" index="2" bw="64" slack="1"/>
</pin_list>
<bind>
<opcode="add(8) " fcode="add"/>
<opset="i/4 "/>
</bind>
</comp>

<comp id="293" class="1004" name="outrows1_fu_293">
<pin_list>
<pin id="294" dir="0" index="0" bw="1" slack="1"/>
<pin id="295" dir="0" index="1" bw="64" slack="0"/>
<pin id="296" dir="0" index="2" bw="64" slack="0"/>
<pin id="297" dir="1" index="3" bw="64" slack="1"/>
</pin_list>
<bind>
<opcode="select(49) " fcode="select"/>
<opset="outrows1/12 "/>
</bind>
</comp>

<comp id="300" class="1004" name="grp_fu_300">
<pin_list>
<pin id="301" dir="0" index="0" bw="64" slack="1"/>
<pin id="302" dir="0" index="1" bw="64" slack="1"/>
<pin id="303" dir="1" index="2" bw="64" slack="1"/>
</pin_list>
<bind>
<opcode="mul(12) " fcode="mul"/>
<opset="outsize/13 "/>
</bind>
</comp>

<comp id="304" class="1005" name="bias_numel_read_3_reg_304">
<pin_list>
<pin id="305" dir="0" index="0" bw="64" slack="3"/>
<pin id="306" dir="1" index="1" bw="64" slack="3"/>
</pin_list>
<bind>
<opset="bias_numel_read_3 "/>
</bind>
</comp>

<comp id="310" class="1005" name="kernel_numel_read_3_reg_310">
<pin_list>
<pin id="311" dir="0" index="0" bw="64" slack="1"/>
<pin id="312" dir="1" index="1" bw="64" slack="1"/>
</pin_list>
<bind>
<opset="kernel_numel_read_3 "/>
</bind>
</comp>

<comp id="315" class="1005" name="kernel_ndim_read_3_reg_315">
<pin_list>
<pin id="316" dir="0" index="0" bw="64" slack="1"/>
<pin id="317" dir="1" index="1" bw="64" slack="1"/>
</pin_list>
<bind>
<opset="kernel_ndim_read_3 "/>
</bind>
</comp>

<comp id="320" class="1005" name="input_numel_read_3_reg_320">
<pin_list>
<pin id="321" dir="0" index="0" bw="64" slack="1"/>
<pin id="322" dir="1" index="1" bw="64" slack="1"/>
</pin_list>
<bind>
<opset="input_numel_read_3 "/>
</bind>
</comp>

<comp id="325" class="1005" name="input_ndim_read_3_reg_325">
<pin_list>
<pin id="326" dir="0" index="0" bw="64" slack="1"/>
<pin id="327" dir="1" index="1" bw="64" slack="1"/>
</pin_list>
<bind>
<opset="input_ndim_read_3 "/>
</bind>
</comp>

<comp id="330" class="1005" name="tmp_reg_330">
<pin_list>
<pin id="331" dir="0" index="0" bw="1" slack="5"/>
<pin id="332" dir="1" index="1" bw="1" slack="2147483647"/>
</pin_list>
<bind>
<opset="tmp "/>
</bind>
</comp>

<comp id="334" class="1005" name="tmp_7_reg_334">
<pin_list>
<pin id="335" dir="0" index="0" bw="64" slack="1"/>
<pin id="336" dir="1" index="1" bw="64" slack="1"/>
</pin_list>
<bind>
<opset="tmp_7 "/>
</bind>
</comp>

<comp id="339" class="1005" name="icmp_reg_339">
<pin_list>
<pin id="340" dir="0" index="0" bw="1" slack="1"/>
<pin id="341" dir="1" index="1" bw="1" slack="1"/>
</pin_list>
<bind>
<opset="icmp "/>
</bind>
</comp>

<comp id="344" class="1005" name="input_shape_addr_reg_344">
<pin_list>
<pin id="345" dir="0" index="0" bw="3" slack="1"/>
<pin id="346" dir="1" index="1" bw="3" slack="1"/>
</pin_list>
<bind>
<opset="input_shape_addr "/>
</bind>
</comp>

<comp id="349" class="1005" name="kernel_shape_addr_reg_349">
<pin_list>
<pin id="350" dir="0" index="0" bw="3" slack="1"/>
<pin id="351" dir="1" index="1" bw="3" slack="1"/>
</pin_list>
<bind>
<opset="kernel_shape_addr "/>
</bind>
</comp>

<comp id="354" class="1005" name="dense_3_output_numel_1_reg_354">
<pin_list>
<pin id="355" dir="0" index="0" bw="64" slack="1"/>
<pin id="356" dir="1" index="1" bw="64" slack="1"/>
</pin_list>
<bind>
<opset="dense_3_output_numel_1 "/>
</bind>
</comp>

<comp id="366" class="1005" name="j_reg_366">
<pin_list>
<pin id="367" dir="0" index="0" bw="64" slack="0"/>
<pin id="368" dir="1" index="1" bw="64" slack="0"/>
</pin_list>
<bind>
<opset="j "/>
</bind>
</comp>

<comp id="371" class="1005" name="dense_3_bias_array_a_reg_371">
<pin_list>
<pin id="372" dir="0" index="0" bw="4" slack="1"/>
<pin id="373" dir="1" index="1" bw="4" slack="1"/>
</pin_list>
<bind>
<opset="dense_3_bias_array_a "/>
</bind>
</comp>

<comp id="376" class="1005" name="output_array_addr_reg_376">
<pin_list>
<pin id="377" dir="0" index="0" bw="4" slack="1"/>
<pin id="378" dir="1" index="1" bw="4" slack="1"/>
</pin_list>
<bind>
<opset="output_array_addr "/>
</bind>
</comp>

<comp id="381" class="1005" name="i_reg_381">
<pin_list>
<pin id="382" dir="0" index="0" bw="64" slack="1"/>
<pin id="383" dir="1" index="1" bw="64" slack="1"/>
</pin_list>
<bind>
<opset="i "/>
</bind>
</comp>

<comp id="386" class="1005" name="dense_3_bias_array_l_reg_386">
<pin_list>
<pin id="387" dir="0" index="0" bw="32" slack="1"/>
<pin id="388" dir="1" index="1" bw="32" slack="1"/>
</pin_list>
<bind>
<opset="dense_3_bias_array_l "/>
</bind>
</comp>

<comp id="391" class="1005" name="output_array_load_reg_391">
<pin_list>
<pin id="392" dir="0" index="0" bw="32" slack="1"/>
<pin id="393" dir="1" index="1" bw="32" slack="1"/>
</pin_list>
<bind>
<opset="output_array_load "/>
</bind>
</comp>

<comp id="396" class="1005" name="outrows1_reg_396">
<pin_list>
<pin id="397" dir="0" index="0" bw="64" slack="1"/>
<pin id="398" dir="1" index="1" bw="64" slack="1"/>
</pin_list>
<bind>
<opset="outrows1 "/>
</bind>
</comp>

<comp id="402" class="1005" name="outcols_reg_402">
<pin_list>
<pin id="403" dir="0" index="0" bw="64" slack="1"/>
<pin id="404" dir="1" index="1" bw="64" slack="1"/>
</pin_list>
<bind>
<opset="outcols "/>
</bind>
</comp>

<comp id="408" class="1005" name="kernel_shape_addr_1_reg_408">
<pin_list>
<pin id="409" dir="0" index="0" bw="3" slack="1"/>
<pin id="410" dir="1" index="1" bw="3" slack="1"/>
</pin_list>
<bind>
<opset="kernel_shape_addr_1 "/>
</bind>
</comp>

<comp id="413" class="1005" name="innerdim_reg_413">
<pin_list>
<pin id="414" dir="0" index="0" bw="64" slack="1"/>
<pin id="415" dir="1" index="1" bw="64" slack="1"/>
</pin_list>
<bind>
<opset="innerdim "/>
</bind>
</comp>

<comp id="418" class="1005" name="outsize_reg_418">
<pin_list>
<pin id="419" dir="0" index="0" bw="64" slack="1"/>
<pin id="420" dir="1" index="1" bw="64" slack="1"/>
</pin_list>
<bind>
<opset="outsize "/>
</bind>
</comp>

</comp_list>

<net_list>
<net id="54"><net_src comp="26" pin="0"/><net_sink comp="50" pin=0"/></net>

<net id="55"><net_src comp="12" pin="0"/><net_sink comp="50" pin=1"/></net>

<net id="60"><net_src comp="26" pin="0"/><net_sink comp="56" pin=0"/></net>

<net id="61"><net_src comp="8" pin="0"/><net_sink comp="56" pin=1"/></net>

<net id="66"><net_src comp="26" pin="0"/><net_sink comp="62" pin=0"/></net>

<net id="67"><net_src comp="6" pin="0"/><net_sink comp="62" pin=1"/></net>

<net id="72"><net_src comp="26" pin="0"/><net_sink comp="68" pin=0"/></net>

<net id="73"><net_src comp="2" pin="0"/><net_sink comp="68" pin=1"/></net>

<net id="78"><net_src comp="26" pin="0"/><net_sink comp="74" pin=0"/></net>

<net id="79"><net_src comp="0" pin="0"/><net_sink comp="74" pin=1"/></net>

<net id="85"><net_src comp="4" pin="0"/><net_sink comp="80" pin=0"/></net>

<net id="86"><net_src comp="42" pin="0"/><net_sink comp="80" pin=1"/></net>

<net id="87"><net_src comp="42" pin="0"/><net_sink comp="80" pin=2"/></net>

<net id="93"><net_src comp="80" pin="3"/><net_sink comp="88" pin=0"/></net>

<net id="99"><net_src comp="10" pin="0"/><net_sink comp="94" pin=0"/></net>

<net id="100"><net_src comp="42" pin="0"/><net_sink comp="94" pin=1"/></net>

<net id="101"><net_src comp="44" pin="0"/><net_sink comp="94" pin=2"/></net>

<net id="107"><net_src comp="94" pin="3"/><net_sink comp="102" pin=0"/></net>

<net id="113"><net_src comp="20" pin="0"/><net_sink comp="108" pin=0"/></net>

<net id="114"><net_src comp="42" pin="0"/><net_sink comp="108" pin=1"/></net>

<net id="120"><net_src comp="108" pin="3"/><net_sink comp="115" pin=0"/></net>

<net id="126"><net_src comp="14" pin="0"/><net_sink comp="121" pin=0"/></net>

<net id="127"><net_src comp="42" pin="0"/><net_sink comp="121" pin=1"/></net>

<net id="138"><net_src comp="10" pin="0"/><net_sink comp="133" pin=0"/></net>

<net id="139"><net_src comp="42" pin="0"/><net_sink comp="133" pin=1"/></net>

<net id="140"><net_src comp="42" pin="0"/><net_sink comp="133" pin=2"/></net>

<net id="141"><net_src comp="133" pin="3"/><net_sink comp="102" pin=0"/></net>

<net id="145"><net_src comp="42" pin="0"/><net_sink comp="142" pin=0"/></net>

<net id="152"><net_src comp="142" pin="1"/><net_sink comp="146" pin=0"/></net>

<net id="153"><net_src comp="146" pin="4"/><net_sink comp="142" pin=0"/></net>

<net id="157"><net_src comp="42" pin="0"/><net_sink comp="154" pin=0"/></net>

<net id="164"><net_src comp="154" pin="1"/><net_sink comp="158" pin=2"/></net>

<net id="165"><net_src comp="158" pin="4"/><net_sink comp="108" pin=2"/></net>

<net id="180"><net_src comp="32" pin="0"/><net_sink comp="166" pin=0"/></net>

<net id="181"><net_src comp="74" pin="2"/><net_sink comp="166" pin=1"/></net>

<net id="182"><net_src comp="68" pin="2"/><net_sink comp="166" pin=2"/></net>

<net id="183"><net_src comp="4" pin="0"/><net_sink comp="166" pin=3"/></net>

<net id="184"><net_src comp="62" pin="2"/><net_sink comp="166" pin=4"/></net>

<net id="185"><net_src comp="56" pin="2"/><net_sink comp="166" pin=5"/></net>

<net id="186"><net_src comp="10" pin="0"/><net_sink comp="166" pin=6"/></net>

<net id="187"><net_src comp="14" pin="0"/><net_sink comp="166" pin=8"/></net>

<net id="188"><net_src comp="16" pin="0"/><net_sink comp="166" pin=9"/></net>

<net id="189"><net_src comp="22" pin="0"/><net_sink comp="166" pin=10"/></net>

<net id="190"><net_src comp="18" pin="0"/><net_sink comp="166" pin=11"/></net>

<net id="196"><net_src comp="46" pin="0"/><net_sink comp="191" pin=0"/></net>

<net id="197"><net_src comp="14" pin="0"/><net_sink comp="191" pin=1"/></net>

<net id="208"><net_src comp="48" pin="0"/><net_sink comp="198" pin=0"/></net>

<net id="209"><net_src comp="14" pin="0"/><net_sink comp="198" pin=1"/></net>

<net id="210"><net_src comp="16" pin="0"/><net_sink comp="198" pin=2"/></net>

<net id="211"><net_src comp="18" pin="0"/><net_sink comp="198" pin=3"/></net>

<net id="212"><net_src comp="20" pin="0"/><net_sink comp="198" pin=4"/></net>

<net id="213"><net_src comp="102" pin="3"/><net_sink comp="198" pin=7"/></net>

<net id="218"><net_src comp="214" pin="2"/><net_sink comp="128" pin=1"/></net>

<net id="219"><net_src comp="128" pin="3"/><net_sink comp="214" pin=0"/></net>

<net id="224"><net_src comp="74" pin="2"/><net_sink comp="220" pin=0"/></net>

<net id="225"><net_src comp="28" pin="0"/><net_sink comp="220" pin=1"/></net>

<net id="230"><net_src comp="74" pin="2"/><net_sink comp="226" pin=0"/></net>

<net id="231"><net_src comp="30" pin="0"/><net_sink comp="226" pin=1"/></net>

<net id="232"><net_src comp="226" pin="2"/><net_sink comp="166" pin=7"/></net>

<net id="239"><net_src comp="34" pin="0"/><net_sink comp="233" pin=0"/></net>

<net id="240"><net_src comp="74" pin="2"/><net_sink comp="233" pin=1"/></net>

<net id="241"><net_src comp="36" pin="0"/><net_sink comp="233" pin=2"/></net>

<net id="242"><net_src comp="38" pin="0"/><net_sink comp="233" pin=3"/></net>

<net id="247"><net_src comp="233" pin="4"/><net_sink comp="243" pin=0"/></net>

<net id="248"><net_src comp="40" pin="0"/><net_sink comp="243" pin=1"/></net>

<net id="252"><net_src comp="24" pin="0"/><net_sink comp="249" pin=0"/></net>

<net id="257"><net_src comp="146" pin="4"/><net_sink comp="253" pin=0"/></net>

<net id="261"><net_src comp="158" pin="4"/><net_sink comp="258" pin=0"/></net>

<net id="266"><net_src comp="158" pin="4"/><net_sink comp="262" pin=0"/></net>

<net id="271"><net_src comp="44" pin="0"/><net_sink comp="267" pin=0"/></net>

<net id="272"><net_src comp="158" pin="4"/><net_sink comp="267" pin=1"/></net>

<net id="276"><net_src comp="142" pin="1"/><net_sink comp="273" pin=0"/></net>

<net id="281"><net_src comp="273" pin="1"/><net_sink comp="277" pin=0"/></net>

<net id="282"><net_src comp="258" pin="1"/><net_sink comp="277" pin=1"/></net>

<net id="286"><net_src comp="277" pin="2"/><net_sink comp="283" pin=0"/></net>

<net id="287"><net_src comp="283" pin="1"/><net_sink comp="121" pin=2"/></net>

<net id="292"><net_src comp="142" pin="1"/><net_sink comp="288" pin=0"/></net>

<net id="298"><net_src comp="88" pin="3"/><net_sink comp="293" pin=1"/></net>

<net id="299"><net_src comp="44" pin="0"/><net_sink comp="293" pin=2"/></net>

<net id="307"><net_src comp="50" pin="2"/><net_sink comp="304" pin=0"/></net>

<net id="308"><net_src comp="304" pin="1"/><net_sink comp="262" pin=1"/></net>

<net id="309"><net_src comp="304" pin="1"/><net_sink comp="288" pin=1"/></net>

<net id="313"><net_src comp="56" pin="2"/><net_sink comp="310" pin=0"/></net>

<net id="314"><net_src comp="310" pin="1"/><net_sink comp="166" pin=5"/></net>

<net id="318"><net_src comp="62" pin="2"/><net_sink comp="315" pin=0"/></net>

<net id="319"><net_src comp="315" pin="1"/><net_sink comp="166" pin=4"/></net>

<net id="323"><net_src comp="68" pin="2"/><net_sink comp="320" pin=0"/></net>

<net id="324"><net_src comp="320" pin="1"/><net_sink comp="166" pin=2"/></net>

<net id="328"><net_src comp="74" pin="2"/><net_sink comp="325" pin=0"/></net>

<net id="329"><net_src comp="325" pin="1"/><net_sink comp="166" pin=1"/></net>

<net id="333"><net_src comp="220" pin="2"/><net_sink comp="330" pin=0"/></net>

<net id="337"><net_src comp="226" pin="2"/><net_sink comp="334" pin=0"/></net>

<net id="338"><net_src comp="334" pin="1"/><net_sink comp="166" pin=7"/></net>

<net id="342"><net_src comp="243" pin="2"/><net_sink comp="339" pin=0"/></net>

<net id="343"><net_src comp="339" pin="1"/><net_sink comp="293" pin=0"/></net>

<net id="347"><net_src comp="80" pin="3"/><net_sink comp="344" pin=0"/></net>

<net id="348"><net_src comp="344" pin="1"/><net_sink comp="88" pin=0"/></net>

<net id="352"><net_src comp="94" pin="3"/><net_sink comp="349" pin=0"/></net>

<net id="353"><net_src comp="349" pin="1"/><net_sink comp="102" pin=0"/></net>

<net id="357"><net_src comp="249" pin="1"/><net_sink comp="354" pin=0"/></net>

<net id="358"><net_src comp="354" pin="1"/><net_sink comp="253" pin=1"/></net>

<net id="359"><net_src comp="354" pin="1"/><net_sink comp="191" pin=2"/></net>

<net id="369"><net_src comp="267" pin="2"/><net_sink comp="366" pin=0"/></net>

<net id="370"><net_src comp="366" pin="1"/><net_sink comp="158" pin=0"/></net>

<net id="374"><net_src comp="108" pin="3"/><net_sink comp="371" pin=0"/></net>

<net id="375"><net_src comp="371" pin="1"/><net_sink comp="115" pin=0"/></net>

<net id="379"><net_src comp="121" pin="3"/><net_sink comp="376" pin=0"/></net>

<net id="380"><net_src comp="376" pin="1"/><net_sink comp="128" pin=0"/></net>

<net id="384"><net_src comp="288" pin="2"/><net_sink comp="381" pin=0"/></net>

<net id="385"><net_src comp="381" pin="1"/><net_sink comp="146" pin=2"/></net>

<net id="389"><net_src comp="115" pin="3"/><net_sink comp="386" pin=0"/></net>

<net id="390"><net_src comp="386" pin="1"/><net_sink comp="214" pin=1"/></net>

<net id="394"><net_src comp="128" pin="3"/><net_sink comp="391" pin=0"/></net>

<net id="395"><net_src comp="391" pin="1"/><net_sink comp="214" pin=0"/></net>

<net id="399"><net_src comp="293" pin="3"/><net_sink comp="396" pin=0"/></net>

<net id="400"><net_src comp="396" pin="1"/><net_sink comp="300" pin=1"/></net>

<net id="401"><net_src comp="396" pin="1"/><net_sink comp="198" pin=5"/></net>

<net id="405"><net_src comp="102" pin="3"/><net_sink comp="402" pin=0"/></net>

<net id="406"><net_src comp="402" pin="1"/><net_sink comp="300" pin=0"/></net>

<net id="407"><net_src comp="402" pin="1"/><net_sink comp="198" pin=6"/></net>

<net id="411"><net_src comp="133" pin="3"/><net_sink comp="408" pin=0"/></net>

<net id="412"><net_src comp="408" pin="1"/><net_sink comp="102" pin=0"/></net>

<net id="416"><net_src comp="102" pin="3"/><net_sink comp="413" pin=0"/></net>

<net id="417"><net_src comp="413" pin="1"/><net_sink comp="198" pin=7"/></net>

<net id="421"><net_src comp="300" pin="2"/><net_sink comp="418" pin=0"/></net>

<net id="422"><net_src comp="418" pin="1"/><net_sink comp="191" pin=2"/></net>

</net_list>

</model> 
---------------- Datapath Model END ------------------

* FSMD analyzer results:
  - Output states:
	Port: input_shape | {}
	Port: kernel_shape | {}
	Port: output_array | {1 2 3 10 11 13 14 15 16 }
	Port: dense_2_output_array | {}
	Port: dense_3_kernel_array | {}
	Port: dense_3_bias_array | {}
	Port: dense_3_fwork | {1 2 }
	Port: dense_3_output_numel_r | {}
 - Input state : 
	Port: k2c_dense.1 : input_ndim_read | {1 }
	Port: k2c_dense.1 : input_numel_read | {1 }
	Port: k2c_dense.1 : input_shape | {1 2 12 }
	Port: k2c_dense.1 : kernel_ndim_read | {1 }
	Port: k2c_dense.1 : kernel_numel_read | {1 }
	Port: k2c_dense.1 : kernel_shape | {1 2 12 13 }
	Port: k2c_dense.1 : bias_numel_read | {1 }
	Port: k2c_dense.1 : output_array | {1 2 3 5 6 11 13 14 15 16 }
	Port: k2c_dense.1 : dense_2_output_array | {1 2 13 14 }
	Port: k2c_dense.1 : dense_3_kernel_array | {1 2 13 14 }
	Port: k2c_dense.1 : dense_3_bias_array | {4 5 13 14 }
	Port: k2c_dense.1 : dense_3_fwork | {1 2 }
	Port: k2c_dense.1 : dense_3_output_numel_r | {2 }
  - Chain level:
	State 1
		StgValue_23 : 1
		StgValue_25 : 1
		icmp : 1
		outrows : 1
		outcols : 1
	State 2
	State 3
		tmp_i : 1
		StgValue_37 : 2
	State 4
		tmp_91 : 1
		exitcond_i : 1
		j : 1
		StgValue_44 : 2
		dense_3_bias_array_a : 1
		dense_3_bias_array_l : 2
		sum_i : 2
		sum_i_cast : 3
		output_array_addr : 4
	State 5
	State 6
		tmp_i_15 : 1
	State 7
	State 8
	State 9
	State 10
		StgValue_61 : 1
	State 11
	State 12
		outrows1 : 1
		innerdim : 1
	State 13
		StgValue_72 : 1
	State 14
	State 15
	State 16


============================================================
+ Verbose Summary: Datapath Resource usage 
============================================================

* Functional unit list:
|----------|--------------------------------|---------|---------|---------|---------|---------|
| Operation|         Functional Unit        |   BRAM  |  DSP48E |  Delay  |    FF   |   LUT   |
|----------|--------------------------------|---------|---------|---------|---------|---------|
|          |      grp_k2c_dot_2_fu_166      |    0    |    39   | 45.4385 |  10873  |   5732  |
|   call   |  grp_k2c_softmax_func_2_fu_191 |    0    |    12   |  7.4473 |   1779  |   2520  |
|          | grp_k2c_affine_matmul_2_fu_198 |    0    |    22   | 14.9517 |   1563  |   1046  |
|----------|--------------------------------|---------|---------|---------|---------|---------|
|    mul   |           grp_fu_300           |    0    |    16   |    0    |   361   |   195   |
|----------|--------------------------------|---------|---------|---------|---------|---------|
|   fadd   |           grp_fu_214           |    0    |    2    |    0    |   205   |   203   |
|----------|--------------------------------|---------|---------|---------|---------|---------|
|          |          tmp_7_fu_226          |    0    |    0    |    0    |    0    |    71   |
|    add   |            j_fu_267            |    0    |    0    |    0    |    0    |    71   |
|          |          sum_i_fu_277          |    0    |    0    |    0    |    0    |    15   |
|          |            i_fu_288            |    0    |    0    |    0    |    0    |    71   |
|----------|--------------------------------|---------|---------|---------|---------|---------|
|          |           tmp_fu_220           |    0    |    0    |    0    |    0    |    29   |
|   icmp   |           icmp_fu_243          |    0    |    0    |    0    |    0    |    29   |
|          |          tmp_i_fu_253          |    0    |    0    |    0    |    0    |    29   |
|          |        exitcond_i_fu_262       |    0    |    0    |    0    |    0    |    29   |
|----------|--------------------------------|---------|---------|---------|---------|---------|
|  select  |         outrows1_fu_293        |    0    |    0    |    0    |    0    |    64   |
|----------|--------------------------------|---------|---------|---------|---------|---------|
|          |  bias_numel_read_3_read_fu_50  |    0    |    0    |    0    |    0    |    0    |
|          | kernel_numel_read_3_read_fu_56 |    0    |    0    |    0    |    0    |    0    |
|   read   |  kernel_ndim_read_3_read_fu_62 |    0    |    0    |    0    |    0    |    0    |
|          |  input_numel_read_3_read_fu_68 |    0    |    0    |    0    |    0    |    0    |
|          |  input_ndim_read_3_read_fu_74  |    0    |    0    |    0    |    0    |    0    |
|----------|--------------------------------|---------|---------|---------|---------|---------|
|partselect|          tmp_90_fu_233         |    0    |    0    |    0    |    0    |    0    |
|----------|--------------------------------|---------|---------|---------|---------|---------|
|   trunc  |          tmp_91_fu_258         |    0    |    0    |    0    |    0    |    0    |
|          |          tmp_92_fu_273         |    0    |    0    |    0    |    0    |    0    |
|----------|--------------------------------|---------|---------|---------|---------|---------|
|   zext   |        sum_i_cast_fu_283       |    0    |    0    |    0    |    0    |    0    |
|----------|--------------------------------|---------|---------|---------|---------|---------|
|   Total  |                                |    0    |    91   | 67.8376 |  14781  |  10104  |
|----------|--------------------------------|---------|---------|---------|---------|---------|

Memories:
N/A

* Register list:
+------------------------------+--------+
|                              |   FF   |
+------------------------------+--------+
|   bias_numel_read_3_reg_304  |   64   |
| dense_3_bias_array_a_reg_371 |    4   |
| dense_3_bias_array_l_reg_386 |   32   |
|dense_3_output_numel_1_reg_354|   64   |
|          i_i_reg_142         |   64   |
|           i_reg_381          |   64   |
|         icmp_reg_339         |    1   |
|       innerdim_reg_413       |   64   |
|   input_ndim_read_3_reg_325  |   64   |
|  input_numel_read_3_reg_320  |   64   |
|   input_shape_addr_reg_344   |    3   |
|          j_i_reg_154         |   64   |
|           j_reg_366          |   64   |
|  kernel_ndim_read_3_reg_315  |   64   |
|  kernel_numel_read_3_reg_310 |   64   |
|  kernel_shape_addr_1_reg_408 |    3   |
|   kernel_shape_addr_reg_349  |    3   |
|        outcols_reg_402       |   64   |
|   output_array_addr_reg_376  |    4   |
|   output_array_load_reg_391  |   32   |
|       outrows1_reg_396       |   64   |
|        outsize_reg_418       |   64   |
|         tmp_7_reg_334        |   64   |
|          tmp_reg_330         |    1   |
+------------------------------+--------+
|             Total            |  1043  |
+------------------------------+--------+

* Multiplexer (MUX) list: 
|--------------------------------|------|------|------|--------||---------||---------|
|              Comp              |  Pin | Size |  BW  | S x BW ||  Delay  ||   LUT   |
|--------------------------------|------|------|------|--------||---------||---------|
|        grp_access_fu_88        |  p0  |   2  |   3  |    6   ||    9    |
|        grp_access_fu_102       |  p0  |   4  |   3  |   12   ||    21   |
|        grp_access_fu_115       |  p0  |   2  |   4  |    8   ||    9    |
|           i_i_reg_142          |  p0  |   2  |  64  |   128  ||    9    |
|      grp_k2c_dot_2_fu_166      |  p1  |   2  |  64  |   128  ||    9    |
|      grp_k2c_dot_2_fu_166      |  p2  |   2  |  64  |   128  ||    9    |
|      grp_k2c_dot_2_fu_166      |  p4  |   2  |  64  |   128  ||    9    |
|      grp_k2c_dot_2_fu_166      |  p5  |   2  |  64  |   128  ||    9    |
|      grp_k2c_dot_2_fu_166      |  p7  |   2  |  64  |   128  ||    9    |
|  grp_k2c_softmax_func_2_fu_191 |  p2  |   2  |  64  |   128  ||    9    |
| grp_k2c_affine_matmul_2_fu_198 |  p7  |   2  |  64  |   128  ||    9    |
|           grp_fu_214           |  p0  |   2  |  32  |   64   ||    9    |
|--------------------------------|------|------|------|--------||---------||---------|
|              Total             |      |      |      |  1114  || 16.4035 ||   120   |
|--------------------------------|------|------|------|--------||---------||---------|



* Summary:
+-----------+--------+--------+--------+--------+--------+
|           |  BRAM  | DSP48E |  Delay |   FF   |   LUT  |
+-----------+--------+--------+--------+--------+--------+
|  Function |    0   |   91   |   67   |  14781 |  10104 |
|   Memory  |    -   |    -   |    -   |    -   |    -   |
|Multiplexer|    -   |    -   |   16   |    -   |   120  |
|  Register |    -   |    -   |    -   |  1043  |    -   |
+-----------+--------+--------+--------+--------+--------+
|   Total   |    0   |   91   |   84   |  15824 |  10224 |
+-----------+--------+--------+--------+--------+--------+
