

================================================================
== Vivado HLS Report for 'k2c_dense_2'
================================================================
* Date:           Thu Apr 18 00:48:35 2024

* Version:        2018.2 (Build 2258646 on Thu Jun 14 20:25:20 MDT 2018)
* Project:        vlsiModel
* Solution:       solution1
* Product family: artix7
* Target device:  xc7a200tfbg676-2


================================================================
== Performance Estimates
================================================================
+ Timing (ns): 
    * Summary: 
    +--------+-------+----------+------------+
    |  Clock | Target| Estimated| Uncertainty|
    +--------+-------+----------+------------+
    |ap_clk  |  10.00|     9.122|        1.25|
    +--------+-------+----------+------------+

+ Latency (clock cycles): 
    * Summary: 
    +-----+-----+-----+-----+---------+
    |  Latency  |  Interval | Pipeline|
    | min | max | min | max |   Type  |
    +-----+-----+-----+-----+---------+
    |    ?|    ?|    ?|    ?|   none  |
    +-----+-----+-----+-----+---------+

    + Detail: 
        * Instance: 
        N/A

        * Loop: 
        +-------------+-----+-----+----------+-----------+-----------+------+----------+
        |             |  Latency  | Iteration|  Initiation Interval  | Trip |          |
        |  Loop Name  | min | max |  Latency |  achieved |   target  | Count| Pipelined|
        +-------------+-----+-----+----------+-----------+-----------+------+----------+
        |- Loop 1     |    ?|    ?|         ?|          -|          -|     ?|    no    |
        | + Loop 1.1  |    ?|    ?|         7|          -|          -|     ?|    no    |
        +-------------+-----+-----+----------+-----------+-----------+------+----------+

============================================================
+ Verbose Summary: Synthesis Manager
============================================================
InlineROM: 1
ExposeGlobal: 0
============================================================
+ Verbose Summary: CDFG Model
============================================================
IsTopModel: 0
ResetActiveHigh: 1
IsCombinational: 0
IsDatapathOnly: 0
HasWiredReturn: 1
HasMFsm: 0
HasVarLatency: 1
IsPipeline: 0
IsRtlPipelined: 0
IsInstanceOverlapped: 0
IsDontTouch: 0
HasImplIP: 0
IsGatedGlobalClock: 0


============================================================
+ Verbose Summary: Schedule
============================================================
* Number of FSM states : 16
* Pipeline : 0
* Dataflow Pipeline: 0

* FSM state transitions: 
1 --> 
	2  / (!tmp)
	12  / (tmp)
2 --> 
	3  / true
3 --> 
	11  / (!tmp_i)
	4  / (tmp_i)
4 --> 
	5  / (!exitcond_i)
	3  / (exitcond_i)
5 --> 
	6  / true
6 --> 
	7  / true
7 --> 
	8  / true
8 --> 
	9  / true
9 --> 
	10  / true
10 --> 
	4  / true
11 --> 
	16  / true
12 --> 
	13  / true
13 --> 
	14  / true
14 --> 
	15  / true
15 --> 
	16  / true
16 --> 

* FSM state operations: 

State 1 <SV = 0> <Delay = 2.99>
ST_1 : Operation 17 [1/1] (0.00ns)   --->   "%bias_numel_read_2 = call i64 @_ssdm_op_Read.ap_auto.i64(i64 %bias_numel_read)"   --->   Operation 17 'read' 'bias_numel_read_2' <Predicate = true> <Delay = 0.00>
ST_1 : Operation 18 [1/1] (0.00ns)   --->   "%kernel_numel_read_2 = call i64 @_ssdm_op_Read.ap_auto.i64(i64 %kernel_numel_read)"   --->   Operation 18 'read' 'kernel_numel_read_2' <Predicate = true> <Delay = 0.00>
ST_1 : Operation 19 [1/1] (0.00ns)   --->   "%kernel_ndim_read_2 = call i64 @_ssdm_op_Read.ap_auto.i64(i64 %kernel_ndim_read)"   --->   Operation 19 'read' 'kernel_ndim_read_2' <Predicate = true> <Delay = 0.00>
ST_1 : Operation 20 [1/1] (0.00ns)   --->   "%input_numel_read_2 = call i64 @_ssdm_op_Read.ap_auto.i64(i64 %input_numel_read)"   --->   Operation 20 'read' 'input_numel_read_2' <Predicate = true> <Delay = 0.00>
ST_1 : Operation 21 [1/1] (0.00ns)   --->   "%input_ndim_read_2 = call i64 @_ssdm_op_Read.ap_auto.i64(i64 %input_ndim_read)"   --->   Operation 21 'read' 'input_ndim_read_2' <Predicate = true> <Delay = 0.00>
ST_1 : Operation 22 [1/1] (0.00ns)   --->   "%output_numel_read_2 = call i64 @_ssdm_op_Read.ap_auto.i64(i64 %output_numel_read)"   --->   Operation 22 'read' 'output_numel_read_2' <Predicate = true> <Delay = 0.00>
ST_1 : Operation 23 [1/1] (2.34ns)   --->   "%tmp = icmp ult i64 %input_ndim_read_2, 3" [vlsiModel.c:118]   --->   Operation 23 'icmp' 'tmp' <Predicate = true> <Delay = 2.34> <Core = "Cmp">   --->   Core 25 'Cmp' <Latency = 0> <II = 1> <Delay = 2.34> <FuncUnit> <Opcode : 'icmp'> <InPorts = 2> <OutPorts = 1>
ST_1 : Operation 24 [1/1] (0.00ns)   --->   "br i1 %tmp, label %_ifconv, label %1" [vlsiModel.c:118]   --->   Operation 24 'br' <Predicate = true> <Delay = 0.00>
ST_1 : Operation 25 [1/1] (2.99ns)   --->   "%tmp_6 = add i64 %input_ndim_read_2, -1" [vlsiModel.c:138]   --->   Operation 25 'add' 'tmp_6' <Predicate = (!tmp)> <Delay = 2.99> <Core = "AddSub">   --->   Core 14 'AddSub' <Latency = 0> <II = 1> <Delay = 2.99> <FuncUnit> <Opcode : 'add' 'sub'> <InPorts = 2> <OutPorts = 1>
ST_1 : Operation 26 [2/2] (0.00ns)   --->   "call fastcc void @k2c_dot.1(i64 %input_ndim_read_2, i64 %input_numel_read_2, [5 x i64]* %input_shape, i64 %kernel_ndim_read_2, i64 %kernel_numel_read_2, [5 x i64]* %kernel_shape, i64 %tmp_6, [25 x float]* @dense_2_output_array, [50 x float]* @dense_1_output_array)" [vlsiModel.c:143]   --->   Operation 26 'call' <Predicate = (!tmp)> <Delay = 0.00> <CoreType = "Generic">   --->   Core 0 '' <Latency = 0> <II = 1> <Delay = 1.00> <Generic> <Opcode : >
ST_1 : Operation 27 [1/1] (0.00ns)   --->   "%tmp_87 = call i63 @_ssdm_op_PartSelect.i63.i64.i32.i32(i64 %input_ndim_read_2, i32 1, i32 63)" [vlsiModel.c:121]   --->   Operation 27 'partselect' 'tmp_87' <Predicate = (tmp)> <Delay = 0.00>
ST_1 : Operation 28 [1/1] (2.34ns)   --->   "%icmp = icmp ne i63 %tmp_87, 0" [vlsiModel.c:121]   --->   Operation 28 'icmp' 'icmp' <Predicate = (tmp)> <Delay = 2.34> <Core = "Cmp">   --->   Core 25 'Cmp' <Latency = 0> <II = 1> <Delay = 2.34> <FuncUnit> <Opcode : 'icmp'> <InPorts = 2> <OutPorts = 1>
ST_1 : Operation 29 [1/1] (0.00ns)   --->   "%input_shape_addr = getelementptr [5 x i64]* %input_shape, i64 0, i64 0" [vlsiModel.c:122]   --->   Operation 29 'getelementptr' 'input_shape_addr' <Predicate = (tmp)> <Delay = 0.00>
ST_1 : Operation 30 [2/2] (1.75ns)   --->   "%outrows = load i64* %input_shape_addr, align 8" [vlsiModel.c:122]   --->   Operation 30 'load' 'outrows' <Predicate = (tmp)> <Delay = 1.75> <Core = "RAM">   --->   Core 37 'RAM' <Latency = 1> <II = 1> <Delay = 1.75> <Storage> <Opcode : 'load' 'store'> <Ports = 2> <Width = 64> <Depth = 5> <RAM>
ST_1 : Operation 31 [1/1] (0.00ns)   --->   "%kernel_shape_addr = getelementptr [5 x i64]* %kernel_shape, i64 0, i64 1" [vlsiModel.c:127]   --->   Operation 31 'getelementptr' 'kernel_shape_addr' <Predicate = (tmp)> <Delay = 0.00>
ST_1 : Operation 32 [2/2] (1.75ns)   --->   "%outcols = load i64* %kernel_shape_addr, align 8" [vlsiModel.c:127]   --->   Operation 32 'load' 'outcols' <Predicate = (tmp)> <Delay = 1.75> <Core = "RAM">   --->   Core 37 'RAM' <Latency = 1> <II = 1> <Delay = 1.75> <Storage> <Opcode : 'load' 'store'> <Ports = 2> <Width = 64> <Depth = 5> <RAM>

State 2 <SV = 1> <Delay = 1.35>
ST_2 : Operation 33 [1/2] (0.00ns)   --->   "call fastcc void @k2c_dot.1(i64 %input_ndim_read_2, i64 %input_numel_read_2, [5 x i64]* %input_shape, i64 %kernel_ndim_read_2, i64 %kernel_numel_read_2, [5 x i64]* %kernel_shape, i64 %tmp_6, [25 x float]* @dense_2_output_array, [50 x float]* @dense_1_output_array)" [vlsiModel.c:143]   --->   Operation 33 'call' <Predicate = true> <Delay = 0.00> <CoreType = "Generic">   --->   Core 0 '' <Latency = 0> <II = 1> <Delay = 1.00> <Generic> <Opcode : >
ST_2 : Operation 34 [1/1] (1.35ns)   --->   "br label %2" [vlsiModel.c:283->vlsiModel.c:144]   --->   Operation 34 'br' <Predicate = true> <Delay = 1.35>

State 3 <SV = 2> <Delay = 2.34>
ST_3 : Operation 35 [1/1] (0.00ns)   --->   "%i_i = phi i64 [ 0, %1 ], [ %i, %4 ]"   --->   Operation 35 'phi' 'i_i' <Predicate = true> <Delay = 0.00>
ST_3 : Operation 36 [1/1] (2.34ns)   --->   "%tmp_i = icmp ult i64 %i_i, %output_numel_read_2" [vlsiModel.c:283->vlsiModel.c:144]   --->   Operation 36 'icmp' 'tmp_i' <Predicate = true> <Delay = 2.34> <Core = "Cmp">   --->   Core 25 'Cmp' <Latency = 0> <II = 1> <Delay = 2.34> <FuncUnit> <Opcode : 'icmp'> <InPorts = 2> <OutPorts = 1>
ST_3 : Operation 37 [1/1] (0.00ns)   --->   "br i1 %tmp_i, label %.preheader.i.preheader, label %k2c_bias_add.1.exit" [vlsiModel.c:283->vlsiModel.c:144]   --->   Operation 37 'br' <Predicate = true> <Delay = 0.00>
ST_3 : Operation 38 [1/1] (1.35ns)   --->   "br label %.preheader.i" [vlsiModel.c:284->vlsiModel.c:144]   --->   Operation 38 'br' <Predicate = (tmp_i)> <Delay = 1.35>
ST_3 : Operation 39 [2/2] (1.35ns)   --->   "call fastcc void @k2c_relu_func.1([25 x float]* @dense_2_output_array, i64 %output_numel_read_2)" [vlsiModel.c:146]   --->   Operation 39 'call' <Predicate = (!tmp_i)> <Delay = 1.35> <CoreType = "Generic">   --->   Core 0 '' <Latency = 0> <II = 1> <Delay = 1.00> <Generic> <Opcode : >

State 4 <SV = 3> <Delay = 2.99>
ST_4 : Operation 40 [1/1] (0.00ns)   --->   "%j_i = phi i64 [ %j, %3 ], [ 0, %.preheader.i.preheader ]"   --->   Operation 40 'phi' 'j_i' <Predicate = true> <Delay = 0.00>
ST_4 : Operation 41 [1/1] (0.00ns)   --->   "%tmp_88 = trunc i64 %j_i to i6" [vlsiModel.c:284->vlsiModel.c:144]   --->   Operation 41 'trunc' 'tmp_88' <Predicate = true> <Delay = 0.00>
ST_4 : Operation 42 [1/1] (2.34ns)   --->   "%exitcond_i = icmp eq i64 %j_i, %bias_numel_read_2" [vlsiModel.c:284->vlsiModel.c:144]   --->   Operation 42 'icmp' 'exitcond_i' <Predicate = true> <Delay = 2.34> <Core = "Cmp">   --->   Core 25 'Cmp' <Latency = 0> <II = 1> <Delay = 2.34> <FuncUnit> <Opcode : 'icmp'> <InPorts = 2> <OutPorts = 1>
ST_4 : Operation 43 [1/1] (2.99ns)   --->   "%j = add i64 1, %j_i" [vlsiModel.c:284->vlsiModel.c:144]   --->   Operation 43 'add' 'j' <Predicate = true> <Delay = 2.99> <Core = "AddSub">   --->   Core 14 'AddSub' <Latency = 0> <II = 1> <Delay = 2.99> <FuncUnit> <Opcode : 'add' 'sub'> <InPorts = 2> <OutPorts = 1>
ST_4 : Operation 44 [1/1] (0.00ns)   --->   "br i1 %exitcond_i, label %4, label %3" [vlsiModel.c:284->vlsiModel.c:144]   --->   Operation 44 'br' <Predicate = true> <Delay = 0.00>
ST_4 : Operation 45 [1/1] (0.00ns)   --->   "%dense_2_bias_array_a = getelementptr [25 x float]* @dense_2_bias_array, i64 0, i64 %j_i" [vlsiModel.c:285->vlsiModel.c:144]   --->   Operation 45 'getelementptr' 'dense_2_bias_array_a' <Predicate = (!exitcond_i)> <Delay = 0.00>
ST_4 : Operation 46 [2/2] (2.77ns)   --->   "%dense_2_bias_array_l = load float* %dense_2_bias_array_a, align 4" [vlsiModel.c:285->vlsiModel.c:144]   --->   Operation 46 'load' 'dense_2_bias_array_l' <Predicate = (!exitcond_i)> <Delay = 2.77> <Core = "ROM_nP">   --->   Core 48 'ROM_nP' <Latency = 1> <II = 1> <Delay = 2.77> <Storage> <Opcode : 'load'> <Ports = 0> <Width = 32> <Depth = 25> <ROM>
ST_4 : Operation 47 [1/1] (0.00ns)   --->   "%tmp_89 = trunc i64 %i_i to i6" [vlsiModel.c:283->vlsiModel.c:144]   --->   Operation 47 'trunc' 'tmp_89' <Predicate = (!exitcond_i)> <Delay = 0.00>
ST_4 : Operation 48 [1/1] (1.60ns)   --->   "%sum_i = add i6 %tmp_89, %tmp_88" [vlsiModel.c:283->vlsiModel.c:144]   --->   Operation 48 'add' 'sum_i' <Predicate = (!exitcond_i)> <Delay = 1.60> <Core = "AddSub">   --->   Core 14 'AddSub' <Latency = 0> <II = 1> <Delay = 2.99> <FuncUnit> <Opcode : 'add' 'sub'> <InPorts = 2> <OutPorts = 1>
ST_4 : Operation 49 [1/1] (0.00ns)   --->   "%sum_i_cast = zext i6 %sum_i to i64" [vlsiModel.c:283->vlsiModel.c:144]   --->   Operation 49 'zext' 'sum_i_cast' <Predicate = (!exitcond_i)> <Delay = 0.00>
ST_4 : Operation 50 [1/1] (0.00ns)   --->   "%dense_2_output_array_1 = getelementptr [25 x float]* @dense_2_output_array, i64 0, i64 %sum_i_cast" [vlsiModel.c:285->vlsiModel.c:144]   --->   Operation 50 'getelementptr' 'dense_2_output_array_1' <Predicate = (!exitcond_i)> <Delay = 0.00>
ST_4 : Operation 51 [1/1] (2.99ns)   --->   "%i = add i64 %i_i, %bias_numel_read_2" [vlsiModel.c:283->vlsiModel.c:144]   --->   Operation 51 'add' 'i' <Predicate = (exitcond_i)> <Delay = 2.99> <Core = "AddSub">   --->   Core 14 'AddSub' <Latency = 0> <II = 1> <Delay = 2.99> <FuncUnit> <Opcode : 'add' 'sub'> <InPorts = 2> <OutPorts = 1>
ST_4 : Operation 52 [1/1] (0.00ns)   --->   "br label %2" [vlsiModel.c:283->vlsiModel.c:144]   --->   Operation 52 'br' <Predicate = (exitcond_i)> <Delay = 0.00>

State 5 <SV = 4> <Delay = 2.77>
ST_5 : Operation 53 [1/2] (2.77ns)   --->   "%dense_2_bias_array_l = load float* %dense_2_bias_array_a, align 4" [vlsiModel.c:285->vlsiModel.c:144]   --->   Operation 53 'load' 'dense_2_bias_array_l' <Predicate = true> <Delay = 2.77> <Core = "ROM_nP">   --->   Core 48 'ROM_nP' <Latency = 1> <II = 1> <Delay = 2.77> <Storage> <Opcode : 'load'> <Ports = 0> <Width = 32> <Depth = 25> <ROM>
ST_5 : Operation 54 [2/2] (1.75ns)   --->   "%dense_2_output_array_2 = load float* %dense_2_output_array_1, align 4" [vlsiModel.c:285->vlsiModel.c:144]   --->   Operation 54 'load' 'dense_2_output_array_2' <Predicate = true> <Delay = 1.75> <Core = "RAM">   --->   Core 37 'RAM' <Latency = 1> <II = 1> <Delay = 1.75> <Storage> <Opcode : 'load' 'store'> <Ports = 2> <Width = 64> <Depth = 5> <RAM>

State 6 <SV = 5> <Delay = 8.26>
ST_6 : Operation 55 [1/2] (1.75ns)   --->   "%dense_2_output_array_2 = load float* %dense_2_output_array_1, align 4" [vlsiModel.c:285->vlsiModel.c:144]   --->   Operation 55 'load' 'dense_2_output_array_2' <Predicate = true> <Delay = 1.75> <Core = "RAM">   --->   Core 37 'RAM' <Latency = 1> <II = 1> <Delay = 1.75> <Storage> <Opcode : 'load' 'store'> <Ports = 2> <Width = 64> <Depth = 5> <RAM>
ST_6 : Operation 56 [5/5] (6.51ns)   --->   "%tmp_i_14 = fadd float %dense_2_output_array_2, %dense_2_bias_array_l" [vlsiModel.c:285->vlsiModel.c:144]   --->   Operation 56 'fadd' 'tmp_i_14' <Predicate = true> <Delay = 6.51> <Core = "FAddSub">   --->   Core 99 'FAddSub' <Latency = 4> <II = 1> <Delay = 6.51> <FuncUnit> <Opcode : 'fadd' 'fsub'> <InPorts = 2> <OutPorts = 1>

State 7 <SV = 6> <Delay = 6.51>
ST_7 : Operation 57 [4/5] (6.51ns)   --->   "%tmp_i_14 = fadd float %dense_2_output_array_2, %dense_2_bias_array_l" [vlsiModel.c:285->vlsiModel.c:144]   --->   Operation 57 'fadd' 'tmp_i_14' <Predicate = true> <Delay = 6.51> <Core = "FAddSub">   --->   Core 99 'FAddSub' <Latency = 4> <II = 1> <Delay = 6.51> <FuncUnit> <Opcode : 'fadd' 'fsub'> <InPorts = 2> <OutPorts = 1>

State 8 <SV = 7> <Delay = 6.51>
ST_8 : Operation 58 [3/5] (6.51ns)   --->   "%tmp_i_14 = fadd float %dense_2_output_array_2, %dense_2_bias_array_l" [vlsiModel.c:285->vlsiModel.c:144]   --->   Operation 58 'fadd' 'tmp_i_14' <Predicate = true> <Delay = 6.51> <Core = "FAddSub">   --->   Core 99 'FAddSub' <Latency = 4> <II = 1> <Delay = 6.51> <FuncUnit> <Opcode : 'fadd' 'fsub'> <InPorts = 2> <OutPorts = 1>

State 9 <SV = 8> <Delay = 6.51>
ST_9 : Operation 59 [2/5] (6.51ns)   --->   "%tmp_i_14 = fadd float %dense_2_output_array_2, %dense_2_bias_array_l" [vlsiModel.c:285->vlsiModel.c:144]   --->   Operation 59 'fadd' 'tmp_i_14' <Predicate = true> <Delay = 6.51> <Core = "FAddSub">   --->   Core 99 'FAddSub' <Latency = 4> <II = 1> <Delay = 6.51> <FuncUnit> <Opcode : 'fadd' 'fsub'> <InPorts = 2> <OutPorts = 1>

State 10 <SV = 9> <Delay = 8.26>
ST_10 : Operation 60 [1/5] (6.51ns)   --->   "%tmp_i_14 = fadd float %dense_2_output_array_2, %dense_2_bias_array_l" [vlsiModel.c:285->vlsiModel.c:144]   --->   Operation 60 'fadd' 'tmp_i_14' <Predicate = true> <Delay = 6.51> <Core = "FAddSub">   --->   Core 99 'FAddSub' <Latency = 4> <II = 1> <Delay = 6.51> <FuncUnit> <Opcode : 'fadd' 'fsub'> <InPorts = 2> <OutPorts = 1>
ST_10 : Operation 61 [1/1] (1.75ns)   --->   "store float %tmp_i_14, float* %dense_2_output_array_1, align 4" [vlsiModel.c:285->vlsiModel.c:144]   --->   Operation 61 'store' <Predicate = true> <Delay = 1.75> <Core = "RAM">   --->   Core 37 'RAM' <Latency = 1> <II = 1> <Delay = 1.75> <Storage> <Opcode : 'load' 'store'> <Ports = 2> <Width = 64> <Depth = 5> <RAM>
ST_10 : Operation 62 [1/1] (0.00ns)   --->   "br label %.preheader.i" [vlsiModel.c:284->vlsiModel.c:144]   --->   Operation 62 'br' <Predicate = true> <Delay = 0.00>

State 11 <SV = 3> <Delay = 0.00>
ST_11 : Operation 63 [1/2] (0.00ns)   --->   "call fastcc void @k2c_relu_func.1([25 x float]* @dense_2_output_array, i64 %output_numel_read_2)" [vlsiModel.c:146]   --->   Operation 63 'call' <Predicate = true> <Delay = 0.00> <CoreType = "Generic">   --->   Core 0 '' <Latency = 0> <II = 1> <Delay = 1.00> <Generic> <Opcode : >
ST_11 : Operation 64 [1/1] (0.00ns)   --->   "br label %5"   --->   Operation 64 'br' <Predicate = true> <Delay = 0.00>

State 12 <SV = 1> <Delay = 2.58>
ST_12 : Operation 65 [1/2] (1.75ns)   --->   "%outrows = load i64* %input_shape_addr, align 8" [vlsiModel.c:122]   --->   Operation 65 'load' 'outrows' <Predicate = true> <Delay = 1.75> <Core = "RAM">   --->   Core 37 'RAM' <Latency = 1> <II = 1> <Delay = 1.75> <Storage> <Opcode : 'load' 'store'> <Ports = 2> <Width = 64> <Depth = 5> <RAM>
ST_12 : Operation 66 [1/1] (0.83ns)   --->   "%outrows1 = select i1 %icmp, i64 %outrows, i64 1" [vlsiModel.c:121]   --->   Operation 66 'select' 'outrows1' <Predicate = true> <Delay = 0.83> <Core = "Sel">   --->   Core 26 'Sel' <Latency = 0> <II = 1> <Delay = 0.83> <FuncUnit> <Opcode : 'select'> <InPorts = 3> <OutPorts = 1>
ST_12 : Operation 67 [1/2] (1.75ns)   --->   "%outcols = load i64* %kernel_shape_addr, align 8" [vlsiModel.c:127]   --->   Operation 67 'load' 'outcols' <Predicate = true> <Delay = 1.75> <Core = "RAM">   --->   Core 37 'RAM' <Latency = 1> <II = 1> <Delay = 1.75> <Storage> <Opcode : 'load' 'store'> <Ports = 2> <Width = 64> <Depth = 5> <RAM>
ST_12 : Operation 68 [1/1] (0.00ns)   --->   "%kernel_shape_addr_1 = getelementptr [5 x i64]* %kernel_shape, i64 0, i64 0" [vlsiModel.c:128]   --->   Operation 68 'getelementptr' 'kernel_shape_addr_1' <Predicate = true> <Delay = 0.00>
ST_12 : Operation 69 [2/2] (1.75ns)   --->   "%innerdim = load i64* %kernel_shape_addr_1, align 8" [vlsiModel.c:128]   --->   Operation 69 'load' 'innerdim' <Predicate = true> <Delay = 1.75> <Core = "RAM">   --->   Core 37 'RAM' <Latency = 1> <II = 1> <Delay = 1.75> <Storage> <Opcode : 'load' 'store'> <Ports = 2> <Width = 64> <Depth = 5> <RAM>

State 13 <SV = 2> <Delay = 8.60>
ST_13 : Operation 70 [1/2] (1.75ns)   --->   "%innerdim = load i64* %kernel_shape_addr_1, align 8" [vlsiModel.c:128]   --->   Operation 70 'load' 'innerdim' <Predicate = true> <Delay = 1.75> <Core = "RAM">   --->   Core 37 'RAM' <Latency = 1> <II = 1> <Delay = 1.75> <Storage> <Opcode : 'load' 'store'> <Ports = 2> <Width = 64> <Depth = 5> <RAM>
ST_13 : Operation 71 [2/2] (8.60ns)   --->   "%outsize = mul i64 %outcols, %outrows1" [vlsiModel.c:129]   --->   Operation 71 'mul' 'outsize' <Predicate = true> <Delay = 8.60> <Core = "MulnS">   --->   Core 17 'MulnS' <Latency = 1> <II = 1> <Delay = 8.60> <FuncUnit> <Opcode : 'mul'> <InPorts = 2> <OutPorts = 1>
ST_13 : Operation 72 [2/2] (0.00ns)   --->   "call fastcc void @k2c_affine_matmul.1([25 x float]* @dense_2_output_array, [50 x float]* @dense_1_output_array, [1250 x float]* @dense_2_kernel_array, [25 x float]* @dense_2_bias_array, i64 %outrows1, i64 %outcols, i64 %innerdim)" [vlsiModel.c:130]   --->   Operation 72 'call' <Predicate = true> <Delay = 0.00> <CoreType = "Generic">   --->   Core 0 '' <Latency = 0> <II = 1> <Delay = 1.00> <Generic> <Opcode : >

State 14 <SV = 3> <Delay = 8.60>
ST_14 : Operation 73 [1/2] (8.60ns)   --->   "%outsize = mul i64 %outcols, %outrows1" [vlsiModel.c:129]   --->   Operation 73 'mul' 'outsize' <Predicate = true> <Delay = 8.60> <Core = "MulnS">   --->   Core 17 'MulnS' <Latency = 1> <II = 1> <Delay = 8.60> <FuncUnit> <Opcode : 'mul'> <InPorts = 2> <OutPorts = 1>
ST_14 : Operation 74 [1/2] (0.00ns)   --->   "call fastcc void @k2c_affine_matmul.1([25 x float]* @dense_2_output_array, [50 x float]* @dense_1_output_array, [1250 x float]* @dense_2_kernel_array, [25 x float]* @dense_2_bias_array, i64 %outrows1, i64 %outcols, i64 %innerdim)" [vlsiModel.c:130]   --->   Operation 74 'call' <Predicate = true> <Delay = 0.00> <CoreType = "Generic">   --->   Core 0 '' <Latency = 0> <II = 1> <Delay = 1.00> <Generic> <Opcode : >

State 15 <SV = 4> <Delay = 1.35>
ST_15 : Operation 75 [2/2] (1.35ns)   --->   "call fastcc void @k2c_relu_func.1([25 x float]* @dense_2_output_array, i64 %outsize)" [vlsiModel.c:133]   --->   Operation 75 'call' <Predicate = true> <Delay = 1.35> <CoreType = "Generic">   --->   Core 0 '' <Latency = 0> <II = 1> <Delay = 1.00> <Generic> <Opcode : >

State 16 <SV = 5> <Delay = 0.00>
ST_16 : Operation 76 [1/2] (0.00ns)   --->   "call fastcc void @k2c_relu_func.1([25 x float]* @dense_2_output_array, i64 %outsize)" [vlsiModel.c:133]   --->   Operation 76 'call' <Predicate = (tmp)> <Delay = 0.00> <CoreType = "Generic">   --->   Core 0 '' <Latency = 0> <II = 1> <Delay = 1.00> <Generic> <Opcode : >
ST_16 : Operation 77 [1/1] (0.00ns)   --->   "br label %5" [vlsiModel.c:136]   --->   Operation 77 'br' <Predicate = (tmp)> <Delay = 0.00>
ST_16 : Operation 78 [1/1] (0.00ns)   --->   "ret void" [vlsiModel.c:150]   --->   Operation 78 'ret' <Predicate = true> <Delay = 0.00>


============================================================
+ Verbose Summary: Timing violations
============================================================
Target clock period: 10ns, clock uncertainty: 1.25ns.

 <State 1>: 3ns
The critical path consists of the following:
	wire read on port 'input_ndim_read' [18]  (0 ns)
	'add' operation ('tmp_6', vlsiModel.c:138) [23]  (3 ns)
	'call' operation (vlsiModel.c:143) to 'k2c_dot.1' [24]  (0 ns)

 <State 2>: 1.35ns
The critical path consists of the following:
	multiplexor before 'phi' operation ('i') with incoming values : ('i', vlsiModel.c:283->vlsiModel.c:144) [27]  (1.35 ns)

 <State 3>: 2.34ns
The critical path consists of the following:
	'phi' operation ('i') with incoming values : ('i', vlsiModel.c:283->vlsiModel.c:144) [27]  (0 ns)
	'icmp' operation ('tmp_i', vlsiModel.c:283->vlsiModel.c:144) [28]  (2.34 ns)

 <State 4>: 3ns
The critical path consists of the following:
	'phi' operation ('j') with incoming values : ('j', vlsiModel.c:284->vlsiModel.c:144) [33]  (0 ns)
	'add' operation ('j', vlsiModel.c:284->vlsiModel.c:144) [36]  (3 ns)

 <State 5>: 2.77ns
The critical path consists of the following:
	'load' operation ('dense_2_bias_array_l', vlsiModel.c:285->vlsiModel.c:144) on array 'dense_2_bias_array' [40]  (2.77 ns)

 <State 6>: 8.27ns
The critical path consists of the following:
	'load' operation ('dense_2_output_array_2', vlsiModel.c:285->vlsiModel.c:144) on array 'dense_2_output_array' [45]  (1.75 ns)
	'fadd' operation ('tmp_i_14', vlsiModel.c:285->vlsiModel.c:144) [46]  (6.51 ns)

 <State 7>: 6.51ns
The critical path consists of the following:
	'fadd' operation ('tmp_i_14', vlsiModel.c:285->vlsiModel.c:144) [46]  (6.51 ns)

 <State 8>: 6.51ns
The critical path consists of the following:
	'fadd' operation ('tmp_i_14', vlsiModel.c:285->vlsiModel.c:144) [46]  (6.51 ns)

 <State 9>: 6.51ns
The critical path consists of the following:
	'fadd' operation ('tmp_i_14', vlsiModel.c:285->vlsiModel.c:144) [46]  (6.51 ns)

 <State 10>: 8.27ns
The critical path consists of the following:
	'fadd' operation ('tmp_i_14', vlsiModel.c:285->vlsiModel.c:144) [46]  (6.51 ns)
	'store' operation (vlsiModel.c:285->vlsiModel.c:144) of variable 'tmp_i_14', vlsiModel.c:285->vlsiModel.c:144 on array 'dense_2_output_array' [47]  (1.75 ns)

 <State 11>: 0ns
The critical path consists of the following:

 <State 12>: 2.59ns
The critical path consists of the following:
	'load' operation ('outrows', vlsiModel.c:122) on array 'input_shape' [59]  (1.75 ns)
	'select' operation ('outrows1', vlsiModel.c:121) [60]  (0.831 ns)

 <State 13>: 8.61ns
The critical path consists of the following:
	'mul' operation ('outsize', vlsiModel.c:129) [65]  (8.61 ns)

 <State 14>: 8.61ns
The critical path consists of the following:
	'mul' operation ('outsize', vlsiModel.c:129) [65]  (8.61 ns)

 <State 15>: 1.35ns
The critical path consists of the following:
	'call' operation (vlsiModel.c:133) to 'k2c_relu_func.1' [67]  (1.35 ns)

 <State 16>: 0ns
The critical path consists of the following:


============================================================
+ Verbose Summary: Binding
============================================================
N/A
* FSMD analyzer results:
  - Output states:
 - Input state : 
  - Chain level:
	State 1
	State 2
	State 3
	State 4
	State 5
	State 6
	State 7
	State 8
	State 9
	State 10
	State 11
	State 12
	State 13
	State 14
	State 15
	State 16


============================================================
+ Verbose Summary: Datapath Resource usage 
============================================================
N/A
